12:26:31.764 [main                     ] DEBUG Logger               - Configured Logger
12:26:31.795 [main                     ] DEBUG GameApplication      - Logging settings
Title: Untitled
Version: 0.0
Width: 800
Height: 600
Fullscreen: false
Intro: false
Profiling: false
Single step:false
App Mode: DEVELOPER
Menu Key: ESCAPE
Stage Style: DECORATED
Scene Factory: class com.almasb.fxgl.app.scene.SceneFactory

12:26:31.969 [JavaFX Application Thread] DEBUG FXGLApplication      - Initializing FXGL
12:26:31.975 [JavaFX Application Thread] INFO  Engine               - FXGL-17.3 (30.03.2023 11.54) on WINDOWS (J:20.0.1 FX:20)
12:26:31.976 [JavaFX Application Thread] DEBUG Engine               - JRE Vendor Name: Oracle Corporation
12:26:31.977 [JavaFX Application Thread] DEBUG Engine               - Running on OS: Windows 10 version 10.0
12:26:31.977 [JavaFX Application Thread] DEBUG Engine               - Architecture: amd64
12:26:31.977 [JavaFX Application Thread] INFO  Engine               - Source code and latest versions at: https://github.com/AlmasB/FXGL
12:26:31.978 [JavaFX Application Thread] INFO  Engine               -       Ask questions and discuss at: https://github.com/AlmasB/FXGL/discussions
12:26:31.978 [JavaFX Application Thread] INFO  Engine               -              Join the FXGL chat at: https://gitter.im/AlmasB/FXGL
12:26:32.133 [JavaFX Application Thread] DEBUG PrimaryStageWindow   - Creating a JavaFX scene
12:26:32.231 [JavaFX Application Thread] DEBUG PrimaryStageWindow   - Target settings size: 800.0 x 600.0
12:26:32.232 [JavaFX Application Thread] DEBUG PrimaryStageWindow   - Scaled scene size:    800.0 x 600.0
12:26:32.232 [JavaFX Application Thread] DEBUG PrimaryStageWindow   - Scaled ratio: (1.0, 1.0)
12:26:32.235 [JavaFX Application Thread] DEBUG PrimaryStageWindow   - Set initial scene to FXGLStartupScene
12:26:32.242 [JavaFX Application Thread] DEBUG PrimaryStageWindow   - Opening main window
12:26:32.384 [JavaFX Application Thread] DEBUG PrimaryStageWindow   - Window border size: (16.0, 39.0)
12:26:32.385 [JavaFX Application Thread] DEBUG PrimaryStageWindow   - Scaled size: 800.0 x 600.0
12:26:32.385 [JavaFX Application Thread] DEBUG PrimaryStageWindow   - Scaled ratio: (1.0, 1.0)
12:26:32.386 [JavaFX Application Thread] DEBUG PrimaryStageWindow   - Scene size: 800.0 x 600.0
12:26:32.386 [JavaFX Application Thread] DEBUG PrimaryStageWindow   - Stage size: 816.0 x 639.0
12:26:32.411 [FXGL Background Thread 1 ] DEBUG Engine               - Initializing environment variables
12:26:32.609 [FXGL Background Thread 1 ] DEBUG FXGLAssetLoaderServi - User app class for loading assets: class core.RTSMain
12:26:32.610 [FXGL Background Thread 1 ] DEBUG GameApplicationServi - Applying CSS: fxgl_dark.css
12:26:32.611 [FXGL Background Thread 1 ] DEBUG FXGLAssetLoaderServi - Loading from file system: jar:file:/C:/Users/dcurtis25/Downloads/fxgl-17.3-uber.jar!/fxglassets/ui/css/fxgl_dark.css
12:26:32.691 [FXGL Background Thread 1 ] DEBUG GameApplicationServi - Initializing application scenes
12:26:32.777 [FXGL Background Thread 1 ] DEBUG GameWorld            - Game world initialized
12:26:32.886 [FXGL Background Thread 1 ] DEBUG PhysicsWorld         - Physics world initialized: appHeight=600, physics.ppm=50.0
12:26:32.886 [FXGL Background Thread 1 ] DEBUG PhysicsWorld         - Using strategy: BRUTE_FORCE
12:26:32.894 [FXGL Background Thread 1 ] DEBUG GameScene            - Game scene initialized: 800x600
12:26:32.920 [FXGL Background Thread 1 ] DEBUG FXGL.DefaultMenu     - createMenuBodyGameMenu()
12:26:32.955 [FXGL Background Thread 1 ] DEBUG FXGL.DefaultMenu     - createOptionsMenu()
12:26:32.972 [FXGL Background Thread 1 ] DEBUG FXGLAssetLoaderServi - Loading from file system: jar:file:/C:/Users/dcurtis25/Downloads/fxgl-17.3-uber.jar!/fxglassets/textures/particles/smoke.png
12:26:33.184 [FXGL Background Thread 1 ] DEBUG FXGLAssetLoaderServi - Loading from file system: jar:file:/C:/Users/dcurtis25/Downloads/fxgl-17.3-uber.jar!/fxglassets/textures/particles/trace_horizontal.png
12:26:33.256 [FXGL Background Thread 1 ] DEBUG GameApplicationServi - Application scenes initialized
12:26:33.284 [FXGL Background Thread 1 ] DEBUG SystemBundleService  - Loading FXGL system data
12:26:33.293 [FXGL Background Thread 1 ] DEBUG FileSystemAccess     - Reading from: C:\Users\dcurtis25\git\CompSci-Final-Project\system\fxgl.bundle
12:26:33.309 [FXGL Background Thread 1 ] DEBUG SystemBundleService  - Bundle FXGL: {}
12:26:33.309 [FXGL Background Thread 1 ] DEBUG UpdaterService       - Checking for updates
12:26:33.319 [FXGL Background Thread 1 ] DEBUG FXGLApplication      - Loading default localization
12:26:33.320 [FXGL Background Thread 1 ] DEBUG FXGLAssetLoaderServi - Loading from file system: jar:file:/C:/Users/dcurtis25/Downloads/fxgl-17.3-uber.jar!/fxglassets/languages/english.lang
12:26:33.320 [FXGL Background Thread 4 ] DEBUG FXGLApplication      - Loading fonts
12:26:33.324 [FXGL Background Thread 4 ] DEBUG FXGLAssetLoaderServi - Loading from file system: jar:file:/C:/Users/dcurtis25/Downloads/fxgl-17.3-uber.jar!/fxglassets/ui/fonts/VarelaRound-Regular.ttf
12:26:33.374 [FXGL Background Thread 1 ] INFO  FXGLApplication      - FXGL initialization took: 0.962 sec
12:26:33.398 [JavaFX Application Thread] DEBUG Input                - Registered new binding: action0 - A
12:26:33.399 [JavaFX Application Thread] DEBUG Input                - Registered new binding: action1 - D
12:26:33.400 [JavaFX Application Thread] DEBUG Input                - Registered new binding: action2 - W
12:26:33.401 [JavaFX Application Thread] DEBUG Input                - Registered new binding: action3 - S
12:26:33.404 [JavaFX Application Thread] DEBUG Input                - Registered new binding: action4 - LMB
12:26:33.405 [JavaFX Application Thread] DEBUG Input                - Registered new binding: action5 - RMB
12:26:33.406 [JavaFX Application Thread] DEBUG FXGLAssetLoaderServi - Loading from file system: jar:file:/C:/Users/dcurtis25/Downloads/fxgl-17.3-uber.jar!/fxglassets/textures/fxgl_icon.png
12:26:33.472 [JavaFX Application Thread] DEBUG FXGLAssetLoaderServi - Loading from file system: jar:file:/C:/Users/dcurtis25/Downloads/fxgl-17.3-uber.jar!/fxglassets/textures/fxgl_default_cursor.png
12:26:33.477 [JavaFX Application Thread] DEBUG Input                - Registered new binding: Screenshot - CTRL+8
12:26:33.478 [JavaFX Application Thread] DEBUG Input                - Registered new binding: System info dump - CTRL+9
12:26:33.479 [JavaFX Application Thread] DEBUG Input                - Registered new binding: Restart - CTRL+R
12:26:33.480 [JavaFX Application Thread] DEBUG Input                - Registered new binding: Toggle Debug Camera - CTRL+7
12:26:33.488 [JavaFX Application Thread] DEBUG LoopRunner           - Starting loop
12:26:33.488 [JavaFX Application Thread] DEBUG LoopRunner           - Initializing JavaFX AnimationTimerLoop
12:26:33.496 [JavaFX Application Thread] DEBUG GameApplicationServi - Starting new game
12:26:33.496 [JavaFX Application Thread] DEBUG Input                - Clearing active input actions
12:26:33.525 [JavaFX Application Thread] DEBUG GameApplicationServi - Removing overlay from FXGLStartupScene and adding to FXGLLoadingScene
12:26:33.526 [JavaFX Application Thread] DEBUG PrimaryStageWindow   - FXGLStartupScene -> FXGLLoadingScene
12:26:33.526 [JavaFX Application Thread] DEBUG GameApplicationServi - Clearing previous game
12:26:33.526 [JavaFX Application Thread] DEBUG GameScene            - Clearing game scene
12:26:33.527 [JavaFX Application Thread] DEBUG GameWorld            - Clearing game world
12:26:33.527 [JavaFX Application Thread] DEBUG PhysicsWorld         - Clearing physics world
12:26:33.529 [FXGL Background Thread 1 ] DEBUG FXGLApplication      - Initializing game
12:26:33.533 [FXGL Background Thread 4 ] DEBUG FXGLAssetLoaderServi - Loading from file system: jar:file:/C:/Users/dcurtis25/Downloads/fxgl-17.3-uber.jar!/fxglassets/ui/fonts/Abel-Regular.ttf
12:26:33.541 [FXGL Background Thread 4 ] DEBUG FXGLAssetLoaderServi - Loading from file system: jar:file:/C:/Users/dcurtis25/Downloads/fxgl-17.3-uber.jar!/fxglassets/ui/fonts/TerminalLandMono-Regular.otf
12:26:33.550 [FXGL Background Thread 4 ] DEBUG FXGLAssetLoaderServi - Loading from file system: jar:file:/C:/Users/dcurtis25/Downloads/fxgl-17.3-uber.jar!/fxglassets/ui/fonts/Courier-Prime.ttf
12:26:33.683 [JavaFX Application Thread] DEBUG FXGLApplication      - Registering font factories with UI factory
12:26:34.715 [FXGL Background Thread 1 ] INFO  FXGLApplication      - Game initialization took: 1.185 sec
12:26:34.719 [JavaFX Application Thread] DEBUG Input                - Clearing active input actions
12:26:34.769 [JavaFX Application Thread] DEBUG GameApplicationServi - Removing overlay from FXGLLoadingScene and adding to GameScene
12:26:34.770 [JavaFX Application Thread] DEBUG PrimaryStageWindow   - FXGLLoadingScene -> GameScene
12:26:36.319 [FXGL Background Thread 3 ] DEBUG Engine               - Logging environment variables
12:26:36.320 [FXGL Background Thread 3 ] DEBUG Engine               - achievements: []
12:26:36.321 [FXGL Background Thread 3 ] DEBUG Engine               - actualHeight: 600.0
12:26:36.321 [FXGL Background Thread 3 ] DEBUG Engine               - actualHeightProperty: ReadOnlyDoubleProperty [value: 600.0]
12:26:36.321 [FXGL Background Thread 3 ] DEBUG Engine               - actualWidth: 800.0
12:26:36.322 [FXGL Background Thread 3 ] DEBUG Engine               - actualWidthProperty: ReadOnlyDoubleProperty [value: 800.0]
12:26:36.322 [FXGL Background Thread 3 ] DEBUG Engine               - appIcon: fxgl_icon.png
12:26:36.322 [FXGL Background Thread 3 ] DEBUG Engine               - applicationMode: DEVELOPER
12:26:36.322 [FXGL Background Thread 3 ] DEBUG Engine               - cSSList: [fxgl_dark.css]
12:26:36.322 [FXGL Background Thread 3 ] DEBUG Engine               - collisionDetectionStrategy: BRUTE_FORCE
12:26:36.322 [FXGL Background Thread 3 ] DEBUG Engine               - configClass: Optional.empty
12:26:36.322 [FXGL Background Thread 3 ] DEBUG Engine               - credits: []
12:26:36.323 [FXGL Background Thread 3 ] DEBUG Engine               - defaultCursor: CursorInfo(imageName=fxgl_default_cursor.png, hotspotX=7.0, hotspotY=6.0)
12:26:36.323 [FXGL Background Thread 3 ] DEBUG Engine               - devBBoxColorProperty: ObjectProperty [value: 0xff0000ff]
12:26:36.324 [FXGL Background Thread 3 ] DEBUG Engine               - devEnableDebugCameraProperty: BooleanProperty [value: false]
12:26:36.324 [FXGL Background Thread 3 ] DEBUG Engine               - devSensorColorProperty: ObjectProperty [value: 0xffff00ff]
12:26:36.324 [FXGL Background Thread 3 ] DEBUG Engine               - devShowBBoxProperty: BooleanProperty [value: false]
12:26:36.324 [FXGL Background Thread 3 ] DEBUG Engine               - devShowPositionProperty: BooleanProperty [value: false]
12:26:36.324 [FXGL Background Thread 3 ] DEBUG Engine               - enabledMenuItems: []
12:26:36.324 [FXGL Background Thread 3 ] DEBUG Engine               - engineServices: [class com.almasb.fxgl.app.services.FXGLAssetLoaderService, class com.almasb.fxgl.app.FXGLApplication$GameApplicationService, class com.almasb.fxgl.app.services.FXGLDialogService, class com.almasb.fxgl.app.services.IOTaskExecutorService, class com.almasb.fxgl.io.FileSystemService, class com.almasb.fxgl.localization.LocalizationService, class com.almasb.fxgl.app.services.SystemBundleService, class com.almasb.fxgl.profile.SaveLoadService, class com.almasb.fxgl.ui.FXGLUIFactoryServiceProvider, class com.almasb.fxgl.ui.FXGLDialogFactoryServiceProvider, class com.almasb.fxgl.audio.AudioPlayer, class com.almasb.fxgl.notification.impl.NotificationServiceProvider, class com.almasb.fxgl.achievement.AchievementService, class com.almasb.fxgl.cutscene.CutsceneService, class com.almasb.fxgl.minigames.MiniGameService, class com.almasb.fxgl.net.NetService, class com.almasb.fxgl.app.services.UpdaterService, class com.almasb.fxgl.dev.DevService]
12:26:36.325 [FXGL Background Thread 3 ] DEBUG Engine               - fontGame: Abel-Regular.ttf
12:26:36.325 [FXGL Background Thread 3 ] DEBUG Engine               - fontMono: TerminalLandMono-Regular.otf
12:26:36.325 [FXGL Background Thread 3 ] DEBUG Engine               - fontSizeScaleUI: 1.0
12:26:36.325 [FXGL Background Thread 3 ] DEBUG Engine               - fontText: Courier-Prime.ttf
12:26:36.325 [FXGL Background Thread 3 ] DEBUG Engine               - fontUI: VarelaRound-Regular.ttf
12:26:36.325 [FXGL Background Thread 3 ] DEBUG Engine               - fullScreen: BooleanProperty [value: false]
12:26:36.325 [FXGL Background Thread 3 ] DEBUG Engine               - gameDifficulty: MEDIUM
12:26:36.325 [FXGL Background Thread 3 ] DEBUG Engine               - gameDifficultyProperty: ObjectProperty [value: MEDIUM]
12:26:36.326 [FXGL Background Thread 3 ] DEBUG Engine               - globalMusicVolume: 0.5
12:26:36.326 [FXGL Background Thread 3 ] DEBUG Engine               - globalMusicVolumeProperty: DoubleProperty [value: 0.5]
12:26:36.326 [FXGL Background Thread 3 ] DEBUG Engine               - globalSoundVolume: 0.5
12:26:36.326 [FXGL Background Thread 3 ] DEBUG Engine               - globalSoundVolumeProperty: DoubleProperty [value: 0.5]
12:26:36.326 [FXGL Background Thread 3 ] DEBUG Engine               - height: 600
12:26:36.327 [FXGL Background Thread 3 ] DEBUG Engine               - is3D: false
12:26:36.327 [FXGL Background Thread 3 ] DEBUG Engine               - isAndroid: false
12:26:36.327 [FXGL Background Thread 3 ] DEBUG Engine               - isBrowser: false
12:26:36.327 [FXGL Background Thread 3 ] DEBUG Engine               - isClickFeedbackEnabled: false
12:26:36.327 [FXGL Background Thread 3 ] DEBUG Engine               - isCloseConfirmation: false
12:26:36.327 [FXGL Background Thread 3 ] DEBUG Engine               - isDesktop: true
12:26:36.327 [FXGL Background Thread 3 ] DEBUG Engine               - isDeveloperMenuEnabled: false
12:26:36.328 [FXGL Background Thread 3 ] DEBUG Engine               - isEmbedded: false
12:26:36.328 [FXGL Background Thread 3 ] DEBUG Engine               - isEntityPreloadEnabled: true
12:26:36.328 [FXGL Background Thread 3 ] DEBUG Engine               - isExperimentalTiledLargeMap: false
12:26:36.328 [FXGL Background Thread 3 ] DEBUG Engine               - isFileSystemWriteAllowed: true
12:26:36.328 [FXGL Background Thread 3 ] DEBUG Engine               - isFullScreenAllowed: false
12:26:36.328 [FXGL Background Thread 3 ] DEBUG Engine               - isFullScreenFromStart: false
12:26:36.328 [FXGL Background Thread 3 ] DEBUG Engine               - isGameMenuEnabled: true
12:26:36.329 [FXGL Background Thread 3 ] DEBUG Engine               - isIOS: false
12:26:36.329 [FXGL Background Thread 3 ] DEBUG Engine               - isIntroEnabled: false
12:26:36.329 [FXGL Background Thread 3 ] DEBUG Engine               - isLinux: false
12:26:36.329 [FXGL Background Thread 3 ] DEBUG Engine               - isMac: false
12:26:36.329 [FXGL Background Thread 3 ] DEBUG Engine               - isMainMenuEnabled: false
12:26:36.329 [FXGL Background Thread 3 ] DEBUG Engine               - isManualResizeEnabled: false
12:26:36.329 [FXGL Background Thread 3 ] DEBUG Engine               - isMobile: false
12:26:36.329 [FXGL Background Thread 3 ] DEBUG Engine               - isNative: false
12:26:36.329 [FXGL Background Thread 3 ] DEBUG Engine               - isPauseMusicWhenMinimized: true
12:26:36.329 [FXGL Background Thread 3 ] DEBUG Engine               - isPreserveResizeRatio: false
12:26:36.329 [FXGL Background Thread 3 ] DEBUG Engine               - isProfilingEnabled: false
12:26:36.329 [FXGL Background Thread 3 ] DEBUG Engine               - isScaleAffectedOnResize: true
12:26:36.329 [FXGL Background Thread 3 ] DEBUG Engine               - isSingleStep: false
12:26:36.330 [FXGL Background Thread 3 ] DEBUG Engine               - isUserProfileEnabled: false
12:26:36.330 [FXGL Background Thread 3 ] DEBUG Engine               - isWindows: true
12:26:36.330 [FXGL Background Thread 3 ] DEBUG Engine               - language: ObjectProperty [value: ENGLISH]
12:26:36.330 [FXGL Background Thread 3 ] DEBUG Engine               - menuKey: ESCAPE
12:26:36.330 [FXGL Background Thread 3 ] DEBUG Engine               - mouseSensitivity: 0.2
12:26:36.330 [FXGL Background Thread 3 ] DEBUG Engine               - notificationViewClass: class com.almasb.fxgl.notification.view.XboxNotificationView
12:26:36.330 [FXGL Background Thread 3 ] DEBUG Engine               - pixelsPerMeter: 50.0
12:26:36.330 [FXGL Background Thread 3 ] DEBUG Engine               - platform: WINDOWS
12:26:36.330 [FXGL Background Thread 3 ] DEBUG Engine               - prefHeightProperty: ReadOnlyDoubleProperty [value: 600.0]
12:26:36.331 [FXGL Background Thread 3 ] DEBUG Engine               - prefWidthProperty: ReadOnlyDoubleProperty [value: 800.0]
12:26:36.331 [FXGL Background Thread 3 ] DEBUG Engine               - profileDir: profiles/
12:26:36.331 [FXGL Background Thread 3 ] DEBUG Engine               - profileName: StringProperty [value: DEFAULT]
12:26:36.331 [FXGL Background Thread 3 ] DEBUG Engine               - randomSeed: -1
12:26:36.331 [FXGL Background Thread 3 ] DEBUG Engine               - runtimeInfo: RuntimeInfo(platform=WINDOWS, version=17.3, build=30.03.2023 11.54)
12:26:36.332 [FXGL Background Thread 3 ] DEBUG Engine               - saveFileExt: sav
12:26:36.332 [FXGL Background Thread 3 ] DEBUG Engine               - scaledHeightProp$fxgl: DoubleProperty [bound, value: 600.0]
12:26:36.332 [FXGL Background Thread 3 ] DEBUG Engine               - scaledWidthProp$fxgl: DoubleProperty [bound, value: 800.0]
12:26:36.332 [FXGL Background Thread 3 ] DEBUG Engine               - sceneFactory: com.almasb.fxgl.app.scene.SceneFactory@458c94aa
12:26:36.332 [FXGL Background Thread 3 ] DEBUG Engine               - secondsIn24h: 60
12:26:36.332 [FXGL Background Thread 3 ] DEBUG Engine               - soundMenuBack: menu/back.wav
12:26:36.332 [FXGL Background Thread 3 ] DEBUG Engine               - soundMenuPress: menu/press.wav
12:26:36.332 [FXGL Background Thread 3 ] DEBUG Engine               - soundMenuSelect: menu/select.wav
12:26:36.332 [FXGL Background Thread 3 ] DEBUG Engine               - soundNotification: core/notification.wav
12:26:36.333 [FXGL Background Thread 3 ] DEBUG Engine               - stageStyle: DECORATED
12:26:36.333 [FXGL Background Thread 3 ] DEBUG Engine               - supportedLanguages: [ENGLISH, FRENCH, GERMAN, HUNGARIAN, RUSSIAN]
12:26:36.333 [FXGL Background Thread 3 ] DEBUG Engine               - ticksPerSecond: -1
12:26:36.333 [FXGL Background Thread 3 ] DEBUG Engine               - title: Untitled
12:26:36.333 [FXGL Background Thread 3 ] DEBUG Engine               - urlGithub: https://github.com/AlmasB/FXGL
12:26:36.333 [FXGL Background Thread 3 ] DEBUG Engine               - urlLeaderboard: http://fxgl-top.herokuapp.com/
12:26:36.333 [FXGL Background Thread 3 ] DEBUG Engine               - urlPOM: https://raw.githubusercontent.com/AlmasB/FXGL/release/README.md
12:26:36.333 [FXGL Background Thread 3 ] DEBUG Engine               - userAppClass: class core.RTSMain
12:26:36.333 [FXGL Background Thread 3 ] DEBUG Engine               - version: 0.0
12:26:36.334 [FXGL Background Thread 3 ] DEBUG Engine               - versionCheckDays: 7
12:26:36.334 [FXGL Background Thread 3 ] DEBUG Engine               - width: 800
12:26:36.335 [FXGL Background Thread 3 ] DEBUG Engine               - Logging services
12:26:36.335 [FXGL Background Thread 3 ] DEBUG Engine               - class com.almasb.fxgl.app.services.FXGLAssetLoaderService
12:26:36.336 [FXGL Background Thread 3 ] DEBUG Engine               - class com.almasb.fxgl.app.FXGLApplication$GameApplicationService
12:26:36.336 [FXGL Background Thread 3 ] DEBUG Engine               - class com.almasb.fxgl.app.services.FXGLDialogService
12:26:36.336 [FXGL Background Thread 3 ] DEBUG Engine               - class com.almasb.fxgl.app.services.IOTaskExecutorService
12:26:36.336 [FXGL Background Thread 3 ] DEBUG Engine               - class com.almasb.fxgl.io.FileSystemService
12:26:36.336 [FXGL Background Thread 3 ] DEBUG Engine               - class com.almasb.fxgl.localization.LocalizationService
12:26:36.336 [FXGL Background Thread 3 ] DEBUG Engine               - class com.almasb.fxgl.app.services.SystemBundleService
12:26:36.336 [FXGL Background Thread 3 ] DEBUG Engine               - class com.almasb.fxgl.profile.SaveLoadService
12:26:36.336 [FXGL Background Thread 3 ] DEBUG Engine               - class com.almasb.fxgl.ui.FXGLUIFactoryServiceProvider
12:26:36.336 [FXGL Background Thread 3 ] DEBUG Engine               - class com.almasb.fxgl.ui.FXGLDialogFactoryServiceProvider
12:26:36.336 [FXGL Background Thread 3 ] DEBUG Engine               - class com.almasb.fxgl.audio.AudioPlayer
12:26:36.337 [FXGL Background Thread 3 ] DEBUG Engine               - class com.almasb.fxgl.notification.impl.NotificationServiceProvider
12:26:36.337 [FXGL Background Thread 3 ] DEBUG Engine               - class com.almasb.fxgl.achievement.AchievementService
12:26:36.337 [FXGL Background Thread 3 ] DEBUG Engine               - class com.almasb.fxgl.cutscene.CutsceneService
12:26:36.337 [FXGL Background Thread 3 ] DEBUG Engine               - class com.almasb.fxgl.minigames.MiniGameService
12:26:36.337 [FXGL Background Thread 3 ] DEBUG Engine               - class com.almasb.fxgl.net.NetService
12:26:36.337 [FXGL Background Thread 3 ] DEBUG Engine               - class com.almasb.fxgl.app.services.UpdaterService
12:26:36.337 [FXGL Background Thread 3 ] DEBUG Engine               - class com.almasb.fxgl.dev.DevService
12:27:04.265 [JavaFX Application Thread] DEBUG FXGLApplication      - Exiting FXGL
12:27:04.265 [JavaFX Application Thread] DEBUG LoopRunner           - Stopping loop
12:27:04.265 [JavaFX Application Thread] DEBUG SystemBundleService  - Saving FXGL system data
12:27:04.271 [JavaFX Application Thread] DEBUG FileSystemAccess     - Writing to: C:\Users\dcurtis25\git\CompSci-Final-Project\system\fxgl.bundle
12:27:04.275 [JavaFX Application Thread] DEBUG Async                - Shutting down background threads
12:27:04.275 [JavaFX Application Thread] DEBUG PrimaryStageWindow   - Closing main window
12:27:04.289 [JavaFX Application Thread] DEBUG Logger               - Closing Logger
