11:26:10.002 [main                     ] DEBUG Logger               - Configured Logger
11:26:10.027 [main                     ] DEBUG GameApplication      - Logging settings
Title: Untitled
Version: 0.0
Width: 800
Height: 800
Fullscreen: false
Intro: false
Profiling: false
Single step:false
App Mode: DEVELOPER
Menu Key: ESCAPE
Stage Style: DECORATED
Scene Factory: class com.almasb.fxgl.app.scene.SceneFactory

11:26:10.188 [JavaFX Application Thread] DEBUG FXGLApplication      - Initializing FXGL
11:26:10.196 [JavaFX Application Thread] INFO  Engine               - FXGL-17.3 (30.03.2023 11.54) on WINDOWS (J:20.0.1 FX:20)
11:26:10.196 [JavaFX Application Thread] DEBUG Engine               - JRE Vendor Name: Oracle Corporation
11:26:10.197 [JavaFX Application Thread] DEBUG Engine               - Running on OS: Windows 10 version 10.0
11:26:10.197 [JavaFX Application Thread] DEBUG Engine               - Architecture: amd64
11:26:10.197 [JavaFX Application Thread] INFO  Engine               - Source code and latest versions at: https://github.com/AlmasB/FXGL
11:26:10.198 [JavaFX Application Thread] INFO  Engine               -       Ask questions and discuss at: https://github.com/AlmasB/FXGL/discussions
11:26:10.198 [JavaFX Application Thread] INFO  Engine               -              Join the FXGL chat at: https://gitter.im/AlmasB/FXGL
11:26:10.300 [JavaFX Application Thread] DEBUG PrimaryStageWindow   - Creating a JavaFX scene
11:26:10.305 [JavaFX Application Thread] DEBUG PrimaryStageWindow   - Target size > screen size
11:26:10.442 [JavaFX Application Thread] DEBUG PrimaryStageWindow   - Target settings size: 800.0 x 800.0
11:26:10.442 [JavaFX Application Thread] DEBUG PrimaryStageWindow   - Scaled scene size:    703.0 x 728.0
11:26:10.443 [JavaFX Application Thread] DEBUG PrimaryStageWindow   - Scaled ratio: (0.87875, 0.91)
11:26:10.446 [JavaFX Application Thread] DEBUG PrimaryStageWindow   - Set initial scene to FXGLStartupScene
11:26:10.455 [JavaFX Application Thread] DEBUG PrimaryStageWindow   - Opening main window
11:26:10.626 [JavaFX Application Thread] DEBUG PrimaryStageWindow   - Window border size: (16.0, 39.0)
11:26:10.626 [JavaFX Application Thread] DEBUG PrimaryStageWindow   - Scaled size: 703.0 x 728.0
11:26:10.627 [JavaFX Application Thread] DEBUG PrimaryStageWindow   - Scaled ratio: (0.87875, 0.91)
11:26:10.627 [JavaFX Application Thread] DEBUG PrimaryStageWindow   - Scene size: 703.0 x 728.0
11:26:10.628 [JavaFX Application Thread] DEBUG PrimaryStageWindow   - Stage size: 719.0 x 767.0
11:26:10.650 [FXGL Background Thread 1 ] DEBUG Engine               - Initializing environment variables
11:26:10.845 [FXGL Background Thread 1 ] DEBUG FXGLAssetLoaderServi - User app class for loading assets: class core.RTSMain
11:26:10.846 [FXGL Background Thread 1 ] DEBUG GameApplicationServi - Applying CSS: fxgl_dark.css
11:26:10.848 [FXGL Background Thread 1 ] DEBUG FXGLAssetLoaderServi - Loading from file system: jar:file:/C:/Users/tnelson25.GVSD/Downloads/fxgl-17.3-uber.jar!/fxglassets/ui/css/fxgl_dark.css
11:26:10.962 [FXGL Background Thread 1 ] DEBUG GameApplicationServi - Initializing application scenes
11:26:11.107 [FXGL Background Thread 1 ] DEBUG GameWorld            - Game world initialized
11:26:11.261 [FXGL Background Thread 1 ] DEBUG PhysicsWorld         - Physics world initialized: appHeight=800, physics.ppm=50.0
11:26:11.262 [FXGL Background Thread 1 ] DEBUG PhysicsWorld         - Using strategy: BRUTE_FORCE
11:26:11.272 [FXGL Background Thread 1 ] DEBUG GameScene            - Game scene initialized: 800x800
11:26:11.303 [FXGL Background Thread 1 ] DEBUG FXGL.DefaultMenu     - createMenuBodyGameMenu()
11:26:11.344 [FXGL Background Thread 1 ] DEBUG FXGL.DefaultMenu     - createOptionsMenu()
11:26:11.369 [FXGL Background Thread 1 ] DEBUG FXGLAssetLoaderServi - Loading from file system: jar:file:/C:/Users/tnelson25.GVSD/Downloads/fxgl-17.3-uber.jar!/fxglassets/textures/particles/smoke.png
11:26:11.637 [FXGL Background Thread 1 ] DEBUG FXGLAssetLoaderServi - Loading from file system: jar:file:/C:/Users/tnelson25.GVSD/Downloads/fxgl-17.3-uber.jar!/fxglassets/textures/particles/trace_horizontal.png
11:26:11.705 [FXGL Background Thread 1 ] DEBUG GameApplicationServi - Application scenes initialized
11:26:11.741 [FXGL Background Thread 1 ] DEBUG SystemBundleService  - Loading FXGL system data
11:26:11.751 [FXGL Background Thread 1 ] DEBUG FileSystemAccess     - Reading from: C:\Users\tnelson25.GVSD\OneDrive - Great Valley School District\10th Grade\APCSA\CompSciFinal\system\fxgl.bundle
11:26:11.775 [FXGL Background Thread 1 ] DEBUG SystemBundleService  - Bundle FXGL: {}
11:26:11.776 [FXGL Background Thread 1 ] DEBUG UpdaterService       - Checking for updates
11:26:11.789 [FXGL Background Thread 1 ] DEBUG FXGLApplication      - Loading default localization
11:26:11.791 [FXGL Background Thread 1 ] DEBUG FXGLAssetLoaderServi - Loading from file system: jar:file:/C:/Users/tnelson25.GVSD/Downloads/fxgl-17.3-uber.jar!/fxglassets/languages/english.lang
11:26:11.846 [FXGL Background Thread 1 ] INFO  FXGLApplication      - FXGL initialization took: 1.203 sec
11:26:11.873 [JavaFX Application Thread] DEBUG Input                - Registered new binding: action0 - A
11:26:11.874 [JavaFX Application Thread] DEBUG Input                - Registered new binding: action1 - D
11:26:11.875 [JavaFX Application Thread] DEBUG Input                - Registered new binding: action2 - W
11:26:11.875 [JavaFX Application Thread] DEBUG Input                - Registered new binding: action3 - S
11:26:11.878 [JavaFX Application Thread] DEBUG Input                - Registered new binding: action4 - Tab
11:26:11.883 [JavaFX Application Thread] DEBUG Input                - Registered new binding: action5 - LMB
11:26:11.884 [JavaFX Application Thread] DEBUG Input                - Registered new binding: action6 - RMB
11:26:11.886 [JavaFX Application Thread] DEBUG Input                - Registered new binding: action7 - H
11:26:11.887 [JavaFX Application Thread] DEBUG FXGLAssetLoaderServi - Loading from file system: jar:file:/C:/Users/tnelson25.GVSD/Downloads/fxgl-17.3-uber.jar!/fxglassets/textures/fxgl_icon.png
11:26:11.888 [FXGL Background Thread 4 ] DEBUG FXGLApplication      - Loading fonts
11:26:11.895 [FXGL Background Thread 4 ] DEBUG FXGLAssetLoaderServi - Loading from file system: jar:file:/C:/Users/tnelson25.GVSD/Downloads/fxgl-17.3-uber.jar!/fxglassets/ui/fonts/VarelaRound-Regular.ttf
11:26:11.937 [JavaFX Application Thread] DEBUG FXGLAssetLoaderServi - Loading from file system: jar:file:/C:/Users/tnelson25.GVSD/Downloads/fxgl-17.3-uber.jar!/fxglassets/textures/fxgl_default_cursor.png
11:26:11.942 [JavaFX Application Thread] DEBUG Input                - Registered new binding: Screenshot - CTRL+8
11:26:11.943 [JavaFX Application Thread] DEBUG Input                - Registered new binding: System info dump - CTRL+9
11:26:11.944 [JavaFX Application Thread] DEBUG Input                - Registered new binding: Restart - CTRL+R
11:26:11.946 [JavaFX Application Thread] DEBUG Input                - Registered new binding: Toggle Debug Camera - CTRL+7
11:26:11.954 [JavaFX Application Thread] DEBUG LoopRunner           - Starting loop
11:26:11.954 [JavaFX Application Thread] DEBUG LoopRunner           - Initializing JavaFX AnimationTimerLoop
11:26:11.958 [JavaFX Application Thread] DEBUG GameApplicationServi - Starting new game
11:26:11.959 [JavaFX Application Thread] DEBUG Input                - Clearing active input actions
11:26:11.986 [JavaFX Application Thread] DEBUG GameApplicationServi - Removing overlay from FXGLStartupScene and adding to FXGLLoadingScene
11:26:12.022 [JavaFX Application Thread] DEBUG PrimaryStageWindow   - FXGLStartupScene -> FXGLLoadingScene
11:26:12.022 [JavaFX Application Thread] DEBUG GameApplicationServi - Clearing previous game
11:26:12.023 [JavaFX Application Thread] DEBUG GameScene            - Clearing game scene
11:26:12.023 [JavaFX Application Thread] DEBUG GameWorld            - Clearing game world
11:26:12.023 [JavaFX Application Thread] DEBUG PhysicsWorld         - Clearing physics world
11:26:12.027 [FXGL Background Thread 1 ] DEBUG FXGLApplication      - Initializing game
11:26:12.983 [FXGL Background Thread 4 ] DEBUG FXGLAssetLoaderServi - Loading from file system: jar:file:/C:/Users/tnelson25.GVSD/Downloads/fxgl-17.3-uber.jar!/fxglassets/ui/fonts/Abel-Regular.ttf
11:26:12.992 [FXGL Background Thread 4 ] DEBUG FXGLAssetLoaderServi - Loading from file system: jar:file:/C:/Users/tnelson25.GVSD/Downloads/fxgl-17.3-uber.jar!/fxglassets/ui/fonts/TerminalLandMono-Regular.otf
11:26:13.003 [FXGL Background Thread 4 ] DEBUG FXGLAssetLoaderServi - Loading from file system: jar:file:/C:/Users/tnelson25.GVSD/Downloads/fxgl-17.3-uber.jar!/fxglassets/ui/fonts/Courier-Prime.ttf
11:26:13.026 [JavaFX Application Thread] DEBUG FXGLApplication      - Registering font factories with UI factory
11:26:14.248 [FXGL Background Thread 1 ] INFO  FXGLApplication      - Game initialization took: 2.234 sec
11:26:14.254 [JavaFX Application Thread] DEBUG Input                - Clearing active input actions
11:26:14.333 [JavaFX Application Thread] DEBUG GameApplicationServi - Removing overlay from FXGLLoadingScene and adding to GameScene
11:26:14.334 [JavaFX Application Thread] DEBUG PrimaryStageWindow   - FXGLLoadingScene -> GameScene
11:26:14.768 [FXGL Background Thread 3 ] DEBUG Engine               - Logging environment variables
11:26:14.769 [FXGL Background Thread 3 ] DEBUG Engine               - achievements: []
11:26:14.769 [FXGL Background Thread 3 ] DEBUG Engine               - actualHeight: 728.0
11:26:14.769 [FXGL Background Thread 3 ] DEBUG Engine               - actualHeightProperty: ReadOnlyDoubleProperty [value: 728.0]
11:26:14.769 [FXGL Background Thread 3 ] DEBUG Engine               - actualWidth: 703.0
11:26:14.770 [FXGL Background Thread 3 ] DEBUG Engine               - actualWidthProperty: ReadOnlyDoubleProperty [value: 703.0]
11:26:14.770 [FXGL Background Thread 3 ] DEBUG Engine               - appIcon: fxgl_icon.png
11:26:14.770 [FXGL Background Thread 3 ] DEBUG Engine               - applicationMode: DEVELOPER
11:26:14.770 [FXGL Background Thread 3 ] DEBUG Engine               - cSSList: [fxgl_dark.css]
11:26:14.770 [FXGL Background Thread 3 ] DEBUG Engine               - collisionDetectionStrategy: BRUTE_FORCE
11:26:14.770 [FXGL Background Thread 3 ] DEBUG Engine               - configClass: Optional.empty
11:26:14.770 [FXGL Background Thread 3 ] DEBUG Engine               - credits: []
11:26:14.771 [FXGL Background Thread 3 ] DEBUG Engine               - defaultCursor: CursorInfo(imageName=fxgl_default_cursor.png, hotspotX=7.0, hotspotY=6.0)
11:26:14.771 [FXGL Background Thread 3 ] DEBUG Engine               - devBBoxColorProperty: ObjectProperty [value: 0xff0000ff]
11:26:14.771 [FXGL Background Thread 3 ] DEBUG Engine               - devEnableDebugCameraProperty: BooleanProperty [value: false]
11:26:14.772 [FXGL Background Thread 3 ] DEBUG Engine               - devSensorColorProperty: ObjectProperty [value: 0xffff00ff]
11:26:14.772 [FXGL Background Thread 3 ] DEBUG Engine               - devShowBBoxProperty: BooleanProperty [value: false]
11:26:14.772 [FXGL Background Thread 3 ] DEBUG Engine               - devShowPositionProperty: BooleanProperty [value: false]
11:26:14.772 [FXGL Background Thread 3 ] DEBUG Engine               - enabledMenuItems: []
11:26:14.772 [FXGL Background Thread 3 ] DEBUG Engine               - engineServices: [class com.almasb.fxgl.app.services.FXGLAssetLoaderService, class com.almasb.fxgl.app.FXGLApplication$GameApplicationService, class com.almasb.fxgl.app.services.FXGLDialogService, class com.almasb.fxgl.app.services.IOTaskExecutorService, class com.almasb.fxgl.io.FileSystemService, class com.almasb.fxgl.localization.LocalizationService, class com.almasb.fxgl.app.services.SystemBundleService, class com.almasb.fxgl.profile.SaveLoadService, class com.almasb.fxgl.ui.FXGLUIFactoryServiceProvider, class com.almasb.fxgl.ui.FXGLDialogFactoryServiceProvider, class com.almasb.fxgl.audio.AudioPlayer, class com.almasb.fxgl.notification.impl.NotificationServiceProvider, class com.almasb.fxgl.achievement.AchievementService, class com.almasb.fxgl.cutscene.CutsceneService, class com.almasb.fxgl.minigames.MiniGameService, class com.almasb.fxgl.net.NetService, class com.almasb.fxgl.app.services.UpdaterService, class com.almasb.fxgl.dev.DevService]
11:26:14.772 [FXGL Background Thread 3 ] DEBUG Engine               - fontGame: Abel-Regular.ttf
11:26:14.772 [FXGL Background Thread 3 ] DEBUG Engine               - fontMono: TerminalLandMono-Regular.otf
11:26:14.773 [FXGL Background Thread 3 ] DEBUG Engine               - fontSizeScaleUI: 1.0
11:26:14.773 [FXGL Background Thread 3 ] DEBUG Engine               - fontText: Courier-Prime.ttf
11:26:14.773 [FXGL Background Thread 3 ] DEBUG Engine               - fontUI: VarelaRound-Regular.ttf
11:26:14.773 [FXGL Background Thread 3 ] DEBUG Engine               - fullScreen: BooleanProperty [value: false]
11:26:14.773 [FXGL Background Thread 3 ] DEBUG Engine               - gameDifficulty: MEDIUM
11:26:14.773 [FXGL Background Thread 3 ] DEBUG Engine               - gameDifficultyProperty: ObjectProperty [value: MEDIUM]
11:26:14.773 [FXGL Background Thread 3 ] DEBUG Engine               - globalMusicVolume: 0.5
11:26:14.773 [FXGL Background Thread 3 ] DEBUG Engine               - globalMusicVolumeProperty: DoubleProperty [value: 0.5]
11:26:14.773 [FXGL Background Thread 3 ] DEBUG Engine               - globalSoundVolume: 0.5
11:26:14.774 [FXGL Background Thread 3 ] DEBUG Engine               - globalSoundVolumeProperty: DoubleProperty [value: 0.5]
11:26:14.774 [FXGL Background Thread 3 ] DEBUG Engine               - height: 800
11:26:14.774 [FXGL Background Thread 3 ] DEBUG Engine               - is3D: false
11:26:14.774 [FXGL Background Thread 3 ] DEBUG Engine               - isAndroid: false
11:26:14.774 [FXGL Background Thread 3 ] DEBUG Engine               - isBrowser: false
11:26:14.774 [FXGL Background Thread 3 ] DEBUG Engine               - isClickFeedbackEnabled: false
11:26:14.774 [FXGL Background Thread 3 ] DEBUG Engine               - isCloseConfirmation: false
11:26:14.774 [FXGL Background Thread 3 ] DEBUG Engine               - isDesktop: true
11:26:14.775 [FXGL Background Thread 3 ] DEBUG Engine               - isDeveloperMenuEnabled: false
11:26:14.775 [FXGL Background Thread 3 ] DEBUG Engine               - isEmbedded: false
11:26:14.775 [FXGL Background Thread 3 ] DEBUG Engine               - isEntityPreloadEnabled: true
11:26:14.775 [FXGL Background Thread 3 ] DEBUG Engine               - isExperimentalTiledLargeMap: false
11:26:14.775 [FXGL Background Thread 3 ] DEBUG Engine               - isFileSystemWriteAllowed: true
11:26:14.775 [FXGL Background Thread 3 ] DEBUG Engine               - isFullScreenAllowed: false
11:26:14.775 [FXGL Background Thread 3 ] DEBUG Engine               - isFullScreenFromStart: false
11:26:14.775 [FXGL Background Thread 3 ] DEBUG Engine               - isGameMenuEnabled: true
11:26:14.775 [FXGL Background Thread 3 ] DEBUG Engine               - isIOS: false
11:26:14.776 [FXGL Background Thread 3 ] DEBUG Engine               - isIntroEnabled: false
11:26:14.776 [FXGL Background Thread 3 ] DEBUG Engine               - isLinux: false
11:26:14.776 [FXGL Background Thread 3 ] DEBUG Engine               - isMac: false
11:26:14.776 [FXGL Background Thread 3 ] DEBUG Engine               - isMainMenuEnabled: false
11:26:14.776 [FXGL Background Thread 3 ] DEBUG Engine               - isManualResizeEnabled: false
11:26:14.776 [FXGL Background Thread 3 ] DEBUG Engine               - isMobile: false
11:26:14.776 [FXGL Background Thread 3 ] DEBUG Engine               - isNative: false
11:26:14.776 [FXGL Background Thread 3 ] DEBUG Engine               - isPauseMusicWhenMinimized: true
11:26:14.776 [FXGL Background Thread 3 ] DEBUG Engine               - isPreserveResizeRatio: false
11:26:14.777 [FXGL Background Thread 3 ] DEBUG Engine               - isProfilingEnabled: false
11:26:14.777 [FXGL Background Thread 3 ] DEBUG Engine               - isScaleAffectedOnResize: true
11:26:14.777 [FXGL Background Thread 3 ] DEBUG Engine               - isSingleStep: false
11:26:14.777 [FXGL Background Thread 3 ] DEBUG Engine               - isUserProfileEnabled: false
11:26:14.777 [FXGL Background Thread 3 ] DEBUG Engine               - isWindows: true
11:26:14.777 [FXGL Background Thread 3 ] DEBUG Engine               - language: ObjectProperty [value: ENGLISH]
11:26:14.777 [FXGL Background Thread 3 ] DEBUG Engine               - menuKey: ESCAPE
11:26:14.777 [FXGL Background Thread 3 ] DEBUG Engine               - mouseSensitivity: 0.2
11:26:14.778 [FXGL Background Thread 3 ] DEBUG Engine               - notificationViewClass: class com.almasb.fxgl.notification.view.XboxNotificationView
11:26:14.778 [FXGL Background Thread 3 ] DEBUG Engine               - pixelsPerMeter: 50.0
11:26:14.778 [FXGL Background Thread 3 ] DEBUG Engine               - platform: WINDOWS
11:26:14.778 [FXGL Background Thread 3 ] DEBUG Engine               - prefHeightProperty: ReadOnlyDoubleProperty [value: 800.0]
11:26:14.778 [FXGL Background Thread 3 ] DEBUG Engine               - prefWidthProperty: ReadOnlyDoubleProperty [value: 800.0]
11:26:14.778 [FXGL Background Thread 3 ] DEBUG Engine               - profileDir: profiles/
11:26:14.778 [FXGL Background Thread 3 ] DEBUG Engine               - profileName: StringProperty [value: DEFAULT]
11:26:14.778 [FXGL Background Thread 3 ] DEBUG Engine               - randomSeed: -1
11:26:14.779 [FXGL Background Thread 3 ] DEBUG Engine               - runtimeInfo: RuntimeInfo(platform=WINDOWS, version=17.3, build=30.03.2023 11.54)
11:26:14.779 [FXGL Background Thread 3 ] DEBUG Engine               - saveFileExt: sav
11:26:14.779 [FXGL Background Thread 3 ] DEBUG Engine               - scaledHeightProp$fxgl: DoubleProperty [bound, value: 728.0]
11:26:14.780 [FXGL Background Thread 3 ] DEBUG Engine               - scaledWidthProp$fxgl: DoubleProperty [bound, value: 703.0]
11:26:14.780 [FXGL Background Thread 3 ] DEBUG Engine               - sceneFactory: com.almasb.fxgl.app.scene.SceneFactory@68029557
11:26:14.780 [FXGL Background Thread 3 ] DEBUG Engine               - secondsIn24h: 60
11:26:14.780 [FXGL Background Thread 3 ] DEBUG Engine               - soundMenuBack: menu/back.wav
11:26:14.780 [FXGL Background Thread 3 ] DEBUG Engine               - soundMenuPress: menu/press.wav
11:26:14.780 [FXGL Background Thread 3 ] DEBUG Engine               - soundMenuSelect: menu/select.wav
11:26:14.780 [FXGL Background Thread 3 ] DEBUG Engine               - soundNotification: core/notification.wav
11:26:14.780 [FXGL Background Thread 3 ] DEBUG Engine               - stageStyle: DECORATED
11:26:14.781 [FXGL Background Thread 3 ] DEBUG Engine               - supportedLanguages: [ENGLISH, FRENCH, GERMAN, HUNGARIAN, RUSSIAN]
11:26:14.781 [FXGL Background Thread 3 ] DEBUG Engine               - ticksPerSecond: -1
11:26:14.781 [FXGL Background Thread 3 ] DEBUG Engine               - title: Untitled
11:26:14.781 [FXGL Background Thread 3 ] DEBUG Engine               - urlGithub: https://github.com/AlmasB/FXGL
11:26:14.781 [FXGL Background Thread 3 ] DEBUG Engine               - urlLeaderboard: http://fxgl-top.herokuapp.com/
11:26:14.781 [FXGL Background Thread 3 ] DEBUG Engine               - urlPOM: https://raw.githubusercontent.com/AlmasB/FXGL/release/README.md
11:26:14.782 [FXGL Background Thread 3 ] DEBUG Engine               - userAppClass: class core.RTSMain
11:26:14.782 [FXGL Background Thread 3 ] DEBUG Engine               - version: 0.0
11:26:14.782 [FXGL Background Thread 3 ] DEBUG Engine               - versionCheckDays: 7
11:26:14.782 [FXGL Background Thread 3 ] DEBUG Engine               - width: 800
11:26:14.783 [FXGL Background Thread 3 ] DEBUG Engine               - Logging services
11:26:14.784 [FXGL Background Thread 3 ] DEBUG Engine               - class com.almasb.fxgl.app.services.FXGLAssetLoaderService
11:26:14.784 [FXGL Background Thread 3 ] DEBUG Engine               - class com.almasb.fxgl.app.FXGLApplication$GameApplicationService
11:26:14.784 [FXGL Background Thread 3 ] DEBUG Engine               - class com.almasb.fxgl.app.services.FXGLDialogService
11:26:14.784 [FXGL Background Thread 3 ] DEBUG Engine               - class com.almasb.fxgl.app.services.IOTaskExecutorService
11:26:14.784 [FXGL Background Thread 3 ] DEBUG Engine               - class com.almasb.fxgl.io.FileSystemService
11:26:14.784 [FXGL Background Thread 3 ] DEBUG Engine               - class com.almasb.fxgl.localization.LocalizationService
11:26:14.784 [FXGL Background Thread 3 ] DEBUG Engine               - class com.almasb.fxgl.app.services.SystemBundleService
11:26:14.784 [FXGL Background Thread 3 ] DEBUG Engine               - class com.almasb.fxgl.profile.SaveLoadService
11:26:14.784 [FXGL Background Thread 3 ] DEBUG Engine               - class com.almasb.fxgl.ui.FXGLUIFactoryServiceProvider
11:26:14.784 [FXGL Background Thread 3 ] DEBUG Engine               - class com.almasb.fxgl.ui.FXGLDialogFactoryServiceProvider
11:26:14.784 [FXGL Background Thread 3 ] DEBUG Engine               - class com.almasb.fxgl.audio.AudioPlayer
11:26:14.785 [FXGL Background Thread 3 ] DEBUG Engine               - class com.almasb.fxgl.notification.impl.NotificationServiceProvider
11:26:14.785 [FXGL Background Thread 3 ] DEBUG Engine               - class com.almasb.fxgl.achievement.AchievementService
11:26:14.785 [FXGL Background Thread 3 ] DEBUG Engine               - class com.almasb.fxgl.cutscene.CutsceneService
11:26:14.785 [FXGL Background Thread 3 ] DEBUG Engine               - class com.almasb.fxgl.minigames.MiniGameService
11:26:14.785 [FXGL Background Thread 3 ] DEBUG Engine               - class com.almasb.fxgl.net.NetService
11:26:14.785 [FXGL Background Thread 3 ] DEBUG Engine               - class com.almasb.fxgl.app.services.UpdaterService
11:26:14.785 [FXGL Background Thread 3 ] DEBUG Engine               - class com.almasb.fxgl.dev.DevService
11:27:30.145 [JavaFX Application Thread] DEBUG FXGLApplication      - Exiting FXGL
11:27:30.145 [JavaFX Application Thread] DEBUG LoopRunner           - Stopping loop
11:27:30.145 [JavaFX Application Thread] DEBUG SystemBundleService  - Saving FXGL system data
11:27:30.150 [JavaFX Application Thread] DEBUG FileSystemAccess     - Writing to: C:\Users\tnelson25.GVSD\OneDrive - Great Valley School District\10th Grade\APCSA\CompSciFinal\system\fxgl.bundle
11:27:30.155 [JavaFX Application Thread] DEBUG Async                - Shutting down background threads
11:27:30.155 [JavaFX Application Thread] DEBUG PrimaryStageWindow   - Closing main window
11:27:30.172 [JavaFX Application Thread] DEBUG Logger               - Closing Logger
