11:26:09.093 [main                     ] DEBUG Logger               - Configured Logger
11:26:09.128 [main                     ] DEBUG GameApplication      - Logging settings
Title: Untitled
Version: 0.0
Width: 800
Height: 800
Fullscreen: false
Intro: false
Profiling: false
Single step:false
App Mode: DEVELOPER
Menu Key: ESCAPE
Stage Style: DECORATED
Scene Factory: class com.almasb.fxgl.app.scene.SceneFactory

11:26:09.286 [JavaFX Application Thread] DEBUG FXGLApplication      - Initializing FXGL
11:26:09.297 [JavaFX Application Thread] INFO  Engine               - FXGL-17.3 (30.03.2023 11.54) on WINDOWS (J:20.0.1 FX:20)
11:26:09.298 [JavaFX Application Thread] DEBUG Engine               - JRE Vendor Name: Oracle Corporation
11:26:09.299 [JavaFX Application Thread] DEBUG Engine               - Running on OS: Windows 10 version 10.0
11:26:09.299 [JavaFX Application Thread] DEBUG Engine               - Architecture: amd64
11:26:09.299 [JavaFX Application Thread] INFO  Engine               - Source code and latest versions at: https://github.com/AlmasB/FXGL
11:26:09.300 [JavaFX Application Thread] INFO  Engine               -       Ask questions and discuss at: https://github.com/AlmasB/FXGL/discussions
11:26:09.300 [JavaFX Application Thread] INFO  Engine               -              Join the FXGL chat at: https://gitter.im/AlmasB/FXGL
11:26:09.393 [JavaFX Application Thread] DEBUG PrimaryStageWindow   - Creating a JavaFX scene
11:26:09.393 [JavaFX Application Thread] DEBUG PrimaryStageWindow   - Target size > screen size
11:26:09.489 [JavaFX Application Thread] DEBUG PrimaryStageWindow   - Target settings size: 800.0 x 800.0
11:26:09.489 [JavaFX Application Thread] DEBUG PrimaryStageWindow   - Scaled scene size:    703.0 x 728.0
11:26:09.489 [JavaFX Application Thread] DEBUG PrimaryStageWindow   - Scaled ratio: (0.87875, 0.91)
11:26:09.492 [JavaFX Application Thread] DEBUG PrimaryStageWindow   - Set initial scene to FXGLStartupScene
11:26:09.499 [JavaFX Application Thread] DEBUG PrimaryStageWindow   - Opening main window
11:26:09.631 [JavaFX Application Thread] DEBUG PrimaryStageWindow   - Window border size: (16.0, 39.0)
11:26:09.632 [JavaFX Application Thread] DEBUG PrimaryStageWindow   - Scaled size: 703.0 x 728.0
11:26:09.633 [JavaFX Application Thread] DEBUG PrimaryStageWindow   - Scaled ratio: (0.87875, 0.91)
11:26:09.634 [JavaFX Application Thread] DEBUG PrimaryStageWindow   - Scene size: 703.0 x 728.0
11:26:09.635 [JavaFX Application Thread] DEBUG PrimaryStageWindow   - Stage size: 719.0 x 767.0
11:26:09.658 [FXGL Background Thread 1 ] DEBUG Engine               - Initializing environment variables
11:26:09.813 [FXGL Background Thread 1 ] DEBUG FXGLAssetLoaderServi - User app class for loading assets: class core.RTSMain
11:26:09.813 [FXGL Background Thread 1 ] DEBUG GameApplicationServi - Applying CSS: fxgl_dark.css
11:26:09.815 [FXGL Background Thread 1 ] DEBUG FXGLAssetLoaderServi - Loading from file system: jar:file:/C:/Users/dcurtis25/Downloads/fxgl-17.3-uber.jar!/fxglassets/ui/css/fxgl_dark.css
11:26:09.924 [FXGL Background Thread 1 ] DEBUG GameApplicationServi - Initializing application scenes
11:26:10.068 [FXGL Background Thread 1 ] DEBUG GameWorld            - Game world initialized
11:26:10.196 [FXGL Background Thread 1 ] DEBUG PhysicsWorld         - Physics world initialized: appHeight=800, physics.ppm=50.0
11:26:10.196 [FXGL Background Thread 1 ] DEBUG PhysicsWorld         - Using strategy: BRUTE_FORCE
11:26:10.204 [FXGL Background Thread 1 ] DEBUG GameScene            - Game scene initialized: 800x800
11:26:10.233 [FXGL Background Thread 1 ] DEBUG FXGL.DefaultMenu     - createMenuBodyGameMenu()
11:26:10.262 [FXGL Background Thread 1 ] DEBUG FXGL.DefaultMenu     - createOptionsMenu()
11:26:10.280 [FXGL Background Thread 1 ] DEBUG FXGLAssetLoaderServi - Loading from file system: jar:file:/C:/Users/dcurtis25/Downloads/fxgl-17.3-uber.jar!/fxglassets/textures/particles/smoke.png
11:26:10.508 [FXGL Background Thread 1 ] DEBUG FXGLAssetLoaderServi - Loading from file system: jar:file:/C:/Users/dcurtis25/Downloads/fxgl-17.3-uber.jar!/fxglassets/textures/particles/trace_horizontal.png
11:26:10.573 [FXGL Background Thread 1 ] DEBUG GameApplicationServi - Application scenes initialized
11:26:10.608 [FXGL Background Thread 1 ] DEBUG SystemBundleService  - Loading FXGL system data
11:26:10.617 [FXGL Background Thread 1 ] DEBUG FileSystemAccess     - Reading from: C:\Users\dcurtis25\git\CompSci-Final-Project\system\fxgl.bundle
11:26:10.637 [FXGL Background Thread 1 ] DEBUG SystemBundleService  - Bundle FXGL: {}
11:26:10.637 [FXGL Background Thread 1 ] DEBUG UpdaterService       - Checking for updates
11:26:10.653 [FXGL Background Thread 1 ] DEBUG FXGLApplication      - Loading default localization
11:26:10.654 [FXGL Background Thread 1 ] DEBUG FXGLAssetLoaderServi - Loading from file system: jar:file:/C:/Users/dcurtis25/Downloads/fxgl-17.3-uber.jar!/fxglassets/languages/english.lang
11:26:10.656 [FXGL Background Thread 4 ] DEBUG FXGLApplication      - Loading fonts
11:26:10.657 [FXGL Background Thread 4 ] DEBUG FXGLAssetLoaderServi - Loading from file system: jar:file:/C:/Users/dcurtis25/Downloads/fxgl-17.3-uber.jar!/fxglassets/ui/fonts/VarelaRound-Regular.ttf
11:26:10.708 [FXGL Background Thread 1 ] INFO  FXGLApplication      - FXGL initialization took: 1.050 sec
11:26:10.732 [JavaFX Application Thread] DEBUG Input                - Registered new binding: action0 - A
11:26:10.733 [JavaFX Application Thread] DEBUG Input                - Registered new binding: action1 - D
11:26:10.734 [JavaFX Application Thread] DEBUG Input                - Registered new binding: action2 - W
11:26:10.735 [JavaFX Application Thread] DEBUG Input                - Registered new binding: action3 - S
11:26:10.735 [JavaFX Application Thread] DEBUG Input                - Registered new binding: action4 - Tab
11:26:10.739 [JavaFX Application Thread] DEBUG Input                - Registered new binding: action5 - LMB
11:26:10.740 [JavaFX Application Thread] DEBUG Input                - Registered new binding: action6 - RMB
11:26:10.742 [JavaFX Application Thread] DEBUG Input                - Registered new binding: action7 - H
11:26:10.756 [JavaFX Application Thread] DEBUG FXGLAssetLoaderServi - Loading from file system: jar:file:/C:/Users/dcurtis25/Downloads/fxgl-17.3-uber.jar!/fxglassets/textures/fxgl_icon.png
11:26:10.809 [JavaFX Application Thread] DEBUG FXGLAssetLoaderServi - Loading from file system: jar:file:/C:/Users/dcurtis25/Downloads/fxgl-17.3-uber.jar!/fxglassets/textures/fxgl_default_cursor.png
11:26:10.814 [JavaFX Application Thread] DEBUG Input                - Registered new binding: Screenshot - CTRL+8
11:26:10.815 [JavaFX Application Thread] DEBUG Input                - Registered new binding: System info dump - CTRL+9
11:26:10.816 [JavaFX Application Thread] DEBUG Input                - Registered new binding: Restart - CTRL+R
11:26:10.824 [JavaFX Application Thread] DEBUG Input                - Registered new binding: Toggle Debug Camera - CTRL+7
11:26:10.830 [JavaFX Application Thread] DEBUG LoopRunner           - Starting loop
11:26:10.830 [JavaFX Application Thread] DEBUG LoopRunner           - Initializing JavaFX AnimationTimerLoop
11:26:10.834 [JavaFX Application Thread] DEBUG GameApplicationServi - Starting new game
11:26:10.835 [JavaFX Application Thread] DEBUG Input                - Clearing active input actions
11:26:10.855 [JavaFX Application Thread] DEBUG GameApplicationServi - Removing overlay from FXGLStartupScene and adding to FXGLLoadingScene
11:26:10.856 [JavaFX Application Thread] DEBUG PrimaryStageWindow   - FXGLStartupScene -> FXGLLoadingScene
11:26:10.856 [JavaFX Application Thread] DEBUG GameApplicationServi - Clearing previous game
11:26:10.856 [JavaFX Application Thread] DEBUG GameScene            - Clearing game scene
11:26:10.856 [JavaFX Application Thread] DEBUG GameWorld            - Clearing game world
11:26:10.857 [JavaFX Application Thread] DEBUG PhysicsWorld         - Clearing physics world
11:26:10.859 [FXGL Background Thread 1 ] DEBUG FXGLApplication      - Initializing game
11:26:11.815 [FXGL Background Thread 4 ] DEBUG FXGLAssetLoaderServi - Loading from file system: jar:file:/C:/Users/dcurtis25/Downloads/fxgl-17.3-uber.jar!/fxglassets/ui/fonts/Abel-Regular.ttf
11:26:11.827 [FXGL Background Thread 4 ] DEBUG FXGLAssetLoaderServi - Loading from file system: jar:file:/C:/Users/dcurtis25/Downloads/fxgl-17.3-uber.jar!/fxglassets/ui/fonts/TerminalLandMono-Regular.otf
11:26:11.847 [FXGL Background Thread 4 ] DEBUG FXGLAssetLoaderServi - Loading from file system: jar:file:/C:/Users/dcurtis25/Downloads/fxgl-17.3-uber.jar!/fxglassets/ui/fonts/Courier-Prime.ttf
11:26:11.871 [JavaFX Application Thread] DEBUG FXGLApplication      - Registering font factories with UI factory
11:26:12.727 [FXGL Background Thread 1 ] INFO  FXGLApplication      - Game initialization took: 1.868 sec
11:26:12.737 [JavaFX Application Thread] DEBUG Input                - Clearing active input actions
11:26:12.821 [JavaFX Application Thread] DEBUG GameApplicationServi - Removing overlay from FXGLLoadingScene and adding to GameScene
11:26:12.822 [JavaFX Application Thread] DEBUG PrimaryStageWindow   - FXGLLoadingScene -> GameScene
11:26:13.644 [FXGL Background Thread 3 ] DEBUG Engine               - Logging environment variables
11:26:13.645 [FXGL Background Thread 3 ] DEBUG Engine               - achievements: []
11:26:13.645 [FXGL Background Thread 3 ] DEBUG Engine               - actualHeight: 728.0
11:26:13.645 [FXGL Background Thread 3 ] DEBUG Engine               - actualHeightProperty: ReadOnlyDoubleProperty [value: 728.0]
11:26:13.645 [FXGL Background Thread 3 ] DEBUG Engine               - actualWidth: 703.0
11:26:13.645 [FXGL Background Thread 3 ] DEBUG Engine               - actualWidthProperty: ReadOnlyDoubleProperty [value: 703.0]
11:26:13.645 [FXGL Background Thread 3 ] DEBUG Engine               - appIcon: fxgl_icon.png
11:26:13.645 [FXGL Background Thread 3 ] DEBUG Engine               - applicationMode: DEVELOPER
11:26:13.645 [FXGL Background Thread 3 ] DEBUG Engine               - cSSList: [fxgl_dark.css]
11:26:13.645 [FXGL Background Thread 3 ] DEBUG Engine               - collisionDetectionStrategy: BRUTE_FORCE
11:26:13.646 [FXGL Background Thread 3 ] DEBUG Engine               - configClass: Optional.empty
11:26:13.646 [FXGL Background Thread 3 ] DEBUG Engine               - credits: []
11:26:13.646 [FXGL Background Thread 3 ] DEBUG Engine               - defaultCursor: CursorInfo(imageName=fxgl_default_cursor.png, hotspotX=7.0, hotspotY=6.0)
11:26:13.646 [FXGL Background Thread 3 ] DEBUG Engine               - devBBoxColorProperty: ObjectProperty [value: 0xff0000ff]
11:26:13.646 [FXGL Background Thread 3 ] DEBUG Engine               - devEnableDebugCameraProperty: BooleanProperty [value: false]
11:26:13.647 [FXGL Background Thread 3 ] DEBUG Engine               - devSensorColorProperty: ObjectProperty [value: 0xffff00ff]
11:26:13.647 [FXGL Background Thread 3 ] DEBUG Engine               - devShowBBoxProperty: BooleanProperty [value: false]
11:26:13.647 [FXGL Background Thread 3 ] DEBUG Engine               - devShowPositionProperty: BooleanProperty [value: false]
11:26:13.647 [FXGL Background Thread 3 ] DEBUG Engine               - enabledMenuItems: []
11:26:13.647 [FXGL Background Thread 3 ] DEBUG Engine               - engineServices: [class com.almasb.fxgl.app.services.FXGLAssetLoaderService, class com.almasb.fxgl.app.FXGLApplication$GameApplicationService, class com.almasb.fxgl.app.services.FXGLDialogService, class com.almasb.fxgl.app.services.IOTaskExecutorService, class com.almasb.fxgl.io.FileSystemService, class com.almasb.fxgl.localization.LocalizationService, class com.almasb.fxgl.app.services.SystemBundleService, class com.almasb.fxgl.profile.SaveLoadService, class com.almasb.fxgl.ui.FXGLUIFactoryServiceProvider, class com.almasb.fxgl.ui.FXGLDialogFactoryServiceProvider, class com.almasb.fxgl.audio.AudioPlayer, class com.almasb.fxgl.notification.impl.NotificationServiceProvider, class com.almasb.fxgl.achievement.AchievementService, class com.almasb.fxgl.cutscene.CutsceneService, class com.almasb.fxgl.minigames.MiniGameService, class com.almasb.fxgl.net.NetService, class com.almasb.fxgl.app.services.UpdaterService, class com.almasb.fxgl.dev.DevService]
11:26:13.647 [FXGL Background Thread 3 ] DEBUG Engine               - fontGame: Abel-Regular.ttf
11:26:13.647 [FXGL Background Thread 3 ] DEBUG Engine               - fontMono: TerminalLandMono-Regular.otf
11:26:13.648 [FXGL Background Thread 3 ] DEBUG Engine               - fontSizeScaleUI: 1.0
11:26:13.648 [FXGL Background Thread 3 ] DEBUG Engine               - fontText: Courier-Prime.ttf
11:26:13.648 [FXGL Background Thread 3 ] DEBUG Engine               - fontUI: VarelaRound-Regular.ttf
11:26:13.648 [FXGL Background Thread 3 ] DEBUG Engine               - fullScreen: BooleanProperty [value: false]
11:26:13.648 [FXGL Background Thread 3 ] DEBUG Engine               - gameDifficulty: MEDIUM
11:26:13.648 [FXGL Background Thread 3 ] DEBUG Engine               - gameDifficultyProperty: ObjectProperty [value: MEDIUM]
11:26:13.648 [FXGL Background Thread 3 ] DEBUG Engine               - globalMusicVolume: 0.5
11:26:13.649 [FXGL Background Thread 3 ] DEBUG Engine               - globalMusicVolumeProperty: DoubleProperty [value: 0.5]
11:26:13.649 [FXGL Background Thread 3 ] DEBUG Engine               - globalSoundVolume: 0.5
11:26:13.649 [FXGL Background Thread 3 ] DEBUG Engine               - globalSoundVolumeProperty: DoubleProperty [value: 0.5]
11:26:13.649 [FXGL Background Thread 3 ] DEBUG Engine               - height: 800
11:26:13.649 [FXGL Background Thread 3 ] DEBUG Engine               - is3D: false
11:26:13.649 [FXGL Background Thread 3 ] DEBUG Engine               - isAndroid: false
11:26:13.650 [FXGL Background Thread 3 ] DEBUG Engine               - isBrowser: false
11:26:13.650 [FXGL Background Thread 3 ] DEBUG Engine               - isClickFeedbackEnabled: false
11:26:13.650 [FXGL Background Thread 3 ] DEBUG Engine               - isCloseConfirmation: false
11:26:13.650 [FXGL Background Thread 3 ] DEBUG Engine               - isDesktop: true
11:26:13.650 [FXGL Background Thread 3 ] DEBUG Engine               - isDeveloperMenuEnabled: false
11:26:13.650 [FXGL Background Thread 3 ] DEBUG Engine               - isEmbedded: false
11:26:13.650 [FXGL Background Thread 3 ] DEBUG Engine               - isEntityPreloadEnabled: true
11:26:13.651 [FXGL Background Thread 3 ] DEBUG Engine               - isExperimentalTiledLargeMap: false
11:26:13.651 [FXGL Background Thread 3 ] DEBUG Engine               - isFileSystemWriteAllowed: true
11:26:13.651 [FXGL Background Thread 3 ] DEBUG Engine               - isFullScreenAllowed: false
11:26:13.651 [FXGL Background Thread 3 ] DEBUG Engine               - isFullScreenFromStart: false
11:26:13.651 [FXGL Background Thread 3 ] DEBUG Engine               - isGameMenuEnabled: true
11:26:13.651 [FXGL Background Thread 3 ] DEBUG Engine               - isIOS: false
11:26:13.651 [FXGL Background Thread 3 ] DEBUG Engine               - isIntroEnabled: false
11:26:13.651 [FXGL Background Thread 3 ] DEBUG Engine               - isLinux: false
11:26:13.651 [FXGL Background Thread 3 ] DEBUG Engine               - isMac: false
11:26:13.652 [FXGL Background Thread 3 ] DEBUG Engine               - isMainMenuEnabled: false
11:26:13.652 [FXGL Background Thread 3 ] DEBUG Engine               - isManualResizeEnabled: false
11:26:13.652 [FXGL Background Thread 3 ] DEBUG Engine               - isMobile: false
11:26:13.652 [FXGL Background Thread 3 ] DEBUG Engine               - isNative: false
11:26:13.652 [FXGL Background Thread 3 ] DEBUG Engine               - isPauseMusicWhenMinimized: true
11:26:13.652 [FXGL Background Thread 3 ] DEBUG Engine               - isPreserveResizeRatio: false
11:26:13.653 [FXGL Background Thread 3 ] DEBUG Engine               - isProfilingEnabled: false
11:26:13.653 [FXGL Background Thread 3 ] DEBUG Engine               - isScaleAffectedOnResize: true
11:26:13.653 [FXGL Background Thread 3 ] DEBUG Engine               - isSingleStep: false
11:26:13.653 [FXGL Background Thread 3 ] DEBUG Engine               - isUserProfileEnabled: false
11:26:13.653 [FXGL Background Thread 3 ] DEBUG Engine               - isWindows: true
11:26:13.653 [FXGL Background Thread 3 ] DEBUG Engine               - language: ObjectProperty [value: ENGLISH]
11:26:13.653 [FXGL Background Thread 3 ] DEBUG Engine               - menuKey: ESCAPE
11:26:13.653 [FXGL Background Thread 3 ] DEBUG Engine               - mouseSensitivity: 0.2
11:26:13.653 [FXGL Background Thread 3 ] DEBUG Engine               - notificationViewClass: class com.almasb.fxgl.notification.view.XboxNotificationView
11:26:13.654 [FXGL Background Thread 3 ] DEBUG Engine               - pixelsPerMeter: 50.0
11:26:13.654 [FXGL Background Thread 3 ] DEBUG Engine               - platform: WINDOWS
11:26:13.654 [FXGL Background Thread 3 ] DEBUG Engine               - prefHeightProperty: ReadOnlyDoubleProperty [value: 800.0]
11:26:13.654 [FXGL Background Thread 3 ] DEBUG Engine               - prefWidthProperty: ReadOnlyDoubleProperty [value: 800.0]
11:26:13.654 [FXGL Background Thread 3 ] DEBUG Engine               - profileDir: profiles/
11:26:13.654 [FXGL Background Thread 3 ] DEBUG Engine               - profileName: StringProperty [value: DEFAULT]
11:26:13.654 [FXGL Background Thread 3 ] DEBUG Engine               - randomSeed: -1
11:26:13.655 [FXGL Background Thread 3 ] DEBUG Engine               - runtimeInfo: RuntimeInfo(platform=WINDOWS, version=17.3, build=30.03.2023 11.54)
11:26:13.655 [FXGL Background Thread 3 ] DEBUG Engine               - saveFileExt: sav
11:26:13.655 [FXGL Background Thread 3 ] DEBUG Engine               - scaledHeightProp$fxgl: DoubleProperty [bound, value: 728.0]
11:26:13.655 [FXGL Background Thread 3 ] DEBUG Engine               - scaledWidthProp$fxgl: DoubleProperty [bound, value: 703.0]
11:26:13.655 [FXGL Background Thread 3 ] DEBUG Engine               - sceneFactory: com.almasb.fxgl.app.scene.SceneFactory@6394b699
11:26:13.655 [FXGL Background Thread 3 ] DEBUG Engine               - secondsIn24h: 60
11:26:13.656 [FXGL Background Thread 3 ] DEBUG Engine               - soundMenuBack: menu/back.wav
11:26:13.656 [FXGL Background Thread 3 ] DEBUG Engine               - soundMenuPress: menu/press.wav
11:26:13.656 [FXGL Background Thread 3 ] DEBUG Engine               - soundMenuSelect: menu/select.wav
11:26:13.656 [FXGL Background Thread 3 ] DEBUG Engine               - soundNotification: core/notification.wav
11:26:13.656 [FXGL Background Thread 3 ] DEBUG Engine               - stageStyle: DECORATED
11:26:13.656 [FXGL Background Thread 3 ] DEBUG Engine               - supportedLanguages: [ENGLISH, FRENCH, GERMAN, HUNGARIAN, RUSSIAN]
11:26:13.656 [FXGL Background Thread 3 ] DEBUG Engine               - ticksPerSecond: -1
11:26:13.657 [FXGL Background Thread 3 ] DEBUG Engine               - title: Untitled
11:26:13.657 [FXGL Background Thread 3 ] DEBUG Engine               - urlGithub: https://github.com/AlmasB/FXGL
11:26:13.657 [FXGL Background Thread 3 ] DEBUG Engine               - urlLeaderboard: http://fxgl-top.herokuapp.com/
11:26:13.657 [FXGL Background Thread 3 ] DEBUG Engine               - urlPOM: https://raw.githubusercontent.com/AlmasB/FXGL/release/README.md
11:26:13.657 [FXGL Background Thread 3 ] DEBUG Engine               - userAppClass: class core.RTSMain
11:26:13.657 [FXGL Background Thread 3 ] DEBUG Engine               - version: 0.0
11:26:13.657 [FXGL Background Thread 3 ] DEBUG Engine               - versionCheckDays: 7
11:26:13.658 [FXGL Background Thread 3 ] DEBUG Engine               - width: 800
11:26:13.658 [FXGL Background Thread 3 ] DEBUG Engine               - Logging services
11:26:13.658 [FXGL Background Thread 3 ] DEBUG Engine               - class com.almasb.fxgl.app.services.FXGLAssetLoaderService
11:26:13.658 [FXGL Background Thread 3 ] DEBUG Engine               - class com.almasb.fxgl.app.FXGLApplication$GameApplicationService
11:26:13.658 [FXGL Background Thread 3 ] DEBUG Engine               - class com.almasb.fxgl.app.services.FXGLDialogService
11:26:13.658 [FXGL Background Thread 3 ] DEBUG Engine               - class com.almasb.fxgl.app.services.IOTaskExecutorService
11:26:13.658 [FXGL Background Thread 3 ] DEBUG Engine               - class com.almasb.fxgl.io.FileSystemService
11:26:13.658 [FXGL Background Thread 3 ] DEBUG Engine               - class com.almasb.fxgl.localization.LocalizationService
11:26:13.658 [FXGL Background Thread 3 ] DEBUG Engine               - class com.almasb.fxgl.app.services.SystemBundleService
11:26:13.658 [FXGL Background Thread 3 ] DEBUG Engine               - class com.almasb.fxgl.profile.SaveLoadService
11:26:13.659 [FXGL Background Thread 3 ] DEBUG Engine               - class com.almasb.fxgl.ui.FXGLUIFactoryServiceProvider
11:26:13.659 [FXGL Background Thread 3 ] DEBUG Engine               - class com.almasb.fxgl.ui.FXGLDialogFactoryServiceProvider
11:26:13.659 [FXGL Background Thread 3 ] DEBUG Engine               - class com.almasb.fxgl.audio.AudioPlayer
11:26:13.659 [FXGL Background Thread 3 ] DEBUG Engine               - class com.almasb.fxgl.notification.impl.NotificationServiceProvider
11:26:13.659 [FXGL Background Thread 3 ] DEBUG Engine               - class com.almasb.fxgl.achievement.AchievementService
11:26:13.659 [FXGL Background Thread 3 ] DEBUG Engine               - class com.almasb.fxgl.cutscene.CutsceneService
11:26:13.659 [FXGL Background Thread 3 ] DEBUG Engine               - class com.almasb.fxgl.minigames.MiniGameService
11:26:13.659 [FXGL Background Thread 3 ] DEBUG Engine               - class com.almasb.fxgl.net.NetService
11:26:13.659 [FXGL Background Thread 3 ] DEBUG Engine               - class com.almasb.fxgl.app.services.UpdaterService
11:26:13.660 [FXGL Background Thread 3 ] DEBUG Engine               - class com.almasb.fxgl.dev.DevService
11:26:15.175 [JavaFX Application Thread] DEBUG LoopRunner           - Stopping loop
11:26:15.184 [JavaFX Application Thread] FATAL FXGLApplication      - Uncaught Exception:
java.lang.Error: Unresolved compilation problem: 
	Syntax error, insert "}" to complete Statement

	at core.RTSMain.moveSelected(RTSMain.java:183)
	at core.RTSMain.lambda$6(RTSMain.java:92)
	at com.almasb.fxgl.dsl.FXGL$Companion$onBtnDown$1.onActionBegin(FXGL.kt:524)
	at com.almasb.fxgl.input.UserAction.begin$fxgl_core(UserAction.kt:37)
	at com.almasb.fxgl.input.Input.handlePressed(Input.kt:375)
	at com.almasb.fxgl.input.Input.onMouseEvent(Input.kt:339)
	at com.almasb.fxgl.input.Input.onMouseEvent(Input.kt:328)
	at com.almasb.fxgl.app.PrimaryStageWindow$2$1.invoke(MainWindow.kt:313)
	at com.almasb.fxgl.app.PrimaryStageWindow$2$1.invoke(MainWindow.kt:313)
	at com.almasb.fxgl.core.fsm.StateMachine.runOnActiveStates(StateMachine.kt:69)
	at com.almasb.fxgl.app.PrimaryStageWindow$2.invoke(MainWindow.kt:313)
	at com.almasb.fxgl.app.PrimaryStageWindow$2.invoke(MainWindow.kt:311)
	at com.almasb.fxgl.app.MainWindow.addMouseHandler$lambda$2(MainWindow.kt:237)
	at com.sun.javafx.event.CompositeEventHandler$NormalEventHandlerRecord.handleBubblingEvent(CompositeEventHandler.java:247)
	at com.sun.javafx.event.CompositeEventHandler.dispatchBubblingEvent(CompositeEventHandler.java:80)
	at com.sun.javafx.event.EventHandlerManager.dispatchBubblingEvent(EventHandlerManager.java:232)
	at com.sun.javafx.event.EventHandlerManager.dispatchBubblingEvent(EventHandlerManager.java:189)
	at com.sun.javafx.event.CompositeEventDispatcher.dispatchBubblingEvent(CompositeEventDispatcher.java:59)
	at com.sun.javafx.event.BasicEventDispatcher.dispatchEvent(BasicEventDispatcher.java:58)
	at com.sun.javafx.event.EventDispatchChainImpl.dispatchEvent(EventDispatchChainImpl.java:114)
	at com.sun.javafx.event.BasicEventDispatcher.dispatchEvent(BasicEventDispatcher.java:56)
	at com.sun.javafx.event.EventDispatchChainImpl.dispatchEvent(EventDispatchChainImpl.java:114)
	at com.sun.javafx.event.EventUtil.fireEventImpl(EventUtil.java:74)
	at com.sun.javafx.event.EventUtil.fireEvent(EventUtil.java:54)
	at javafx.event.Event.fireEvent(Event.java:198)
	at javafx.scene.Scene$MouseHandler.process(Scene.java:3980)
	at javafx.scene.Scene.processMouseEvent(Scene.java:1890)
	at javafx.scene.Scene$ScenePeerListener.mouseEvent(Scene.java:2704)
	at com.sun.javafx.tk.quantum.GlassViewEventHandler$MouseEventNotification.run(GlassViewEventHandler.java:411)
	at com.sun.javafx.tk.quantum.GlassViewEventHandler$MouseEventNotification.run(GlassViewEventHandler.java:301)
	at java.base/java.security.AccessController.doPrivileged(AccessController.java:400)
	at com.sun.javafx.tk.quantum.GlassViewEventHandler.lambda$handleMouseEvent$2(GlassViewEventHandler.java:450)
	at com.sun.javafx.tk.quantum.QuantumToolkit.runWithoutRenderLock(QuantumToolkit.java:424)
	at com.sun.javafx.tk.quantum.GlassViewEventHandler.handleMouseEvent(GlassViewEventHandler.java:449)
	at com.sun.glass.ui.View.handleMouseEvent(View.java:551)
	at com.sun.glass.ui.View.notifyMouse(View.java:937)
	at com.sun.glass.ui.win.WinApplication._runLoop(Native Method)
	at com.sun.glass.ui.win.WinApplication.lambda$runLoop$3(WinApplication.java:185)
	at java.base/java.lang.Thread.run(Thread.java:1623)

11:26:15.186 [JavaFX Application Thread] FATAL FXGLApplication      - Application will now exit
11:26:15.224 [JavaFX Application Thread] DEBUG PrimaryStageWindow   - Push state: ErrorSubScene
11:26:15.225 [JavaFX Application Thread] DEBUG Input                - Clearing active input actions
11:26:15.233 [JavaFX Application Thread] DEBUG GameApplicationServi - Removing overlay from GameScene and adding to ErrorSubScene
11:26:15.234 [JavaFX Application Thread] DEBUG PrimaryStageWindow   - GameScene -> ErrorSubScene
11:26:19.718 [JavaFX Application Thread] DEBUG FXGLApplication      - Exiting FXGL
11:26:19.719 [JavaFX Application Thread] DEBUG Async                - Shutting down background threads
11:26:19.719 [JavaFX Application Thread] DEBUG PrimaryStageWindow   - Closing main window
11:26:19.733 [JavaFX Application Thread] DEBUG Logger               - Closing Logger
