11:30:28.842 [main                     ] DEBUG Logger               - Configured Logger
11:30:28.882 [main                     ] DEBUG GameApplication      - Logging settings
Title: Untitled
Version: 0.0
Width: 800
Height: 600
Fullscreen: false
Intro: false
Profiling: false
Single step:false
App Mode: DEVELOPER
Menu Key: ESCAPE
Stage Style: DECORATED
Scene Factory: class com.almasb.fxgl.app.scene.SceneFactory

11:30:29.116 [JavaFX Application Thread] DEBUG FXGLApplication      - Initializing FXGL
11:30:29.127 [JavaFX Application Thread] INFO  Engine               - FXGL-17.3 (30.03.2023 11.54) on WINDOWS (J:20.0.1 FX:20)
11:30:29.127 [JavaFX Application Thread] DEBUG Engine               - JRE Vendor Name: Oracle Corporation
11:30:29.128 [JavaFX Application Thread] DEBUG Engine               - Running on OS: Windows 10 version 10.0
11:30:29.128 [JavaFX Application Thread] DEBUG Engine               - Architecture: amd64
11:30:29.129 [JavaFX Application Thread] INFO  Engine               - Source code and latest versions at: https://github.com/AlmasB/FXGL
11:30:29.129 [JavaFX Application Thread] INFO  Engine               -       Ask questions and discuss at: https://github.com/AlmasB/FXGL/discussions
11:30:29.129 [JavaFX Application Thread] INFO  Engine               -              Join the FXGL chat at: https://gitter.im/AlmasB/FXGL
11:30:29.280 [JavaFX Application Thread] DEBUG PrimaryStageWindow   - Creating a JavaFX scene
11:30:29.432 [JavaFX Application Thread] DEBUG PrimaryStageWindow   - Target settings size: 800.0 x 600.0
11:30:29.433 [JavaFX Application Thread] DEBUG PrimaryStageWindow   - Scaled scene size:    800.0 x 600.0
11:30:29.434 [JavaFX Application Thread] DEBUG PrimaryStageWindow   - Scaled ratio: (1.0, 1.0)
11:30:29.437 [JavaFX Application Thread] DEBUG PrimaryStageWindow   - Set initial scene to FXGLStartupScene
11:30:29.447 [JavaFX Application Thread] DEBUG PrimaryStageWindow   - Opening main window
11:30:29.658 [JavaFX Application Thread] DEBUG PrimaryStageWindow   - Window border size: (16.0, 39.0)
11:30:29.659 [JavaFX Application Thread] DEBUG PrimaryStageWindow   - Scaled size: 800.0 x 600.0
11:30:29.659 [JavaFX Application Thread] DEBUG PrimaryStageWindow   - Scaled ratio: (1.0, 1.0)
11:30:29.660 [JavaFX Application Thread] DEBUG PrimaryStageWindow   - Scene size: 800.0 x 600.0
11:30:29.660 [JavaFX Application Thread] DEBUG PrimaryStageWindow   - Stage size: 816.0 x 639.0
11:30:29.682 [FXGL Background Thread 1 ] DEBUG Engine               - Initializing environment variables
11:30:29.861 [FXGL Background Thread 1 ] DEBUG FXGLAssetLoaderServi - User app class for loading assets: class core.RTSMain
11:30:29.862 [FXGL Background Thread 1 ] DEBUG GameApplicationServi - Applying CSS: fxgl_dark.css
11:30:29.864 [FXGL Background Thread 1 ] DEBUG FXGLAssetLoaderServi - Loading from file system: jar:file:/C:/Users/tnelson25.GVSD/Downloads/fxgl-17.3-uber.jar!/fxglassets/ui/css/fxgl_dark.css
11:30:29.989 [FXGL Background Thread 1 ] DEBUG GameApplicationServi - Initializing application scenes
11:30:30.132 [FXGL Background Thread 1 ] DEBUG GameWorld            - Game world initialized
11:30:30.281 [FXGL Background Thread 1 ] DEBUG PhysicsWorld         - Physics world initialized: appHeight=600, physics.ppm=50.0
11:30:30.282 [FXGL Background Thread 1 ] DEBUG PhysicsWorld         - Using strategy: BRUTE_FORCE
11:30:30.290 [FXGL Background Thread 1 ] DEBUG GameScene            - Game scene initialized: 800x600
11:30:30.324 [FXGL Background Thread 1 ] DEBUG FXGL.DefaultMenu     - createMenuBodyGameMenu()
11:30:30.395 [FXGL Background Thread 1 ] DEBUG FXGL.DefaultMenu     - createOptionsMenu()
11:30:30.424 [FXGL Background Thread 1 ] DEBUG FXGLAssetLoaderServi - Loading from file system: jar:file:/C:/Users/tnelson25.GVSD/Downloads/fxgl-17.3-uber.jar!/fxglassets/textures/particles/smoke.png
11:30:30.681 [FXGL Background Thread 1 ] DEBUG FXGLAssetLoaderServi - Loading from file system: jar:file:/C:/Users/tnelson25.GVSD/Downloads/fxgl-17.3-uber.jar!/fxglassets/textures/particles/trace_horizontal.png
11:30:30.769 [FXGL Background Thread 1 ] DEBUG GameApplicationServi - Application scenes initialized
11:30:30.815 [FXGL Background Thread 1 ] DEBUG SystemBundleService  - Loading FXGL system data
11:30:30.843 [FXGL Background Thread 1 ] DEBUG FileSystemAccess     - Reading from: C:\Users\tnelson25.GVSD\OneDrive - Great Valley School District\10th Grade\APCSA\CompSciFinal\system\fxgl.bundle
11:30:30.867 [FXGL Background Thread 1 ] DEBUG SystemBundleService  - Bundle FXGL: {}
11:30:30.868 [FXGL Background Thread 1 ] DEBUG UpdaterService       - Checking for updates
11:30:30.882 [FXGL Background Thread 1 ] DEBUG FXGLApplication      - Loading default localization
11:30:30.884 [FXGL Background Thread 1 ] DEBUG FXGLAssetLoaderServi - Loading from file system: jar:file:/C:/Users/tnelson25.GVSD/Downloads/fxgl-17.3-uber.jar!/fxglassets/languages/english.lang
11:30:30.928 [FXGL Background Thread 1 ] INFO  FXGLApplication      - FXGL initialization took: 1.245 sec
11:30:30.960 [JavaFX Application Thread] DEBUG Input                - Registered new binding: action0 - A
11:30:30.962 [JavaFX Application Thread] DEBUG Input                - Registered new binding: action1 - D
11:30:30.962 [JavaFX Application Thread] DEBUG Input                - Registered new binding: action2 - W
11:30:30.964 [JavaFX Application Thread] DEBUG Input                - Registered new binding: action3 - S
11:30:30.965 [JavaFX Application Thread] DEBUG Input                - Registered new binding: action4 - Tab
11:30:30.970 [JavaFX Application Thread] DEBUG Input                - Registered new binding: action5 - LMB
11:30:30.972 [JavaFX Application Thread] DEBUG Input                - Registered new binding: action6 - RMB
11:30:30.973 [JavaFX Application Thread] DEBUG FXGLAssetLoaderServi - Loading from file system: jar:file:/C:/Users/tnelson25.GVSD/Downloads/fxgl-17.3-uber.jar!/fxglassets/textures/fxgl_icon.png
11:30:31.047 [FXGL Background Thread 4 ] DEBUG FXGLApplication      - Loading fonts
11:30:31.054 [JavaFX Application Thread] DEBUG FXGLAssetLoaderServi - Loading from file system: jar:file:/C:/Users/tnelson25.GVSD/Downloads/fxgl-17.3-uber.jar!/fxglassets/textures/fxgl_default_cursor.png
11:30:31.064 [JavaFX Application Thread] DEBUG Input                - Registered new binding: Screenshot - CTRL+8
11:30:31.065 [JavaFX Application Thread] DEBUG Input                - Registered new binding: System info dump - CTRL+9
11:30:31.067 [JavaFX Application Thread] DEBUG Input                - Registered new binding: Restart - CTRL+R
11:30:31.070 [JavaFX Application Thread] DEBUG Input                - Registered new binding: Toggle Debug Camera - CTRL+7
11:30:31.084 [JavaFX Application Thread] DEBUG LoopRunner           - Starting loop
11:30:31.085 [JavaFX Application Thread] DEBUG LoopRunner           - Initializing JavaFX AnimationTimerLoop
11:30:31.088 [JavaFX Application Thread] DEBUG GameApplicationServi - Starting new game
11:30:31.089 [JavaFX Application Thread] DEBUG Input                - Clearing active input actions
11:30:31.129 [FXGL Background Thread 4 ] DEBUG FXGLAssetLoaderServi - Loading from file system: jar:file:/C:/Users/tnelson25.GVSD/Downloads/fxgl-17.3-uber.jar!/fxglassets/ui/fonts/VarelaRound-Regular.ttf
11:30:31.190 [JavaFX Application Thread] DEBUG GameApplicationServi - Removing overlay from FXGLStartupScene and adding to FXGLLoadingScene
11:30:31.191 [JavaFX Application Thread] DEBUG PrimaryStageWindow   - FXGLStartupScene -> FXGLLoadingScene
11:30:31.193 [JavaFX Application Thread] DEBUG GameApplicationServi - Clearing previous game
11:30:31.195 [JavaFX Application Thread] DEBUG GameScene            - Clearing game scene
11:30:31.195 [JavaFX Application Thread] DEBUG GameWorld            - Clearing game world
11:30:31.196 [JavaFX Application Thread] DEBUG PhysicsWorld         - Clearing physics world
11:30:31.205 [FXGL Background Thread 1 ] DEBUG FXGLApplication      - Initializing game
11:30:32.311 [FXGL Background Thread 4 ] DEBUG FXGLAssetLoaderServi - Loading from file system: jar:file:/C:/Users/tnelson25.GVSD/Downloads/fxgl-17.3-uber.jar!/fxglassets/ui/fonts/Abel-Regular.ttf
11:30:32.319 [FXGL Background Thread 4 ] DEBUG FXGLAssetLoaderServi - Loading from file system: jar:file:/C:/Users/tnelson25.GVSD/Downloads/fxgl-17.3-uber.jar!/fxglassets/ui/fonts/TerminalLandMono-Regular.otf
11:30:32.330 [FXGL Background Thread 4 ] DEBUG FXGLAssetLoaderServi - Loading from file system: jar:file:/C:/Users/tnelson25.GVSD/Downloads/fxgl-17.3-uber.jar!/fxglassets/ui/fonts/Courier-Prime.ttf
11:30:32.355 [JavaFX Application Thread] DEBUG FXGLApplication      - Registering font factories with UI factory
11:30:33.888 [FXGL Background Thread 3 ] DEBUG Engine               - Logging environment variables
11:30:33.889 [FXGL Background Thread 3 ] DEBUG Engine               - achievements: []
11:30:33.889 [FXGL Background Thread 3 ] DEBUG Engine               - actualHeight: 600.0
11:30:33.890 [FXGL Background Thread 3 ] DEBUG Engine               - actualHeightProperty: ReadOnlyDoubleProperty [value: 600.0]
11:30:33.890 [FXGL Background Thread 3 ] DEBUG Engine               - actualWidth: 800.0
11:30:33.890 [FXGL Background Thread 3 ] DEBUG Engine               - actualWidthProperty: ReadOnlyDoubleProperty [value: 800.0]
11:30:33.890 [FXGL Background Thread 3 ] DEBUG Engine               - appIcon: fxgl_icon.png
11:30:33.890 [FXGL Background Thread 3 ] DEBUG Engine               - applicationMode: DEVELOPER
11:30:33.890 [FXGL Background Thread 3 ] DEBUG Engine               - cSSList: [fxgl_dark.css]
11:30:33.890 [FXGL Background Thread 3 ] DEBUG Engine               - collisionDetectionStrategy: BRUTE_FORCE
11:30:33.890 [FXGL Background Thread 3 ] DEBUG Engine               - configClass: Optional.empty
11:30:33.891 [FXGL Background Thread 3 ] DEBUG Engine               - credits: []
11:30:33.892 [FXGL Background Thread 3 ] DEBUG Engine               - defaultCursor: CursorInfo(imageName=fxgl_default_cursor.png, hotspotX=7.0, hotspotY=6.0)
11:30:33.892 [FXGL Background Thread 3 ] DEBUG Engine               - devBBoxColorProperty: ObjectProperty [value: 0xff0000ff]
11:30:33.892 [FXGL Background Thread 3 ] DEBUG Engine               - devEnableDebugCameraProperty: BooleanProperty [value: false]
11:30:33.892 [FXGL Background Thread 3 ] DEBUG Engine               - devSensorColorProperty: ObjectProperty [value: 0xffff00ff]
11:30:33.893 [FXGL Background Thread 3 ] DEBUG Engine               - devShowBBoxProperty: BooleanProperty [value: false]
11:30:33.893 [FXGL Background Thread 3 ] DEBUG Engine               - devShowPositionProperty: BooleanProperty [value: false]
11:30:33.893 [FXGL Background Thread 3 ] DEBUG Engine               - enabledMenuItems: []
11:30:33.893 [FXGL Background Thread 3 ] DEBUG Engine               - engineServices: [class com.almasb.fxgl.app.services.FXGLAssetLoaderService, class com.almasb.fxgl.app.FXGLApplication$GameApplicationService, class com.almasb.fxgl.app.services.FXGLDialogService, class com.almasb.fxgl.app.services.IOTaskExecutorService, class com.almasb.fxgl.io.FileSystemService, class com.almasb.fxgl.localization.LocalizationService, class com.almasb.fxgl.app.services.SystemBundleService, class com.almasb.fxgl.profile.SaveLoadService, class com.almasb.fxgl.ui.FXGLUIFactoryServiceProvider, class com.almasb.fxgl.ui.FXGLDialogFactoryServiceProvider, class com.almasb.fxgl.audio.AudioPlayer, class com.almasb.fxgl.notification.impl.NotificationServiceProvider, class com.almasb.fxgl.achievement.AchievementService, class com.almasb.fxgl.cutscene.CutsceneService, class com.almasb.fxgl.minigames.MiniGameService, class com.almasb.fxgl.net.NetService, class com.almasb.fxgl.app.services.UpdaterService, class com.almasb.fxgl.dev.DevService]
11:30:33.893 [FXGL Background Thread 3 ] DEBUG Engine               - fontGame: Abel-Regular.ttf
11:30:33.893 [FXGL Background Thread 3 ] DEBUG Engine               - fontMono: TerminalLandMono-Regular.otf
11:30:33.893 [FXGL Background Thread 3 ] DEBUG Engine               - fontSizeScaleUI: 1.0
11:30:33.893 [FXGL Background Thread 3 ] DEBUG Engine               - fontText: Courier-Prime.ttf
11:30:33.893 [FXGL Background Thread 3 ] DEBUG Engine               - fontUI: VarelaRound-Regular.ttf
11:30:33.894 [FXGL Background Thread 3 ] DEBUG Engine               - fullScreen: BooleanProperty [value: false]
11:30:33.894 [FXGL Background Thread 3 ] DEBUG Engine               - gameDifficulty: MEDIUM
11:30:33.894 [FXGL Background Thread 3 ] DEBUG Engine               - gameDifficultyProperty: ObjectProperty [value: MEDIUM]
11:30:33.894 [FXGL Background Thread 3 ] DEBUG Engine               - globalMusicVolume: 0.5
11:30:33.895 [FXGL Background Thread 3 ] DEBUG Engine               - globalMusicVolumeProperty: DoubleProperty [value: 0.5]
11:30:33.895 [FXGL Background Thread 3 ] DEBUG Engine               - globalSoundVolume: 0.5
11:30:33.895 [FXGL Background Thread 3 ] DEBUG Engine               - globalSoundVolumeProperty: DoubleProperty [value: 0.5]
11:30:33.895 [FXGL Background Thread 3 ] DEBUG Engine               - height: 600
11:30:33.895 [FXGL Background Thread 3 ] DEBUG Engine               - is3D: false
11:30:33.895 [FXGL Background Thread 3 ] DEBUG Engine               - isAndroid: false
11:30:33.895 [FXGL Background Thread 3 ] DEBUG Engine               - isBrowser: false
11:30:33.895 [FXGL Background Thread 3 ] DEBUG Engine               - isClickFeedbackEnabled: false
11:30:33.895 [FXGL Background Thread 3 ] DEBUG Engine               - isCloseConfirmation: false
11:30:33.896 [FXGL Background Thread 3 ] DEBUG Engine               - isDesktop: true
11:30:33.896 [FXGL Background Thread 3 ] DEBUG Engine               - isDeveloperMenuEnabled: false
11:30:33.896 [FXGL Background Thread 3 ] DEBUG Engine               - isEmbedded: false
11:30:33.896 [FXGL Background Thread 3 ] DEBUG Engine               - isEntityPreloadEnabled: true
11:30:33.896 [FXGL Background Thread 3 ] DEBUG Engine               - isExperimentalTiledLargeMap: false
11:30:33.896 [FXGL Background Thread 3 ] DEBUG Engine               - isFileSystemWriteAllowed: true
11:30:33.896 [FXGL Background Thread 3 ] DEBUG Engine               - isFullScreenAllowed: false
11:30:33.896 [FXGL Background Thread 3 ] DEBUG Engine               - isFullScreenFromStart: false
11:30:33.896 [FXGL Background Thread 3 ] DEBUG Engine               - isGameMenuEnabled: true
11:30:33.897 [FXGL Background Thread 3 ] DEBUG Engine               - isIOS: false
11:30:33.897 [FXGL Background Thread 3 ] DEBUG Engine               - isIntroEnabled: false
11:30:33.897 [FXGL Background Thread 3 ] DEBUG Engine               - isLinux: false
11:30:33.897 [FXGL Background Thread 3 ] DEBUG Engine               - isMac: false
11:30:33.897 [FXGL Background Thread 3 ] DEBUG Engine               - isMainMenuEnabled: false
11:30:33.897 [FXGL Background Thread 3 ] DEBUG Engine               - isManualResizeEnabled: false
11:30:33.897 [FXGL Background Thread 3 ] DEBUG Engine               - isMobile: false
11:30:33.897 [FXGL Background Thread 3 ] DEBUG Engine               - isNative: false
11:30:33.897 [FXGL Background Thread 3 ] DEBUG Engine               - isPauseMusicWhenMinimized: true
11:30:33.898 [FXGL Background Thread 3 ] DEBUG Engine               - isPreserveResizeRatio: false
11:30:33.898 [FXGL Background Thread 3 ] DEBUG Engine               - isProfilingEnabled: false
11:30:33.898 [FXGL Background Thread 3 ] DEBUG Engine               - isScaleAffectedOnResize: true
11:30:33.898 [FXGL Background Thread 3 ] DEBUG Engine               - isSingleStep: false
11:30:33.898 [FXGL Background Thread 3 ] DEBUG Engine               - isUserProfileEnabled: false
11:30:33.898 [FXGL Background Thread 3 ] DEBUG Engine               - isWindows: true
11:30:33.898 [FXGL Background Thread 3 ] DEBUG Engine               - language: ObjectProperty [value: ENGLISH]
11:30:33.898 [FXGL Background Thread 3 ] DEBUG Engine               - menuKey: ESCAPE
11:30:33.899 [FXGL Background Thread 3 ] DEBUG Engine               - mouseSensitivity: 0.2
11:30:33.899 [FXGL Background Thread 3 ] DEBUG Engine               - notificationViewClass: class com.almasb.fxgl.notification.view.XboxNotificationView
11:30:33.899 [FXGL Background Thread 3 ] DEBUG Engine               - pixelsPerMeter: 50.0
11:30:33.899 [FXGL Background Thread 3 ] DEBUG Engine               - platform: WINDOWS
11:30:33.899 [FXGL Background Thread 3 ] DEBUG Engine               - prefHeightProperty: ReadOnlyDoubleProperty [value: 600.0]
11:30:33.899 [FXGL Background Thread 3 ] DEBUG Engine               - prefWidthProperty: ReadOnlyDoubleProperty [value: 800.0]
11:30:33.899 [FXGL Background Thread 3 ] DEBUG Engine               - profileDir: profiles/
11:30:33.900 [FXGL Background Thread 3 ] DEBUG Engine               - profileName: StringProperty [value: DEFAULT]
11:30:33.900 [FXGL Background Thread 3 ] DEBUG Engine               - randomSeed: -1
11:30:33.900 [FXGL Background Thread 3 ] DEBUG Engine               - runtimeInfo: RuntimeInfo(platform=WINDOWS, version=17.3, build=30.03.2023 11.54)
11:30:33.901 [FXGL Background Thread 3 ] DEBUG Engine               - saveFileExt: sav
11:30:33.901 [FXGL Background Thread 3 ] DEBUG Engine               - scaledHeightProp$fxgl: DoubleProperty [bound, value: 600.0]
11:30:33.901 [FXGL Background Thread 3 ] DEBUG Engine               - scaledWidthProp$fxgl: DoubleProperty [bound, value: 800.0]
11:30:33.901 [FXGL Background Thread 3 ] DEBUG Engine               - sceneFactory: com.almasb.fxgl.app.scene.SceneFactory@5960de44
11:30:33.902 [FXGL Background Thread 3 ] DEBUG Engine               - secondsIn24h: 60
11:30:33.902 [FXGL Background Thread 3 ] DEBUG Engine               - soundMenuBack: menu/back.wav
11:30:33.902 [FXGL Background Thread 3 ] DEBUG Engine               - soundMenuPress: menu/press.wav
11:30:33.903 [FXGL Background Thread 3 ] DEBUG Engine               - soundMenuSelect: menu/select.wav
11:30:33.903 [FXGL Background Thread 3 ] DEBUG Engine               - soundNotification: core/notification.wav
11:30:33.903 [FXGL Background Thread 3 ] DEBUG Engine               - stageStyle: DECORATED
11:30:33.903 [FXGL Background Thread 3 ] DEBUG Engine               - supportedLanguages: [ENGLISH, FRENCH, GERMAN, HUNGARIAN, RUSSIAN]
11:30:33.903 [FXGL Background Thread 3 ] DEBUG Engine               - ticksPerSecond: -1
11:30:33.904 [FXGL Background Thread 3 ] DEBUG Engine               - title: Untitled
11:30:33.904 [FXGL Background Thread 3 ] DEBUG Engine               - urlGithub: https://github.com/AlmasB/FXGL
11:30:33.904 [FXGL Background Thread 3 ] DEBUG Engine               - urlLeaderboard: http://fxgl-top.herokuapp.com/
11:30:33.904 [FXGL Background Thread 3 ] DEBUG Engine               - urlPOM: https://raw.githubusercontent.com/AlmasB/FXGL/release/README.md
11:30:33.904 [FXGL Background Thread 3 ] DEBUG Engine               - userAppClass: class core.RTSMain
11:30:33.904 [FXGL Background Thread 3 ] DEBUG Engine               - version: 0.0
11:30:33.904 [FXGL Background Thread 3 ] DEBUG Engine               - versionCheckDays: 7
11:30:33.905 [FXGL Background Thread 3 ] DEBUG Engine               - width: 800
11:30:33.905 [FXGL Background Thread 3 ] DEBUG Engine               - Logging services
11:30:33.905 [FXGL Background Thread 3 ] DEBUG Engine               - class com.almasb.fxgl.app.services.FXGLAssetLoaderService
11:30:33.905 [FXGL Background Thread 3 ] DEBUG Engine               - class com.almasb.fxgl.app.FXGLApplication$GameApplicationService
11:30:33.905 [FXGL Background Thread 3 ] DEBUG Engine               - class com.almasb.fxgl.app.services.FXGLDialogService
11:30:33.905 [FXGL Background Thread 3 ] DEBUG Engine               - class com.almasb.fxgl.app.services.IOTaskExecutorService
11:30:33.905 [FXGL Background Thread 3 ] DEBUG Engine               - class com.almasb.fxgl.io.FileSystemService
11:30:33.905 [FXGL Background Thread 3 ] DEBUG Engine               - class com.almasb.fxgl.localization.LocalizationService
11:30:33.905 [FXGL Background Thread 3 ] DEBUG Engine               - class com.almasb.fxgl.app.services.SystemBundleService
11:30:33.906 [FXGL Background Thread 3 ] DEBUG Engine               - class com.almasb.fxgl.profile.SaveLoadService
11:30:33.906 [FXGL Background Thread 3 ] DEBUG Engine               - class com.almasb.fxgl.ui.FXGLUIFactoryServiceProvider
11:30:33.906 [FXGL Background Thread 3 ] DEBUG Engine               - class com.almasb.fxgl.ui.FXGLDialogFactoryServiceProvider
11:30:33.906 [FXGL Background Thread 3 ] DEBUG Engine               - class com.almasb.fxgl.audio.AudioPlayer
11:30:33.906 [FXGL Background Thread 3 ] DEBUG Engine               - class com.almasb.fxgl.notification.impl.NotificationServiceProvider
11:30:33.906 [FXGL Background Thread 3 ] DEBUG Engine               - class com.almasb.fxgl.achievement.AchievementService
11:30:33.906 [FXGL Background Thread 3 ] DEBUG Engine               - class com.almasb.fxgl.cutscene.CutsceneService
11:30:33.906 [FXGL Background Thread 3 ] DEBUG Engine               - class com.almasb.fxgl.minigames.MiniGameService
11:30:33.906 [FXGL Background Thread 3 ] DEBUG Engine               - class com.almasb.fxgl.net.NetService
11:30:33.906 [FXGL Background Thread 3 ] DEBUG Engine               - class com.almasb.fxgl.app.services.UpdaterService
11:30:33.906 [FXGL Background Thread 3 ] DEBUG Engine               - class com.almasb.fxgl.dev.DevService
11:30:38.090 [FXGL Background Thread 1 ] INFO  FXGLApplication      - Game initialization took: 6.885 sec
11:30:38.092 [JavaFX Application Thread] DEBUG Input                - Clearing active input actions
11:30:38.212 [JavaFX Application Thread] DEBUG GameApplicationServi - Removing overlay from FXGLLoadingScene and adding to GameScene
11:30:38.213 [JavaFX Application Thread] DEBUG PrimaryStageWindow   - FXGLLoadingScene -> GameScene
11:30:43.375 [JavaFX Application Thread] DEBUG FXGLApplication      - Exiting FXGL
11:30:43.375 [JavaFX Application Thread] DEBUG LoopRunner           - Stopping loop
11:30:43.376 [JavaFX Application Thread] DEBUG SystemBundleService  - Saving FXGL system data
11:30:43.381 [JavaFX Application Thread] DEBUG FileSystemAccess     - Writing to: C:\Users\tnelson25.GVSD\OneDrive - Great Valley School District\10th Grade\APCSA\CompSciFinal\system\fxgl.bundle
11:30:43.386 [JavaFX Application Thread] DEBUG Async                - Shutting down background threads
11:30:43.386 [JavaFX Application Thread] DEBUG PrimaryStageWindow   - Closing main window
11:30:43.397 [JavaFX Application Thread] DEBUG Logger               - Closing Logger
