11:26:51.740 [main                     ] DEBUG Logger               - Configured Logger
11:26:51.783 [main                     ] DEBUG GameApplication      - Logging settings
Title: Untitled
Version: 0.0
Width: 800
Height: 800
Fullscreen: false
Intro: false
Profiling: false
Single step:false
App Mode: DEVELOPER
Menu Key: ESCAPE
Stage Style: DECORATED
Scene Factory: class com.almasb.fxgl.app.scene.SceneFactory

11:26:52.005 [JavaFX Application Thread] DEBUG FXGLApplication      - Initializing FXGL
11:26:52.016 [JavaFX Application Thread] INFO  Engine               - FXGL-17.3 (30.03.2023 11.54) on WINDOWS (J:20.0.1 FX:20)
11:26:52.016 [JavaFX Application Thread] DEBUG Engine               - JRE Vendor Name: Oracle Corporation
11:26:52.017 [JavaFX Application Thread] DEBUG Engine               - Running on OS: Windows 10 version 10.0
11:26:52.018 [JavaFX Application Thread] DEBUG Engine               - Architecture: amd64
11:26:52.018 [JavaFX Application Thread] INFO  Engine               - Source code and latest versions at: https://github.com/AlmasB/FXGL
11:26:52.018 [JavaFX Application Thread] INFO  Engine               -       Ask questions and discuss at: https://github.com/AlmasB/FXGL/discussions
11:26:52.018 [JavaFX Application Thread] INFO  Engine               -              Join the FXGL chat at: https://gitter.im/AlmasB/FXGL
11:26:52.176 [JavaFX Application Thread] DEBUG PrimaryStageWindow   - Creating a JavaFX scene
11:26:52.176 [JavaFX Application Thread] DEBUG PrimaryStageWindow   - Target size > screen size
11:26:52.313 [JavaFX Application Thread] DEBUG PrimaryStageWindow   - Target settings size: 800.0 x 800.0
11:26:52.313 [JavaFX Application Thread] DEBUG PrimaryStageWindow   - Scaled scene size:    703.0 x 728.0
11:26:52.314 [JavaFX Application Thread] DEBUG PrimaryStageWindow   - Scaled ratio: (0.87875, 0.91)
11:26:52.317 [JavaFX Application Thread] DEBUG PrimaryStageWindow   - Set initial scene to FXGLStartupScene
11:26:52.326 [JavaFX Application Thread] DEBUG PrimaryStageWindow   - Opening main window
11:26:52.541 [JavaFX Application Thread] DEBUG PrimaryStageWindow   - Window border size: (16.0, 39.0)
11:26:52.542 [JavaFX Application Thread] DEBUG PrimaryStageWindow   - Scaled size: 703.0 x 728.0
11:26:52.543 [JavaFX Application Thread] DEBUG PrimaryStageWindow   - Scaled ratio: (0.87875, 0.91)
11:26:52.543 [JavaFX Application Thread] DEBUG PrimaryStageWindow   - Scene size: 703.0 x 728.0
11:26:52.544 [JavaFX Application Thread] DEBUG PrimaryStageWindow   - Stage size: 719.0 x 767.0
11:26:52.565 [FXGL Background Thread 1 ] DEBUG Engine               - Initializing environment variables
11:26:52.713 [FXGL Background Thread 1 ] DEBUG FXGLAssetLoaderServi - User app class for loading assets: class core.RTSMain
11:26:52.713 [FXGL Background Thread 1 ] DEBUG GameApplicationServi - Applying CSS: fxgl_dark.css
11:26:52.715 [FXGL Background Thread 1 ] DEBUG FXGLAssetLoaderServi - Loading from file system: jar:file:/C:/Users/dcurtis25/Downloads/fxgl-17.3-uber.jar!/fxglassets/ui/css/fxgl_dark.css
11:26:52.835 [FXGL Background Thread 1 ] DEBUG GameApplicationServi - Initializing application scenes
11:26:52.961 [FXGL Background Thread 1 ] DEBUG GameWorld            - Game world initialized
11:26:53.091 [FXGL Background Thread 1 ] DEBUG PhysicsWorld         - Physics world initialized: appHeight=800, physics.ppm=50.0
11:26:53.091 [FXGL Background Thread 1 ] DEBUG PhysicsWorld         - Using strategy: BRUTE_FORCE
11:26:53.099 [FXGL Background Thread 1 ] DEBUG GameScene            - Game scene initialized: 800x800
11:26:53.131 [FXGL Background Thread 1 ] DEBUG FXGL.DefaultMenu     - createMenuBodyGameMenu()
11:26:53.177 [FXGL Background Thread 1 ] DEBUG FXGL.DefaultMenu     - createOptionsMenu()
11:26:53.204 [FXGL Background Thread 1 ] DEBUG FXGLAssetLoaderServi - Loading from file system: jar:file:/C:/Users/dcurtis25/Downloads/fxgl-17.3-uber.jar!/fxglassets/textures/particles/smoke.png
11:26:53.428 [FXGL Background Thread 1 ] DEBUG FXGLAssetLoaderServi - Loading from file system: jar:file:/C:/Users/dcurtis25/Downloads/fxgl-17.3-uber.jar!/fxglassets/textures/particles/trace_horizontal.png
11:26:53.499 [FXGL Background Thread 1 ] DEBUG GameApplicationServi - Application scenes initialized
11:26:53.534 [FXGL Background Thread 1 ] DEBUG SystemBundleService  - Loading FXGL system data
11:26:53.545 [FXGL Background Thread 1 ] DEBUG FileSystemAccess     - Reading from: C:\Users\dcurtis25\git\CompSci-Final-Project\system\fxgl.bundle
11:26:53.566 [FXGL Background Thread 1 ] DEBUG SystemBundleService  - Bundle FXGL: {}
11:26:53.567 [FXGL Background Thread 1 ] DEBUG UpdaterService       - Checking for updates
11:26:53.576 [FXGL Background Thread 1 ] DEBUG FXGLApplication      - Loading default localization
11:26:53.575 [FXGL Background Thread 4 ] DEBUG FXGLApplication      - Loading fonts
11:26:53.578 [FXGL Background Thread 1 ] DEBUG FXGLAssetLoaderServi - Loading from file system: jar:file:/C:/Users/dcurtis25/Downloads/fxgl-17.3-uber.jar!/fxglassets/languages/english.lang
11:26:53.578 [FXGL Background Thread 4 ] DEBUG FXGLAssetLoaderServi - Loading from file system: jar:file:/C:/Users/dcurtis25/Downloads/fxgl-17.3-uber.jar!/fxglassets/ui/fonts/VarelaRound-Regular.ttf
11:26:53.628 [FXGL Background Thread 1 ] INFO  FXGLApplication      - FXGL initialization took: 1.064 sec
11:26:53.653 [JavaFX Application Thread] DEBUG Input                - Registered new binding: action0 - A
11:26:53.654 [JavaFX Application Thread] DEBUG Input                - Registered new binding: action1 - D
11:26:53.657 [JavaFX Application Thread] DEBUG Input                - Registered new binding: action2 - W
11:26:53.659 [JavaFX Application Thread] DEBUG Input                - Registered new binding: action3 - S
11:26:53.660 [JavaFX Application Thread] DEBUG Input                - Registered new binding: action4 - Tab
11:26:53.670 [JavaFX Application Thread] DEBUG Input                - Registered new binding: action5 - LMB
11:26:53.671 [JavaFX Application Thread] DEBUG Input                - Registered new binding: action6 - RMB
11:26:53.673 [JavaFX Application Thread] DEBUG Input                - Registered new binding: action7 - H
11:26:53.675 [JavaFX Application Thread] DEBUG FXGLAssetLoaderServi - Loading from file system: jar:file:/C:/Users/dcurtis25/Downloads/fxgl-17.3-uber.jar!/fxglassets/textures/fxgl_icon.png
11:26:53.736 [JavaFX Application Thread] DEBUG FXGLAssetLoaderServi - Loading from file system: jar:file:/C:/Users/dcurtis25/Downloads/fxgl-17.3-uber.jar!/fxglassets/textures/fxgl_default_cursor.png
11:26:53.741 [JavaFX Application Thread] DEBUG Input                - Registered new binding: Screenshot - CTRL+8
11:26:53.743 [JavaFX Application Thread] DEBUG Input                - Registered new binding: System info dump - CTRL+9
11:26:53.743 [JavaFX Application Thread] DEBUG Input                - Registered new binding: Restart - CTRL+R
11:26:53.745 [JavaFX Application Thread] DEBUG Input                - Registered new binding: Toggle Debug Camera - CTRL+7
11:26:53.754 [JavaFX Application Thread] DEBUG LoopRunner           - Starting loop
11:26:53.754 [JavaFX Application Thread] DEBUG LoopRunner           - Initializing JavaFX AnimationTimerLoop
11:26:53.757 [JavaFX Application Thread] DEBUG GameApplicationServi - Starting new game
11:26:53.758 [JavaFX Application Thread] DEBUG Input                - Clearing active input actions
11:26:53.779 [JavaFX Application Thread] DEBUG GameApplicationServi - Removing overlay from FXGLStartupScene and adding to FXGLLoadingScene
11:26:53.779 [JavaFX Application Thread] DEBUG PrimaryStageWindow   - FXGLStartupScene -> FXGLLoadingScene
11:26:53.780 [JavaFX Application Thread] DEBUG GameApplicationServi - Clearing previous game
11:26:53.780 [JavaFX Application Thread] DEBUG GameScene            - Clearing game scene
11:26:53.780 [JavaFX Application Thread] DEBUG GameWorld            - Clearing game world
11:26:53.780 [JavaFX Application Thread] DEBUG PhysicsWorld         - Clearing physics world
11:26:53.783 [FXGL Background Thread 1 ] DEBUG FXGLApplication      - Initializing game
11:26:53.787 [FXGL Background Thread 1 ] DEBUG FXGLAssetLoaderServi - Loading from file system: file:/C:/Users/dcurtis25/git/CompSci-Final-Project/bin/assets/sounds/RTS1_Hollowrock.wav
11:26:54.675 [FXGL Background Thread 4 ] DEBUG FXGLAssetLoaderServi - Loading from file system: jar:file:/C:/Users/dcurtis25/Downloads/fxgl-17.3-uber.jar!/fxglassets/ui/fonts/Abel-Regular.ttf
11:26:54.745 [FXGL Background Thread 4 ] DEBUG FXGLAssetLoaderServi - Loading from file system: jar:file:/C:/Users/dcurtis25/Downloads/fxgl-17.3-uber.jar!/fxglassets/ui/fonts/TerminalLandMono-Regular.otf
11:26:54.763 [FXGL Background Thread 4 ] DEBUG FXGLAssetLoaderServi - Loading from file system: jar:file:/C:/Users/dcurtis25/Downloads/fxgl-17.3-uber.jar!/fxglassets/ui/fonts/Courier-Prime.ttf
11:26:54.894 [JavaFX Application Thread] DEBUG FXGLApplication      - Registering font factories with UI factory
11:26:56.573 [FXGL Background Thread 3 ] DEBUG Engine               - Logging environment variables
11:26:56.574 [FXGL Background Thread 3 ] DEBUG Engine               - achievements: []
11:26:56.574 [FXGL Background Thread 3 ] DEBUG Engine               - actualHeight: 728.0
11:26:56.574 [FXGL Background Thread 3 ] DEBUG Engine               - actualHeightProperty: ReadOnlyDoubleProperty [value: 728.0]
11:26:56.575 [FXGL Background Thread 3 ] DEBUG Engine               - actualWidth: 703.0
11:26:56.575 [FXGL Background Thread 3 ] DEBUG Engine               - actualWidthProperty: ReadOnlyDoubleProperty [value: 703.0]
11:26:56.575 [FXGL Background Thread 3 ] DEBUG Engine               - appIcon: fxgl_icon.png
11:26:56.575 [FXGL Background Thread 3 ] DEBUG Engine               - applicationMode: DEVELOPER
11:26:56.575 [FXGL Background Thread 3 ] DEBUG Engine               - cSSList: [fxgl_dark.css]
11:26:56.575 [FXGL Background Thread 3 ] DEBUG Engine               - collisionDetectionStrategy: BRUTE_FORCE
11:26:56.576 [FXGL Background Thread 3 ] DEBUG Engine               - configClass: Optional.empty
11:26:56.581 [FXGL Background Thread 3 ] DEBUG Engine               - credits: []
11:26:56.582 [FXGL Background Thread 3 ] DEBUG Engine               - defaultCursor: CursorInfo(imageName=fxgl_default_cursor.png, hotspotX=7.0, hotspotY=6.0)
11:26:56.582 [FXGL Background Thread 3 ] DEBUG Engine               - devBBoxColorProperty: ObjectProperty [value: 0xff0000ff]
11:26:56.583 [FXGL Background Thread 3 ] DEBUG Engine               - devEnableDebugCameraProperty: BooleanProperty [value: false]
11:26:56.584 [FXGL Background Thread 3 ] DEBUG Engine               - devSensorColorProperty: ObjectProperty [value: 0xffff00ff]
11:26:56.584 [FXGL Background Thread 3 ] DEBUG Engine               - devShowBBoxProperty: BooleanProperty [value: false]
11:26:56.584 [FXGL Background Thread 3 ] DEBUG Engine               - devShowPositionProperty: BooleanProperty [value: false]
11:26:56.585 [FXGL Background Thread 3 ] DEBUG Engine               - enabledMenuItems: []
11:26:56.585 [FXGL Background Thread 3 ] DEBUG Engine               - engineServices: [class com.almasb.fxgl.app.services.FXGLAssetLoaderService, class com.almasb.fxgl.app.FXGLApplication$GameApplicationService, class com.almasb.fxgl.app.services.FXGLDialogService, class com.almasb.fxgl.app.services.IOTaskExecutorService, class com.almasb.fxgl.io.FileSystemService, class com.almasb.fxgl.localization.LocalizationService, class com.almasb.fxgl.app.services.SystemBundleService, class com.almasb.fxgl.profile.SaveLoadService, class com.almasb.fxgl.ui.FXGLUIFactoryServiceProvider, class com.almasb.fxgl.ui.FXGLDialogFactoryServiceProvider, class com.almasb.fxgl.audio.AudioPlayer, class com.almasb.fxgl.notification.impl.NotificationServiceProvider, class com.almasb.fxgl.achievement.AchievementService, class com.almasb.fxgl.cutscene.CutsceneService, class com.almasb.fxgl.minigames.MiniGameService, class com.almasb.fxgl.net.NetService, class com.almasb.fxgl.app.services.UpdaterService, class com.almasb.fxgl.dev.DevService]
11:26:56.585 [FXGL Background Thread 3 ] DEBUG Engine               - fontGame: Abel-Regular.ttf
11:26:56.585 [FXGL Background Thread 3 ] DEBUG Engine               - fontMono: TerminalLandMono-Regular.otf
11:26:56.586 [FXGL Background Thread 3 ] DEBUG Engine               - fontSizeScaleUI: 1.0
11:26:56.587 [FXGL Background Thread 3 ] DEBUG Engine               - fontText: Courier-Prime.ttf
11:26:56.587 [FXGL Background Thread 3 ] DEBUG Engine               - fontUI: VarelaRound-Regular.ttf
11:26:56.588 [FXGL Background Thread 3 ] DEBUG Engine               - fullScreen: BooleanProperty [value: false]
11:26:56.588 [FXGL Background Thread 3 ] DEBUG Engine               - gameDifficulty: MEDIUM
11:26:56.588 [FXGL Background Thread 3 ] DEBUG Engine               - gameDifficultyProperty: ObjectProperty [value: MEDIUM]
11:26:56.588 [FXGL Background Thread 3 ] DEBUG Engine               - globalMusicVolume: 0.5
11:26:56.588 [FXGL Background Thread 3 ] DEBUG Engine               - globalMusicVolumeProperty: DoubleProperty [value: 0.5]
11:26:56.589 [FXGL Background Thread 3 ] DEBUG Engine               - globalSoundVolume: 0.5
11:26:56.589 [FXGL Background Thread 3 ] DEBUG Engine               - globalSoundVolumeProperty: DoubleProperty [value: 0.5]
11:26:56.589 [FXGL Background Thread 3 ] DEBUG Engine               - height: 800
11:26:56.589 [FXGL Background Thread 3 ] DEBUG Engine               - is3D: false
11:26:56.589 [FXGL Background Thread 3 ] DEBUG Engine               - isAndroid: false
11:26:56.589 [FXGL Background Thread 3 ] DEBUG Engine               - isBrowser: false
11:26:56.589 [FXGL Background Thread 3 ] DEBUG Engine               - isClickFeedbackEnabled: false
11:26:56.589 [FXGL Background Thread 3 ] DEBUG Engine               - isCloseConfirmation: false
11:26:56.589 [FXGL Background Thread 3 ] DEBUG Engine               - isDesktop: true
11:26:56.589 [FXGL Background Thread 3 ] DEBUG Engine               - isDeveloperMenuEnabled: false
11:26:56.590 [FXGL Background Thread 3 ] DEBUG Engine               - isEmbedded: false
11:26:56.590 [FXGL Background Thread 3 ] DEBUG Engine               - isEntityPreloadEnabled: true
11:26:56.590 [FXGL Background Thread 3 ] DEBUG Engine               - isExperimentalTiledLargeMap: false
11:26:56.590 [FXGL Background Thread 3 ] DEBUG Engine               - isFileSystemWriteAllowed: true
11:26:56.590 [FXGL Background Thread 3 ] DEBUG Engine               - isFullScreenAllowed: false
11:26:56.590 [FXGL Background Thread 3 ] DEBUG Engine               - isFullScreenFromStart: false
11:26:56.590 [FXGL Background Thread 3 ] DEBUG Engine               - isGameMenuEnabled: true
11:26:56.590 [FXGL Background Thread 3 ] DEBUG Engine               - isIOS: false
11:26:56.590 [FXGL Background Thread 3 ] DEBUG Engine               - isIntroEnabled: false
11:26:56.590 [FXGL Background Thread 3 ] DEBUG Engine               - isLinux: false
11:26:56.591 [FXGL Background Thread 3 ] DEBUG Engine               - isMac: false
11:26:56.591 [FXGL Background Thread 3 ] DEBUG Engine               - isMainMenuEnabled: false
11:26:56.591 [FXGL Background Thread 3 ] DEBUG Engine               - isManualResizeEnabled: false
11:26:56.591 [FXGL Background Thread 3 ] DEBUG Engine               - isMobile: false
11:26:56.591 [FXGL Background Thread 3 ] DEBUG Engine               - isNative: false
11:26:56.591 [FXGL Background Thread 3 ] DEBUG Engine               - isPauseMusicWhenMinimized: true
11:26:56.591 [FXGL Background Thread 3 ] DEBUG Engine               - isPreserveResizeRatio: false
11:26:56.591 [FXGL Background Thread 3 ] DEBUG Engine               - isProfilingEnabled: false
11:26:56.591 [FXGL Background Thread 3 ] DEBUG Engine               - isScaleAffectedOnResize: true
11:26:56.592 [FXGL Background Thread 3 ] DEBUG Engine               - isSingleStep: false
11:26:56.592 [FXGL Background Thread 3 ] DEBUG Engine               - isUserProfileEnabled: false
11:26:56.592 [FXGL Background Thread 3 ] DEBUG Engine               - isWindows: true
11:26:56.592 [FXGL Background Thread 3 ] DEBUG Engine               - language: ObjectProperty [value: ENGLISH]
11:26:56.592 [FXGL Background Thread 3 ] DEBUG Engine               - menuKey: ESCAPE
11:26:56.592 [FXGL Background Thread 3 ] DEBUG Engine               - mouseSensitivity: 0.2
11:26:56.592 [FXGL Background Thread 3 ] DEBUG Engine               - notificationViewClass: class com.almasb.fxgl.notification.view.XboxNotificationView
11:26:56.592 [FXGL Background Thread 3 ] DEBUG Engine               - pixelsPerMeter: 50.0
11:26:56.592 [FXGL Background Thread 3 ] DEBUG Engine               - platform: WINDOWS
11:26:56.592 [FXGL Background Thread 3 ] DEBUG Engine               - prefHeightProperty: ReadOnlyDoubleProperty [value: 800.0]
11:26:56.593 [FXGL Background Thread 3 ] DEBUG Engine               - prefWidthProperty: ReadOnlyDoubleProperty [value: 800.0]
11:26:56.593 [FXGL Background Thread 3 ] DEBUG Engine               - profileDir: profiles/
11:26:56.593 [FXGL Background Thread 3 ] DEBUG Engine               - profileName: StringProperty [value: DEFAULT]
11:26:56.593 [FXGL Background Thread 3 ] DEBUG Engine               - randomSeed: -1
11:26:56.593 [FXGL Background Thread 3 ] DEBUG Engine               - runtimeInfo: RuntimeInfo(platform=WINDOWS, version=17.3, build=30.03.2023 11.54)
11:26:56.594 [FXGL Background Thread 3 ] DEBUG Engine               - saveFileExt: sav
11:26:56.594 [FXGL Background Thread 3 ] DEBUG Engine               - scaledHeightProp$fxgl: DoubleProperty [bound, value: 728.0]
11:26:56.594 [FXGL Background Thread 3 ] DEBUG Engine               - scaledWidthProp$fxgl: DoubleProperty [bound, value: 703.0]
11:26:56.594 [FXGL Background Thread 3 ] DEBUG Engine               - sceneFactory: com.almasb.fxgl.app.scene.SceneFactory@73ae5020
11:26:56.594 [FXGL Background Thread 3 ] DEBUG Engine               - secondsIn24h: 60
11:26:56.594 [FXGL Background Thread 3 ] DEBUG Engine               - soundMenuBack: menu/back.wav
11:26:56.594 [FXGL Background Thread 3 ] DEBUG Engine               - soundMenuPress: menu/press.wav
11:26:56.594 [FXGL Background Thread 3 ] DEBUG Engine               - soundMenuSelect: menu/select.wav
11:26:56.594 [FXGL Background Thread 3 ] DEBUG Engine               - soundNotification: core/notification.wav
11:26:56.594 [FXGL Background Thread 3 ] DEBUG Engine               - stageStyle: DECORATED
11:26:56.594 [FXGL Background Thread 3 ] DEBUG Engine               - supportedLanguages: [ENGLISH, FRENCH, GERMAN, HUNGARIAN, RUSSIAN]
11:26:56.595 [FXGL Background Thread 3 ] DEBUG Engine               - ticksPerSecond: -1
11:26:56.595 [FXGL Background Thread 3 ] DEBUG Engine               - title: Untitled
11:26:56.595 [FXGL Background Thread 3 ] DEBUG Engine               - urlGithub: https://github.com/AlmasB/FXGL
11:26:56.595 [FXGL Background Thread 3 ] DEBUG Engine               - urlLeaderboard: http://fxgl-top.herokuapp.com/
11:26:56.595 [FXGL Background Thread 3 ] DEBUG Engine               - urlPOM: https://raw.githubusercontent.com/AlmasB/FXGL/release/README.md
11:26:56.595 [FXGL Background Thread 3 ] DEBUG Engine               - userAppClass: class core.RTSMain
11:26:56.595 [FXGL Background Thread 3 ] DEBUG Engine               - version: 0.0
11:26:56.595 [FXGL Background Thread 3 ] DEBUG Engine               - versionCheckDays: 7
11:26:56.595 [FXGL Background Thread 3 ] DEBUG Engine               - width: 800
11:26:56.595 [FXGL Background Thread 3 ] DEBUG Engine               - Logging services
11:26:56.595 [FXGL Background Thread 3 ] DEBUG Engine               - class com.almasb.fxgl.app.services.FXGLAssetLoaderService
11:26:56.595 [FXGL Background Thread 3 ] DEBUG Engine               - class com.almasb.fxgl.app.FXGLApplication$GameApplicationService
11:26:56.595 [FXGL Background Thread 3 ] DEBUG Engine               - class com.almasb.fxgl.app.services.FXGLDialogService
11:26:56.596 [FXGL Background Thread 3 ] DEBUG Engine               - class com.almasb.fxgl.app.services.IOTaskExecutorService
11:26:56.596 [FXGL Background Thread 3 ] DEBUG Engine               - class com.almasb.fxgl.io.FileSystemService
11:26:56.596 [FXGL Background Thread 3 ] DEBUG Engine               - class com.almasb.fxgl.localization.LocalizationService
11:26:56.596 [FXGL Background Thread 3 ] DEBUG Engine               - class com.almasb.fxgl.app.services.SystemBundleService
11:26:56.596 [FXGL Background Thread 3 ] DEBUG Engine               - class com.almasb.fxgl.profile.SaveLoadService
11:26:56.596 [FXGL Background Thread 3 ] DEBUG Engine               - class com.almasb.fxgl.ui.FXGLUIFactoryServiceProvider
11:26:56.596 [FXGL Background Thread 3 ] DEBUG Engine               - class com.almasb.fxgl.ui.FXGLDialogFactoryServiceProvider
11:26:56.596 [FXGL Background Thread 3 ] DEBUG Engine               - class com.almasb.fxgl.audio.AudioPlayer
11:26:56.596 [FXGL Background Thread 3 ] DEBUG Engine               - class com.almasb.fxgl.notification.impl.NotificationServiceProvider
11:26:56.596 [FXGL Background Thread 3 ] DEBUG Engine               - class com.almasb.fxgl.achievement.AchievementService
11:26:56.596 [FXGL Background Thread 3 ] DEBUG Engine               - class com.almasb.fxgl.cutscene.CutsceneService
11:26:56.596 [FXGL Background Thread 3 ] DEBUG Engine               - class com.almasb.fxgl.minigames.MiniGameService
11:26:56.596 [FXGL Background Thread 3 ] DEBUG Engine               - class com.almasb.fxgl.net.NetService
11:26:56.597 [FXGL Background Thread 3 ] DEBUG Engine               - class com.almasb.fxgl.app.services.UpdaterService
11:26:56.597 [FXGL Background Thread 3 ] DEBUG Engine               - class com.almasb.fxgl.dev.DevService
11:27:01.304 [FXGL Background Thread 1 ] INFO  FXGLApplication      - Game initialization took: 7.521 sec
11:27:01.305 [JavaFX Application Thread] DEBUG Input                - Clearing active input actions
11:27:01.501 [JavaFX Application Thread] DEBUG GameApplicationServi - Removing overlay from FXGLLoadingScene and adding to GameScene
11:27:01.503 [JavaFX Application Thread] DEBUG PrimaryStageWindow   - FXGLLoadingScene -> GameScene
11:27:24.986 [JavaFX Application Thread] DEBUG FXGLApplication      - Exiting FXGL
11:27:24.987 [JavaFX Application Thread] DEBUG LoopRunner           - Stopping loop
11:27:24.987 [JavaFX Application Thread] DEBUG SystemBundleService  - Saving FXGL system data
11:27:24.994 [JavaFX Application Thread] DEBUG FileSystemAccess     - Writing to: C:\Users\dcurtis25\git\CompSci-Final-Project\system\fxgl.bundle
11:27:24.999 [JavaFX Application Thread] DEBUG Async                - Shutting down background threads
11:27:24.999 [JavaFX Application Thread] DEBUG PrimaryStageWindow   - Closing main window
11:27:25.011 [JavaFX Application Thread] DEBUG Logger               - Closing Logger
