12:26:04.831 [main                     ] DEBUG Logger               - Configured Logger
12:26:04.866 [main                     ] DEBUG GameApplication      - Logging settings
Title: Untitled
Version: 0.0
Width: 800
Height: 600
Fullscreen: false
Intro: false
Profiling: false
Single step:false
App Mode: DEVELOPER
Menu Key: ESCAPE
Stage Style: DECORATED
Scene Factory: class com.almasb.fxgl.app.scene.SceneFactory

12:26:05.066 [JavaFX Application Thread] DEBUG FXGLApplication      - Initializing FXGL
12:26:05.075 [JavaFX Application Thread] INFO  Engine               - FXGL-17.3 (30.03.2023 11.54) on WINDOWS (J:20.0.1 FX:20)
12:26:05.075 [JavaFX Application Thread] DEBUG Engine               - JRE Vendor Name: Oracle Corporation
12:26:05.076 [JavaFX Application Thread] DEBUG Engine               - Running on OS: Windows 10 version 10.0
12:26:05.076 [JavaFX Application Thread] DEBUG Engine               - Architecture: amd64
12:26:05.076 [JavaFX Application Thread] INFO  Engine               - Source code and latest versions at: https://github.com/AlmasB/FXGL
12:26:05.076 [JavaFX Application Thread] INFO  Engine               -       Ask questions and discuss at: https://github.com/AlmasB/FXGL/discussions
12:26:05.077 [JavaFX Application Thread] INFO  Engine               -              Join the FXGL chat at: https://gitter.im/AlmasB/FXGL
12:26:05.279 [JavaFX Application Thread] DEBUG PrimaryStageWindow   - Creating a JavaFX scene
12:26:05.416 [JavaFX Application Thread] DEBUG PrimaryStageWindow   - Target settings size: 800.0 x 600.0
12:26:05.417 [JavaFX Application Thread] DEBUG PrimaryStageWindow   - Scaled scene size:    800.0 x 600.0
12:26:05.417 [JavaFX Application Thread] DEBUG PrimaryStageWindow   - Scaled ratio: (1.0, 1.0)
12:26:05.420 [JavaFX Application Thread] DEBUG PrimaryStageWindow   - Set initial scene to FXGLStartupScene
12:26:05.428 [JavaFX Application Thread] DEBUG PrimaryStageWindow   - Opening main window
12:26:05.596 [JavaFX Application Thread] DEBUG PrimaryStageWindow   - Window border size: (16.0, 39.0)
12:26:05.597 [JavaFX Application Thread] DEBUG PrimaryStageWindow   - Scaled size: 800.0 x 600.0
12:26:05.598 [JavaFX Application Thread] DEBUG PrimaryStageWindow   - Scaled ratio: (1.0, 1.0)
12:26:05.598 [JavaFX Application Thread] DEBUG PrimaryStageWindow   - Scene size: 800.0 x 600.0
12:26:05.599 [JavaFX Application Thread] DEBUG PrimaryStageWindow   - Stage size: 816.0 x 639.0
12:26:05.627 [FXGL Background Thread 1 ] DEBUG Engine               - Initializing environment variables
12:26:05.819 [FXGL Background Thread 1 ] DEBUG FXGLAssetLoaderServi - User app class for loading assets: class core.RTSMain
12:26:05.820 [FXGL Background Thread 1 ] DEBUG GameApplicationServi - Applying CSS: fxgl_dark.css
12:26:05.823 [FXGL Background Thread 1 ] DEBUG FXGLAssetLoaderServi - Loading from file system: jar:file:/C:/Users/tnelson25.GVSD/Downloads/fxgl-17.3-uber.jar!/fxglassets/ui/css/fxgl_dark.css
12:26:05.925 [FXGL Background Thread 1 ] DEBUG GameApplicationServi - Initializing application scenes
12:26:06.077 [FXGL Background Thread 1 ] DEBUG GameWorld            - Game world initialized
12:26:06.232 [FXGL Background Thread 1 ] DEBUG PhysicsWorld         - Physics world initialized: appHeight=600, physics.ppm=50.0
12:26:06.233 [FXGL Background Thread 1 ] DEBUG PhysicsWorld         - Using strategy: BRUTE_FORCE
12:26:06.242 [FXGL Background Thread 1 ] DEBUG GameScene            - Game scene initialized: 800x600
12:26:06.272 [FXGL Background Thread 1 ] DEBUG FXGL.DefaultMenu     - createMenuBodyGameMenu()
12:26:06.330 [FXGL Background Thread 1 ] DEBUG FXGL.DefaultMenu     - createOptionsMenu()
12:26:06.360 [FXGL Background Thread 1 ] DEBUG FXGLAssetLoaderServi - Loading from file system: jar:file:/C:/Users/tnelson25.GVSD/Downloads/fxgl-17.3-uber.jar!/fxglassets/textures/particles/smoke.png
12:26:06.667 [FXGL Background Thread 1 ] DEBUG FXGLAssetLoaderServi - Loading from file system: jar:file:/C:/Users/tnelson25.GVSD/Downloads/fxgl-17.3-uber.jar!/fxglassets/textures/particles/trace_horizontal.png
12:26:06.771 [FXGL Background Thread 1 ] DEBUG GameApplicationServi - Application scenes initialized
12:26:06.817 [FXGL Background Thread 1 ] DEBUG SystemBundleService  - Loading FXGL system data
12:26:06.829 [FXGL Background Thread 1 ] DEBUG FileSystemAccess     - Reading from: C:\Users\tnelson25.GVSD\OneDrive - Great Valley School District\10th Grade\APCSA\CompSciFinal\system\fxgl.bundle
12:26:06.864 [FXGL Background Thread 1 ] DEBUG SystemBundleService  - Bundle FXGL: {}
12:26:06.864 [FXGL Background Thread 1 ] DEBUG UpdaterService       - Checking for updates
12:26:06.881 [FXGL Background Thread 1 ] DEBUG FXGLApplication      - Loading default localization
12:26:06.883 [FXGL Background Thread 1 ] DEBUG FXGLAssetLoaderServi - Loading from file system: jar:file:/C:/Users/tnelson25.GVSD/Downloads/fxgl-17.3-uber.jar!/fxglassets/languages/english.lang
12:26:06.916 [FXGL Background Thread 4 ] DEBUG FXGLApplication      - Loading fonts
12:26:06.967 [FXGL Background Thread 1 ] INFO  FXGLApplication      - FXGL initialization took: 1.340 sec
12:26:06.927 [FXGL Background Thread 4 ] DEBUG FXGLAssetLoaderServi - Loading from file system: jar:file:/C:/Users/tnelson25.GVSD/Downloads/fxgl-17.3-uber.jar!/fxglassets/ui/fonts/VarelaRound-Regular.ttf
12:26:07.023 [JavaFX Application Thread] DEBUG Input                - Registered new binding: action0 - A
12:26:07.024 [JavaFX Application Thread] DEBUG Input                - Registered new binding: action1 - D
12:26:07.024 [JavaFX Application Thread] DEBUG Input                - Registered new binding: action2 - W
12:26:07.025 [JavaFX Application Thread] DEBUG Input                - Registered new binding: action3 - S
12:26:07.025 [JavaFX Application Thread] DEBUG Input                - Registered new binding: action4 - Tab
12:26:07.032 [JavaFX Application Thread] DEBUG Input                - Registered new binding: action5 - LMB
12:26:07.033 [JavaFX Application Thread] DEBUG Input                - Registered new binding: action6 - RMB
12:26:07.035 [JavaFX Application Thread] DEBUG FXGLAssetLoaderServi - Loading from file system: jar:file:/C:/Users/tnelson25.GVSD/Downloads/fxgl-17.3-uber.jar!/fxglassets/textures/fxgl_icon.png
12:26:07.099 [JavaFX Application Thread] DEBUG FXGLAssetLoaderServi - Loading from file system: jar:file:/C:/Users/tnelson25.GVSD/Downloads/fxgl-17.3-uber.jar!/fxglassets/textures/fxgl_default_cursor.png
12:26:07.107 [JavaFX Application Thread] DEBUG Input                - Registered new binding: Screenshot - CTRL+8
12:26:07.109 [JavaFX Application Thread] DEBUG Input                - Registered new binding: System info dump - CTRL+9
12:26:07.110 [JavaFX Application Thread] DEBUG Input                - Registered new binding: Restart - CTRL+R
12:26:07.111 [JavaFX Application Thread] DEBUG Input                - Registered new binding: Toggle Debug Camera - CTRL+7
12:26:07.139 [JavaFX Application Thread] DEBUG LoopRunner           - Starting loop
12:26:07.139 [JavaFX Application Thread] DEBUG LoopRunner           - Initializing JavaFX AnimationTimerLoop
12:26:07.144 [JavaFX Application Thread] DEBUG GameApplicationServi - Starting new game
12:26:07.145 [JavaFX Application Thread] DEBUG Input                - Clearing active input actions
12:26:07.192 [JavaFX Application Thread] DEBUG GameApplicationServi - Removing overlay from FXGLStartupScene and adding to FXGLLoadingScene
12:26:07.193 [JavaFX Application Thread] DEBUG PrimaryStageWindow   - FXGLStartupScene -> FXGLLoadingScene
12:26:07.194 [JavaFX Application Thread] DEBUG GameApplicationServi - Clearing previous game
12:26:07.194 [JavaFX Application Thread] DEBUG GameScene            - Clearing game scene
12:26:07.194 [JavaFX Application Thread] DEBUG GameWorld            - Clearing game world
12:26:07.194 [JavaFX Application Thread] DEBUG PhysicsWorld         - Clearing physics world
12:26:07.197 [FXGL Background Thread 1 ] DEBUG FXGLApplication      - Initializing game
12:26:08.343 [FXGL Background Thread 4 ] DEBUG FXGLAssetLoaderServi - Loading from file system: jar:file:/C:/Users/tnelson25.GVSD/Downloads/fxgl-17.3-uber.jar!/fxglassets/ui/fonts/Abel-Regular.ttf
12:26:08.351 [FXGL Background Thread 4 ] DEBUG FXGLAssetLoaderServi - Loading from file system: jar:file:/C:/Users/tnelson25.GVSD/Downloads/fxgl-17.3-uber.jar!/fxglassets/ui/fonts/TerminalLandMono-Regular.otf
12:26:08.363 [FXGL Background Thread 4 ] DEBUG FXGLAssetLoaderServi - Loading from file system: jar:file:/C:/Users/tnelson25.GVSD/Downloads/fxgl-17.3-uber.jar!/fxglassets/ui/fonts/Courier-Prime.ttf
12:26:08.379 [JavaFX Application Thread] DEBUG FXGLApplication      - Registering font factories with UI factory
12:26:09.962 [FXGL Background Thread 3 ] DEBUG Engine               - Logging environment variables
12:26:09.963 [FXGL Background Thread 3 ] DEBUG Engine               - achievements: []
12:26:09.963 [FXGL Background Thread 3 ] DEBUG Engine               - actualHeight: 600.0
12:26:09.963 [FXGL Background Thread 3 ] DEBUG Engine               - actualHeightProperty: ReadOnlyDoubleProperty [value: 600.0]
12:26:09.963 [FXGL Background Thread 3 ] DEBUG Engine               - actualWidth: 800.0
12:26:09.964 [FXGL Background Thread 3 ] DEBUG Engine               - actualWidthProperty: ReadOnlyDoubleProperty [value: 800.0]
12:26:09.964 [FXGL Background Thread 3 ] DEBUG Engine               - appIcon: fxgl_icon.png
12:26:09.964 [FXGL Background Thread 3 ] DEBUG Engine               - applicationMode: DEVELOPER
12:26:09.964 [FXGL Background Thread 3 ] DEBUG Engine               - cSSList: [fxgl_dark.css]
12:26:09.964 [FXGL Background Thread 3 ] DEBUG Engine               - collisionDetectionStrategy: BRUTE_FORCE
12:26:09.964 [FXGL Background Thread 3 ] DEBUG Engine               - configClass: Optional.empty
12:26:09.965 [FXGL Background Thread 3 ] DEBUG Engine               - credits: []
12:26:09.965 [FXGL Background Thread 3 ] DEBUG Engine               - defaultCursor: CursorInfo(imageName=fxgl_default_cursor.png, hotspotX=7.0, hotspotY=6.0)
12:26:09.966 [FXGL Background Thread 3 ] DEBUG Engine               - devBBoxColorProperty: ObjectProperty [value: 0xff0000ff]
12:26:09.966 [FXGL Background Thread 3 ] DEBUG Engine               - devEnableDebugCameraProperty: BooleanProperty [value: false]
12:26:09.966 [FXGL Background Thread 3 ] DEBUG Engine               - devSensorColorProperty: ObjectProperty [value: 0xffff00ff]
12:26:09.966 [FXGL Background Thread 3 ] DEBUG Engine               - devShowBBoxProperty: BooleanProperty [value: false]
12:26:09.966 [FXGL Background Thread 3 ] DEBUG Engine               - devShowPositionProperty: BooleanProperty [value: false]
12:26:09.966 [FXGL Background Thread 3 ] DEBUG Engine               - enabledMenuItems: []
12:26:09.967 [FXGL Background Thread 3 ] DEBUG Engine               - engineServices: [class com.almasb.fxgl.app.services.FXGLAssetLoaderService, class com.almasb.fxgl.app.FXGLApplication$GameApplicationService, class com.almasb.fxgl.app.services.FXGLDialogService, class com.almasb.fxgl.app.services.IOTaskExecutorService, class com.almasb.fxgl.io.FileSystemService, class com.almasb.fxgl.localization.LocalizationService, class com.almasb.fxgl.app.services.SystemBundleService, class com.almasb.fxgl.profile.SaveLoadService, class com.almasb.fxgl.ui.FXGLUIFactoryServiceProvider, class com.almasb.fxgl.ui.FXGLDialogFactoryServiceProvider, class com.almasb.fxgl.audio.AudioPlayer, class com.almasb.fxgl.notification.impl.NotificationServiceProvider, class com.almasb.fxgl.achievement.AchievementService, class com.almasb.fxgl.cutscene.CutsceneService, class com.almasb.fxgl.minigames.MiniGameService, class com.almasb.fxgl.net.NetService, class com.almasb.fxgl.app.services.UpdaterService, class com.almasb.fxgl.dev.DevService]
12:26:09.967 [FXGL Background Thread 3 ] DEBUG Engine               - fontGame: Abel-Regular.ttf
12:26:09.967 [FXGL Background Thread 3 ] DEBUG Engine               - fontMono: TerminalLandMono-Regular.otf
12:26:09.967 [FXGL Background Thread 3 ] DEBUG Engine               - fontSizeScaleUI: 1.0
12:26:09.967 [FXGL Background Thread 3 ] DEBUG Engine               - fontText: Courier-Prime.ttf
12:26:09.967 [FXGL Background Thread 3 ] DEBUG Engine               - fontUI: VarelaRound-Regular.ttf
12:26:09.967 [FXGL Background Thread 3 ] DEBUG Engine               - fullScreen: BooleanProperty [value: false]
12:26:09.967 [FXGL Background Thread 3 ] DEBUG Engine               - gameDifficulty: MEDIUM
12:26:09.967 [FXGL Background Thread 3 ] DEBUG Engine               - gameDifficultyProperty: ObjectProperty [value: MEDIUM]
12:26:09.968 [FXGL Background Thread 3 ] DEBUG Engine               - globalMusicVolume: 0.5
12:26:09.968 [FXGL Background Thread 3 ] DEBUG Engine               - globalMusicVolumeProperty: DoubleProperty [value: 0.5]
12:26:09.968 [FXGL Background Thread 3 ] DEBUG Engine               - globalSoundVolume: 0.5
12:26:09.968 [FXGL Background Thread 3 ] DEBUG Engine               - globalSoundVolumeProperty: DoubleProperty [value: 0.5]
12:26:09.968 [FXGL Background Thread 3 ] DEBUG Engine               - height: 600
12:26:09.968 [FXGL Background Thread 3 ] DEBUG Engine               - is3D: false
12:26:09.968 [FXGL Background Thread 3 ] DEBUG Engine               - isAndroid: false
12:26:09.968 [FXGL Background Thread 3 ] DEBUG Engine               - isBrowser: false
12:26:09.969 [FXGL Background Thread 3 ] DEBUG Engine               - isClickFeedbackEnabled: false
12:26:09.969 [FXGL Background Thread 3 ] DEBUG Engine               - isCloseConfirmation: false
12:26:09.969 [FXGL Background Thread 3 ] DEBUG Engine               - isDesktop: true
12:26:09.969 [FXGL Background Thread 3 ] DEBUG Engine               - isDeveloperMenuEnabled: false
12:26:09.969 [FXGL Background Thread 3 ] DEBUG Engine               - isEmbedded: false
12:26:09.969 [FXGL Background Thread 3 ] DEBUG Engine               - isEntityPreloadEnabled: true
12:26:09.969 [FXGL Background Thread 3 ] DEBUG Engine               - isExperimentalTiledLargeMap: false
12:26:09.969 [FXGL Background Thread 3 ] DEBUG Engine               - isFileSystemWriteAllowed: true
12:26:09.970 [FXGL Background Thread 3 ] DEBUG Engine               - isFullScreenAllowed: false
12:26:09.970 [FXGL Background Thread 3 ] DEBUG Engine               - isFullScreenFromStart: false
12:26:09.970 [FXGL Background Thread 3 ] DEBUG Engine               - isGameMenuEnabled: true
12:26:09.972 [FXGL Background Thread 3 ] DEBUG Engine               - isIOS: false
12:26:09.972 [FXGL Background Thread 3 ] DEBUG Engine               - isIntroEnabled: false
12:26:09.973 [FXGL Background Thread 3 ] DEBUG Engine               - isLinux: false
12:26:09.974 [FXGL Background Thread 3 ] DEBUG Engine               - isMac: false
12:26:09.974 [FXGL Background Thread 3 ] DEBUG Engine               - isMainMenuEnabled: false
12:26:09.974 [FXGL Background Thread 3 ] DEBUG Engine               - isManualResizeEnabled: false
12:26:09.974 [FXGL Background Thread 3 ] DEBUG Engine               - isMobile: false
12:26:09.974 [FXGL Background Thread 3 ] DEBUG Engine               - isNative: false
12:26:09.974 [FXGL Background Thread 3 ] DEBUG Engine               - isPauseMusicWhenMinimized: true
12:26:09.974 [FXGL Background Thread 3 ] DEBUG Engine               - isPreserveResizeRatio: false
12:26:09.974 [FXGL Background Thread 3 ] DEBUG Engine               - isProfilingEnabled: false
12:26:09.974 [FXGL Background Thread 3 ] DEBUG Engine               - isScaleAffectedOnResize: true
12:26:09.974 [FXGL Background Thread 3 ] DEBUG Engine               - isSingleStep: false
12:26:09.974 [FXGL Background Thread 3 ] DEBUG Engine               - isUserProfileEnabled: false
12:26:09.975 [FXGL Background Thread 3 ] DEBUG Engine               - isWindows: true
12:26:09.975 [FXGL Background Thread 3 ] DEBUG Engine               - language: ObjectProperty [value: ENGLISH]
12:26:09.975 [FXGL Background Thread 3 ] DEBUG Engine               - menuKey: ESCAPE
12:26:09.975 [FXGL Background Thread 3 ] DEBUG Engine               - mouseSensitivity: 0.2
12:26:09.975 [FXGL Background Thread 3 ] DEBUG Engine               - notificationViewClass: class com.almasb.fxgl.notification.view.XboxNotificationView
12:26:09.975 [FXGL Background Thread 3 ] DEBUG Engine               - pixelsPerMeter: 50.0
12:26:09.975 [FXGL Background Thread 3 ] DEBUG Engine               - platform: WINDOWS
12:26:09.975 [FXGL Background Thread 3 ] DEBUG Engine               - prefHeightProperty: ReadOnlyDoubleProperty [value: 600.0]
12:26:09.975 [FXGL Background Thread 3 ] DEBUG Engine               - prefWidthProperty: ReadOnlyDoubleProperty [value: 800.0]
12:26:09.975 [FXGL Background Thread 3 ] DEBUG Engine               - profileDir: profiles/
12:26:09.976 [FXGL Background Thread 3 ] DEBUG Engine               - profileName: StringProperty [value: DEFAULT]
12:26:09.976 [FXGL Background Thread 3 ] DEBUG Engine               - randomSeed: -1
12:26:09.978 [FXGL Background Thread 3 ] DEBUG Engine               - runtimeInfo: RuntimeInfo(platform=WINDOWS, version=17.3, build=30.03.2023 11.54)
12:26:09.978 [FXGL Background Thread 3 ] DEBUG Engine               - saveFileExt: sav
12:26:09.978 [FXGL Background Thread 3 ] DEBUG Engine               - scaledHeightProp$fxgl: DoubleProperty [bound, value: 600.0]
12:26:09.978 [FXGL Background Thread 3 ] DEBUG Engine               - scaledWidthProp$fxgl: DoubleProperty [bound, value: 800.0]
12:26:09.978 [FXGL Background Thread 3 ] DEBUG Engine               - sceneFactory: com.almasb.fxgl.app.scene.SceneFactory@20861c0d
12:26:09.978 [FXGL Background Thread 3 ] DEBUG Engine               - secondsIn24h: 60
12:26:09.978 [FXGL Background Thread 3 ] DEBUG Engine               - soundMenuBack: menu/back.wav
12:26:09.978 [FXGL Background Thread 3 ] DEBUG Engine               - soundMenuPress: menu/press.wav
12:26:09.979 [FXGL Background Thread 3 ] DEBUG Engine               - soundMenuSelect: menu/select.wav
12:26:09.979 [FXGL Background Thread 3 ] DEBUG Engine               - soundNotification: core/notification.wav
12:26:09.979 [FXGL Background Thread 3 ] DEBUG Engine               - stageStyle: DECORATED
12:26:09.979 [FXGL Background Thread 3 ] DEBUG Engine               - supportedLanguages: [ENGLISH, FRENCH, GERMAN, HUNGARIAN, RUSSIAN]
12:26:09.979 [FXGL Background Thread 3 ] DEBUG Engine               - ticksPerSecond: -1
12:26:09.979 [FXGL Background Thread 3 ] DEBUG Engine               - title: Untitled
12:26:09.979 [FXGL Background Thread 3 ] DEBUG Engine               - urlGithub: https://github.com/AlmasB/FXGL
12:26:09.979 [FXGL Background Thread 3 ] DEBUG Engine               - urlLeaderboard: http://fxgl-top.herokuapp.com/
12:26:09.980 [FXGL Background Thread 3 ] DEBUG Engine               - urlPOM: https://raw.githubusercontent.com/AlmasB/FXGL/release/README.md
12:26:09.980 [FXGL Background Thread 3 ] DEBUG Engine               - userAppClass: class core.RTSMain
12:26:09.980 [FXGL Background Thread 3 ] DEBUG Engine               - version: 0.0
12:26:09.980 [FXGL Background Thread 3 ] DEBUG Engine               - versionCheckDays: 7
12:26:09.980 [FXGL Background Thread 3 ] DEBUG Engine               - width: 800
12:26:09.980 [FXGL Background Thread 3 ] DEBUG Engine               - Logging services
12:26:09.980 [FXGL Background Thread 3 ] DEBUG Engine               - class com.almasb.fxgl.app.services.FXGLAssetLoaderService
12:26:09.980 [FXGL Background Thread 3 ] DEBUG Engine               - class com.almasb.fxgl.app.FXGLApplication$GameApplicationService
12:26:09.980 [FXGL Background Thread 3 ] DEBUG Engine               - class com.almasb.fxgl.app.services.FXGLDialogService
12:26:09.980 [FXGL Background Thread 3 ] DEBUG Engine               - class com.almasb.fxgl.app.services.IOTaskExecutorService
12:26:09.981 [FXGL Background Thread 3 ] DEBUG Engine               - class com.almasb.fxgl.io.FileSystemService
12:26:09.981 [FXGL Background Thread 3 ] DEBUG Engine               - class com.almasb.fxgl.localization.LocalizationService
12:26:09.981 [FXGL Background Thread 3 ] DEBUG Engine               - class com.almasb.fxgl.app.services.SystemBundleService
12:26:09.981 [FXGL Background Thread 3 ] DEBUG Engine               - class com.almasb.fxgl.profile.SaveLoadService
12:26:09.981 [FXGL Background Thread 3 ] DEBUG Engine               - class com.almasb.fxgl.ui.FXGLUIFactoryServiceProvider
12:26:09.981 [FXGL Background Thread 3 ] DEBUG Engine               - class com.almasb.fxgl.ui.FXGLDialogFactoryServiceProvider
12:26:09.981 [FXGL Background Thread 3 ] DEBUG Engine               - class com.almasb.fxgl.audio.AudioPlayer
12:26:09.981 [FXGL Background Thread 3 ] DEBUG Engine               - class com.almasb.fxgl.notification.impl.NotificationServiceProvider
12:26:09.981 [FXGL Background Thread 3 ] DEBUG Engine               - class com.almasb.fxgl.achievement.AchievementService
12:26:09.981 [FXGL Background Thread 3 ] DEBUG Engine               - class com.almasb.fxgl.cutscene.CutsceneService
12:26:09.981 [FXGL Background Thread 3 ] DEBUG Engine               - class com.almasb.fxgl.minigames.MiniGameService
12:26:09.981 [FXGL Background Thread 3 ] DEBUG Engine               - class com.almasb.fxgl.net.NetService
12:26:09.982 [FXGL Background Thread 3 ] DEBUG Engine               - class com.almasb.fxgl.app.services.UpdaterService
12:26:09.982 [FXGL Background Thread 3 ] DEBUG Engine               - class com.almasb.fxgl.dev.DevService
12:26:13.992 [FXGL Background Thread 1 ] INFO  FXGLApplication      - Game initialization took: 6.794 sec
12:26:13.993 [JavaFX Application Thread] DEBUG Input                - Clearing active input actions
12:26:14.127 [JavaFX Application Thread] DEBUG GameApplicationServi - Removing overlay from FXGLLoadingScene and adding to GameScene
12:26:14.128 [JavaFX Application Thread] DEBUG PrimaryStageWindow   - FXGLLoadingScene -> GameScene
12:26:26.373 [JavaFX Application Thread] DEBUG FXGLApplication      - Exiting FXGL
12:26:26.373 [JavaFX Application Thread] DEBUG LoopRunner           - Stopping loop
12:26:26.373 [JavaFX Application Thread] DEBUG SystemBundleService  - Saving FXGL system data
12:26:26.379 [JavaFX Application Thread] DEBUG FileSystemAccess     - Writing to: C:\Users\tnelson25.GVSD\OneDrive - Great Valley School District\10th Grade\APCSA\CompSciFinal\system\fxgl.bundle
12:26:26.384 [JavaFX Application Thread] DEBUG Async                - Shutting down background threads
12:26:26.385 [JavaFX Application Thread] DEBUG PrimaryStageWindow   - Closing main window
12:26:26.398 [JavaFX Application Thread] DEBUG Logger               - Closing Logger
