11:21:15.221 [main                     ] DEBUG Logger               - Configured Logger
11:21:15.265 [main                     ] DEBUG GameApplication      - Logging settings
Title: Untitled
Version: 0.0
Width: 800
Height: 600
Fullscreen: false
Intro: false
Profiling: false
Single step:false
App Mode: DEVELOPER
Menu Key: ESCAPE
Stage Style: DECORATED
Scene Factory: class com.almasb.fxgl.app.scene.SceneFactory

11:21:15.491 [JavaFX Application Thread] DEBUG FXGLApplication      - Initializing FXGL
11:21:15.500 [JavaFX Application Thread] INFO  Engine               - FXGL-17.3 (30.03.2023 11.54) on WINDOWS (J:20.0.1 FX:20)
11:21:15.501 [JavaFX Application Thread] DEBUG Engine               - JRE Vendor Name: Oracle Corporation
11:21:15.502 [JavaFX Application Thread] DEBUG Engine               - Running on OS: Windows 10 version 10.0
11:21:15.502 [JavaFX Application Thread] DEBUG Engine               - Architecture: amd64
11:21:15.502 [JavaFX Application Thread] INFO  Engine               - Source code and latest versions at: https://github.com/AlmasB/FXGL
11:21:15.503 [JavaFX Application Thread] INFO  Engine               -       Ask questions and discuss at: https://github.com/AlmasB/FXGL/discussions
11:21:15.503 [JavaFX Application Thread] INFO  Engine               -              Join the FXGL chat at: https://gitter.im/AlmasB/FXGL
11:21:15.665 [JavaFX Application Thread] DEBUG PrimaryStageWindow   - Creating a JavaFX scene
11:21:15.813 [JavaFX Application Thread] DEBUG PrimaryStageWindow   - Target settings size: 800.0 x 600.0
11:21:15.814 [JavaFX Application Thread] DEBUG PrimaryStageWindow   - Scaled scene size:    800.0 x 600.0
11:21:15.814 [JavaFX Application Thread] DEBUG PrimaryStageWindow   - Scaled ratio: (1.0, 1.0)
11:21:15.817 [JavaFX Application Thread] DEBUG PrimaryStageWindow   - Set initial scene to FXGLStartupScene
11:21:15.826 [JavaFX Application Thread] DEBUG PrimaryStageWindow   - Opening main window
11:21:15.996 [JavaFX Application Thread] DEBUG PrimaryStageWindow   - Window border size: (16.0, 39.0)
11:21:15.996 [JavaFX Application Thread] DEBUG PrimaryStageWindow   - Scaled size: 800.0 x 600.0
11:21:15.997 [JavaFX Application Thread] DEBUG PrimaryStageWindow   - Scaled ratio: (1.0, 1.0)
11:21:15.998 [JavaFX Application Thread] DEBUG PrimaryStageWindow   - Scene size: 800.0 x 600.0
11:21:15.998 [JavaFX Application Thread] DEBUG PrimaryStageWindow   - Stage size: 816.0 x 639.0
11:21:16.024 [FXGL Background Thread 1 ] DEBUG Engine               - Initializing environment variables
11:21:16.200 [FXGL Background Thread 1 ] DEBUG FXGLAssetLoaderServi - User app class for loading assets: class core.RTSMain
11:21:16.201 [FXGL Background Thread 1 ] DEBUG GameApplicationServi - Applying CSS: fxgl_dark.css
11:21:16.205 [FXGL Background Thread 1 ] DEBUG FXGLAssetLoaderServi - Loading from file system: jar:file:/C:/Users/tnelson25.GVSD/Downloads/fxgl-17.3-uber.jar!/fxglassets/ui/css/fxgl_dark.css
11:21:16.318 [FXGL Background Thread 1 ] DEBUG GameApplicationServi - Initializing application scenes
11:21:16.463 [FXGL Background Thread 1 ] DEBUG GameWorld            - Game world initialized
11:21:16.612 [FXGL Background Thread 1 ] DEBUG PhysicsWorld         - Physics world initialized: appHeight=600, physics.ppm=50.0
11:21:16.613 [FXGL Background Thread 1 ] DEBUG PhysicsWorld         - Using strategy: BRUTE_FORCE
11:21:16.624 [FXGL Background Thread 1 ] DEBUG GameScene            - Game scene initialized: 800x600
11:21:16.657 [FXGL Background Thread 1 ] DEBUG FXGL.DefaultMenu     - createMenuBodyGameMenu()
11:21:16.707 [FXGL Background Thread 1 ] DEBUG FXGL.DefaultMenu     - createOptionsMenu()
11:21:16.736 [FXGL Background Thread 1 ] DEBUG FXGLAssetLoaderServi - Loading from file system: jar:file:/C:/Users/tnelson25.GVSD/Downloads/fxgl-17.3-uber.jar!/fxglassets/textures/particles/smoke.png
11:21:17.028 [FXGL Background Thread 1 ] DEBUG FXGLAssetLoaderServi - Loading from file system: jar:file:/C:/Users/tnelson25.GVSD/Downloads/fxgl-17.3-uber.jar!/fxglassets/textures/particles/trace_horizontal.png
11:21:17.128 [FXGL Background Thread 1 ] DEBUG GameApplicationServi - Application scenes initialized
11:21:17.175 [FXGL Background Thread 1 ] DEBUG SystemBundleService  - Loading FXGL system data
11:21:17.206 [FXGL Background Thread 1 ] DEBUG FileSystemAccess     - Reading from: C:\Users\tnelson25.GVSD\OneDrive - Great Valley School District\10th Grade\APCSA\CompSciFinal\system\fxgl.bundle
11:21:17.228 [FXGL Background Thread 1 ] DEBUG SystemBundleService  - Bundle FXGL: {}
11:21:17.229 [FXGL Background Thread 1 ] DEBUG UpdaterService       - Checking for updates
11:21:17.241 [FXGL Background Thread 1 ] DEBUG FXGLApplication      - Loading default localization
11:21:17.243 [FXGL Background Thread 1 ] DEBUG FXGLAssetLoaderServi - Loading from file system: jar:file:/C:/Users/tnelson25.GVSD/Downloads/fxgl-17.3-uber.jar!/fxglassets/languages/english.lang
11:21:17.287 [FXGL Background Thread 4 ] DEBUG FXGLApplication      - Loading fonts
11:21:17.288 [FXGL Background Thread 4 ] DEBUG FXGLAssetLoaderServi - Loading from file system: jar:file:/C:/Users/tnelson25.GVSD/Downloads/fxgl-17.3-uber.jar!/fxglassets/ui/fonts/VarelaRound-Regular.ttf
11:21:17.353 [FXGL Background Thread 1 ] INFO  FXGLApplication      - FXGL initialization took: 1.329 sec
11:21:17.377 [JavaFX Application Thread] DEBUG Input                - Registered new binding: action0 - A
11:21:17.378 [JavaFX Application Thread] DEBUG Input                - Registered new binding: action1 - D
11:21:17.379 [JavaFX Application Thread] DEBUG Input                - Registered new binding: action2 - W
11:21:17.379 [JavaFX Application Thread] DEBUG Input                - Registered new binding: action3 - S
11:21:17.381 [JavaFX Application Thread] DEBUG Input                - Registered new binding: action4 - Tab
11:21:17.386 [JavaFX Application Thread] DEBUG Input                - Registered new binding: action5 - LMB
11:21:17.387 [JavaFX Application Thread] DEBUG Input                - Registered new binding: action6 - RMB
11:21:17.391 [JavaFX Application Thread] DEBUG FXGLAssetLoaderServi - Loading from file system: jar:file:/C:/Users/tnelson25.GVSD/Downloads/fxgl-17.3-uber.jar!/fxglassets/textures/fxgl_icon.png
11:21:17.453 [JavaFX Application Thread] DEBUG FXGLAssetLoaderServi - Loading from file system: jar:file:/C:/Users/tnelson25.GVSD/Downloads/fxgl-17.3-uber.jar!/fxglassets/textures/fxgl_default_cursor.png
11:21:17.458 [JavaFX Application Thread] DEBUG Input                - Registered new binding: Screenshot - CTRL+8
11:21:17.459 [JavaFX Application Thread] DEBUG Input                - Registered new binding: System info dump - CTRL+9
11:21:17.460 [JavaFX Application Thread] DEBUG Input                - Registered new binding: Restart - CTRL+R
11:21:17.462 [JavaFX Application Thread] DEBUG Input                - Registered new binding: Toggle Debug Camera - CTRL+7
11:21:17.470 [JavaFX Application Thread] DEBUG LoopRunner           - Starting loop
11:21:17.470 [JavaFX Application Thread] DEBUG LoopRunner           - Initializing JavaFX AnimationTimerLoop
11:21:17.474 [JavaFX Application Thread] DEBUG GameApplicationServi - Starting new game
11:21:17.474 [JavaFX Application Thread] DEBUG Input                - Clearing active input actions
11:21:17.522 [JavaFX Application Thread] DEBUG GameApplicationServi - Removing overlay from FXGLStartupScene and adding to FXGLLoadingScene
11:21:17.523 [JavaFX Application Thread] DEBUG PrimaryStageWindow   - FXGLStartupScene -> FXGLLoadingScene
11:21:17.526 [JavaFX Application Thread] DEBUG GameApplicationServi - Clearing previous game
11:21:17.527 [JavaFX Application Thread] DEBUG GameScene            - Clearing game scene
11:21:17.528 [JavaFX Application Thread] DEBUG GameWorld            - Clearing game world
11:21:17.528 [JavaFX Application Thread] DEBUG PhysicsWorld         - Clearing physics world
11:21:17.531 [FXGL Background Thread 1 ] DEBUG FXGLApplication      - Initializing game
11:21:18.542 [FXGL Background Thread 4 ] DEBUG FXGLAssetLoaderServi - Loading from file system: jar:file:/C:/Users/tnelson25.GVSD/Downloads/fxgl-17.3-uber.jar!/fxglassets/ui/fonts/Abel-Regular.ttf
11:21:18.550 [FXGL Background Thread 4 ] DEBUG FXGLAssetLoaderServi - Loading from file system: jar:file:/C:/Users/tnelson25.GVSD/Downloads/fxgl-17.3-uber.jar!/fxglassets/ui/fonts/TerminalLandMono-Regular.otf
11:21:18.564 [FXGL Background Thread 4 ] DEBUG FXGLAssetLoaderServi - Loading from file system: jar:file:/C:/Users/tnelson25.GVSD/Downloads/fxgl-17.3-uber.jar!/fxglassets/ui/fonts/Courier-Prime.ttf
11:21:18.578 [JavaFX Application Thread] DEBUG FXGLApplication      - Registering font factories with UI factory
11:21:20.238 [FXGL Background Thread 3 ] DEBUG Engine               - Logging environment variables
11:21:20.240 [FXGL Background Thread 3 ] DEBUG Engine               - achievements: []
11:21:20.240 [FXGL Background Thread 3 ] DEBUG Engine               - actualHeight: 600.0
11:21:20.240 [FXGL Background Thread 3 ] DEBUG Engine               - actualHeightProperty: ReadOnlyDoubleProperty [value: 600.0]
11:21:20.241 [FXGL Background Thread 3 ] DEBUG Engine               - actualWidth: 800.0
11:21:20.241 [FXGL Background Thread 3 ] DEBUG Engine               - actualWidthProperty: ReadOnlyDoubleProperty [value: 800.0]
11:21:20.241 [FXGL Background Thread 3 ] DEBUG Engine               - appIcon: fxgl_icon.png
11:21:20.241 [FXGL Background Thread 3 ] DEBUG Engine               - applicationMode: DEVELOPER
11:21:20.241 [FXGL Background Thread 3 ] DEBUG Engine               - cSSList: [fxgl_dark.css]
11:21:20.241 [FXGL Background Thread 3 ] DEBUG Engine               - collisionDetectionStrategy: BRUTE_FORCE
11:21:20.242 [FXGL Background Thread 3 ] DEBUG Engine               - configClass: Optional.empty
11:21:20.242 [FXGL Background Thread 3 ] DEBUG Engine               - credits: []
11:21:20.242 [FXGL Background Thread 3 ] DEBUG Engine               - defaultCursor: CursorInfo(imageName=fxgl_default_cursor.png, hotspotX=7.0, hotspotY=6.0)
11:21:20.243 [FXGL Background Thread 3 ] DEBUG Engine               - devBBoxColorProperty: ObjectProperty [value: 0xff0000ff]
11:21:20.243 [FXGL Background Thread 3 ] DEBUG Engine               - devEnableDebugCameraProperty: BooleanProperty [value: false]
11:21:20.243 [FXGL Background Thread 3 ] DEBUG Engine               - devSensorColorProperty: ObjectProperty [value: 0xffff00ff]
11:21:20.244 [FXGL Background Thread 3 ] DEBUG Engine               - devShowBBoxProperty: BooleanProperty [value: false]
11:21:20.244 [FXGL Background Thread 3 ] DEBUG Engine               - devShowPositionProperty: BooleanProperty [value: false]
11:21:20.244 [FXGL Background Thread 3 ] DEBUG Engine               - enabledMenuItems: []
11:21:20.244 [FXGL Background Thread 3 ] DEBUG Engine               - engineServices: [class com.almasb.fxgl.app.services.FXGLAssetLoaderService, class com.almasb.fxgl.app.FXGLApplication$GameApplicationService, class com.almasb.fxgl.app.services.FXGLDialogService, class com.almasb.fxgl.app.services.IOTaskExecutorService, class com.almasb.fxgl.io.FileSystemService, class com.almasb.fxgl.localization.LocalizationService, class com.almasb.fxgl.app.services.SystemBundleService, class com.almasb.fxgl.profile.SaveLoadService, class com.almasb.fxgl.ui.FXGLUIFactoryServiceProvider, class com.almasb.fxgl.ui.FXGLDialogFactoryServiceProvider, class com.almasb.fxgl.audio.AudioPlayer, class com.almasb.fxgl.notification.impl.NotificationServiceProvider, class com.almasb.fxgl.achievement.AchievementService, class com.almasb.fxgl.cutscene.CutsceneService, class com.almasb.fxgl.minigames.MiniGameService, class com.almasb.fxgl.net.NetService, class com.almasb.fxgl.app.services.UpdaterService, class com.almasb.fxgl.dev.DevService]
11:21:20.244 [FXGL Background Thread 3 ] DEBUG Engine               - fontGame: Abel-Regular.ttf
11:21:20.244 [FXGL Background Thread 3 ] DEBUG Engine               - fontMono: TerminalLandMono-Regular.otf
11:21:20.245 [FXGL Background Thread 3 ] DEBUG Engine               - fontSizeScaleUI: 1.0
11:21:20.245 [FXGL Background Thread 3 ] DEBUG Engine               - fontText: Courier-Prime.ttf
11:21:20.245 [FXGL Background Thread 3 ] DEBUG Engine               - fontUI: VarelaRound-Regular.ttf
11:21:20.245 [FXGL Background Thread 3 ] DEBUG Engine               - fullScreen: BooleanProperty [value: false]
11:21:20.245 [FXGL Background Thread 3 ] DEBUG Engine               - gameDifficulty: MEDIUM
11:21:20.245 [FXGL Background Thread 3 ] DEBUG Engine               - gameDifficultyProperty: ObjectProperty [value: MEDIUM]
11:21:20.245 [FXGL Background Thread 3 ] DEBUG Engine               - globalMusicVolume: 0.5
11:21:20.245 [FXGL Background Thread 3 ] DEBUG Engine               - globalMusicVolumeProperty: DoubleProperty [value: 0.5]
11:21:20.246 [FXGL Background Thread 3 ] DEBUG Engine               - globalSoundVolume: 0.5
11:21:20.246 [FXGL Background Thread 3 ] DEBUG Engine               - globalSoundVolumeProperty: DoubleProperty [value: 0.5]
11:21:20.246 [FXGL Background Thread 3 ] DEBUG Engine               - height: 600
11:21:20.246 [FXGL Background Thread 3 ] DEBUG Engine               - is3D: false
11:21:20.246 [FXGL Background Thread 3 ] DEBUG Engine               - isAndroid: false
11:21:20.246 [FXGL Background Thread 3 ] DEBUG Engine               - isBrowser: false
11:21:20.246 [FXGL Background Thread 3 ] DEBUG Engine               - isClickFeedbackEnabled: false
11:21:20.246 [FXGL Background Thread 3 ] DEBUG Engine               - isCloseConfirmation: false
11:21:20.246 [FXGL Background Thread 3 ] DEBUG Engine               - isDesktop: true
11:21:20.247 [FXGL Background Thread 3 ] DEBUG Engine               - isDeveloperMenuEnabled: false
11:21:20.247 [FXGL Background Thread 3 ] DEBUG Engine               - isEmbedded: false
11:21:20.247 [FXGL Background Thread 3 ] DEBUG Engine               - isEntityPreloadEnabled: true
11:21:20.247 [FXGL Background Thread 3 ] DEBUG Engine               - isExperimentalTiledLargeMap: false
11:21:20.247 [FXGL Background Thread 3 ] DEBUG Engine               - isFileSystemWriteAllowed: true
11:21:20.247 [FXGL Background Thread 3 ] DEBUG Engine               - isFullScreenAllowed: false
11:21:20.247 [FXGL Background Thread 3 ] DEBUG Engine               - isFullScreenFromStart: false
11:21:20.247 [FXGL Background Thread 3 ] DEBUG Engine               - isGameMenuEnabled: true
11:21:20.247 [FXGL Background Thread 3 ] DEBUG Engine               - isIOS: false
11:21:20.248 [FXGL Background Thread 3 ] DEBUG Engine               - isIntroEnabled: false
11:21:20.248 [FXGL Background Thread 3 ] DEBUG Engine               - isLinux: false
11:21:20.248 [FXGL Background Thread 3 ] DEBUG Engine               - isMac: false
11:21:20.248 [FXGL Background Thread 3 ] DEBUG Engine               - isMainMenuEnabled: false
11:21:20.248 [FXGL Background Thread 3 ] DEBUG Engine               - isManualResizeEnabled: false
11:21:20.248 [FXGL Background Thread 3 ] DEBUG Engine               - isMobile: false
11:21:20.248 [FXGL Background Thread 3 ] DEBUG Engine               - isNative: false
11:21:20.248 [FXGL Background Thread 3 ] DEBUG Engine               - isPauseMusicWhenMinimized: true
11:21:20.249 [FXGL Background Thread 3 ] DEBUG Engine               - isPreserveResizeRatio: false
11:21:20.249 [FXGL Background Thread 3 ] DEBUG Engine               - isProfilingEnabled: false
11:21:20.249 [FXGL Background Thread 3 ] DEBUG Engine               - isScaleAffectedOnResize: true
11:21:20.257 [FXGL Background Thread 3 ] DEBUG Engine               - isSingleStep: false
11:21:20.257 [FXGL Background Thread 3 ] DEBUG Engine               - isUserProfileEnabled: false
11:21:20.257 [FXGL Background Thread 3 ] DEBUG Engine               - isWindows: true
11:21:20.257 [FXGL Background Thread 3 ] DEBUG Engine               - language: ObjectProperty [value: ENGLISH]
11:21:20.257 [FXGL Background Thread 3 ] DEBUG Engine               - menuKey: ESCAPE
11:21:20.258 [FXGL Background Thread 3 ] DEBUG Engine               - mouseSensitivity: 0.2
11:21:20.258 [FXGL Background Thread 3 ] DEBUG Engine               - notificationViewClass: class com.almasb.fxgl.notification.view.XboxNotificationView
11:21:20.258 [FXGL Background Thread 3 ] DEBUG Engine               - pixelsPerMeter: 50.0
11:21:20.258 [FXGL Background Thread 3 ] DEBUG Engine               - platform: WINDOWS
11:21:20.258 [FXGL Background Thread 3 ] DEBUG Engine               - prefHeightProperty: ReadOnlyDoubleProperty [value: 600.0]
11:21:20.258 [FXGL Background Thread 3 ] DEBUG Engine               - prefWidthProperty: ReadOnlyDoubleProperty [value: 800.0]
11:21:20.258 [FXGL Background Thread 3 ] DEBUG Engine               - profileDir: profiles/
11:21:20.258 [FXGL Background Thread 3 ] DEBUG Engine               - profileName: StringProperty [value: DEFAULT]
11:21:20.259 [FXGL Background Thread 3 ] DEBUG Engine               - randomSeed: -1
11:21:20.259 [FXGL Background Thread 3 ] DEBUG Engine               - runtimeInfo: RuntimeInfo(platform=WINDOWS, version=17.3, build=30.03.2023 11.54)
11:21:20.259 [FXGL Background Thread 3 ] DEBUG Engine               - saveFileExt: sav
11:21:20.259 [FXGL Background Thread 3 ] DEBUG Engine               - scaledHeightProp$fxgl: DoubleProperty [bound, value: 600.0]
11:21:20.259 [FXGL Background Thread 3 ] DEBUG Engine               - scaledWidthProp$fxgl: DoubleProperty [bound, value: 800.0]
11:21:20.260 [FXGL Background Thread 3 ] DEBUG Engine               - sceneFactory: com.almasb.fxgl.app.scene.SceneFactory@71683976
11:21:20.260 [FXGL Background Thread 3 ] DEBUG Engine               - secondsIn24h: 60
11:21:20.260 [FXGL Background Thread 3 ] DEBUG Engine               - soundMenuBack: menu/back.wav
11:21:20.260 [FXGL Background Thread 3 ] DEBUG Engine               - soundMenuPress: menu/press.wav
11:21:20.260 [FXGL Background Thread 3 ] DEBUG Engine               - soundMenuSelect: menu/select.wav
11:21:20.260 [FXGL Background Thread 3 ] DEBUG Engine               - soundNotification: core/notification.wav
11:21:20.260 [FXGL Background Thread 3 ] DEBUG Engine               - stageStyle: DECORATED
11:21:20.260 [FXGL Background Thread 3 ] DEBUG Engine               - supportedLanguages: [ENGLISH, FRENCH, GERMAN, HUNGARIAN, RUSSIAN]
11:21:20.260 [FXGL Background Thread 3 ] DEBUG Engine               - ticksPerSecond: -1
11:21:20.260 [FXGL Background Thread 3 ] DEBUG Engine               - title: Untitled
11:21:20.261 [FXGL Background Thread 3 ] DEBUG Engine               - urlGithub: https://github.com/AlmasB/FXGL
11:21:20.261 [FXGL Background Thread 3 ] DEBUG Engine               - urlLeaderboard: http://fxgl-top.herokuapp.com/
11:21:20.261 [FXGL Background Thread 3 ] DEBUG Engine               - urlPOM: https://raw.githubusercontent.com/AlmasB/FXGL/release/README.md
11:21:20.261 [FXGL Background Thread 3 ] DEBUG Engine               - userAppClass: class core.RTSMain
11:21:20.261 [FXGL Background Thread 3 ] DEBUG Engine               - version: 0.0
11:21:20.261 [FXGL Background Thread 3 ] DEBUG Engine               - versionCheckDays: 7
11:21:20.261 [FXGL Background Thread 3 ] DEBUG Engine               - width: 800
11:21:20.261 [FXGL Background Thread 3 ] DEBUG Engine               - Logging services
11:21:20.261 [FXGL Background Thread 3 ] DEBUG Engine               - class com.almasb.fxgl.app.services.FXGLAssetLoaderService
11:21:20.261 [FXGL Background Thread 3 ] DEBUG Engine               - class com.almasb.fxgl.app.FXGLApplication$GameApplicationService
11:21:20.262 [FXGL Background Thread 3 ] DEBUG Engine               - class com.almasb.fxgl.app.services.FXGLDialogService
11:21:20.262 [FXGL Background Thread 3 ] DEBUG Engine               - class com.almasb.fxgl.app.services.IOTaskExecutorService
11:21:20.262 [FXGL Background Thread 3 ] DEBUG Engine               - class com.almasb.fxgl.io.FileSystemService
11:21:20.262 [FXGL Background Thread 3 ] DEBUG Engine               - class com.almasb.fxgl.localization.LocalizationService
11:21:20.262 [FXGL Background Thread 3 ] DEBUG Engine               - class com.almasb.fxgl.app.services.SystemBundleService
11:21:20.262 [FXGL Background Thread 3 ] DEBUG Engine               - class com.almasb.fxgl.profile.SaveLoadService
11:21:20.262 [FXGL Background Thread 3 ] DEBUG Engine               - class com.almasb.fxgl.ui.FXGLUIFactoryServiceProvider
11:21:20.262 [FXGL Background Thread 3 ] DEBUG Engine               - class com.almasb.fxgl.ui.FXGLDialogFactoryServiceProvider
11:21:20.262 [FXGL Background Thread 3 ] DEBUG Engine               - class com.almasb.fxgl.audio.AudioPlayer
11:21:20.262 [FXGL Background Thread 3 ] DEBUG Engine               - class com.almasb.fxgl.notification.impl.NotificationServiceProvider
11:21:20.262 [FXGL Background Thread 3 ] DEBUG Engine               - class com.almasb.fxgl.achievement.AchievementService
11:21:20.263 [FXGL Background Thread 3 ] DEBUG Engine               - class com.almasb.fxgl.cutscene.CutsceneService
11:21:20.263 [FXGL Background Thread 3 ] DEBUG Engine               - class com.almasb.fxgl.minigames.MiniGameService
11:21:20.263 [FXGL Background Thread 3 ] DEBUG Engine               - class com.almasb.fxgl.net.NetService
11:21:20.263 [FXGL Background Thread 3 ] DEBUG Engine               - class com.almasb.fxgl.app.services.UpdaterService
11:21:20.263 [FXGL Background Thread 3 ] DEBUG Engine               - class com.almasb.fxgl.dev.DevService
11:21:24.149 [FXGL Background Thread 1 ] INFO  FXGLApplication      - Game initialization took: 6.617 sec
11:21:24.153 [JavaFX Application Thread] DEBUG Input                - Clearing active input actions
11:21:24.280 [JavaFX Application Thread] DEBUG GameApplicationServi - Removing overlay from FXGLLoadingScene and adding to GameScene
11:21:24.281 [JavaFX Application Thread] DEBUG PrimaryStageWindow   - FXGLLoadingScene -> GameScene
11:21:43.682 [JavaFX Application Thread] DEBUG FXGLApplication      - Exiting FXGL
11:21:43.683 [JavaFX Application Thread] DEBUG LoopRunner           - Stopping loop
11:21:43.683 [JavaFX Application Thread] DEBUG SystemBundleService  - Saving FXGL system data
11:21:43.687 [JavaFX Application Thread] DEBUG FileSystemAccess     - Writing to: C:\Users\tnelson25.GVSD\OneDrive - Great Valley School District\10th Grade\APCSA\CompSciFinal\system\fxgl.bundle
11:21:43.692 [JavaFX Application Thread] DEBUG Async                - Shutting down background threads
11:21:43.693 [JavaFX Application Thread] DEBUG PrimaryStageWindow   - Closing main window
11:21:43.712 [JavaFX Application Thread] DEBUG Logger               - Closing Logger
