20:37:45.003 [main                     ] DEBUG Logger               - Configured Logger
20:37:45.014 [main                     ] DEBUG GameApplication      - Logging settings
Title: Untitled
Version: 0.0
Width: 800
Height: 800
Fullscreen: false
Intro: false
Profiling: false
Single step:false
App Mode: DEVELOPER
Menu Key: ESCAPE
Stage Style: DECORATED
Scene Factory: class com.almasb.fxgl.app.scene.SceneFactory

20:37:45.132 [JavaFX Application Thread] DEBUG FXGLApplication      - Initializing FXGL
20:37:45.135 [JavaFX Application Thread] INFO  Engine               - FXGL-17.3 (30.03.2023 11.54) on WINDOWS (J:20.0.1 FX:20)
20:37:45.135 [JavaFX Application Thread] DEBUG Engine               - JRE Vendor Name: Oracle Corporation
20:37:45.135 [JavaFX Application Thread] DEBUG Engine               - Running on OS: Windows 10 version 10.0
20:37:45.135 [JavaFX Application Thread] DEBUG Engine               - Architecture: amd64
20:37:45.135 [JavaFX Application Thread] INFO  Engine               - Source code and latest versions at: https://github.com/AlmasB/FXGL
20:37:45.135 [JavaFX Application Thread] INFO  Engine               -       Ask questions and discuss at: https://github.com/AlmasB/FXGL/discussions
20:37:45.135 [JavaFX Application Thread] INFO  Engine               -              Join the FXGL chat at: https://gitter.im/AlmasB/FXGL
20:37:45.176 [JavaFX Application Thread] DEBUG PrimaryStageWindow   - Creating a JavaFX scene
20:37:45.220 [JavaFX Application Thread] DEBUG PrimaryStageWindow   - Target settings size: 800.0 x 800.0
20:37:45.221 [JavaFX Application Thread] DEBUG PrimaryStageWindow   - Scaled scene size:    800.0 x 800.0
20:37:45.221 [JavaFX Application Thread] DEBUG PrimaryStageWindow   - Scaled ratio: (1.0, 1.0)
20:37:45.221 [JavaFX Application Thread] DEBUG PrimaryStageWindow   - Set initial scene to FXGLStartupScene
20:37:45.224 [JavaFX Application Thread] DEBUG PrimaryStageWindow   - Opening main window
20:37:45.283 [JavaFX Application Thread] DEBUG PrimaryStageWindow   - Window border size: (16.0, 39.0)
20:37:45.283 [JavaFX Application Thread] DEBUG PrimaryStageWindow   - Scaled size: 800.0 x 800.0
20:37:45.283 [JavaFX Application Thread] DEBUG PrimaryStageWindow   - Scaled ratio: (1.0, 1.0)
20:37:45.283 [JavaFX Application Thread] DEBUG PrimaryStageWindow   - Scene size: 800.0 x 800.0
20:37:45.284 [JavaFX Application Thread] DEBUG PrimaryStageWindow   - Stage size: 816.0 x 839.0
20:37:45.290 [FXGL Background Thread 1 ] DEBUG Engine               - Initializing environment variables
20:37:45.323 [FXGL Background Thread 1 ] DEBUG FXGLAssetLoaderServi - User app class for loading assets: class core.RTSMain
20:37:45.323 [FXGL Background Thread 1 ] DEBUG GameApplicationServi - Applying CSS: fxgl_dark.css
20:37:45.324 [FXGL Background Thread 1 ] DEBUG FXGLAssetLoaderServi - Loading from file system: jar:file:/C:/Users/tanel/Downloads/fxgl-17.3-uber.jar!/fxglassets/ui/css/fxgl_dark.css
20:37:45.350 [FXGL Background Thread 1 ] DEBUG GameApplicationServi - Initializing application scenes
20:37:45.376 [FXGL Background Thread 1 ] DEBUG GameWorld            - Game world initialized
20:37:45.423 [FXGL Background Thread 1 ] DEBUG PhysicsWorld         - Physics world initialized: appHeight=800, physics.ppm=50.0
20:37:45.423 [FXGL Background Thread 1 ] DEBUG PhysicsWorld         - Using strategy: BRUTE_FORCE
20:37:45.426 [FXGL Background Thread 1 ] DEBUG GameScene            - Game scene initialized: 800x800
20:37:45.436 [FXGL Background Thread 1 ] DEBUG FXGL.DefaultMenu     - createMenuBodyGameMenu()
20:37:45.446 [FXGL Background Thread 1 ] DEBUG FXGL.DefaultMenu     - createOptionsMenu()
20:37:45.453 [FXGL Background Thread 1 ] DEBUG FXGLAssetLoaderServi - Loading from file system: jar:file:/C:/Users/tanel/Downloads/fxgl-17.3-uber.jar!/fxglassets/textures/particles/smoke.png
20:37:45.517 [FXGL Background Thread 1 ] DEBUG FXGLAssetLoaderServi - Loading from file system: jar:file:/C:/Users/tanel/Downloads/fxgl-17.3-uber.jar!/fxglassets/textures/particles/trace_horizontal.png
20:37:45.535 [FXGL Background Thread 1 ] DEBUG GameApplicationServi - Application scenes initialized
20:37:45.544 [FXGL Background Thread 1 ] DEBUG SystemBundleService  - Loading FXGL system data
20:37:45.547 [FXGL Background Thread 1 ] DEBUG FileSystemAccess     - Reading from: C:\Users\tanel\OneDrive - Great Valley School District\10th Grade\APCSA\CompSciFinal\system\fxgl.bundle
20:37:45.552 [FXGL Background Thread 1 ] DEBUG SystemBundleService  - Bundle FXGL: {}
20:37:45.552 [FXGL Background Thread 1 ] DEBUG UpdaterService       - Checking for updates
20:37:45.555 [FXGL Background Thread 4 ] DEBUG FXGLApplication      - Loading fonts
20:37:45.555 [FXGL Background Thread 4 ] DEBUG FXGLAssetLoaderServi - Loading from file system: jar:file:/C:/Users/tanel/Downloads/fxgl-17.3-uber.jar!/fxglassets/ui/fonts/VarelaRound-Regular.ttf
20:37:45.555 [FXGL Background Thread 1 ] DEBUG FXGLApplication      - Loading default localization
20:37:45.556 [FXGL Background Thread 1 ] DEBUG FXGLAssetLoaderServi - Loading from file system: jar:file:/C:/Users/tanel/Downloads/fxgl-17.3-uber.jar!/fxglassets/languages/english.lang
20:37:45.570 [FXGL Background Thread 1 ] INFO  FXGLApplication      - FXGL initialization took: 0.280 sec
20:37:45.577 [JavaFX Application Thread] DEBUG Input                - Registered new binding: action0 - A
20:37:45.577 [JavaFX Application Thread] DEBUG Input                - Registered new binding: action1 - D
20:37:45.578 [JavaFX Application Thread] DEBUG Input                - Registered new binding: action2 - W
20:37:45.578 [JavaFX Application Thread] DEBUG Input                - Registered new binding: action3 - S
20:37:45.578 [JavaFX Application Thread] DEBUG Input                - Registered new binding: action4 - Tab
20:37:45.579 [JavaFX Application Thread] DEBUG Input                - Registered new binding: action5 - LMB
20:37:45.579 [JavaFX Application Thread] DEBUG Input                - Registered new binding: action6 - RMB
20:37:45.580 [JavaFX Application Thread] DEBUG Input                - Registered new binding: action7 - H
20:37:45.580 [JavaFX Application Thread] DEBUG FXGLAssetLoaderServi - Loading from file system: jar:file:/C:/Users/tanel/Downloads/fxgl-17.3-uber.jar!/fxglassets/textures/fxgl_icon.png
20:37:45.596 [JavaFX Application Thread] DEBUG FXGLAssetLoaderServi - Loading from file system: jar:file:/C:/Users/tanel/Downloads/fxgl-17.3-uber.jar!/fxglassets/textures/fxgl_default_cursor.png
20:37:45.599 [JavaFX Application Thread] DEBUG Input                - Registered new binding: Screenshot - CTRL+8
20:37:45.599 [JavaFX Application Thread] DEBUG Input                - Registered new binding: System info dump - CTRL+9
20:37:45.599 [JavaFX Application Thread] DEBUG Input                - Registered new binding: Restart - CTRL+R
20:37:45.600 [JavaFX Application Thread] DEBUG Input                - Registered new binding: Toggle Debug Camera - CTRL+7
20:37:45.602 [JavaFX Application Thread] DEBUG LoopRunner           - Starting loop
20:37:45.602 [JavaFX Application Thread] DEBUG LoopRunner           - Initializing JavaFX AnimationTimerLoop
20:37:45.603 [JavaFX Application Thread] DEBUG GameApplicationServi - Starting new game
20:37:45.603 [FXGL Background Thread 4 ] DEBUG FXGLAssetLoaderServi - Loading from file system: jar:file:/C:/Users/tanel/Downloads/fxgl-17.3-uber.jar!/fxglassets/ui/fonts/Abel-Regular.ttf
20:37:45.603 [JavaFX Application Thread] DEBUG Input                - Clearing active input actions
20:37:45.606 [FXGL Background Thread 4 ] DEBUG FXGLAssetLoaderServi - Loading from file system: jar:file:/C:/Users/tanel/Downloads/fxgl-17.3-uber.jar!/fxglassets/ui/fonts/TerminalLandMono-Regular.otf
20:37:45.609 [FXGL Background Thread 4 ] DEBUG FXGLAssetLoaderServi - Loading from file system: jar:file:/C:/Users/tanel/Downloads/fxgl-17.3-uber.jar!/fxglassets/ui/fonts/Courier-Prime.ttf
20:37:45.613 [JavaFX Application Thread] DEBUG GameApplicationServi - Removing overlay from FXGLStartupScene and adding to FXGLLoadingScene
20:37:45.613 [JavaFX Application Thread] DEBUG PrimaryStageWindow   - FXGLStartupScene -> FXGLLoadingScene
20:37:45.614 [JavaFX Application Thread] DEBUG GameApplicationServi - Clearing previous game
20:37:45.614 [JavaFX Application Thread] DEBUG GameScene            - Clearing game scene
20:37:45.614 [JavaFX Application Thread] DEBUG GameWorld            - Clearing game world
20:37:45.614 [JavaFX Application Thread] DEBUG PhysicsWorld         - Clearing physics world
20:37:45.615 [FXGL Background Thread 4 ] DEBUG FXGLApplication      - Initializing game
20:37:45.653 [JavaFX Application Thread] DEBUG FXGLApplication      - Registering font factories with UI factory
20:37:45.967 [FXGL Background Thread 4 ] INFO  FXGLApplication      - Game initialization took: 0.351 sec
20:37:45.967 [JavaFX Application Thread] DEBUG Input                - Clearing active input actions
20:37:45.985 [JavaFX Application Thread] DEBUG GameApplicationServi - Removing overlay from FXGLLoadingScene and adding to GameScene
20:37:45.985 [JavaFX Application Thread] DEBUG PrimaryStageWindow   - FXGLLoadingScene -> GameScene
20:37:48.555 [FXGL Background Thread 3 ] DEBUG Engine               - Logging environment variables
20:37:48.555 [FXGL Background Thread 3 ] DEBUG Engine               - achievements: []
20:37:48.555 [FXGL Background Thread 3 ] DEBUG Engine               - actualHeight: 800.0
20:37:48.555 [FXGL Background Thread 3 ] DEBUG Engine               - actualHeightProperty: ReadOnlyDoubleProperty [value: 800.0]
20:37:48.555 [FXGL Background Thread 3 ] DEBUG Engine               - actualWidth: 800.0
20:37:48.555 [FXGL Background Thread 3 ] DEBUG Engine               - actualWidthProperty: ReadOnlyDoubleProperty [value: 800.0]
20:37:48.555 [FXGL Background Thread 3 ] DEBUG Engine               - appIcon: fxgl_icon.png
20:37:48.555 [FXGL Background Thread 3 ] DEBUG Engine               - applicationMode: DEVELOPER
20:37:48.555 [FXGL Background Thread 3 ] DEBUG Engine               - cSSList: [fxgl_dark.css]
20:37:48.555 [FXGL Background Thread 3 ] DEBUG Engine               - collisionDetectionStrategy: BRUTE_FORCE
20:37:48.555 [FXGL Background Thread 3 ] DEBUG Engine               - configClass: Optional.empty
20:37:48.556 [FXGL Background Thread 3 ] DEBUG Engine               - credits: []
20:37:48.556 [FXGL Background Thread 3 ] DEBUG Engine               - defaultCursor: CursorInfo(imageName=fxgl_default_cursor.png, hotspotX=7.0, hotspotY=6.0)
20:37:48.556 [FXGL Background Thread 3 ] DEBUG Engine               - devBBoxColorProperty: ObjectProperty [value: 0xff0000ff]
20:37:48.556 [FXGL Background Thread 3 ] DEBUG Engine               - devEnableDebugCameraProperty: BooleanProperty [value: false]
20:37:48.556 [FXGL Background Thread 3 ] DEBUG Engine               - devSensorColorProperty: ObjectProperty [value: 0xffff00ff]
20:37:48.556 [FXGL Background Thread 3 ] DEBUG Engine               - devShowBBoxProperty: BooleanProperty [value: false]
20:37:48.556 [FXGL Background Thread 3 ] DEBUG Engine               - devShowPositionProperty: BooleanProperty [value: false]
20:37:48.556 [FXGL Background Thread 3 ] DEBUG Engine               - enabledMenuItems: []
20:37:48.556 [FXGL Background Thread 3 ] DEBUG Engine               - engineServices: [class com.almasb.fxgl.app.services.FXGLAssetLoaderService, class com.almasb.fxgl.app.FXGLApplication$GameApplicationService, class com.almasb.fxgl.app.services.FXGLDialogService, class com.almasb.fxgl.app.services.IOTaskExecutorService, class com.almasb.fxgl.io.FileSystemService, class com.almasb.fxgl.localization.LocalizationService, class com.almasb.fxgl.app.services.SystemBundleService, class com.almasb.fxgl.profile.SaveLoadService, class com.almasb.fxgl.ui.FXGLUIFactoryServiceProvider, class com.almasb.fxgl.ui.FXGLDialogFactoryServiceProvider, class com.almasb.fxgl.audio.AudioPlayer, class com.almasb.fxgl.notification.impl.NotificationServiceProvider, class com.almasb.fxgl.achievement.AchievementService, class com.almasb.fxgl.cutscene.CutsceneService, class com.almasb.fxgl.minigames.MiniGameService, class com.almasb.fxgl.net.NetService, class com.almasb.fxgl.app.services.UpdaterService, class com.almasb.fxgl.dev.DevService]
20:37:48.556 [FXGL Background Thread 3 ] DEBUG Engine               - fontGame: Abel-Regular.ttf
20:37:48.556 [FXGL Background Thread 3 ] DEBUG Engine               - fontMono: TerminalLandMono-Regular.otf
20:37:48.556 [FXGL Background Thread 3 ] DEBUG Engine               - fontSizeScaleUI: 1.0
20:37:48.556 [FXGL Background Thread 3 ] DEBUG Engine               - fontText: Courier-Prime.ttf
20:37:48.556 [FXGL Background Thread 3 ] DEBUG Engine               - fontUI: VarelaRound-Regular.ttf
20:37:48.556 [FXGL Background Thread 3 ] DEBUG Engine               - fullScreen: BooleanProperty [value: false]
20:37:48.556 [FXGL Background Thread 3 ] DEBUG Engine               - gameDifficulty: MEDIUM
20:37:48.556 [FXGL Background Thread 3 ] DEBUG Engine               - gameDifficultyProperty: ObjectProperty [value: MEDIUM]
20:37:48.556 [FXGL Background Thread 3 ] DEBUG Engine               - globalMusicVolume: 0.5
20:37:48.556 [FXGL Background Thread 3 ] DEBUG Engine               - globalMusicVolumeProperty: DoubleProperty [value: 0.5]
20:37:48.556 [FXGL Background Thread 3 ] DEBUG Engine               - globalSoundVolume: 0.5
20:37:48.557 [FXGL Background Thread 3 ] DEBUG Engine               - globalSoundVolumeProperty: DoubleProperty [value: 0.5]
20:37:48.557 [FXGL Background Thread 3 ] DEBUG Engine               - height: 800
20:37:48.557 [FXGL Background Thread 3 ] DEBUG Engine               - is3D: false
20:37:48.557 [FXGL Background Thread 3 ] DEBUG Engine               - isAndroid: false
20:37:48.557 [FXGL Background Thread 3 ] DEBUG Engine               - isBrowser: false
20:37:48.557 [FXGL Background Thread 3 ] DEBUG Engine               - isClickFeedbackEnabled: false
20:37:48.557 [FXGL Background Thread 3 ] DEBUG Engine               - isCloseConfirmation: false
20:37:48.557 [FXGL Background Thread 3 ] DEBUG Engine               - isDesktop: true
20:37:48.557 [FXGL Background Thread 3 ] DEBUG Engine               - isDeveloperMenuEnabled: false
20:37:48.557 [FXGL Background Thread 3 ] DEBUG Engine               - isEmbedded: false
20:37:48.557 [FXGL Background Thread 3 ] DEBUG Engine               - isEntityPreloadEnabled: true
20:37:48.557 [FXGL Background Thread 3 ] DEBUG Engine               - isExperimentalTiledLargeMap: false
20:37:48.557 [FXGL Background Thread 3 ] DEBUG Engine               - isFileSystemWriteAllowed: true
20:37:48.557 [FXGL Background Thread 3 ] DEBUG Engine               - isFullScreenAllowed: false
20:37:48.557 [FXGL Background Thread 3 ] DEBUG Engine               - isFullScreenFromStart: false
20:37:48.557 [FXGL Background Thread 3 ] DEBUG Engine               - isGameMenuEnabled: true
20:37:48.557 [FXGL Background Thread 3 ] DEBUG Engine               - isIOS: false
20:37:48.557 [FXGL Background Thread 3 ] DEBUG Engine               - isIntroEnabled: false
20:37:48.557 [FXGL Background Thread 3 ] DEBUG Engine               - isLinux: false
20:37:48.557 [FXGL Background Thread 3 ] DEBUG Engine               - isMac: false
20:37:48.557 [FXGL Background Thread 3 ] DEBUG Engine               - isMainMenuEnabled: false
20:37:48.557 [FXGL Background Thread 3 ] DEBUG Engine               - isManualResizeEnabled: false
20:37:48.557 [FXGL Background Thread 3 ] DEBUG Engine               - isMobile: false
20:37:48.557 [FXGL Background Thread 3 ] DEBUG Engine               - isNative: false
20:37:48.557 [FXGL Background Thread 3 ] DEBUG Engine               - isPauseMusicWhenMinimized: true
20:37:48.557 [FXGL Background Thread 3 ] DEBUG Engine               - isPreserveResizeRatio: false
20:37:48.558 [FXGL Background Thread 3 ] DEBUG Engine               - isProfilingEnabled: false
20:37:48.558 [FXGL Background Thread 3 ] DEBUG Engine               - isScaleAffectedOnResize: true
20:37:48.558 [FXGL Background Thread 3 ] DEBUG Engine               - isSingleStep: false
20:37:48.558 [FXGL Background Thread 3 ] DEBUG Engine               - isUserProfileEnabled: false
20:37:48.558 [FXGL Background Thread 3 ] DEBUG Engine               - isWindows: true
20:37:48.558 [FXGL Background Thread 3 ] DEBUG Engine               - language: ObjectProperty [value: ENGLISH]
20:37:48.558 [FXGL Background Thread 3 ] DEBUG Engine               - menuKey: ESCAPE
20:37:48.558 [FXGL Background Thread 3 ] DEBUG Engine               - mouseSensitivity: 0.2
20:37:48.558 [FXGL Background Thread 3 ] DEBUG Engine               - notificationViewClass: class com.almasb.fxgl.notification.view.XboxNotificationView
20:37:48.558 [FXGL Background Thread 3 ] DEBUG Engine               - pixelsPerMeter: 50.0
20:37:48.558 [FXGL Background Thread 3 ] DEBUG Engine               - platform: WINDOWS
20:37:48.558 [FXGL Background Thread 3 ] DEBUG Engine               - prefHeightProperty: ReadOnlyDoubleProperty [value: 800.0]
20:37:48.558 [FXGL Background Thread 3 ] DEBUG Engine               - prefWidthProperty: ReadOnlyDoubleProperty [value: 800.0]
20:37:48.558 [FXGL Background Thread 3 ] DEBUG Engine               - profileDir: profiles/
20:37:48.558 [FXGL Background Thread 3 ] DEBUG Engine               - profileName: StringProperty [value: DEFAULT]
20:37:48.558 [FXGL Background Thread 3 ] DEBUG Engine               - randomSeed: -1
20:37:48.558 [FXGL Background Thread 3 ] DEBUG Engine               - runtimeInfo: RuntimeInfo(platform=WINDOWS, version=17.3, build=30.03.2023 11.54)
20:37:48.558 [FXGL Background Thread 3 ] DEBUG Engine               - saveFileExt: sav
20:37:48.558 [FXGL Background Thread 3 ] DEBUG Engine               - scaledHeightProp$fxgl: DoubleProperty [bound, value: 800.0]
20:37:48.558 [FXGL Background Thread 3 ] DEBUG Engine               - scaledWidthProp$fxgl: DoubleProperty [bound, value: 800.0]
20:37:48.558 [FXGL Background Thread 3 ] DEBUG Engine               - sceneFactory: com.almasb.fxgl.app.scene.SceneFactory@458c94aa
20:37:48.558 [FXGL Background Thread 3 ] DEBUG Engine               - secondsIn24h: 60
20:37:48.558 [FXGL Background Thread 3 ] DEBUG Engine               - soundMenuBack: menu/back.wav
20:37:48.558 [FXGL Background Thread 3 ] DEBUG Engine               - soundMenuPress: menu/press.wav
20:37:48.558 [FXGL Background Thread 3 ] DEBUG Engine               - soundMenuSelect: menu/select.wav
20:37:48.558 [FXGL Background Thread 3 ] DEBUG Engine               - soundNotification: core/notification.wav
20:37:48.558 [FXGL Background Thread 3 ] DEBUG Engine               - stageStyle: DECORATED
20:37:48.558 [FXGL Background Thread 3 ] DEBUG Engine               - supportedLanguages: [ENGLISH, FRENCH, GERMAN, HUNGARIAN, RUSSIAN]
20:37:48.558 [FXGL Background Thread 3 ] DEBUG Engine               - ticksPerSecond: -1
20:37:48.559 [FXGL Background Thread 3 ] DEBUG Engine               - title: Untitled
20:37:48.559 [FXGL Background Thread 3 ] DEBUG Engine               - urlGithub: https://github.com/AlmasB/FXGL
20:37:48.559 [FXGL Background Thread 3 ] DEBUG Engine               - urlLeaderboard: http://fxgl-top.herokuapp.com/
20:37:48.559 [FXGL Background Thread 3 ] DEBUG Engine               - urlPOM: https://raw.githubusercontent.com/AlmasB/FXGL/release/README.md
20:37:48.559 [FXGL Background Thread 3 ] DEBUG Engine               - userAppClass: class core.RTSMain
20:37:48.559 [FXGL Background Thread 3 ] DEBUG Engine               - version: 0.0
20:37:48.559 [FXGL Background Thread 3 ] DEBUG Engine               - versionCheckDays: 7
20:37:48.559 [FXGL Background Thread 3 ] DEBUG Engine               - width: 800
20:37:48.559 [FXGL Background Thread 3 ] DEBUG Engine               - Logging services
20:37:48.559 [FXGL Background Thread 3 ] DEBUG Engine               - class com.almasb.fxgl.app.services.FXGLAssetLoaderService
20:37:48.559 [FXGL Background Thread 3 ] DEBUG Engine               - class com.almasb.fxgl.app.FXGLApplication$GameApplicationService
20:37:48.559 [FXGL Background Thread 3 ] DEBUG Engine               - class com.almasb.fxgl.app.services.FXGLDialogService
20:37:48.559 [FXGL Background Thread 3 ] DEBUG Engine               - class com.almasb.fxgl.app.services.IOTaskExecutorService
20:37:48.559 [FXGL Background Thread 3 ] DEBUG Engine               - class com.almasb.fxgl.io.FileSystemService
20:37:48.559 [FXGL Background Thread 3 ] DEBUG Engine               - class com.almasb.fxgl.localization.LocalizationService
20:37:48.559 [FXGL Background Thread 3 ] DEBUG Engine               - class com.almasb.fxgl.app.services.SystemBundleService
20:37:48.559 [FXGL Background Thread 3 ] DEBUG Engine               - class com.almasb.fxgl.profile.SaveLoadService
20:37:48.559 [FXGL Background Thread 3 ] DEBUG Engine               - class com.almasb.fxgl.ui.FXGLUIFactoryServiceProvider
20:37:48.559 [FXGL Background Thread 3 ] DEBUG Engine               - class com.almasb.fxgl.ui.FXGLDialogFactoryServiceProvider
20:37:48.559 [FXGL Background Thread 3 ] DEBUG Engine               - class com.almasb.fxgl.audio.AudioPlayer
20:37:48.559 [FXGL Background Thread 3 ] DEBUG Engine               - class com.almasb.fxgl.notification.impl.NotificationServiceProvider
20:37:48.559 [FXGL Background Thread 3 ] DEBUG Engine               - class com.almasb.fxgl.achievement.AchievementService
20:37:48.559 [FXGL Background Thread 3 ] DEBUG Engine               - class com.almasb.fxgl.cutscene.CutsceneService
20:37:48.559 [FXGL Background Thread 3 ] DEBUG Engine               - class com.almasb.fxgl.minigames.MiniGameService
20:37:48.559 [FXGL Background Thread 3 ] DEBUG Engine               - class com.almasb.fxgl.net.NetService
20:37:48.559 [FXGL Background Thread 3 ] DEBUG Engine               - class com.almasb.fxgl.app.services.UpdaterService
20:37:48.559 [FXGL Background Thread 3 ] DEBUG Engine               - class com.almasb.fxgl.dev.DevService
20:38:01.251 [JavaFX Application Thread] DEBUG FXGLApplication      - Exiting FXGL
20:38:01.251 [JavaFX Application Thread] DEBUG LoopRunner           - Stopping loop
20:38:01.251 [JavaFX Application Thread] DEBUG SystemBundleService  - Saving FXGL system data
20:38:01.252 [JavaFX Application Thread] DEBUG FileSystemAccess     - Writing to: C:\Users\tanel\OneDrive - Great Valley School District\10th Grade\APCSA\CompSciFinal\system\fxgl.bundle
20:38:01.254 [JavaFX Application Thread] DEBUG Async                - Shutting down background threads
20:38:01.254 [JavaFX Application Thread] DEBUG PrimaryStageWindow   - Closing main window
20:38:01.260 [JavaFX Application Thread] DEBUG Logger               - Closing Logger
