17:01:27.976 [main                     ] DEBUG Logger               - Configured Logger
17:01:27.992 [main                     ] DEBUG GameApplication      - Logging settings
Title: Untitled
Version: 0.0
Width: 800
Height: 800
Fullscreen: false
Intro: false
Profiling: false
Single step:false
App Mode: DEVELOPER
Menu Key: ESCAPE
Stage Style: DECORATED
Scene Factory: class com.almasb.fxgl.app.scene.SceneFactory

17:01:28.192 [JavaFX Application Thread] DEBUG FXGLApplication      - Initializing FXGL
17:01:28.204 [JavaFX Application Thread] INFO  Engine               - FXGL-17.3 (30.03.2023 11.54) on WINDOWS (J:20.0.1 FX:20)
17:01:28.204 [JavaFX Application Thread] DEBUG Engine               - JRE Vendor Name: Eclipse Adoptium
17:01:28.205 [JavaFX Application Thread] DEBUG Engine               - Running on OS: Windows 10 version 10.0
17:01:28.205 [JavaFX Application Thread] DEBUG Engine               - Architecture: amd64
17:01:28.205 [JavaFX Application Thread] INFO  Engine               - Source code and latest versions at: https://github.com/AlmasB/FXGL
17:01:28.205 [JavaFX Application Thread] INFO  Engine               -       Ask questions and discuss at: https://github.com/AlmasB/FXGL/discussions
17:01:28.205 [JavaFX Application Thread] INFO  Engine               -              Join the FXGL chat at: https://gitter.im/AlmasB/FXGL
17:01:28.269 [JavaFX Application Thread] DEBUG PrimaryStageWindow   - Creating a JavaFX scene
17:01:28.315 [JavaFX Application Thread] DEBUG PrimaryStageWindow   - Target settings size: 800.0 x 800.0
17:01:28.315 [JavaFX Application Thread] DEBUG PrimaryStageWindow   - Scaled scene size:    800.0 x 800.0
17:01:28.315 [JavaFX Application Thread] DEBUG PrimaryStageWindow   - Scaled ratio: (1.0, 1.0)
17:01:28.316 [JavaFX Application Thread] DEBUG PrimaryStageWindow   - Set initial scene to FXGLStartupScene
17:01:28.322 [JavaFX Application Thread] DEBUG PrimaryStageWindow   - Opening main window
17:01:28.417 [JavaFX Application Thread] DEBUG PrimaryStageWindow   - Window border size: (16.0, 39.0)
17:01:28.418 [JavaFX Application Thread] DEBUG PrimaryStageWindow   - Scaled size: 800.0 x 800.0
17:01:28.418 [JavaFX Application Thread] DEBUG PrimaryStageWindow   - Scaled ratio: (1.0, 1.0)
17:01:28.419 [JavaFX Application Thread] DEBUG PrimaryStageWindow   - Scene size: 800.0 x 800.0
17:01:28.419 [JavaFX Application Thread] DEBUG PrimaryStageWindow   - Stage size: 816.0 x 839.0
17:01:28.429 [FXGL Background Thread 1 ] DEBUG Engine               - Initializing environment variables
17:01:28.484 [FXGL Background Thread 1 ] DEBUG FXGLAssetLoaderServi - User app class for loading assets: class core.RTSMain
17:01:28.485 [FXGL Background Thread 1 ] DEBUG GameApplicationServi - Applying CSS: fxgl_dark.css
17:01:28.485 [FXGL Background Thread 1 ] DEBUG FXGLAssetLoaderServi - Loading from file system: jar:file:/D:/A/fxgl-17.3-uber.jar!/fxglassets/ui/css/fxgl_dark.css
17:01:28.525 [FXGL Background Thread 1 ] DEBUG GameApplicationServi - Initializing application scenes
17:01:28.555 [FXGL Background Thread 1 ] DEBUG GameWorld            - Game world initialized
17:01:28.611 [FXGL Background Thread 1 ] DEBUG PhysicsWorld         - Physics world initialized: appHeight=800, physics.ppm=50.0
17:01:28.612 [FXGL Background Thread 1 ] DEBUG PhysicsWorld         - Using strategy: BRUTE_FORCE
17:01:28.614 [FXGL Background Thread 1 ] DEBUG GameScene            - Game scene initialized: 800x800
17:01:28.625 [FXGL Background Thread 1 ] DEBUG FXGL.DefaultMenu     - createMenuBodyGameMenu()
17:01:28.640 [FXGL Background Thread 1 ] DEBUG FXGL.DefaultMenu     - createOptionsMenu()
17:01:28.649 [FXGL Background Thread 1 ] DEBUG FXGLAssetLoaderServi - Loading from file system: jar:file:/D:/A/fxgl-17.3-uber.jar!/fxglassets/textures/particles/smoke.png
17:01:28.742 [FXGL Background Thread 1 ] DEBUG FXGLAssetLoaderServi - Loading from file system: jar:file:/D:/A/fxgl-17.3-uber.jar!/fxglassets/textures/particles/trace_horizontal.png
17:01:28.771 [FXGL Background Thread 1 ] DEBUG GameApplicationServi - Application scenes initialized
17:01:28.783 [FXGL Background Thread 1 ] DEBUG SystemBundleService  - Loading FXGL system data
17:01:28.787 [FXGL Background Thread 1 ] DEBUG FileSystemAccess     - Reading from: C:\Users\x\git\CompSci-Final-Project\system\fxgl.bundle
17:01:28.797 [FXGL Background Thread 1 ] DEBUG SystemBundleService  - Bundle FXGL: {}
17:01:28.797 [FXGL Background Thread 1 ] DEBUG UpdaterService       - Checking for updates
17:01:28.800 [FXGL Background Thread 4 ] DEBUG FXGLApplication      - Loading fonts
17:01:28.800 [FXGL Background Thread 4 ] DEBUG FXGLAssetLoaderServi - Loading from file system: jar:file:/D:/A/fxgl-17.3-uber.jar!/fxglassets/ui/fonts/VarelaRound-Regular.ttf
17:01:28.800 [FXGL Background Thread 1 ] DEBUG FXGLApplication      - Loading default localization
17:01:28.801 [FXGL Background Thread 1 ] DEBUG FXGLAssetLoaderServi - Loading from file system: jar:file:/D:/A/fxgl-17.3-uber.jar!/fxglassets/languages/english.lang
17:01:28.817 [FXGL Background Thread 1 ] INFO  FXGLApplication      - FXGL initialization took: 0.388 sec
17:01:28.830 [JavaFX Application Thread] DEBUG Input                - Registered new binding: action0 - A
17:01:28.830 [JavaFX Application Thread] DEBUG Input                - Registered new binding: action1 - D
17:01:28.830 [JavaFX Application Thread] DEBUG Input                - Registered new binding: action2 - W
17:01:28.831 [JavaFX Application Thread] DEBUG Input                - Registered new binding: action3 - S
17:01:28.832 [JavaFX Application Thread] DEBUG Input                - Registered new binding: action4 - Tab
17:01:28.835 [JavaFX Application Thread] DEBUG Input                - Registered new binding: action5 - LMB
17:01:28.835 [JavaFX Application Thread] DEBUG Input                - Registered new binding: action6 - RMB
17:01:28.836 [JavaFX Application Thread] DEBUG Input                - Registered new binding: action7 - H
17:01:28.837 [JavaFX Application Thread] DEBUG FXGLAssetLoaderServi - Loading from file system: jar:file:/D:/A/fxgl-17.3-uber.jar!/fxglassets/textures/fxgl_icon.png
17:01:28.860 [FXGL Background Thread 4 ] DEBUG FXGLAssetLoaderServi - Loading from file system: jar:file:/D:/A/fxgl-17.3-uber.jar!/fxglassets/ui/fonts/Abel-Regular.ttf
17:01:28.861 [JavaFX Application Thread] DEBUG FXGLAssetLoaderServi - Loading from file system: jar:file:/D:/A/fxgl-17.3-uber.jar!/fxglassets/textures/fxgl_default_cursor.png
17:01:28.863 [FXGL Background Thread 4 ] DEBUG FXGLAssetLoaderServi - Loading from file system: jar:file:/D:/A/fxgl-17.3-uber.jar!/fxglassets/ui/fonts/TerminalLandMono-Regular.otf
17:01:28.864 [JavaFX Application Thread] DEBUG Input                - Registered new binding: Screenshot - CTRL+8
17:01:28.865 [JavaFX Application Thread] DEBUG Input                - Registered new binding: System info dump - CTRL+9
17:01:28.865 [FXGL Background Thread 4 ] DEBUG FXGLAssetLoaderServi - Loading from file system: jar:file:/D:/A/fxgl-17.3-uber.jar!/fxglassets/ui/fonts/Courier-Prime.ttf
17:01:28.866 [JavaFX Application Thread] DEBUG Input                - Registered new binding: Restart - CTRL+R
17:01:28.867 [JavaFX Application Thread] DEBUG Input                - Registered new binding: Toggle Debug Camera - CTRL+7
17:01:28.871 [JavaFX Application Thread] DEBUG LoopRunner           - Starting loop
17:01:28.871 [JavaFX Application Thread] DEBUG LoopRunner           - Initializing JavaFX AnimationTimerLoop
17:01:28.874 [JavaFX Application Thread] DEBUG GameApplicationServi - Starting new game
17:01:28.875 [JavaFX Application Thread] DEBUG Input                - Clearing active input actions
17:01:28.892 [JavaFX Application Thread] DEBUG GameApplicationServi - Removing overlay from FXGLStartupScene and adding to FXGLLoadingScene
17:01:28.893 [JavaFX Application Thread] DEBUG PrimaryStageWindow   - FXGLStartupScene -> FXGLLoadingScene
17:01:28.893 [JavaFX Application Thread] DEBUG GameApplicationServi - Clearing previous game
17:01:28.893 [JavaFX Application Thread] DEBUG GameScene            - Clearing game scene
17:01:28.893 [JavaFX Application Thread] DEBUG GameWorld            - Clearing game world
17:01:28.893 [JavaFX Application Thread] DEBUG PhysicsWorld         - Clearing physics world
17:01:28.895 [FXGL Background Thread 4 ] DEBUG FXGLApplication      - Initializing game
17:01:28.895 [JavaFX Application Thread] DEBUG FXGLApplication      - Registering font factories with UI factory
17:01:29.327 [FXGL Background Thread 4 ] INFO  FXGLApplication      - Game initialization took: 0.432 sec
17:01:29.327 [JavaFX Application Thread] DEBUG Input                - Clearing active input actions
17:01:29.357 [JavaFX Application Thread] DEBUG GameApplicationServi - Removing overlay from FXGLLoadingScene and adding to GameScene
17:01:29.358 [JavaFX Application Thread] DEBUG PrimaryStageWindow   - FXGLLoadingScene -> GameScene
17:01:31.631 [JavaFX Application Thread] DEBUG FXGLApplication      - Exiting FXGL
17:01:31.631 [JavaFX Application Thread] DEBUG LoopRunner           - Stopping loop
17:01:31.631 [JavaFX Application Thread] DEBUG SystemBundleService  - Saving FXGL system data
17:01:31.636 [JavaFX Application Thread] DEBUG FileSystemAccess     - Writing to: C:\Users\x\git\CompSci-Final-Project\system\fxgl.bundle
17:01:31.639 [JavaFX Application Thread] DEBUG Async                - Shutting down background threads
17:01:31.640 [JavaFX Application Thread] DEBUG PrimaryStageWindow   - Closing main window
17:01:31.654 [JavaFX Application Thread] DEBUG Logger               - Closing Logger
