12:18:44.417 [main                     ] DEBUG Logger               - Configured Logger
12:18:44.456 [main                     ] DEBUG GameApplication      - Logging settings
Title: Untitled
Version: 0.0
Width: 800
Height: 800
Fullscreen: false
Intro: false
Profiling: false
Single step:false
App Mode: DEVELOPER
Menu Key: ESCAPE
Stage Style: DECORATED
Scene Factory: class com.almasb.fxgl.app.scene.SceneFactory

12:18:44.687 [JavaFX Application Thread] DEBUG FXGLApplication      - Initializing FXGL
12:18:44.699 [JavaFX Application Thread] INFO  Engine               - FXGL-17.3 (30.03.2023 11.54) on WINDOWS (J:20.0.1 FX:20)
12:18:44.700 [JavaFX Application Thread] DEBUG Engine               - JRE Vendor Name: Oracle Corporation
12:18:44.701 [JavaFX Application Thread] DEBUG Engine               - Running on OS: Windows 10 version 10.0
12:18:44.701 [JavaFX Application Thread] DEBUG Engine               - Architecture: amd64
12:18:44.701 [JavaFX Application Thread] INFO  Engine               - Source code and latest versions at: https://github.com/AlmasB/FXGL
12:18:44.701 [JavaFX Application Thread] INFO  Engine               -       Ask questions and discuss at: https://github.com/AlmasB/FXGL/discussions
12:18:44.702 [JavaFX Application Thread] INFO  Engine               -              Join the FXGL chat at: https://gitter.im/AlmasB/FXGL
12:18:44.846 [JavaFX Application Thread] DEBUG PrimaryStageWindow   - Creating a JavaFX scene
12:18:44.846 [JavaFX Application Thread] DEBUG PrimaryStageWindow   - Target size > screen size
12:18:44.968 [JavaFX Application Thread] DEBUG PrimaryStageWindow   - Target settings size: 800.0 x 800.0
12:18:44.968 [JavaFX Application Thread] DEBUG PrimaryStageWindow   - Scaled scene size:    703.0 x 728.0
12:18:44.969 [JavaFX Application Thread] DEBUG PrimaryStageWindow   - Scaled ratio: (0.87875, 0.91)
12:18:44.972 [JavaFX Application Thread] DEBUG PrimaryStageWindow   - Set initial scene to FXGLStartupScene
12:18:44.979 [JavaFX Application Thread] DEBUG PrimaryStageWindow   - Opening main window
12:18:45.180 [JavaFX Application Thread] DEBUG PrimaryStageWindow   - Window border size: (16.0, 39.0)
12:18:45.180 [JavaFX Application Thread] DEBUG PrimaryStageWindow   - Scaled size: 703.0 x 728.0
12:18:45.181 [JavaFX Application Thread] DEBUG PrimaryStageWindow   - Scaled ratio: (0.87875, 0.91)
12:18:45.182 [JavaFX Application Thread] DEBUG PrimaryStageWindow   - Scene size: 703.0 x 728.0
12:18:45.182 [JavaFX Application Thread] DEBUG PrimaryStageWindow   - Stage size: 719.0 x 767.0
12:18:45.214 [FXGL Background Thread 1 ] DEBUG Engine               - Initializing environment variables
12:18:45.434 [FXGL Background Thread 1 ] DEBUG FXGLAssetLoaderServi - User app class for loading assets: class core.RTSMain
12:18:45.434 [FXGL Background Thread 1 ] DEBUG GameApplicationServi - Applying CSS: fxgl_dark.css
12:18:45.437 [FXGL Background Thread 1 ] DEBUG FXGLAssetLoaderServi - Loading from file system: jar:file:/C:/Users/tnelson25.GVSD/Downloads/fxgl-17.3-uber.jar!/fxglassets/ui/css/fxgl_dark.css
12:18:45.541 [FXGL Background Thread 1 ] DEBUG GameApplicationServi - Initializing application scenes
12:18:45.698 [FXGL Background Thread 1 ] DEBUG GameWorld            - Game world initialized
12:18:45.829 [FXGL Background Thread 1 ] DEBUG PhysicsWorld         - Physics world initialized: appHeight=800, physics.ppm=50.0
12:18:45.830 [FXGL Background Thread 1 ] DEBUG PhysicsWorld         - Using strategy: BRUTE_FORCE
12:18:45.839 [FXGL Background Thread 1 ] DEBUG GameScene            - Game scene initialized: 800x800
12:18:45.873 [FXGL Background Thread 1 ] DEBUG FXGL.DefaultMenu     - createMenuBodyGameMenu()
12:18:45.912 [FXGL Background Thread 1 ] DEBUG FXGL.DefaultMenu     - createOptionsMenu()
12:18:45.929 [FXGL Background Thread 1 ] DEBUG FXGLAssetLoaderServi - Loading from file system: jar:file:/C:/Users/tnelson25.GVSD/Downloads/fxgl-17.3-uber.jar!/fxglassets/textures/particles/smoke.png
12:18:46.201 [FXGL Background Thread 1 ] DEBUG FXGLAssetLoaderServi - Loading from file system: jar:file:/C:/Users/tnelson25.GVSD/Downloads/fxgl-17.3-uber.jar!/fxglassets/textures/particles/trace_horizontal.png
12:18:46.276 [FXGL Background Thread 1 ] DEBUG GameApplicationServi - Application scenes initialized
12:18:46.315 [FXGL Background Thread 1 ] DEBUG SystemBundleService  - Loading FXGL system data
12:18:46.326 [FXGL Background Thread 1 ] DEBUG FileSystemAccess     - Reading from: C:\Users\tnelson25.GVSD\OneDrive - Great Valley School District\10th Grade\APCSA\CompSciFinal\system\fxgl.bundle
12:18:46.351 [FXGL Background Thread 1 ] DEBUG SystemBundleService  - Bundle FXGL: {}
12:18:46.351 [FXGL Background Thread 1 ] DEBUG UpdaterService       - Checking for updates
12:18:46.365 [FXGL Background Thread 1 ] DEBUG FXGLApplication      - Loading default localization
12:18:46.367 [FXGL Background Thread 1 ] DEBUG FXGLAssetLoaderServi - Loading from file system: jar:file:/C:/Users/tnelson25.GVSD/Downloads/fxgl-17.3-uber.jar!/fxglassets/languages/english.lang
12:18:46.382 [FXGL Background Thread 4 ] DEBUG FXGLApplication      - Loading fonts
12:18:46.437 [FXGL Background Thread 1 ] INFO  FXGLApplication      - FXGL initialization took: 1.223 sec
12:18:46.386 [FXGL Background Thread 4 ] DEBUG FXGLAssetLoaderServi - Loading from file system: jar:file:/C:/Users/tnelson25.GVSD/Downloads/fxgl-17.3-uber.jar!/fxglassets/ui/fonts/VarelaRound-Regular.ttf
12:18:46.464 [JavaFX Application Thread] DEBUG Input                - Registered new binding: action0 - A
12:18:46.465 [JavaFX Application Thread] DEBUG Input                - Registered new binding: action1 - D
12:18:46.466 [JavaFX Application Thread] DEBUG Input                - Registered new binding: action2 - W
12:18:46.467 [JavaFX Application Thread] DEBUG Input                - Registered new binding: action3 - S
12:18:46.468 [JavaFX Application Thread] DEBUG Input                - Registered new binding: action4 - Tab
12:18:46.473 [JavaFX Application Thread] DEBUG Input                - Registered new binding: action5 - LMB
12:18:46.476 [JavaFX Application Thread] DEBUG Input                - Registered new binding: action6 - RMB
12:18:46.478 [JavaFX Application Thread] DEBUG Input                - Registered new binding: action7 - H
12:18:46.479 [JavaFX Application Thread] DEBUG FXGLAssetLoaderServi - Loading from file system: jar:file:/C:/Users/tnelson25.GVSD/Downloads/fxgl-17.3-uber.jar!/fxglassets/textures/fxgl_icon.png
12:18:46.543 [JavaFX Application Thread] DEBUG FXGLAssetLoaderServi - Loading from file system: jar:file:/C:/Users/tnelson25.GVSD/Downloads/fxgl-17.3-uber.jar!/fxglassets/textures/fxgl_default_cursor.png
12:18:46.548 [JavaFX Application Thread] DEBUG Input                - Registered new binding: Screenshot - CTRL+8
12:18:46.549 [JavaFX Application Thread] DEBUG Input                - Registered new binding: System info dump - CTRL+9
12:18:46.550 [JavaFX Application Thread] DEBUG Input                - Registered new binding: Restart - CTRL+R
12:18:46.551 [JavaFX Application Thread] DEBUG Input                - Registered new binding: Toggle Debug Camera - CTRL+7
12:18:46.561 [JavaFX Application Thread] DEBUG LoopRunner           - Starting loop
12:18:46.562 [JavaFX Application Thread] DEBUG LoopRunner           - Initializing JavaFX AnimationTimerLoop
12:18:46.578 [JavaFX Application Thread] DEBUG GameApplicationServi - Starting new game
12:18:46.579 [JavaFX Application Thread] DEBUG Input                - Clearing active input actions
12:18:46.609 [JavaFX Application Thread] DEBUG GameApplicationServi - Removing overlay from FXGLStartupScene and adding to FXGLLoadingScene
12:18:46.610 [JavaFX Application Thread] DEBUG PrimaryStageWindow   - FXGLStartupScene -> FXGLLoadingScene
12:18:46.610 [JavaFX Application Thread] DEBUG GameApplicationServi - Clearing previous game
12:18:46.610 [JavaFX Application Thread] DEBUG GameScene            - Clearing game scene
12:18:46.610 [JavaFX Application Thread] DEBUG GameWorld            - Clearing game world
12:18:46.610 [JavaFX Application Thread] DEBUG PhysicsWorld         - Clearing physics world
12:18:46.613 [FXGL Background Thread 1 ] DEBUG FXGLApplication      - Initializing game
12:18:47.871 [FXGL Background Thread 4 ] DEBUG FXGLAssetLoaderServi - Loading from file system: jar:file:/C:/Users/tnelson25.GVSD/Downloads/fxgl-17.3-uber.jar!/fxglassets/ui/fonts/Abel-Regular.ttf
12:18:47.891 [FXGL Background Thread 4 ] DEBUG FXGLAssetLoaderServi - Loading from file system: jar:file:/C:/Users/tnelson25.GVSD/Downloads/fxgl-17.3-uber.jar!/fxglassets/ui/fonts/TerminalLandMono-Regular.otf
12:18:47.912 [FXGL Background Thread 4 ] DEBUG FXGLAssetLoaderServi - Loading from file system: jar:file:/C:/Users/tnelson25.GVSD/Downloads/fxgl-17.3-uber.jar!/fxglassets/ui/fonts/Courier-Prime.ttf
12:18:47.935 [JavaFX Application Thread] DEBUG FXGLApplication      - Registering font factories with UI factory
12:18:49.314 [FXGL Background Thread 1 ] INFO  FXGLApplication      - Game initialization took: 2.702 sec
12:18:49.319 [JavaFX Application Thread] DEBUG Input                - Clearing active input actions
12:18:49.358 [FXGL Background Thread 3 ] DEBUG Engine               - Logging environment variables
12:18:49.359 [FXGL Background Thread 3 ] DEBUG Engine               - achievements: []
12:18:49.359 [FXGL Background Thread 3 ] DEBUG Engine               - actualHeight: 728.0
12:18:49.359 [FXGL Background Thread 3 ] DEBUG Engine               - actualHeightProperty: ReadOnlyDoubleProperty [value: 728.0]
12:18:49.359 [FXGL Background Thread 3 ] DEBUG Engine               - actualWidth: 703.0
12:18:49.359 [FXGL Background Thread 3 ] DEBUG Engine               - actualWidthProperty: ReadOnlyDoubleProperty [value: 703.0]
12:18:49.360 [FXGL Background Thread 3 ] DEBUG Engine               - appIcon: fxgl_icon.png
12:18:49.360 [FXGL Background Thread 3 ] DEBUG Engine               - applicationMode: DEVELOPER
12:18:49.360 [FXGL Background Thread 3 ] DEBUG Engine               - cSSList: [fxgl_dark.css]
12:18:49.360 [FXGL Background Thread 3 ] DEBUG Engine               - collisionDetectionStrategy: BRUTE_FORCE
12:18:49.360 [FXGL Background Thread 3 ] DEBUG Engine               - configClass: Optional.empty
12:18:49.360 [FXGL Background Thread 3 ] DEBUG Engine               - credits: []
12:18:49.369 [FXGL Background Thread 3 ] DEBUG Engine               - defaultCursor: CursorInfo(imageName=fxgl_default_cursor.png, hotspotX=7.0, hotspotY=6.0)
12:18:49.369 [FXGL Background Thread 3 ] DEBUG Engine               - devBBoxColorProperty: ObjectProperty [value: 0xff0000ff]
12:18:49.369 [FXGL Background Thread 3 ] DEBUG Engine               - devEnableDebugCameraProperty: BooleanProperty [value: false]
12:18:49.369 [FXGL Background Thread 3 ] DEBUG Engine               - devSensorColorProperty: ObjectProperty [value: 0xffff00ff]
12:18:49.369 [FXGL Background Thread 3 ] DEBUG Engine               - devShowBBoxProperty: BooleanProperty [value: false]
12:18:49.370 [FXGL Background Thread 3 ] DEBUG Engine               - devShowPositionProperty: BooleanProperty [value: false]
12:18:49.370 [FXGL Background Thread 3 ] DEBUG Engine               - enabledMenuItems: []
12:18:49.370 [FXGL Background Thread 3 ] DEBUG Engine               - engineServices: [class com.almasb.fxgl.app.services.FXGLAssetLoaderService, class com.almasb.fxgl.app.FXGLApplication$GameApplicationService, class com.almasb.fxgl.app.services.FXGLDialogService, class com.almasb.fxgl.app.services.IOTaskExecutorService, class com.almasb.fxgl.io.FileSystemService, class com.almasb.fxgl.localization.LocalizationService, class com.almasb.fxgl.app.services.SystemBundleService, class com.almasb.fxgl.profile.SaveLoadService, class com.almasb.fxgl.ui.FXGLUIFactoryServiceProvider, class com.almasb.fxgl.ui.FXGLDialogFactoryServiceProvider, class com.almasb.fxgl.audio.AudioPlayer, class com.almasb.fxgl.notification.impl.NotificationServiceProvider, class com.almasb.fxgl.achievement.AchievementService, class com.almasb.fxgl.cutscene.CutsceneService, class com.almasb.fxgl.minigames.MiniGameService, class com.almasb.fxgl.net.NetService, class com.almasb.fxgl.app.services.UpdaterService, class com.almasb.fxgl.dev.DevService]
12:18:49.370 [FXGL Background Thread 3 ] DEBUG Engine               - fontGame: Abel-Regular.ttf
12:18:49.370 [FXGL Background Thread 3 ] DEBUG Engine               - fontMono: TerminalLandMono-Regular.otf
12:18:49.370 [FXGL Background Thread 3 ] DEBUG Engine               - fontSizeScaleUI: 1.0
12:18:49.370 [FXGL Background Thread 3 ] DEBUG Engine               - fontText: Courier-Prime.ttf
12:18:49.370 [FXGL Background Thread 3 ] DEBUG Engine               - fontUI: VarelaRound-Regular.ttf
12:18:49.370 [FXGL Background Thread 3 ] DEBUG Engine               - fullScreen: BooleanProperty [value: false]
12:18:49.371 [FXGL Background Thread 3 ] DEBUG Engine               - gameDifficulty: MEDIUM
12:18:49.371 [FXGL Background Thread 3 ] DEBUG Engine               - gameDifficultyProperty: ObjectProperty [value: MEDIUM]
12:18:49.371 [FXGL Background Thread 3 ] DEBUG Engine               - globalMusicVolume: 0.5
12:18:49.371 [FXGL Background Thread 3 ] DEBUG Engine               - globalMusicVolumeProperty: DoubleProperty [value: 0.5]
12:18:49.371 [FXGL Background Thread 3 ] DEBUG Engine               - globalSoundVolume: 0.5
12:18:49.371 [FXGL Background Thread 3 ] DEBUG Engine               - globalSoundVolumeProperty: DoubleProperty [value: 0.5]
12:18:49.374 [FXGL Background Thread 3 ] DEBUG Engine               - height: 800
12:18:49.374 [FXGL Background Thread 3 ] DEBUG Engine               - is3D: false
12:18:49.381 [FXGL Background Thread 3 ] DEBUG Engine               - isAndroid: false
12:18:49.381 [FXGL Background Thread 3 ] DEBUG Engine               - isBrowser: false
12:18:49.381 [FXGL Background Thread 3 ] DEBUG Engine               - isClickFeedbackEnabled: false
12:18:49.381 [FXGL Background Thread 3 ] DEBUG Engine               - isCloseConfirmation: false
12:18:49.382 [FXGL Background Thread 3 ] DEBUG Engine               - isDesktop: true
12:18:49.382 [FXGL Background Thread 3 ] DEBUG Engine               - isDeveloperMenuEnabled: false
12:18:49.382 [FXGL Background Thread 3 ] DEBUG Engine               - isEmbedded: false
12:18:49.382 [FXGL Background Thread 3 ] DEBUG Engine               - isEntityPreloadEnabled: true
12:18:49.382 [FXGL Background Thread 3 ] DEBUG Engine               - isExperimentalTiledLargeMap: false
12:18:49.382 [FXGL Background Thread 3 ] DEBUG Engine               - isFileSystemWriteAllowed: true
12:18:49.382 [FXGL Background Thread 3 ] DEBUG Engine               - isFullScreenAllowed: false
12:18:49.382 [FXGL Background Thread 3 ] DEBUG Engine               - isFullScreenFromStart: false
12:18:49.382 [FXGL Background Thread 3 ] DEBUG Engine               - isGameMenuEnabled: true
12:18:49.382 [FXGL Background Thread 3 ] DEBUG Engine               - isIOS: false
12:18:49.383 [FXGL Background Thread 3 ] DEBUG Engine               - isIntroEnabled: false
12:18:49.383 [FXGL Background Thread 3 ] DEBUG Engine               - isLinux: false
12:18:49.383 [FXGL Background Thread 3 ] DEBUG Engine               - isMac: false
12:18:49.383 [FXGL Background Thread 3 ] DEBUG Engine               - isMainMenuEnabled: false
12:18:49.383 [FXGL Background Thread 3 ] DEBUG Engine               - isManualResizeEnabled: false
12:18:49.383 [FXGL Background Thread 3 ] DEBUG Engine               - isMobile: false
12:18:49.383 [FXGL Background Thread 3 ] DEBUG Engine               - isNative: false
12:18:49.383 [FXGL Background Thread 3 ] DEBUG Engine               - isPauseMusicWhenMinimized: true
12:18:49.383 [FXGL Background Thread 3 ] DEBUG Engine               - isPreserveResizeRatio: false
12:18:49.384 [FXGL Background Thread 3 ] DEBUG Engine               - isProfilingEnabled: false
12:18:49.384 [FXGL Background Thread 3 ] DEBUG Engine               - isScaleAffectedOnResize: true
12:18:49.384 [FXGL Background Thread 3 ] DEBUG Engine               - isSingleStep: false
12:18:49.384 [FXGL Background Thread 3 ] DEBUG Engine               - isUserProfileEnabled: false
12:18:49.384 [FXGL Background Thread 3 ] DEBUG Engine               - isWindows: true
12:18:49.384 [FXGL Background Thread 3 ] DEBUG Engine               - language: ObjectProperty [value: ENGLISH]
12:18:49.384 [FXGL Background Thread 3 ] DEBUG Engine               - menuKey: ESCAPE
12:18:49.384 [FXGL Background Thread 3 ] DEBUG Engine               - mouseSensitivity: 0.2
12:18:49.385 [FXGL Background Thread 3 ] DEBUG Engine               - notificationViewClass: class com.almasb.fxgl.notification.view.XboxNotificationView
12:18:49.385 [FXGL Background Thread 3 ] DEBUG Engine               - pixelsPerMeter: 50.0
12:18:49.385 [FXGL Background Thread 3 ] DEBUG Engine               - platform: WINDOWS
12:18:49.385 [FXGL Background Thread 3 ] DEBUG Engine               - prefHeightProperty: ReadOnlyDoubleProperty [value: 800.0]
12:18:49.385 [FXGL Background Thread 3 ] DEBUG Engine               - prefWidthProperty: ReadOnlyDoubleProperty [value: 800.0]
12:18:49.385 [FXGL Background Thread 3 ] DEBUG Engine               - profileDir: profiles/
12:18:49.385 [FXGL Background Thread 3 ] DEBUG Engine               - profileName: StringProperty [value: DEFAULT]
12:18:49.385 [FXGL Background Thread 3 ] DEBUG Engine               - randomSeed: -1
12:18:49.386 [FXGL Background Thread 3 ] DEBUG Engine               - runtimeInfo: RuntimeInfo(platform=WINDOWS, version=17.3, build=30.03.2023 11.54)
12:18:49.386 [FXGL Background Thread 3 ] DEBUG Engine               - saveFileExt: sav
12:18:49.386 [FXGL Background Thread 3 ] DEBUG Engine               - scaledHeightProp$fxgl: DoubleProperty [bound, value: 728.0]
12:18:49.386 [FXGL Background Thread 3 ] DEBUG Engine               - scaledWidthProp$fxgl: DoubleProperty [bound, value: 703.0]
12:18:49.386 [FXGL Background Thread 3 ] DEBUG Engine               - sceneFactory: com.almasb.fxgl.app.scene.SceneFactory@12602484
12:18:49.387 [FXGL Background Thread 3 ] DEBUG Engine               - secondsIn24h: 60
12:18:49.387 [FXGL Background Thread 3 ] DEBUG Engine               - soundMenuBack: menu/back.wav
12:18:49.387 [FXGL Background Thread 3 ] DEBUG Engine               - soundMenuPress: menu/press.wav
12:18:49.387 [FXGL Background Thread 3 ] DEBUG Engine               - soundMenuSelect: menu/select.wav
12:18:49.387 [FXGL Background Thread 3 ] DEBUG Engine               - soundNotification: core/notification.wav
12:18:49.387 [FXGL Background Thread 3 ] DEBUG Engine               - stageStyle: DECORATED
12:18:49.387 [FXGL Background Thread 3 ] DEBUG Engine               - supportedLanguages: [ENGLISH, FRENCH, GERMAN, HUNGARIAN, RUSSIAN]
12:18:49.387 [FXGL Background Thread 3 ] DEBUG Engine               - ticksPerSecond: -1
12:18:49.387 [FXGL Background Thread 3 ] DEBUG Engine               - title: Untitled
12:18:49.387 [FXGL Background Thread 3 ] DEBUG Engine               - urlGithub: https://github.com/AlmasB/FXGL
12:18:49.388 [FXGL Background Thread 3 ] DEBUG Engine               - urlLeaderboard: http://fxgl-top.herokuapp.com/
12:18:49.388 [FXGL Background Thread 3 ] DEBUG Engine               - urlPOM: https://raw.githubusercontent.com/AlmasB/FXGL/release/README.md
12:18:49.388 [FXGL Background Thread 3 ] DEBUG Engine               - userAppClass: class core.RTSMain
12:18:49.388 [FXGL Background Thread 3 ] DEBUG Engine               - version: 0.0
12:18:49.388 [FXGL Background Thread 3 ] DEBUG Engine               - versionCheckDays: 7
12:18:49.388 [FXGL Background Thread 3 ] DEBUG Engine               - width: 800
12:18:49.388 [FXGL Background Thread 3 ] DEBUG Engine               - Logging services
12:18:49.389 [FXGL Background Thread 3 ] DEBUG Engine               - class com.almasb.fxgl.app.services.FXGLAssetLoaderService
12:18:49.389 [FXGL Background Thread 3 ] DEBUG Engine               - class com.almasb.fxgl.app.FXGLApplication$GameApplicationService
12:18:49.389 [FXGL Background Thread 3 ] DEBUG Engine               - class com.almasb.fxgl.app.services.FXGLDialogService
12:18:49.389 [FXGL Background Thread 3 ] DEBUG Engine               - class com.almasb.fxgl.app.services.IOTaskExecutorService
12:18:49.389 [FXGL Background Thread 3 ] DEBUG Engine               - class com.almasb.fxgl.io.FileSystemService
12:18:49.389 [FXGL Background Thread 3 ] DEBUG Engine               - class com.almasb.fxgl.localization.LocalizationService
12:18:49.389 [FXGL Background Thread 3 ] DEBUG Engine               - class com.almasb.fxgl.app.services.SystemBundleService
12:18:49.389 [FXGL Background Thread 3 ] DEBUG Engine               - class com.almasb.fxgl.profile.SaveLoadService
12:18:49.389 [FXGL Background Thread 3 ] DEBUG Engine               - class com.almasb.fxgl.ui.FXGLUIFactoryServiceProvider
12:18:49.389 [FXGL Background Thread 3 ] DEBUG Engine               - class com.almasb.fxgl.ui.FXGLDialogFactoryServiceProvider
12:18:49.389 [FXGL Background Thread 3 ] DEBUG Engine               - class com.almasb.fxgl.audio.AudioPlayer
12:18:49.389 [FXGL Background Thread 3 ] DEBUG Engine               - class com.almasb.fxgl.notification.impl.NotificationServiceProvider
12:18:49.390 [FXGL Background Thread 3 ] DEBUG Engine               - class com.almasb.fxgl.achievement.AchievementService
12:18:49.390 [FXGL Background Thread 3 ] DEBUG Engine               - class com.almasb.fxgl.cutscene.CutsceneService
12:18:49.390 [FXGL Background Thread 3 ] DEBUG Engine               - class com.almasb.fxgl.minigames.MiniGameService
12:18:49.390 [FXGL Background Thread 3 ] DEBUG Engine               - class com.almasb.fxgl.net.NetService
12:18:49.390 [FXGL Background Thread 3 ] DEBUG Engine               - class com.almasb.fxgl.app.services.UpdaterService
12:18:49.390 [FXGL Background Thread 3 ] DEBUG Engine               - class com.almasb.fxgl.dev.DevService
12:18:49.396 [JavaFX Application Thread] DEBUG GameApplicationServi - Removing overlay from FXGLLoadingScene and adding to GameScene
12:18:49.397 [JavaFX Application Thread] DEBUG PrimaryStageWindow   - FXGLLoadingScene -> GameScene
12:19:17.256 [JavaFX Application Thread] DEBUG FXGLApplication      - Exiting FXGL
12:19:17.256 [JavaFX Application Thread] DEBUG LoopRunner           - Stopping loop
12:19:17.256 [JavaFX Application Thread] DEBUG SystemBundleService  - Saving FXGL system data
12:19:17.261 [JavaFX Application Thread] DEBUG FileSystemAccess     - Writing to: C:\Users\tnelson25.GVSD\OneDrive - Great Valley School District\10th Grade\APCSA\CompSciFinal\system\fxgl.bundle
12:19:17.265 [JavaFX Application Thread] DEBUG Async                - Shutting down background threads
12:19:17.265 [JavaFX Application Thread] DEBUG PrimaryStageWindow   - Closing main window
12:19:17.285 [JavaFX Application Thread] DEBUG Logger               - Closing Logger
