12:22:46.775 [main                     ] DEBUG Logger               - Configured Logger
12:22:46.812 [main                     ] DEBUG GameApplication      - Logging settings
Title: Untitled
Version: 0.0
Width: 800
Height: 800
Fullscreen: false
Intro: false
Profiling: false
Single step:false
App Mode: DEVELOPER
Menu Key: ESCAPE
Stage Style: DECORATED
Scene Factory: class com.almasb.fxgl.app.scene.SceneFactory

12:22:47.001 [JavaFX Application Thread] DEBUG FXGLApplication      - Initializing FXGL
12:22:47.009 [JavaFX Application Thread] INFO  Engine               - FXGL-17.3 (30.03.2023 11.54) on WINDOWS (J:20.0.1 FX:20)
12:22:47.010 [JavaFX Application Thread] DEBUG Engine               - JRE Vendor Name: Oracle Corporation
12:22:47.011 [JavaFX Application Thread] DEBUG Engine               - Running on OS: Windows 10 version 10.0
12:22:47.011 [JavaFX Application Thread] DEBUG Engine               - Architecture: amd64
12:22:47.011 [JavaFX Application Thread] INFO  Engine               - Source code and latest versions at: https://github.com/AlmasB/FXGL
12:22:47.012 [JavaFX Application Thread] INFO  Engine               -       Ask questions and discuss at: https://github.com/AlmasB/FXGL/discussions
12:22:47.012 [JavaFX Application Thread] INFO  Engine               -              Join the FXGL chat at: https://gitter.im/AlmasB/FXGL
12:22:47.124 [JavaFX Application Thread] DEBUG PrimaryStageWindow   - Creating a JavaFX scene
12:22:47.125 [JavaFX Application Thread] DEBUG PrimaryStageWindow   - Target size > screen size
12:22:47.228 [JavaFX Application Thread] DEBUG PrimaryStageWindow   - Target settings size: 800.0 x 800.0
12:22:47.229 [JavaFX Application Thread] DEBUG PrimaryStageWindow   - Scaled scene size:    703.0 x 728.0
12:22:47.229 [JavaFX Application Thread] DEBUG PrimaryStageWindow   - Scaled ratio: (0.87875, 0.91)
12:22:47.232 [JavaFX Application Thread] DEBUG PrimaryStageWindow   - Set initial scene to FXGLStartupScene
12:22:47.240 [JavaFX Application Thread] DEBUG PrimaryStageWindow   - Opening main window
12:22:47.413 [JavaFX Application Thread] DEBUG PrimaryStageWindow   - Window border size: (16.0, 39.0)
12:22:47.413 [JavaFX Application Thread] DEBUG PrimaryStageWindow   - Scaled size: 703.0 x 728.0
12:22:47.414 [JavaFX Application Thread] DEBUG PrimaryStageWindow   - Scaled ratio: (0.87875, 0.91)
12:22:47.414 [JavaFX Application Thread] DEBUG PrimaryStageWindow   - Scene size: 703.0 x 728.0
12:22:47.414 [JavaFX Application Thread] DEBUG PrimaryStageWindow   - Stage size: 719.0 x 767.0
12:22:47.433 [FXGL Background Thread 1 ] DEBUG Engine               - Initializing environment variables
12:22:47.616 [FXGL Background Thread 1 ] DEBUG FXGLAssetLoaderServi - User app class for loading assets: class core.RTSMain
12:22:47.616 [FXGL Background Thread 1 ] DEBUG GameApplicationServi - Applying CSS: fxgl_dark.css
12:22:47.619 [FXGL Background Thread 1 ] DEBUG FXGLAssetLoaderServi - Loading from file system: jar:file:/C:/Users/dcurtis25/Downloads/fxgl-17.3-uber.jar!/fxglassets/ui/css/fxgl_dark.css
12:22:47.716 [FXGL Background Thread 1 ] DEBUG GameApplicationServi - Initializing application scenes
12:22:47.860 [FXGL Background Thread 1 ] DEBUG GameWorld            - Game world initialized
12:22:47.993 [FXGL Background Thread 1 ] DEBUG PhysicsWorld         - Physics world initialized: appHeight=800, physics.ppm=50.0
12:22:47.993 [FXGL Background Thread 1 ] DEBUG PhysicsWorld         - Using strategy: BRUTE_FORCE
12:22:48.001 [FXGL Background Thread 1 ] DEBUG GameScene            - Game scene initialized: 800x800
12:22:48.024 [FXGL Background Thread 1 ] DEBUG FXGL.DefaultMenu     - createMenuBodyGameMenu()
12:22:48.053 [FXGL Background Thread 1 ] DEBUG FXGL.DefaultMenu     - createOptionsMenu()
12:22:48.073 [FXGL Background Thread 1 ] DEBUG FXGLAssetLoaderServi - Loading from file system: jar:file:/C:/Users/dcurtis25/Downloads/fxgl-17.3-uber.jar!/fxglassets/textures/particles/smoke.png
12:22:48.295 [FXGL Background Thread 1 ] DEBUG FXGLAssetLoaderServi - Loading from file system: jar:file:/C:/Users/dcurtis25/Downloads/fxgl-17.3-uber.jar!/fxglassets/textures/particles/trace_horizontal.png
12:22:48.361 [FXGL Background Thread 1 ] DEBUG GameApplicationServi - Application scenes initialized
12:22:48.396 [FXGL Background Thread 1 ] DEBUG SystemBundleService  - Loading FXGL system data
12:22:48.405 [FXGL Background Thread 1 ] DEBUG FileSystemAccess     - Reading from: C:\Users\dcurtis25\git\CompSci-Final-Project\system\fxgl.bundle
12:22:48.426 [FXGL Background Thread 1 ] DEBUG SystemBundleService  - Bundle FXGL: {}
12:22:48.427 [FXGL Background Thread 1 ] DEBUG UpdaterService       - Checking for updates
12:22:48.448 [FXGL Background Thread 1 ] DEBUG FXGLApplication      - Loading default localization
12:22:48.450 [FXGL Background Thread 1 ] DEBUG FXGLAssetLoaderServi - Loading from file system: jar:file:/C:/Users/dcurtis25/Downloads/fxgl-17.3-uber.jar!/fxglassets/languages/english.lang
12:22:48.508 [FXGL Background Thread 1 ] INFO  FXGLApplication      - FXGL initialization took: 1.075 sec
12:22:48.533 [JavaFX Application Thread] DEBUG Input                - Registered new binding: action0 - A
12:22:48.534 [JavaFX Application Thread] DEBUG Input                - Registered new binding: action1 - D
12:22:48.534 [JavaFX Application Thread] DEBUG Input                - Registered new binding: action2 - W
12:22:48.535 [JavaFX Application Thread] DEBUG Input                - Registered new binding: action3 - S
12:22:48.536 [JavaFX Application Thread] DEBUG Input                - Registered new binding: action4 - Tab
12:22:48.540 [JavaFX Application Thread] DEBUG Input                - Registered new binding: action5 - LMB
12:22:48.545 [JavaFX Application Thread] DEBUG Input                - Registered new binding: action6 - RMB
12:22:48.547 [JavaFX Application Thread] DEBUG Input                - Registered new binding: action7 - H
12:22:48.548 [JavaFX Application Thread] DEBUG FXGLAssetLoaderServi - Loading from file system: jar:file:/C:/Users/dcurtis25/Downloads/fxgl-17.3-uber.jar!/fxglassets/textures/fxgl_icon.png
12:22:48.557 [FXGL Background Thread 4 ] DEBUG FXGLApplication      - Loading fonts
12:22:48.558 [FXGL Background Thread 4 ] DEBUG FXGLAssetLoaderServi - Loading from file system: jar:file:/C:/Users/dcurtis25/Downloads/fxgl-17.3-uber.jar!/fxglassets/ui/fonts/VarelaRound-Regular.ttf
12:22:48.592 [JavaFX Application Thread] DEBUG FXGLAssetLoaderServi - Loading from file system: jar:file:/C:/Users/dcurtis25/Downloads/fxgl-17.3-uber.jar!/fxglassets/textures/fxgl_default_cursor.png
12:22:48.598 [JavaFX Application Thread] DEBUG Input                - Registered new binding: Screenshot - CTRL+8
12:22:48.599 [JavaFX Application Thread] DEBUG Input                - Registered new binding: System info dump - CTRL+9
12:22:48.600 [JavaFX Application Thread] DEBUG Input                - Registered new binding: Restart - CTRL+R
12:22:48.607 [JavaFX Application Thread] DEBUG Input                - Registered new binding: Toggle Debug Camera - CTRL+7
12:22:48.613 [JavaFX Application Thread] DEBUG LoopRunner           - Starting loop
12:22:48.613 [JavaFX Application Thread] DEBUG LoopRunner           - Initializing JavaFX AnimationTimerLoop
12:22:48.617 [JavaFX Application Thread] DEBUG GameApplicationServi - Starting new game
12:22:48.618 [JavaFX Application Thread] DEBUG Input                - Clearing active input actions
12:22:48.643 [JavaFX Application Thread] DEBUG GameApplicationServi - Removing overlay from FXGLStartupScene and adding to FXGLLoadingScene
12:22:48.643 [JavaFX Application Thread] DEBUG PrimaryStageWindow   - FXGLStartupScene -> FXGLLoadingScene
12:22:48.644 [JavaFX Application Thread] DEBUG GameApplicationServi - Clearing previous game
12:22:48.644 [JavaFX Application Thread] DEBUG GameScene            - Clearing game scene
12:22:48.644 [JavaFX Application Thread] DEBUG GameWorld            - Clearing game world
12:22:48.644 [JavaFX Application Thread] DEBUG PhysicsWorld         - Clearing physics world
12:22:48.647 [FXGL Background Thread 1 ] DEBUG FXGLApplication      - Initializing game
12:22:49.290 [FXGL Background Thread 4 ] DEBUG FXGLAssetLoaderServi - Loading from file system: jar:file:/C:/Users/dcurtis25/Downloads/fxgl-17.3-uber.jar!/fxglassets/ui/fonts/Abel-Regular.ttf
12:22:49.312 [FXGL Background Thread 4 ] DEBUG FXGLAssetLoaderServi - Loading from file system: jar:file:/C:/Users/dcurtis25/Downloads/fxgl-17.3-uber.jar!/fxglassets/ui/fonts/TerminalLandMono-Regular.otf
12:22:49.319 [FXGL Background Thread 4 ] DEBUG FXGLAssetLoaderServi - Loading from file system: jar:file:/C:/Users/dcurtis25/Downloads/fxgl-17.3-uber.jar!/fxglassets/ui/fonts/Courier-Prime.ttf
12:22:49.346 [JavaFX Application Thread] DEBUG FXGLApplication      - Registering font factories with UI factory
12:22:50.479 [FXGL Background Thread 1 ] INFO  FXGLApplication      - Game initialization took: 1.832 sec
12:22:50.480 [JavaFX Application Thread] DEBUG Input                - Clearing active input actions
12:22:50.566 [JavaFX Application Thread] DEBUG GameApplicationServi - Removing overlay from FXGLLoadingScene and adding to GameScene
12:22:50.568 [JavaFX Application Thread] DEBUG PrimaryStageWindow   - FXGLLoadingScene -> GameScene
12:22:51.442 [FXGL Background Thread 3 ] DEBUG Engine               - Logging environment variables
12:22:51.443 [FXGL Background Thread 3 ] DEBUG Engine               - achievements: []
12:22:51.443 [FXGL Background Thread 3 ] DEBUG Engine               - actualHeight: 728.0
12:22:51.443 [FXGL Background Thread 3 ] DEBUG Engine               - actualHeightProperty: ReadOnlyDoubleProperty [value: 728.0]
12:22:51.443 [FXGL Background Thread 3 ] DEBUG Engine               - actualWidth: 703.0
12:22:51.444 [FXGL Background Thread 3 ] DEBUG Engine               - actualWidthProperty: ReadOnlyDoubleProperty [value: 703.0]
12:22:51.444 [FXGL Background Thread 3 ] DEBUG Engine               - appIcon: fxgl_icon.png
12:22:51.444 [FXGL Background Thread 3 ] DEBUG Engine               - applicationMode: DEVELOPER
12:22:51.444 [FXGL Background Thread 3 ] DEBUG Engine               - cSSList: [fxgl_dark.css]
12:22:51.444 [FXGL Background Thread 3 ] DEBUG Engine               - collisionDetectionStrategy: BRUTE_FORCE
12:22:51.444 [FXGL Background Thread 3 ] DEBUG Engine               - configClass: Optional.empty
12:22:51.444 [FXGL Background Thread 3 ] DEBUG Engine               - credits: []
12:22:51.445 [FXGL Background Thread 3 ] DEBUG Engine               - defaultCursor: CursorInfo(imageName=fxgl_default_cursor.png, hotspotX=7.0, hotspotY=6.0)
12:22:51.446 [FXGL Background Thread 3 ] DEBUG Engine               - devBBoxColorProperty: ObjectProperty [value: 0xff0000ff]
12:22:51.446 [FXGL Background Thread 3 ] DEBUG Engine               - devEnableDebugCameraProperty: BooleanProperty [value: false]
12:22:51.446 [FXGL Background Thread 3 ] DEBUG Engine               - devSensorColorProperty: ObjectProperty [value: 0xffff00ff]
12:22:51.446 [FXGL Background Thread 3 ] DEBUG Engine               - devShowBBoxProperty: BooleanProperty [value: false]
12:22:51.446 [FXGL Background Thread 3 ] DEBUG Engine               - devShowPositionProperty: BooleanProperty [value: false]
12:22:51.446 [FXGL Background Thread 3 ] DEBUG Engine               - enabledMenuItems: []
12:22:51.446 [FXGL Background Thread 3 ] DEBUG Engine               - engineServices: [class com.almasb.fxgl.app.services.FXGLAssetLoaderService, class com.almasb.fxgl.app.FXGLApplication$GameApplicationService, class com.almasb.fxgl.app.services.FXGLDialogService, class com.almasb.fxgl.app.services.IOTaskExecutorService, class com.almasb.fxgl.io.FileSystemService, class com.almasb.fxgl.localization.LocalizationService, class com.almasb.fxgl.app.services.SystemBundleService, class com.almasb.fxgl.profile.SaveLoadService, class com.almasb.fxgl.ui.FXGLUIFactoryServiceProvider, class com.almasb.fxgl.ui.FXGLDialogFactoryServiceProvider, class com.almasb.fxgl.audio.AudioPlayer, class com.almasb.fxgl.notification.impl.NotificationServiceProvider, class com.almasb.fxgl.achievement.AchievementService, class com.almasb.fxgl.cutscene.CutsceneService, class com.almasb.fxgl.minigames.MiniGameService, class com.almasb.fxgl.net.NetService, class com.almasb.fxgl.app.services.UpdaterService, class com.almasb.fxgl.dev.DevService]
12:22:51.447 [FXGL Background Thread 3 ] DEBUG Engine               - fontGame: Abel-Regular.ttf
12:22:51.447 [FXGL Background Thread 3 ] DEBUG Engine               - fontMono: TerminalLandMono-Regular.otf
12:22:51.447 [FXGL Background Thread 3 ] DEBUG Engine               - fontSizeScaleUI: 1.0
12:22:51.447 [FXGL Background Thread 3 ] DEBUG Engine               - fontText: Courier-Prime.ttf
12:22:51.447 [FXGL Background Thread 3 ] DEBUG Engine               - fontUI: VarelaRound-Regular.ttf
12:22:51.447 [FXGL Background Thread 3 ] DEBUG Engine               - fullScreen: BooleanProperty [value: false]
12:22:51.447 [FXGL Background Thread 3 ] DEBUG Engine               - gameDifficulty: MEDIUM
12:22:51.447 [FXGL Background Thread 3 ] DEBUG Engine               - gameDifficultyProperty: ObjectProperty [value: MEDIUM]
12:22:51.447 [FXGL Background Thread 3 ] DEBUG Engine               - globalMusicVolume: 0.5
12:22:51.448 [FXGL Background Thread 3 ] DEBUG Engine               - globalMusicVolumeProperty: DoubleProperty [value: 0.5]
12:22:51.448 [FXGL Background Thread 3 ] DEBUG Engine               - globalSoundVolume: 0.5
12:22:51.448 [FXGL Background Thread 3 ] DEBUG Engine               - globalSoundVolumeProperty: DoubleProperty [value: 0.5]
12:22:51.448 [FXGL Background Thread 3 ] DEBUG Engine               - height: 800
12:22:51.448 [FXGL Background Thread 3 ] DEBUG Engine               - is3D: false
12:22:51.448 [FXGL Background Thread 3 ] DEBUG Engine               - isAndroid: false
12:22:51.448 [FXGL Background Thread 3 ] DEBUG Engine               - isBrowser: false
12:22:51.449 [FXGL Background Thread 3 ] DEBUG Engine               - isClickFeedbackEnabled: false
12:22:51.449 [FXGL Background Thread 3 ] DEBUG Engine               - isCloseConfirmation: false
12:22:51.449 [FXGL Background Thread 3 ] DEBUG Engine               - isDesktop: true
12:22:51.449 [FXGL Background Thread 3 ] DEBUG Engine               - isDeveloperMenuEnabled: false
12:22:51.449 [FXGL Background Thread 3 ] DEBUG Engine               - isEmbedded: false
12:22:51.449 [FXGL Background Thread 3 ] DEBUG Engine               - isEntityPreloadEnabled: true
12:22:51.449 [FXGL Background Thread 3 ] DEBUG Engine               - isExperimentalTiledLargeMap: false
12:22:51.449 [FXGL Background Thread 3 ] DEBUG Engine               - isFileSystemWriteAllowed: true
12:22:51.449 [FXGL Background Thread 3 ] DEBUG Engine               - isFullScreenAllowed: false
12:22:51.450 [FXGL Background Thread 3 ] DEBUG Engine               - isFullScreenFromStart: false
12:22:51.450 [FXGL Background Thread 3 ] DEBUG Engine               - isGameMenuEnabled: true
12:22:51.450 [FXGL Background Thread 3 ] DEBUG Engine               - isIOS: false
12:22:51.450 [FXGL Background Thread 3 ] DEBUG Engine               - isIntroEnabled: false
12:22:51.450 [FXGL Background Thread 3 ] DEBUG Engine               - isLinux: false
12:22:51.450 [FXGL Background Thread 3 ] DEBUG Engine               - isMac: false
12:22:51.450 [FXGL Background Thread 3 ] DEBUG Engine               - isMainMenuEnabled: false
12:22:51.450 [FXGL Background Thread 3 ] DEBUG Engine               - isManualResizeEnabled: false
12:22:51.450 [FXGL Background Thread 3 ] DEBUG Engine               - isMobile: false
12:22:51.451 [FXGL Background Thread 3 ] DEBUG Engine               - isNative: false
12:22:51.451 [FXGL Background Thread 3 ] DEBUG Engine               - isPauseMusicWhenMinimized: true
12:22:51.451 [FXGL Background Thread 3 ] DEBUG Engine               - isPreserveResizeRatio: false
12:22:51.451 [FXGL Background Thread 3 ] DEBUG Engine               - isProfilingEnabled: false
12:22:51.451 [FXGL Background Thread 3 ] DEBUG Engine               - isScaleAffectedOnResize: true
12:22:51.451 [FXGL Background Thread 3 ] DEBUG Engine               - isSingleStep: false
12:22:51.451 [FXGL Background Thread 3 ] DEBUG Engine               - isUserProfileEnabled: false
12:22:51.451 [FXGL Background Thread 3 ] DEBUG Engine               - isWindows: true
12:22:51.451 [FXGL Background Thread 3 ] DEBUG Engine               - language: ObjectProperty [value: ENGLISH]
12:22:51.451 [FXGL Background Thread 3 ] DEBUG Engine               - menuKey: ESCAPE
12:22:51.452 [FXGL Background Thread 3 ] DEBUG Engine               - mouseSensitivity: 0.2
12:22:51.452 [FXGL Background Thread 3 ] DEBUG Engine               - notificationViewClass: class com.almasb.fxgl.notification.view.XboxNotificationView
12:22:51.452 [FXGL Background Thread 3 ] DEBUG Engine               - pixelsPerMeter: 50.0
12:22:51.452 [FXGL Background Thread 3 ] DEBUG Engine               - platform: WINDOWS
12:22:51.452 [FXGL Background Thread 3 ] DEBUG Engine               - prefHeightProperty: ReadOnlyDoubleProperty [value: 800.0]
12:22:51.452 [FXGL Background Thread 3 ] DEBUG Engine               - prefWidthProperty: ReadOnlyDoubleProperty [value: 800.0]
12:22:51.452 [FXGL Background Thread 3 ] DEBUG Engine               - profileDir: profiles/
12:22:51.452 [FXGL Background Thread 3 ] DEBUG Engine               - profileName: StringProperty [value: DEFAULT]
12:22:51.452 [FXGL Background Thread 3 ] DEBUG Engine               - randomSeed: -1
12:22:51.453 [FXGL Background Thread 3 ] DEBUG Engine               - runtimeInfo: RuntimeInfo(platform=WINDOWS, version=17.3, build=30.03.2023 11.54)
12:22:51.453 [FXGL Background Thread 3 ] DEBUG Engine               - saveFileExt: sav
12:22:51.454 [FXGL Background Thread 3 ] DEBUG Engine               - scaledHeightProp$fxgl: DoubleProperty [bound, value: 728.0]
12:22:51.454 [FXGL Background Thread 3 ] DEBUG Engine               - scaledWidthProp$fxgl: DoubleProperty [bound, value: 703.0]
12:22:51.454 [FXGL Background Thread 3 ] DEBUG Engine               - sceneFactory: com.almasb.fxgl.app.scene.SceneFactory@2c0d8d58
12:22:51.454 [FXGL Background Thread 3 ] DEBUG Engine               - secondsIn24h: 60
12:22:51.454 [FXGL Background Thread 3 ] DEBUG Engine               - soundMenuBack: menu/back.wav
12:22:51.454 [FXGL Background Thread 3 ] DEBUG Engine               - soundMenuPress: menu/press.wav
12:22:51.454 [FXGL Background Thread 3 ] DEBUG Engine               - soundMenuSelect: menu/select.wav
12:22:51.454 [FXGL Background Thread 3 ] DEBUG Engine               - soundNotification: core/notification.wav
12:22:51.454 [FXGL Background Thread 3 ] DEBUG Engine               - stageStyle: DECORATED
12:22:51.454 [FXGL Background Thread 3 ] DEBUG Engine               - supportedLanguages: [ENGLISH, FRENCH, GERMAN, HUNGARIAN, RUSSIAN]
12:22:51.455 [FXGL Background Thread 3 ] DEBUG Engine               - ticksPerSecond: -1
12:22:51.455 [FXGL Background Thread 3 ] DEBUG Engine               - title: Untitled
12:22:51.455 [FXGL Background Thread 3 ] DEBUG Engine               - urlGithub: https://github.com/AlmasB/FXGL
12:22:51.455 [FXGL Background Thread 3 ] DEBUG Engine               - urlLeaderboard: http://fxgl-top.herokuapp.com/
12:22:51.455 [FXGL Background Thread 3 ] DEBUG Engine               - urlPOM: https://raw.githubusercontent.com/AlmasB/FXGL/release/README.md
12:22:51.455 [FXGL Background Thread 3 ] DEBUG Engine               - userAppClass: class core.RTSMain
12:22:51.456 [FXGL Background Thread 3 ] DEBUG Engine               - version: 0.0
12:22:51.456 [FXGL Background Thread 3 ] DEBUG Engine               - versionCheckDays: 7
12:22:51.456 [FXGL Background Thread 3 ] DEBUG Engine               - width: 800
12:22:51.456 [FXGL Background Thread 3 ] DEBUG Engine               - Logging services
12:22:51.456 [FXGL Background Thread 3 ] DEBUG Engine               - class com.almasb.fxgl.app.services.FXGLAssetLoaderService
12:22:51.456 [FXGL Background Thread 3 ] DEBUG Engine               - class com.almasb.fxgl.app.FXGLApplication$GameApplicationService
12:22:51.456 [FXGL Background Thread 3 ] DEBUG Engine               - class com.almasb.fxgl.app.services.FXGLDialogService
12:22:51.456 [FXGL Background Thread 3 ] DEBUG Engine               - class com.almasb.fxgl.app.services.IOTaskExecutorService
12:22:51.456 [FXGL Background Thread 3 ] DEBUG Engine               - class com.almasb.fxgl.io.FileSystemService
12:22:51.456 [FXGL Background Thread 3 ] DEBUG Engine               - class com.almasb.fxgl.localization.LocalizationService
12:22:51.457 [FXGL Background Thread 3 ] DEBUG Engine               - class com.almasb.fxgl.app.services.SystemBundleService
12:22:51.457 [FXGL Background Thread 3 ] DEBUG Engine               - class com.almasb.fxgl.profile.SaveLoadService
12:22:51.457 [FXGL Background Thread 3 ] DEBUG Engine               - class com.almasb.fxgl.ui.FXGLUIFactoryServiceProvider
12:22:51.457 [FXGL Background Thread 3 ] DEBUG Engine               - class com.almasb.fxgl.ui.FXGLDialogFactoryServiceProvider
12:22:51.457 [FXGL Background Thread 3 ] DEBUG Engine               - class com.almasb.fxgl.audio.AudioPlayer
12:22:51.457 [FXGL Background Thread 3 ] DEBUG Engine               - class com.almasb.fxgl.notification.impl.NotificationServiceProvider
12:22:51.457 [FXGL Background Thread 3 ] DEBUG Engine               - class com.almasb.fxgl.achievement.AchievementService
12:22:51.457 [FXGL Background Thread 3 ] DEBUG Engine               - class com.almasb.fxgl.cutscene.CutsceneService
12:22:51.457 [FXGL Background Thread 3 ] DEBUG Engine               - class com.almasb.fxgl.minigames.MiniGameService
12:22:51.457 [FXGL Background Thread 3 ] DEBUG Engine               - class com.almasb.fxgl.net.NetService
12:22:51.457 [FXGL Background Thread 3 ] DEBUG Engine               - class com.almasb.fxgl.app.services.UpdaterService
12:22:51.458 [FXGL Background Thread 3 ] DEBUG Engine               - class com.almasb.fxgl.dev.DevService
12:22:53.040 [JavaFX Application Thread] DEBUG LoopRunner           - Stopping loop
12:22:53.043 [JavaFX Application Thread] FATAL FXGLApplication      - Uncaught Exception:
java.lang.ArrayIndexOutOfBoundsException: Index 700 out of bounds for length 21
	at core.RTSMain.moveSelected(RTSMain.java:204)
	at core.RTSMain.lambda$6(RTSMain.java:84)
	at com.almasb.fxgl.dsl.FXGL$Companion$onBtnDown$1.onActionBegin(FXGL.kt:524)
	at com.almasb.fxgl.input.UserAction.begin$fxgl_core(UserAction.kt:37)
	at com.almasb.fxgl.input.Input.handlePressed(Input.kt:375)
	at com.almasb.fxgl.input.Input.onMouseEvent(Input.kt:339)
	at com.almasb.fxgl.input.Input.onMouseEvent(Input.kt:328)
	at com.almasb.fxgl.app.PrimaryStageWindow$2$1.invoke(MainWindow.kt:313)
	at com.almasb.fxgl.app.PrimaryStageWindow$2$1.invoke(MainWindow.kt:313)
	at com.almasb.fxgl.core.fsm.StateMachine.runOnActiveStates(StateMachine.kt:69)
	at com.almasb.fxgl.app.PrimaryStageWindow$2.invoke(MainWindow.kt:313)
	at com.almasb.fxgl.app.PrimaryStageWindow$2.invoke(MainWindow.kt:311)
	at com.almasb.fxgl.app.MainWindow.addMouseHandler$lambda$2(MainWindow.kt:237)
	at com.sun.javafx.event.CompositeEventHandler$NormalEventHandlerRecord.handleBubblingEvent(CompositeEventHandler.java:247)
	at com.sun.javafx.event.CompositeEventHandler.dispatchBubblingEvent(CompositeEventHandler.java:80)
	at com.sun.javafx.event.EventHandlerManager.dispatchBubblingEvent(EventHandlerManager.java:232)
	at com.sun.javafx.event.EventHandlerManager.dispatchBubblingEvent(EventHandlerManager.java:189)
	at com.sun.javafx.event.CompositeEventDispatcher.dispatchBubblingEvent(CompositeEventDispatcher.java:59)
	at com.sun.javafx.event.BasicEventDispatcher.dispatchEvent(BasicEventDispatcher.java:58)
	at com.sun.javafx.event.EventDispatchChainImpl.dispatchEvent(EventDispatchChainImpl.java:114)
	at com.sun.javafx.event.BasicEventDispatcher.dispatchEvent(BasicEventDispatcher.java:56)
	at com.sun.javafx.event.EventDispatchChainImpl.dispatchEvent(EventDispatchChainImpl.java:114)
	at com.sun.javafx.event.EventUtil.fireEventImpl(EventUtil.java:74)
	at com.sun.javafx.event.EventUtil.fireEvent(EventUtil.java:54)
	at javafx.event.Event.fireEvent(Event.java:198)
	at javafx.scene.Scene$MouseHandler.process(Scene.java:3980)
	at javafx.scene.Scene.processMouseEvent(Scene.java:1890)
	at javafx.scene.Scene$ScenePeerListener.mouseEvent(Scene.java:2704)
	at com.sun.javafx.tk.quantum.GlassViewEventHandler$MouseEventNotification.run(GlassViewEventHandler.java:411)
	at com.sun.javafx.tk.quantum.GlassViewEventHandler$MouseEventNotification.run(GlassViewEventHandler.java:301)
	at java.base/java.security.AccessController.doPrivileged(AccessController.java:400)
	at com.sun.javafx.tk.quantum.GlassViewEventHandler.lambda$handleMouseEvent$2(GlassViewEventHandler.java:450)
	at com.sun.javafx.tk.quantum.QuantumToolkit.runWithoutRenderLock(QuantumToolkit.java:424)
	at com.sun.javafx.tk.quantum.GlassViewEventHandler.handleMouseEvent(GlassViewEventHandler.java:449)
	at com.sun.glass.ui.View.handleMouseEvent(View.java:551)
	at com.sun.glass.ui.View.notifyMouse(View.java:937)
	at com.sun.glass.ui.win.WinApplication._runLoop(Native Method)
	at com.sun.glass.ui.win.WinApplication.lambda$runLoop$3(WinApplication.java:185)
	at java.base/java.lang.Thread.run(Thread.java:1623)

12:22:53.043 [JavaFX Application Thread] FATAL FXGLApplication      - Application will now exit
12:22:53.079 [JavaFX Application Thread] DEBUG PrimaryStageWindow   - Push state: ErrorSubScene
12:22:53.079 [JavaFX Application Thread] DEBUG Input                - Clearing active input actions
12:22:53.093 [JavaFX Application Thread] DEBUG GameApplicationServi - Removing overlay from GameScene and adding to ErrorSubScene
12:22:53.094 [JavaFX Application Thread] DEBUG PrimaryStageWindow   - GameScene -> ErrorSubScene
12:22:57.164 [JavaFX Application Thread] DEBUG FXGLApplication      - Exiting FXGL
12:22:57.165 [JavaFX Application Thread] DEBUG Async                - Shutting down background threads
12:22:57.165 [JavaFX Application Thread] DEBUG PrimaryStageWindow   - Closing main window
12:22:57.181 [JavaFX Application Thread] DEBUG Logger               - Closing Logger
