12:23:44.168 [main                     ] DEBUG Logger               - Configured Logger
12:23:44.203 [main                     ] DEBUG GameApplication      - Logging settings
Title: Untitled
Version: 0.0
Width: 800
Height: 800
Fullscreen: false
Intro: false
Profiling: false
Single step:false
App Mode: DEVELOPER
Menu Key: ESCAPE
Stage Style: DECORATED
Scene Factory: class com.almasb.fxgl.app.scene.SceneFactory

12:23:44.391 [JavaFX Application Thread] DEBUG FXGLApplication      - Initializing FXGL
12:23:44.400 [JavaFX Application Thread] INFO  Engine               - FXGL-17.3 (30.03.2023 11.54) on WINDOWS (J:20.0.1 FX:20)
12:23:44.402 [JavaFX Application Thread] DEBUG Engine               - JRE Vendor Name: Oracle Corporation
12:23:44.402 [JavaFX Application Thread] DEBUG Engine               - Running on OS: Windows 10 version 10.0
12:23:44.403 [JavaFX Application Thread] DEBUG Engine               - Architecture: amd64
12:23:44.403 [JavaFX Application Thread] INFO  Engine               - Source code and latest versions at: https://github.com/AlmasB/FXGL
12:23:44.403 [JavaFX Application Thread] INFO  Engine               -       Ask questions and discuss at: https://github.com/AlmasB/FXGL/discussions
12:23:44.404 [JavaFX Application Thread] INFO  Engine               -              Join the FXGL chat at: https://gitter.im/AlmasB/FXGL
12:23:44.522 [JavaFX Application Thread] DEBUG PrimaryStageWindow   - Creating a JavaFX scene
12:23:44.523 [JavaFX Application Thread] DEBUG PrimaryStageWindow   - Target size > screen size
12:23:44.640 [JavaFX Application Thread] DEBUG PrimaryStageWindow   - Target settings size: 800.0 x 800.0
12:23:44.640 [JavaFX Application Thread] DEBUG PrimaryStageWindow   - Scaled scene size:    703.0 x 728.0
12:23:44.641 [JavaFX Application Thread] DEBUG PrimaryStageWindow   - Scaled ratio: (0.87875, 0.91)
12:23:44.644 [JavaFX Application Thread] DEBUG PrimaryStageWindow   - Set initial scene to FXGLStartupScene
12:23:44.651 [JavaFX Application Thread] DEBUG PrimaryStageWindow   - Opening main window
12:23:44.800 [JavaFX Application Thread] DEBUG PrimaryStageWindow   - Window border size: (16.0, 39.0)
12:23:44.800 [JavaFX Application Thread] DEBUG PrimaryStageWindow   - Scaled size: 703.0 x 728.0
12:23:44.801 [JavaFX Application Thread] DEBUG PrimaryStageWindow   - Scaled ratio: (0.87875, 0.91)
12:23:44.801 [JavaFX Application Thread] DEBUG PrimaryStageWindow   - Scene size: 703.0 x 728.0
12:23:44.802 [JavaFX Application Thread] DEBUG PrimaryStageWindow   - Stage size: 719.0 x 767.0
12:23:44.826 [FXGL Background Thread 1 ] DEBUG Engine               - Initializing environment variables
12:23:45.031 [FXGL Background Thread 1 ] DEBUG FXGLAssetLoaderServi - User app class for loading assets: class core.RTSMain
12:23:45.031 [FXGL Background Thread 1 ] DEBUG GameApplicationServi - Applying CSS: fxgl_dark.css
12:23:45.033 [FXGL Background Thread 1 ] DEBUG FXGLAssetLoaderServi - Loading from file system: jar:file:/C:/Users/dcurtis25/Downloads/fxgl-17.3-uber.jar!/fxglassets/ui/css/fxgl_dark.css
12:23:45.133 [FXGL Background Thread 1 ] DEBUG GameApplicationServi - Initializing application scenes
12:23:45.276 [FXGL Background Thread 1 ] DEBUG GameWorld            - Game world initialized
12:23:45.402 [FXGL Background Thread 1 ] DEBUG PhysicsWorld         - Physics world initialized: appHeight=800, physics.ppm=50.0
12:23:45.402 [FXGL Background Thread 1 ] DEBUG PhysicsWorld         - Using strategy: BRUTE_FORCE
12:23:45.410 [FXGL Background Thread 1 ] DEBUG GameScene            - Game scene initialized: 800x800
12:23:45.436 [FXGL Background Thread 1 ] DEBUG FXGL.DefaultMenu     - createMenuBodyGameMenu()
12:23:45.464 [FXGL Background Thread 1 ] DEBUG FXGL.DefaultMenu     - createOptionsMenu()
12:23:45.482 [FXGL Background Thread 1 ] DEBUG FXGLAssetLoaderServi - Loading from file system: jar:file:/C:/Users/dcurtis25/Downloads/fxgl-17.3-uber.jar!/fxglassets/textures/particles/smoke.png
12:23:45.697 [FXGL Background Thread 1 ] DEBUG FXGLAssetLoaderServi - Loading from file system: jar:file:/C:/Users/dcurtis25/Downloads/fxgl-17.3-uber.jar!/fxglassets/textures/particles/trace_horizontal.png
12:23:45.760 [FXGL Background Thread 1 ] DEBUG GameApplicationServi - Application scenes initialized
12:23:45.794 [FXGL Background Thread 1 ] DEBUG SystemBundleService  - Loading FXGL system data
12:23:45.803 [FXGL Background Thread 1 ] DEBUG FileSystemAccess     - Reading from: C:\Users\dcurtis25\git\CompSci-Final-Project\system\fxgl.bundle
12:23:45.824 [FXGL Background Thread 1 ] DEBUG SystemBundleService  - Bundle FXGL: {}
12:23:45.825 [FXGL Background Thread 1 ] DEBUG UpdaterService       - Checking for updates
12:23:45.834 [FXGL Background Thread 4 ] DEBUG FXGLApplication      - Loading fonts
12:23:45.838 [FXGL Background Thread 4 ] DEBUG FXGLAssetLoaderServi - Loading from file system: jar:file:/C:/Users/dcurtis25/Downloads/fxgl-17.3-uber.jar!/fxglassets/ui/fonts/VarelaRound-Regular.ttf
12:23:45.839 [FXGL Background Thread 1 ] DEBUG FXGLApplication      - Loading default localization
12:23:45.840 [FXGL Background Thread 1 ] DEBUG FXGLAssetLoaderServi - Loading from file system: jar:file:/C:/Users/dcurtis25/Downloads/fxgl-17.3-uber.jar!/fxglassets/languages/english.lang
12:23:45.899 [FXGL Background Thread 1 ] INFO  FXGLApplication      - FXGL initialization took: 1.072 sec
12:23:45.921 [JavaFX Application Thread] DEBUG Input                - Registered new binding: action0 - A
12:23:45.922 [JavaFX Application Thread] DEBUG Input                - Registered new binding: action1 - D
12:23:45.923 [JavaFX Application Thread] DEBUG Input                - Registered new binding: action2 - W
12:23:45.924 [JavaFX Application Thread] DEBUG Input                - Registered new binding: action3 - S
12:23:45.925 [JavaFX Application Thread] DEBUG Input                - Registered new binding: action4 - Tab
12:23:45.929 [JavaFX Application Thread] DEBUG Input                - Registered new binding: action5 - LMB
12:23:45.930 [JavaFX Application Thread] DEBUG Input                - Registered new binding: action6 - RMB
12:23:45.931 [JavaFX Application Thread] DEBUG Input                - Registered new binding: action7 - H
12:23:45.932 [JavaFX Application Thread] DEBUG FXGLAssetLoaderServi - Loading from file system: jar:file:/C:/Users/dcurtis25/Downloads/fxgl-17.3-uber.jar!/fxglassets/textures/fxgl_icon.png
12:23:45.983 [JavaFX Application Thread] DEBUG FXGLAssetLoaderServi - Loading from file system: jar:file:/C:/Users/dcurtis25/Downloads/fxgl-17.3-uber.jar!/fxglassets/textures/fxgl_default_cursor.png
12:23:45.990 [JavaFX Application Thread] DEBUG Input                - Registered new binding: Screenshot - CTRL+8
12:23:45.992 [JavaFX Application Thread] DEBUG Input                - Registered new binding: System info dump - CTRL+9
12:23:45.992 [JavaFX Application Thread] DEBUG Input                - Registered new binding: Restart - CTRL+R
12:23:45.995 [JavaFX Application Thread] DEBUG Input                - Registered new binding: Toggle Debug Camera - CTRL+7
12:23:46.002 [JavaFX Application Thread] DEBUG LoopRunner           - Starting loop
12:23:46.002 [JavaFX Application Thread] DEBUG LoopRunner           - Initializing JavaFX AnimationTimerLoop
12:23:46.018 [JavaFX Application Thread] DEBUG GameApplicationServi - Starting new game
12:23:46.019 [JavaFX Application Thread] DEBUG Input                - Clearing active input actions
12:23:46.040 [JavaFX Application Thread] DEBUG GameApplicationServi - Removing overlay from FXGLStartupScene and adding to FXGLLoadingScene
12:23:46.041 [JavaFX Application Thread] DEBUG PrimaryStageWindow   - FXGLStartupScene -> FXGLLoadingScene
12:23:46.041 [JavaFX Application Thread] DEBUG GameApplicationServi - Clearing previous game
12:23:46.041 [JavaFX Application Thread] DEBUG GameScene            - Clearing game scene
12:23:46.041 [JavaFX Application Thread] DEBUG GameWorld            - Clearing game world
12:23:46.041 [JavaFX Application Thread] DEBUG PhysicsWorld         - Clearing physics world
12:23:46.044 [FXGL Background Thread 1 ] DEBUG FXGLApplication      - Initializing game
12:23:46.682 [FXGL Background Thread 4 ] DEBUG FXGLAssetLoaderServi - Loading from file system: jar:file:/C:/Users/dcurtis25/Downloads/fxgl-17.3-uber.jar!/fxglassets/ui/fonts/Abel-Regular.ttf
12:23:46.693 [FXGL Background Thread 4 ] DEBUG FXGLAssetLoaderServi - Loading from file system: jar:file:/C:/Users/dcurtis25/Downloads/fxgl-17.3-uber.jar!/fxglassets/ui/fonts/TerminalLandMono-Regular.otf
12:23:46.704 [FXGL Background Thread 4 ] DEBUG FXGLAssetLoaderServi - Loading from file system: jar:file:/C:/Users/dcurtis25/Downloads/fxgl-17.3-uber.jar!/fxglassets/ui/fonts/Courier-Prime.ttf
12:23:46.720 [JavaFX Application Thread] DEBUG FXGLApplication      - Registering font factories with UI factory
12:23:47.754 [FXGL Background Thread 1 ] INFO  FXGLApplication      - Game initialization took: 1.710 sec
12:23:47.756 [JavaFX Application Thread] DEBUG Input                - Clearing active input actions
12:23:47.860 [JavaFX Application Thread] DEBUG GameApplicationServi - Removing overlay from FXGLLoadingScene and adding to GameScene
12:23:47.861 [JavaFX Application Thread] DEBUG PrimaryStageWindow   - FXGLLoadingScene -> GameScene
12:23:48.831 [FXGL Background Thread 3 ] DEBUG Engine               - Logging environment variables
12:23:48.832 [FXGL Background Thread 3 ] DEBUG Engine               - achievements: []
12:23:48.832 [FXGL Background Thread 3 ] DEBUG Engine               - actualHeight: 728.0
12:23:48.832 [FXGL Background Thread 3 ] DEBUG Engine               - actualHeightProperty: ReadOnlyDoubleProperty [value: 728.0]
12:23:48.832 [FXGL Background Thread 3 ] DEBUG Engine               - actualWidth: 703.0
12:23:48.832 [FXGL Background Thread 3 ] DEBUG Engine               - actualWidthProperty: ReadOnlyDoubleProperty [value: 703.0]
12:23:48.832 [FXGL Background Thread 3 ] DEBUG Engine               - appIcon: fxgl_icon.png
12:23:48.833 [FXGL Background Thread 3 ] DEBUG Engine               - applicationMode: DEVELOPER
12:23:48.833 [FXGL Background Thread 3 ] DEBUG Engine               - cSSList: [fxgl_dark.css]
12:23:48.833 [FXGL Background Thread 3 ] DEBUG Engine               - collisionDetectionStrategy: BRUTE_FORCE
12:23:48.833 [FXGL Background Thread 3 ] DEBUG Engine               - configClass: Optional.empty
12:23:48.833 [FXGL Background Thread 3 ] DEBUG Engine               - credits: []
12:23:48.834 [FXGL Background Thread 3 ] DEBUG Engine               - defaultCursor: CursorInfo(imageName=fxgl_default_cursor.png, hotspotX=7.0, hotspotY=6.0)
12:23:48.834 [FXGL Background Thread 3 ] DEBUG Engine               - devBBoxColorProperty: ObjectProperty [value: 0xff0000ff]
12:23:48.834 [FXGL Background Thread 3 ] DEBUG Engine               - devEnableDebugCameraProperty: BooleanProperty [value: false]
12:23:48.834 [FXGL Background Thread 3 ] DEBUG Engine               - devSensorColorProperty: ObjectProperty [value: 0xffff00ff]
12:23:48.835 [FXGL Background Thread 3 ] DEBUG Engine               - devShowBBoxProperty: BooleanProperty [value: false]
12:23:48.835 [FXGL Background Thread 3 ] DEBUG Engine               - devShowPositionProperty: BooleanProperty [value: false]
12:23:48.835 [FXGL Background Thread 3 ] DEBUG Engine               - enabledMenuItems: []
12:23:48.835 [FXGL Background Thread 3 ] DEBUG Engine               - engineServices: [class com.almasb.fxgl.app.services.FXGLAssetLoaderService, class com.almasb.fxgl.app.FXGLApplication$GameApplicationService, class com.almasb.fxgl.app.services.FXGLDialogService, class com.almasb.fxgl.app.services.IOTaskExecutorService, class com.almasb.fxgl.io.FileSystemService, class com.almasb.fxgl.localization.LocalizationService, class com.almasb.fxgl.app.services.SystemBundleService, class com.almasb.fxgl.profile.SaveLoadService, class com.almasb.fxgl.ui.FXGLUIFactoryServiceProvider, class com.almasb.fxgl.ui.FXGLDialogFactoryServiceProvider, class com.almasb.fxgl.audio.AudioPlayer, class com.almasb.fxgl.notification.impl.NotificationServiceProvider, class com.almasb.fxgl.achievement.AchievementService, class com.almasb.fxgl.cutscene.CutsceneService, class com.almasb.fxgl.minigames.MiniGameService, class com.almasb.fxgl.net.NetService, class com.almasb.fxgl.app.services.UpdaterService, class com.almasb.fxgl.dev.DevService]
12:23:48.835 [FXGL Background Thread 3 ] DEBUG Engine               - fontGame: Abel-Regular.ttf
12:23:48.835 [FXGL Background Thread 3 ] DEBUG Engine               - fontMono: TerminalLandMono-Regular.otf
12:23:48.835 [FXGL Background Thread 3 ] DEBUG Engine               - fontSizeScaleUI: 1.0
12:23:48.836 [FXGL Background Thread 3 ] DEBUG Engine               - fontText: Courier-Prime.ttf
12:23:48.836 [FXGL Background Thread 3 ] DEBUG Engine               - fontUI: VarelaRound-Regular.ttf
12:23:48.836 [FXGL Background Thread 3 ] DEBUG Engine               - fullScreen: BooleanProperty [value: false]
12:23:48.836 [FXGL Background Thread 3 ] DEBUG Engine               - gameDifficulty: MEDIUM
12:23:48.836 [FXGL Background Thread 3 ] DEBUG Engine               - gameDifficultyProperty: ObjectProperty [value: MEDIUM]
12:23:48.836 [FXGL Background Thread 3 ] DEBUG Engine               - globalMusicVolume: 0.5
12:23:48.836 [FXGL Background Thread 3 ] DEBUG Engine               - globalMusicVolumeProperty: DoubleProperty [value: 0.5]
12:23:48.836 [FXGL Background Thread 3 ] DEBUG Engine               - globalSoundVolume: 0.5
12:23:48.836 [FXGL Background Thread 3 ] DEBUG Engine               - globalSoundVolumeProperty: DoubleProperty [value: 0.5]
12:23:48.837 [FXGL Background Thread 3 ] DEBUG Engine               - height: 800
12:23:48.837 [FXGL Background Thread 3 ] DEBUG Engine               - is3D: false
12:23:48.837 [FXGL Background Thread 3 ] DEBUG Engine               - isAndroid: false
12:23:48.837 [FXGL Background Thread 3 ] DEBUG Engine               - isBrowser: false
12:23:48.837 [FXGL Background Thread 3 ] DEBUG Engine               - isClickFeedbackEnabled: false
12:23:48.837 [FXGL Background Thread 3 ] DEBUG Engine               - isCloseConfirmation: false
12:23:48.837 [FXGL Background Thread 3 ] DEBUG Engine               - isDesktop: true
12:23:48.837 [FXGL Background Thread 3 ] DEBUG Engine               - isDeveloperMenuEnabled: false
12:23:48.838 [FXGL Background Thread 3 ] DEBUG Engine               - isEmbedded: false
12:23:48.838 [FXGL Background Thread 3 ] DEBUG Engine               - isEntityPreloadEnabled: true
12:23:48.838 [FXGL Background Thread 3 ] DEBUG Engine               - isExperimentalTiledLargeMap: false
12:23:48.838 [FXGL Background Thread 3 ] DEBUG Engine               - isFileSystemWriteAllowed: true
12:23:48.838 [FXGL Background Thread 3 ] DEBUG Engine               - isFullScreenAllowed: false
12:23:48.838 [FXGL Background Thread 3 ] DEBUG Engine               - isFullScreenFromStart: false
12:23:48.838 [FXGL Background Thread 3 ] DEBUG Engine               - isGameMenuEnabled: true
12:23:48.838 [FXGL Background Thread 3 ] DEBUG Engine               - isIOS: false
12:23:48.839 [FXGL Background Thread 3 ] DEBUG Engine               - isIntroEnabled: false
12:23:48.839 [FXGL Background Thread 3 ] DEBUG Engine               - isLinux: false
12:23:48.839 [FXGL Background Thread 3 ] DEBUG Engine               - isMac: false
12:23:48.839 [FXGL Background Thread 3 ] DEBUG Engine               - isMainMenuEnabled: false
12:23:48.839 [FXGL Background Thread 3 ] DEBUG Engine               - isManualResizeEnabled: false
12:23:48.839 [FXGL Background Thread 3 ] DEBUG Engine               - isMobile: false
12:23:48.839 [FXGL Background Thread 3 ] DEBUG Engine               - isNative: false
12:23:48.839 [FXGL Background Thread 3 ] DEBUG Engine               - isPauseMusicWhenMinimized: true
12:23:48.840 [FXGL Background Thread 3 ] DEBUG Engine               - isPreserveResizeRatio: false
12:23:48.840 [FXGL Background Thread 3 ] DEBUG Engine               - isProfilingEnabled: false
12:23:48.840 [FXGL Background Thread 3 ] DEBUG Engine               - isScaleAffectedOnResize: true
12:23:48.840 [FXGL Background Thread 3 ] DEBUG Engine               - isSingleStep: false
12:23:48.840 [FXGL Background Thread 3 ] DEBUG Engine               - isUserProfileEnabled: false
12:23:48.840 [FXGL Background Thread 3 ] DEBUG Engine               - isWindows: true
12:23:48.840 [FXGL Background Thread 3 ] DEBUG Engine               - language: ObjectProperty [value: ENGLISH]
12:23:48.840 [FXGL Background Thread 3 ] DEBUG Engine               - menuKey: ESCAPE
12:23:48.840 [FXGL Background Thread 3 ] DEBUG Engine               - mouseSensitivity: 0.2
12:23:48.841 [FXGL Background Thread 3 ] DEBUG Engine               - notificationViewClass: class com.almasb.fxgl.notification.view.XboxNotificationView
12:23:48.841 [FXGL Background Thread 3 ] DEBUG Engine               - pixelsPerMeter: 50.0
12:23:48.841 [FXGL Background Thread 3 ] DEBUG Engine               - platform: WINDOWS
12:23:48.841 [FXGL Background Thread 3 ] DEBUG Engine               - prefHeightProperty: ReadOnlyDoubleProperty [value: 800.0]
12:23:48.841 [FXGL Background Thread 3 ] DEBUG Engine               - prefWidthProperty: ReadOnlyDoubleProperty [value: 800.0]
12:23:48.841 [FXGL Background Thread 3 ] DEBUG Engine               - profileDir: profiles/
12:23:48.841 [FXGL Background Thread 3 ] DEBUG Engine               - profileName: StringProperty [value: DEFAULT]
12:23:48.841 [FXGL Background Thread 3 ] DEBUG Engine               - randomSeed: -1
12:23:48.842 [FXGL Background Thread 3 ] DEBUG Engine               - runtimeInfo: RuntimeInfo(platform=WINDOWS, version=17.3, build=30.03.2023 11.54)
12:23:48.842 [FXGL Background Thread 3 ] DEBUG Engine               - saveFileExt: sav
12:23:48.842 [FXGL Background Thread 3 ] DEBUG Engine               - scaledHeightProp$fxgl: DoubleProperty [bound, value: 728.0]
12:23:48.842 [FXGL Background Thread 3 ] DEBUG Engine               - scaledWidthProp$fxgl: DoubleProperty [bound, value: 703.0]
12:23:48.843 [FXGL Background Thread 3 ] DEBUG Engine               - sceneFactory: com.almasb.fxgl.app.scene.SceneFactory@2903353d
12:23:48.843 [FXGL Background Thread 3 ] DEBUG Engine               - secondsIn24h: 60
12:23:48.843 [FXGL Background Thread 3 ] DEBUG Engine               - soundMenuBack: menu/back.wav
12:23:48.843 [FXGL Background Thread 3 ] DEBUG Engine               - soundMenuPress: menu/press.wav
12:23:48.843 [FXGL Background Thread 3 ] DEBUG Engine               - soundMenuSelect: menu/select.wav
12:23:48.843 [FXGL Background Thread 3 ] DEBUG Engine               - soundNotification: core/notification.wav
12:23:48.843 [FXGL Background Thread 3 ] DEBUG Engine               - stageStyle: DECORATED
12:23:48.843 [FXGL Background Thread 3 ] DEBUG Engine               - supportedLanguages: [ENGLISH, FRENCH, GERMAN, HUNGARIAN, RUSSIAN]
12:23:48.843 [FXGL Background Thread 3 ] DEBUG Engine               - ticksPerSecond: -1
12:23:48.844 [FXGL Background Thread 3 ] DEBUG Engine               - title: Untitled
12:23:48.844 [FXGL Background Thread 3 ] DEBUG Engine               - urlGithub: https://github.com/AlmasB/FXGL
12:23:48.844 [FXGL Background Thread 3 ] DEBUG Engine               - urlLeaderboard: http://fxgl-top.herokuapp.com/
12:23:48.844 [FXGL Background Thread 3 ] DEBUG Engine               - urlPOM: https://raw.githubusercontent.com/AlmasB/FXGL/release/README.md
12:23:48.844 [FXGL Background Thread 3 ] DEBUG Engine               - userAppClass: class core.RTSMain
12:23:48.844 [FXGL Background Thread 3 ] DEBUG Engine               - version: 0.0
12:23:48.844 [FXGL Background Thread 3 ] DEBUG Engine               - versionCheckDays: 7
12:23:48.844 [FXGL Background Thread 3 ] DEBUG Engine               - width: 800
12:23:48.845 [FXGL Background Thread 3 ] DEBUG Engine               - Logging services
12:23:48.845 [FXGL Background Thread 3 ] DEBUG Engine               - class com.almasb.fxgl.app.services.FXGLAssetLoaderService
12:23:48.845 [FXGL Background Thread 3 ] DEBUG Engine               - class com.almasb.fxgl.app.FXGLApplication$GameApplicationService
12:23:48.845 [FXGL Background Thread 3 ] DEBUG Engine               - class com.almasb.fxgl.app.services.FXGLDialogService
12:23:48.845 [FXGL Background Thread 3 ] DEBUG Engine               - class com.almasb.fxgl.app.services.IOTaskExecutorService
12:23:48.845 [FXGL Background Thread 3 ] DEBUG Engine               - class com.almasb.fxgl.io.FileSystemService
12:23:48.845 [FXGL Background Thread 3 ] DEBUG Engine               - class com.almasb.fxgl.localization.LocalizationService
12:23:48.845 [FXGL Background Thread 3 ] DEBUG Engine               - class com.almasb.fxgl.app.services.SystemBundleService
12:23:48.845 [FXGL Background Thread 3 ] DEBUG Engine               - class com.almasb.fxgl.profile.SaveLoadService
12:23:48.845 [FXGL Background Thread 3 ] DEBUG Engine               - class com.almasb.fxgl.ui.FXGLUIFactoryServiceProvider
12:23:48.845 [FXGL Background Thread 3 ] DEBUG Engine               - class com.almasb.fxgl.ui.FXGLDialogFactoryServiceProvider
12:23:48.845 [FXGL Background Thread 3 ] DEBUG Engine               - class com.almasb.fxgl.audio.AudioPlayer
12:23:48.845 [FXGL Background Thread 3 ] DEBUG Engine               - class com.almasb.fxgl.notification.impl.NotificationServiceProvider
12:23:48.846 [FXGL Background Thread 3 ] DEBUG Engine               - class com.almasb.fxgl.achievement.AchievementService
12:23:48.846 [FXGL Background Thread 3 ] DEBUG Engine               - class com.almasb.fxgl.cutscene.CutsceneService
12:23:48.846 [FXGL Background Thread 3 ] DEBUG Engine               - class com.almasb.fxgl.minigames.MiniGameService
12:23:48.846 [FXGL Background Thread 3 ] DEBUG Engine               - class com.almasb.fxgl.net.NetService
12:23:48.846 [FXGL Background Thread 3 ] DEBUG Engine               - class com.almasb.fxgl.app.services.UpdaterService
12:23:48.846 [FXGL Background Thread 3 ] DEBUG Engine               - class com.almasb.fxgl.dev.DevService
12:23:56.794 [JavaFX Application Thread] DEBUG FXGLApplication      - Exiting FXGL
12:23:56.795 [JavaFX Application Thread] DEBUG LoopRunner           - Stopping loop
12:23:56.795 [JavaFX Application Thread] DEBUG SystemBundleService  - Saving FXGL system data
12:23:56.803 [JavaFX Application Thread] DEBUG FileSystemAccess     - Writing to: C:\Users\dcurtis25\git\CompSci-Final-Project\system\fxgl.bundle
12:23:56.806 [JavaFX Application Thread] DEBUG Async                - Shutting down background threads
12:23:56.807 [JavaFX Application Thread] DEBUG PrimaryStageWindow   - Closing main window
12:23:56.825 [JavaFX Application Thread] DEBUG Logger               - Closing Logger
