12:39:20.217 [main                     ] DEBUG Logger               - Configured Logger
12:39:20.254 [main                     ] DEBUG GameApplication      - Logging settings
Title: Untitled
Version: 0.0
Width: 800
Height: 800
Fullscreen: false
Intro: false
Profiling: false
Single step:false
App Mode: DEVELOPER
Menu Key: ESCAPE
Stage Style: DECORATED
Scene Factory: class com.almasb.fxgl.app.scene.SceneFactory

12:39:20.463 [JavaFX Application Thread] DEBUG FXGLApplication      - Initializing FXGL
12:39:20.473 [JavaFX Application Thread] INFO  Engine               - FXGL-17.3 (30.03.2023 11.54) on WINDOWS (J:20.0.1 FX:20)
12:39:20.473 [JavaFX Application Thread] DEBUG Engine               - JRE Vendor Name: Oracle Corporation
12:39:20.474 [JavaFX Application Thread] DEBUG Engine               - Running on OS: Windows 10 version 10.0
12:39:20.475 [JavaFX Application Thread] DEBUG Engine               - Architecture: amd64
12:39:20.475 [JavaFX Application Thread] INFO  Engine               - Source code and latest versions at: https://github.com/AlmasB/FXGL
12:39:20.475 [JavaFX Application Thread] INFO  Engine               -       Ask questions and discuss at: https://github.com/AlmasB/FXGL/discussions
12:39:20.476 [JavaFX Application Thread] INFO  Engine               -              Join the FXGL chat at: https://gitter.im/AlmasB/FXGL
12:39:20.617 [JavaFX Application Thread] DEBUG PrimaryStageWindow   - Creating a JavaFX scene
12:39:20.618 [JavaFX Application Thread] DEBUG PrimaryStageWindow   - Target size > screen size
12:39:20.743 [JavaFX Application Thread] DEBUG PrimaryStageWindow   - Target settings size: 800.0 x 800.0
12:39:20.744 [JavaFX Application Thread] DEBUG PrimaryStageWindow   - Scaled scene size:    703.0 x 728.0
12:39:20.745 [JavaFX Application Thread] DEBUG PrimaryStageWindow   - Scaled ratio: (0.87875, 0.91)
12:39:20.747 [JavaFX Application Thread] DEBUG PrimaryStageWindow   - Set initial scene to FXGLStartupScene
12:39:20.754 [JavaFX Application Thread] DEBUG PrimaryStageWindow   - Opening main window
12:39:20.941 [JavaFX Application Thread] DEBUG PrimaryStageWindow   - Window border size: (16.0, 39.0)
12:39:20.942 [JavaFX Application Thread] DEBUG PrimaryStageWindow   - Scaled size: 703.0 x 728.0
12:39:20.943 [JavaFX Application Thread] DEBUG PrimaryStageWindow   - Scaled ratio: (0.87875, 0.91)
12:39:20.943 [JavaFX Application Thread] DEBUG PrimaryStageWindow   - Scene size: 703.0 x 728.0
12:39:20.944 [JavaFX Application Thread] DEBUG PrimaryStageWindow   - Stage size: 719.0 x 767.0
12:39:20.965 [FXGL Background Thread 1 ] DEBUG Engine               - Initializing environment variables
12:39:21.158 [FXGL Background Thread 1 ] DEBUG FXGLAssetLoaderServi - User app class for loading assets: class core.RTSMain
12:39:21.159 [FXGL Background Thread 1 ] DEBUG GameApplicationServi - Applying CSS: fxgl_dark.css
12:39:21.161 [FXGL Background Thread 1 ] DEBUG FXGLAssetLoaderServi - Loading from file system: jar:file:/C:/Users/tnelson25.GVSD/Downloads/fxgl-17.3-uber.jar!/fxglassets/ui/css/fxgl_dark.css
12:39:21.269 [FXGL Background Thread 1 ] DEBUG GameApplicationServi - Initializing application scenes
12:39:21.425 [FXGL Background Thread 1 ] DEBUG GameWorld            - Game world initialized
12:39:21.582 [FXGL Background Thread 1 ] DEBUG PhysicsWorld         - Physics world initialized: appHeight=800, physics.ppm=50.0
12:39:21.583 [FXGL Background Thread 1 ] DEBUG PhysicsWorld         - Using strategy: BRUTE_FORCE
12:39:21.593 [FXGL Background Thread 1 ] DEBUG GameScene            - Game scene initialized: 800x800
12:39:21.627 [FXGL Background Thread 1 ] DEBUG FXGL.DefaultMenu     - createMenuBodyGameMenu()
12:39:21.676 [FXGL Background Thread 1 ] DEBUG FXGL.DefaultMenu     - createOptionsMenu()
12:39:21.703 [FXGL Background Thread 1 ] DEBUG FXGLAssetLoaderServi - Loading from file system: jar:file:/C:/Users/tnelson25.GVSD/Downloads/fxgl-17.3-uber.jar!/fxglassets/textures/particles/smoke.png
12:39:21.933 [FXGL Background Thread 1 ] DEBUG FXGLAssetLoaderServi - Loading from file system: jar:file:/C:/Users/tnelson25.GVSD/Downloads/fxgl-17.3-uber.jar!/fxglassets/textures/particles/trace_horizontal.png
12:39:22.025 [FXGL Background Thread 1 ] DEBUG GameApplicationServi - Application scenes initialized
12:39:22.062 [FXGL Background Thread 1 ] DEBUG SystemBundleService  - Loading FXGL system data
12:39:22.072 [FXGL Background Thread 1 ] DEBUG FileSystemAccess     - Reading from: C:\Users\tnelson25.GVSD\OneDrive - Great Valley School District\10th Grade\APCSA\CompSciFinal\system\fxgl.bundle
12:39:22.112 [FXGL Background Thread 1 ] DEBUG SystemBundleService  - Bundle FXGL: {}
12:39:22.112 [FXGL Background Thread 1 ] DEBUG UpdaterService       - Checking for updates
12:39:22.123 [FXGL Background Thread 4 ] DEBUG FXGLApplication      - Loading fonts
12:39:22.125 [FXGL Background Thread 1 ] DEBUG FXGLApplication      - Loading default localization
12:39:22.127 [FXGL Background Thread 1 ] DEBUG FXGLAssetLoaderServi - Loading from file system: jar:file:/C:/Users/tnelson25.GVSD/Downloads/fxgl-17.3-uber.jar!/fxglassets/languages/english.lang
12:39:22.131 [FXGL Background Thread 4 ] DEBUG FXGLAssetLoaderServi - Loading from file system: jar:file:/C:/Users/tnelson25.GVSD/Downloads/fxgl-17.3-uber.jar!/fxglassets/ui/fonts/VarelaRound-Regular.ttf
12:39:22.212 [FXGL Background Thread 1 ] INFO  FXGLApplication      - FXGL initialization took: 1.247 sec
12:39:22.241 [JavaFX Application Thread] DEBUG Input                - Registered new binding: action0 - A
12:39:22.242 [JavaFX Application Thread] DEBUG Input                - Registered new binding: action1 - D
12:39:22.243 [JavaFX Application Thread] DEBUG Input                - Registered new binding: action2 - W
12:39:22.244 [JavaFX Application Thread] DEBUG Input                - Registered new binding: action3 - S
12:39:22.244 [JavaFX Application Thread] DEBUG Input                - Registered new binding: action4 - Tab
12:39:22.248 [JavaFX Application Thread] DEBUG Input                - Registered new binding: action5 - LMB
12:39:22.250 [JavaFX Application Thread] DEBUG Input                - Registered new binding: action6 - RMB
12:39:22.251 [JavaFX Application Thread] DEBUG Input                - Registered new binding: action7 - H
12:39:22.253 [JavaFX Application Thread] DEBUG FXGLAssetLoaderServi - Loading from file system: jar:file:/C:/Users/tnelson25.GVSD/Downloads/fxgl-17.3-uber.jar!/fxglassets/textures/fxgl_icon.png
12:39:22.309 [JavaFX Application Thread] DEBUG FXGLAssetLoaderServi - Loading from file system: jar:file:/C:/Users/tnelson25.GVSD/Downloads/fxgl-17.3-uber.jar!/fxglassets/textures/fxgl_default_cursor.png
12:39:22.318 [JavaFX Application Thread] DEBUG Input                - Registered new binding: Screenshot - CTRL+8
12:39:22.319 [JavaFX Application Thread] DEBUG Input                - Registered new binding: System info dump - CTRL+9
12:39:22.320 [JavaFX Application Thread] DEBUG Input                - Registered new binding: Restart - CTRL+R
12:39:22.322 [JavaFX Application Thread] DEBUG Input                - Registered new binding: Toggle Debug Camera - CTRL+7
12:39:22.328 [JavaFX Application Thread] DEBUG LoopRunner           - Starting loop
12:39:22.334 [JavaFX Application Thread] DEBUG LoopRunner           - Initializing JavaFX AnimationTimerLoop
12:39:22.339 [JavaFX Application Thread] DEBUG GameApplicationServi - Starting new game
12:39:22.339 [JavaFX Application Thread] DEBUG Input                - Clearing active input actions
12:39:22.403 [JavaFX Application Thread] DEBUG GameApplicationServi - Removing overlay from FXGLStartupScene and adding to FXGLLoadingScene
12:39:22.404 [JavaFX Application Thread] DEBUG PrimaryStageWindow   - FXGLStartupScene -> FXGLLoadingScene
12:39:22.404 [JavaFX Application Thread] DEBUG GameApplicationServi - Clearing previous game
12:39:22.405 [JavaFX Application Thread] DEBUG GameScene            - Clearing game scene
12:39:22.405 [JavaFX Application Thread] DEBUG GameWorld            - Clearing game world
12:39:22.405 [JavaFX Application Thread] DEBUG PhysicsWorld         - Clearing physics world
12:39:22.469 [FXGL Background Thread 1 ] DEBUG FXGLApplication      - Initializing game
12:39:23.480 [FXGL Background Thread 4 ] DEBUG FXGLAssetLoaderServi - Loading from file system: jar:file:/C:/Users/tnelson25.GVSD/Downloads/fxgl-17.3-uber.jar!/fxglassets/ui/fonts/Abel-Regular.ttf
12:39:23.492 [FXGL Background Thread 4 ] DEBUG FXGLAssetLoaderServi - Loading from file system: jar:file:/C:/Users/tnelson25.GVSD/Downloads/fxgl-17.3-uber.jar!/fxglassets/ui/fonts/TerminalLandMono-Regular.otf
12:39:23.502 [FXGL Background Thread 4 ] DEBUG FXGLAssetLoaderServi - Loading from file system: jar:file:/C:/Users/tnelson25.GVSD/Downloads/fxgl-17.3-uber.jar!/fxglassets/ui/fonts/Courier-Prime.ttf
12:39:23.520 [JavaFX Application Thread] DEBUG FXGLApplication      - Registering font factories with UI factory
12:39:24.765 [FXGL Background Thread 1 ] INFO  FXGLApplication      - Game initialization took: 2.296 sec
12:39:24.772 [JavaFX Application Thread] DEBUG Input                - Clearing active input actions
12:39:24.851 [JavaFX Application Thread] DEBUG GameApplicationServi - Removing overlay from FXGLLoadingScene and adding to GameScene
12:39:24.852 [JavaFX Application Thread] DEBUG PrimaryStageWindow   - FXGLLoadingScene -> GameScene
12:39:25.120 [FXGL Background Thread 3 ] DEBUG Engine               - Logging environment variables
12:39:25.123 [FXGL Background Thread 3 ] DEBUG Engine               - achievements: []
12:39:25.125 [FXGL Background Thread 3 ] DEBUG Engine               - actualHeight: 728.0
12:39:25.131 [FXGL Background Thread 3 ] DEBUG Engine               - actualHeightProperty: ReadOnlyDoubleProperty [value: 728.0]
12:39:25.131 [FXGL Background Thread 3 ] DEBUG Engine               - actualWidth: 703.0
12:39:25.131 [FXGL Background Thread 3 ] DEBUG Engine               - actualWidthProperty: ReadOnlyDoubleProperty [value: 703.0]
12:39:25.132 [FXGL Background Thread 3 ] DEBUG Engine               - appIcon: fxgl_icon.png
12:39:25.132 [FXGL Background Thread 3 ] DEBUG Engine               - applicationMode: DEVELOPER
12:39:25.132 [FXGL Background Thread 3 ] DEBUG Engine               - cSSList: [fxgl_dark.css]
12:39:25.132 [FXGL Background Thread 3 ] DEBUG Engine               - collisionDetectionStrategy: BRUTE_FORCE
12:39:25.132 [FXGL Background Thread 3 ] DEBUG Engine               - configClass: Optional.empty
12:39:25.132 [FXGL Background Thread 3 ] DEBUG Engine               - credits: []
12:39:25.133 [FXGL Background Thread 3 ] DEBUG Engine               - defaultCursor: CursorInfo(imageName=fxgl_default_cursor.png, hotspotX=7.0, hotspotY=6.0)
12:39:25.134 [FXGL Background Thread 3 ] DEBUG Engine               - devBBoxColorProperty: ObjectProperty [value: 0xff0000ff]
12:39:25.134 [FXGL Background Thread 3 ] DEBUG Engine               - devEnableDebugCameraProperty: BooleanProperty [value: false]
12:39:25.134 [FXGL Background Thread 3 ] DEBUG Engine               - devSensorColorProperty: ObjectProperty [value: 0xffff00ff]
12:39:25.134 [FXGL Background Thread 3 ] DEBUG Engine               - devShowBBoxProperty: BooleanProperty [value: false]
12:39:25.134 [FXGL Background Thread 3 ] DEBUG Engine               - devShowPositionProperty: BooleanProperty [value: false]
12:39:25.134 [FXGL Background Thread 3 ] DEBUG Engine               - enabledMenuItems: []
12:39:25.134 [FXGL Background Thread 3 ] DEBUG Engine               - engineServices: [class com.almasb.fxgl.app.services.FXGLAssetLoaderService, class com.almasb.fxgl.app.FXGLApplication$GameApplicationService, class com.almasb.fxgl.app.services.FXGLDialogService, class com.almasb.fxgl.app.services.IOTaskExecutorService, class com.almasb.fxgl.io.FileSystemService, class com.almasb.fxgl.localization.LocalizationService, class com.almasb.fxgl.app.services.SystemBundleService, class com.almasb.fxgl.profile.SaveLoadService, class com.almasb.fxgl.ui.FXGLUIFactoryServiceProvider, class com.almasb.fxgl.ui.FXGLDialogFactoryServiceProvider, class com.almasb.fxgl.audio.AudioPlayer, class com.almasb.fxgl.notification.impl.NotificationServiceProvider, class com.almasb.fxgl.achievement.AchievementService, class com.almasb.fxgl.cutscene.CutsceneService, class com.almasb.fxgl.minigames.MiniGameService, class com.almasb.fxgl.net.NetService, class com.almasb.fxgl.app.services.UpdaterService, class com.almasb.fxgl.dev.DevService]
12:39:25.135 [FXGL Background Thread 3 ] DEBUG Engine               - fontGame: Abel-Regular.ttf
12:39:25.135 [FXGL Background Thread 3 ] DEBUG Engine               - fontMono: TerminalLandMono-Regular.otf
12:39:25.135 [FXGL Background Thread 3 ] DEBUG Engine               - fontSizeScaleUI: 1.0
12:39:25.135 [FXGL Background Thread 3 ] DEBUG Engine               - fontText: Courier-Prime.ttf
12:39:25.135 [FXGL Background Thread 3 ] DEBUG Engine               - fontUI: VarelaRound-Regular.ttf
12:39:25.135 [FXGL Background Thread 3 ] DEBUG Engine               - fullScreen: BooleanProperty [value: false]
12:39:25.135 [FXGL Background Thread 3 ] DEBUG Engine               - gameDifficulty: MEDIUM
12:39:25.135 [FXGL Background Thread 3 ] DEBUG Engine               - gameDifficultyProperty: ObjectProperty [value: MEDIUM]
12:39:25.135 [FXGL Background Thread 3 ] DEBUG Engine               - globalMusicVolume: 0.5
12:39:25.135 [FXGL Background Thread 3 ] DEBUG Engine               - globalMusicVolumeProperty: DoubleProperty [value: 0.5]
12:39:25.136 [FXGL Background Thread 3 ] DEBUG Engine               - globalSoundVolume: 0.5
12:39:25.136 [FXGL Background Thread 3 ] DEBUG Engine               - globalSoundVolumeProperty: DoubleProperty [value: 0.5]
12:39:25.136 [FXGL Background Thread 3 ] DEBUG Engine               - height: 800
12:39:25.136 [FXGL Background Thread 3 ] DEBUG Engine               - is3D: false
12:39:25.136 [FXGL Background Thread 3 ] DEBUG Engine               - isAndroid: false
12:39:25.136 [FXGL Background Thread 3 ] DEBUG Engine               - isBrowser: false
12:39:25.136 [FXGL Background Thread 3 ] DEBUG Engine               - isClickFeedbackEnabled: false
12:39:25.136 [FXGL Background Thread 3 ] DEBUG Engine               - isCloseConfirmation: false
12:39:25.136 [FXGL Background Thread 3 ] DEBUG Engine               - isDesktop: true
12:39:25.136 [FXGL Background Thread 3 ] DEBUG Engine               - isDeveloperMenuEnabled: false
12:39:25.136 [FXGL Background Thread 3 ] DEBUG Engine               - isEmbedded: false
12:39:25.137 [FXGL Background Thread 3 ] DEBUG Engine               - isEntityPreloadEnabled: true
12:39:25.137 [FXGL Background Thread 3 ] DEBUG Engine               - isExperimentalTiledLargeMap: false
12:39:25.137 [FXGL Background Thread 3 ] DEBUG Engine               - isFileSystemWriteAllowed: true
12:39:25.137 [FXGL Background Thread 3 ] DEBUG Engine               - isFullScreenAllowed: false
12:39:25.137 [FXGL Background Thread 3 ] DEBUG Engine               - isFullScreenFromStart: false
12:39:25.137 [FXGL Background Thread 3 ] DEBUG Engine               - isGameMenuEnabled: true
12:39:25.137 [FXGL Background Thread 3 ] DEBUG Engine               - isIOS: false
12:39:25.137 [FXGL Background Thread 3 ] DEBUG Engine               - isIntroEnabled: false
12:39:25.138 [FXGL Background Thread 3 ] DEBUG Engine               - isLinux: false
12:39:25.138 [FXGL Background Thread 3 ] DEBUG Engine               - isMac: false
12:39:25.138 [FXGL Background Thread 3 ] DEBUG Engine               - isMainMenuEnabled: false
12:39:25.138 [FXGL Background Thread 3 ] DEBUG Engine               - isManualResizeEnabled: false
12:39:25.138 [FXGL Background Thread 3 ] DEBUG Engine               - isMobile: false
12:39:25.138 [FXGL Background Thread 3 ] DEBUG Engine               - isNative: false
12:39:25.138 [FXGL Background Thread 3 ] DEBUG Engine               - isPauseMusicWhenMinimized: true
12:39:25.138 [FXGL Background Thread 3 ] DEBUG Engine               - isPreserveResizeRatio: false
12:39:25.138 [FXGL Background Thread 3 ] DEBUG Engine               - isProfilingEnabled: false
12:39:25.138 [FXGL Background Thread 3 ] DEBUG Engine               - isScaleAffectedOnResize: true
12:39:25.138 [FXGL Background Thread 3 ] DEBUG Engine               - isSingleStep: false
12:39:25.138 [FXGL Background Thread 3 ] DEBUG Engine               - isUserProfileEnabled: false
12:39:25.139 [FXGL Background Thread 3 ] DEBUG Engine               - isWindows: true
12:39:25.139 [FXGL Background Thread 3 ] DEBUG Engine               - language: ObjectProperty [value: ENGLISH]
12:39:25.139 [FXGL Background Thread 3 ] DEBUG Engine               - menuKey: ESCAPE
12:39:25.139 [FXGL Background Thread 3 ] DEBUG Engine               - mouseSensitivity: 0.2
12:39:25.139 [FXGL Background Thread 3 ] DEBUG Engine               - notificationViewClass: class com.almasb.fxgl.notification.view.XboxNotificationView
12:39:25.139 [FXGL Background Thread 3 ] DEBUG Engine               - pixelsPerMeter: 50.0
12:39:25.139 [FXGL Background Thread 3 ] DEBUG Engine               - platform: WINDOWS
12:39:25.139 [FXGL Background Thread 3 ] DEBUG Engine               - prefHeightProperty: ReadOnlyDoubleProperty [value: 800.0]
12:39:25.139 [FXGL Background Thread 3 ] DEBUG Engine               - prefWidthProperty: ReadOnlyDoubleProperty [value: 800.0]
12:39:25.139 [FXGL Background Thread 3 ] DEBUG Engine               - profileDir: profiles/
12:39:25.140 [FXGL Background Thread 3 ] DEBUG Engine               - profileName: StringProperty [value: DEFAULT]
12:39:25.140 [FXGL Background Thread 3 ] DEBUG Engine               - randomSeed: -1
12:39:25.140 [FXGL Background Thread 3 ] DEBUG Engine               - runtimeInfo: RuntimeInfo(platform=WINDOWS, version=17.3, build=30.03.2023 11.54)
12:39:25.140 [FXGL Background Thread 3 ] DEBUG Engine               - saveFileExt: sav
12:39:25.141 [FXGL Background Thread 3 ] DEBUG Engine               - scaledHeightProp$fxgl: DoubleProperty [bound, value: 728.0]
12:39:25.141 [FXGL Background Thread 3 ] DEBUG Engine               - scaledWidthProp$fxgl: DoubleProperty [bound, value: 703.0]
12:39:25.141 [FXGL Background Thread 3 ] DEBUG Engine               - sceneFactory: com.almasb.fxgl.app.scene.SceneFactory@34184fb8
12:39:25.141 [FXGL Background Thread 3 ] DEBUG Engine               - secondsIn24h: 60
12:39:25.141 [FXGL Background Thread 3 ] DEBUG Engine               - soundMenuBack: menu/back.wav
12:39:25.141 [FXGL Background Thread 3 ] DEBUG Engine               - soundMenuPress: menu/press.wav
12:39:25.141 [FXGL Background Thread 3 ] DEBUG Engine               - soundMenuSelect: menu/select.wav
12:39:25.141 [FXGL Background Thread 3 ] DEBUG Engine               - soundNotification: core/notification.wav
12:39:25.141 [FXGL Background Thread 3 ] DEBUG Engine               - stageStyle: DECORATED
12:39:25.141 [FXGL Background Thread 3 ] DEBUG Engine               - supportedLanguages: [ENGLISH, FRENCH, GERMAN, HUNGARIAN, RUSSIAN]
12:39:25.142 [FXGL Background Thread 3 ] DEBUG Engine               - ticksPerSecond: -1
12:39:25.142 [FXGL Background Thread 3 ] DEBUG Engine               - title: Untitled
12:39:25.142 [FXGL Background Thread 3 ] DEBUG Engine               - urlGithub: https://github.com/AlmasB/FXGL
12:39:25.142 [FXGL Background Thread 3 ] DEBUG Engine               - urlLeaderboard: http://fxgl-top.herokuapp.com/
12:39:25.142 [FXGL Background Thread 3 ] DEBUG Engine               - urlPOM: https://raw.githubusercontent.com/AlmasB/FXGL/release/README.md
12:39:25.142 [FXGL Background Thread 3 ] DEBUG Engine               - userAppClass: class core.RTSMain
12:39:25.142 [FXGL Background Thread 3 ] DEBUG Engine               - version: 0.0
12:39:25.142 [FXGL Background Thread 3 ] DEBUG Engine               - versionCheckDays: 7
12:39:25.142 [FXGL Background Thread 3 ] DEBUG Engine               - width: 800
12:39:25.142 [FXGL Background Thread 3 ] DEBUG Engine               - Logging services
12:39:25.142 [FXGL Background Thread 3 ] DEBUG Engine               - class com.almasb.fxgl.app.services.FXGLAssetLoaderService
12:39:25.142 [FXGL Background Thread 3 ] DEBUG Engine               - class com.almasb.fxgl.app.FXGLApplication$GameApplicationService
12:39:25.142 [FXGL Background Thread 3 ] DEBUG Engine               - class com.almasb.fxgl.app.services.FXGLDialogService
12:39:25.143 [FXGL Background Thread 3 ] DEBUG Engine               - class com.almasb.fxgl.app.services.IOTaskExecutorService
12:39:25.143 [FXGL Background Thread 3 ] DEBUG Engine               - class com.almasb.fxgl.io.FileSystemService
12:39:25.143 [FXGL Background Thread 3 ] DEBUG Engine               - class com.almasb.fxgl.localization.LocalizationService
12:39:25.143 [FXGL Background Thread 3 ] DEBUG Engine               - class com.almasb.fxgl.app.services.SystemBundleService
12:39:25.143 [FXGL Background Thread 3 ] DEBUG Engine               - class com.almasb.fxgl.profile.SaveLoadService
12:39:25.143 [FXGL Background Thread 3 ] DEBUG Engine               - class com.almasb.fxgl.ui.FXGLUIFactoryServiceProvider
12:39:25.143 [FXGL Background Thread 3 ] DEBUG Engine               - class com.almasb.fxgl.ui.FXGLDialogFactoryServiceProvider
12:39:25.143 [FXGL Background Thread 3 ] DEBUG Engine               - class com.almasb.fxgl.audio.AudioPlayer
12:39:25.143 [FXGL Background Thread 3 ] DEBUG Engine               - class com.almasb.fxgl.notification.impl.NotificationServiceProvider
12:39:25.143 [FXGL Background Thread 3 ] DEBUG Engine               - class com.almasb.fxgl.achievement.AchievementService
12:39:25.143 [FXGL Background Thread 3 ] DEBUG Engine               - class com.almasb.fxgl.cutscene.CutsceneService
12:39:25.143 [FXGL Background Thread 3 ] DEBUG Engine               - class com.almasb.fxgl.minigames.MiniGameService
12:39:25.143 [FXGL Background Thread 3 ] DEBUG Engine               - class com.almasb.fxgl.net.NetService
12:39:25.143 [FXGL Background Thread 3 ] DEBUG Engine               - class com.almasb.fxgl.app.services.UpdaterService
12:39:25.143 [FXGL Background Thread 3 ] DEBUG Engine               - class com.almasb.fxgl.dev.DevService
12:39:29.634 [JavaFX Application Thread] DEBUG FXGLApplication      - Exiting FXGL
12:39:29.635 [JavaFX Application Thread] DEBUG LoopRunner           - Stopping loop
12:39:29.635 [JavaFX Application Thread] DEBUG SystemBundleService  - Saving FXGL system data
12:39:29.639 [JavaFX Application Thread] DEBUG FileSystemAccess     - Writing to: C:\Users\tnelson25.GVSD\OneDrive - Great Valley School District\10th Grade\APCSA\CompSciFinal\system\fxgl.bundle
12:39:29.643 [JavaFX Application Thread] DEBUG Async                - Shutting down background threads
12:39:29.644 [JavaFX Application Thread] DEBUG PrimaryStageWindow   - Closing main window
12:39:29.665 [JavaFX Application Thread] DEBUG Logger               - Closing Logger
