12:35:39.929 [main                     ] DEBUG Logger               - Configured Logger
12:35:39.971 [main                     ] DEBUG GameApplication      - Logging settings
Title: Untitled
Version: 0.0
Width: 800
Height: 600
Fullscreen: false
Intro: false
Profiling: false
Single step:false
App Mode: DEVELOPER
Menu Key: ESCAPE
Stage Style: DECORATED
Scene Factory: class com.almasb.fxgl.app.scene.SceneFactory

12:35:40.220 [JavaFX Application Thread] DEBUG FXGLApplication      - Initializing FXGL
12:35:40.228 [JavaFX Application Thread] INFO  Engine               - FXGL-17.3 (30.03.2023 11.54) on WINDOWS (J:20.0.1 FX:20)
12:35:40.229 [JavaFX Application Thread] DEBUG Engine               - JRE Vendor Name: Oracle Corporation
12:35:40.230 [JavaFX Application Thread] DEBUG Engine               - Running on OS: Windows 10 version 10.0
12:35:40.230 [JavaFX Application Thread] DEBUG Engine               - Architecture: amd64
12:35:40.230 [JavaFX Application Thread] INFO  Engine               - Source code and latest versions at: https://github.com/AlmasB/FXGL
12:35:40.231 [JavaFX Application Thread] INFO  Engine               -       Ask questions and discuss at: https://github.com/AlmasB/FXGL/discussions
12:35:40.231 [JavaFX Application Thread] INFO  Engine               -              Join the FXGL chat at: https://gitter.im/AlmasB/FXGL
12:35:40.369 [JavaFX Application Thread] DEBUG PrimaryStageWindow   - Creating a JavaFX scene
12:35:40.528 [JavaFX Application Thread] DEBUG PrimaryStageWindow   - Target settings size: 800.0 x 600.0
12:35:40.529 [JavaFX Application Thread] DEBUG PrimaryStageWindow   - Scaled scene size:    800.0 x 600.0
12:35:40.530 [JavaFX Application Thread] DEBUG PrimaryStageWindow   - Scaled ratio: (1.0, 1.0)
12:35:40.534 [JavaFX Application Thread] DEBUG PrimaryStageWindow   - Set initial scene to FXGLStartupScene
12:35:40.544 [JavaFX Application Thread] DEBUG PrimaryStageWindow   - Opening main window
12:35:40.718 [JavaFX Application Thread] DEBUG PrimaryStageWindow   - Window border size: (16.0, 39.0)
12:35:40.719 [JavaFX Application Thread] DEBUG PrimaryStageWindow   - Scaled size: 800.0 x 600.0
12:35:40.719 [JavaFX Application Thread] DEBUG PrimaryStageWindow   - Scaled ratio: (1.0, 1.0)
12:35:40.720 [JavaFX Application Thread] DEBUG PrimaryStageWindow   - Scene size: 800.0 x 600.0
12:35:40.720 [JavaFX Application Thread] DEBUG PrimaryStageWindow   - Stage size: 816.0 x 639.0
12:35:40.742 [FXGL Background Thread 1 ] DEBUG Engine               - Initializing environment variables
12:35:40.912 [FXGL Background Thread 1 ] DEBUG FXGLAssetLoaderServi - User app class for loading assets: class core.RTSMain
12:35:40.912 [FXGL Background Thread 1 ] DEBUG GameApplicationServi - Applying CSS: fxgl_dark.css
12:35:40.918 [FXGL Background Thread 1 ] DEBUG FXGLAssetLoaderServi - Loading from file system: jar:file:/C:/Users/tnelson25.GVSD/Downloads/fxgl-17.3-uber.jar!/fxglassets/ui/css/fxgl_dark.css
12:35:41.024 [FXGL Background Thread 1 ] DEBUG GameApplicationServi - Initializing application scenes
12:35:41.162 [FXGL Background Thread 1 ] DEBUG GameWorld            - Game world initialized
12:35:41.308 [FXGL Background Thread 1 ] DEBUG PhysicsWorld         - Physics world initialized: appHeight=600, physics.ppm=50.0
12:35:41.309 [FXGL Background Thread 1 ] DEBUG PhysicsWorld         - Using strategy: BRUTE_FORCE
12:35:41.319 [FXGL Background Thread 1 ] DEBUG GameScene            - Game scene initialized: 800x600
12:35:41.345 [FXGL Background Thread 1 ] DEBUG FXGL.DefaultMenu     - createMenuBodyGameMenu()
12:35:41.380 [FXGL Background Thread 1 ] DEBUG FXGL.DefaultMenu     - createOptionsMenu()
12:35:41.408 [FXGL Background Thread 1 ] DEBUG FXGLAssetLoaderServi - Loading from file system: jar:file:/C:/Users/tnelson25.GVSD/Downloads/fxgl-17.3-uber.jar!/fxglassets/textures/particles/smoke.png
12:35:41.664 [FXGL Background Thread 1 ] DEBUG FXGLAssetLoaderServi - Loading from file system: jar:file:/C:/Users/tnelson25.GVSD/Downloads/fxgl-17.3-uber.jar!/fxglassets/textures/particles/trace_horizontal.png
12:35:41.820 [FXGL Background Thread 1 ] DEBUG GameApplicationServi - Application scenes initialized
12:35:41.860 [FXGL Background Thread 1 ] DEBUG SystemBundleService  - Loading FXGL system data
12:35:41.869 [FXGL Background Thread 1 ] DEBUG FileSystemAccess     - Reading from: C:\Users\tnelson25.GVSD\OneDrive - Great Valley School District\10th Grade\APCSA\CompSciFinal\system\fxgl.bundle
12:35:41.891 [FXGL Background Thread 1 ] DEBUG SystemBundleService  - Bundle FXGL: {}
12:35:41.891 [FXGL Background Thread 1 ] DEBUG UpdaterService       - Checking for updates
12:35:41.966 [FXGL Background Thread 1 ] DEBUG FXGLApplication      - Loading default localization
12:35:41.967 [FXGL Background Thread 1 ] DEBUG FXGLAssetLoaderServi - Loading from file system: jar:file:/C:/Users/tnelson25.GVSD/Downloads/fxgl-17.3-uber.jar!/fxglassets/languages/english.lang
12:35:42.029 [FXGL Background Thread 1 ] INFO  FXGLApplication      - FXGL initialization took: 1.287 sec
12:35:42.060 [JavaFX Application Thread] DEBUG Input                - Registered new binding: action0 - A
12:35:42.066 [JavaFX Application Thread] DEBUG Input                - Registered new binding: action1 - D
12:35:42.070 [JavaFX Application Thread] DEBUG Input                - Registered new binding: action2 - W
12:35:42.072 [JavaFX Application Thread] DEBUG Input                - Registered new binding: action3 - S
12:35:42.072 [JavaFX Application Thread] DEBUG Input                - Registered new binding: action4 - Tab
12:35:42.077 [JavaFX Application Thread] DEBUG Input                - Registered new binding: action5 - LMB
12:35:42.078 [JavaFX Application Thread] DEBUG Input                - Registered new binding: action6 - RMB
12:35:42.080 [JavaFX Application Thread] DEBUG FXGLAssetLoaderServi - Loading from file system: jar:file:/C:/Users/tnelson25.GVSD/Downloads/fxgl-17.3-uber.jar!/fxglassets/textures/fxgl_icon.png
12:35:42.148 [FXGL Background Thread 4 ] DEBUG FXGLApplication      - Loading fonts
12:35:42.149 [FXGL Background Thread 4 ] DEBUG FXGLAssetLoaderServi - Loading from file system: jar:file:/C:/Users/tnelson25.GVSD/Downloads/fxgl-17.3-uber.jar!/fxglassets/ui/fonts/VarelaRound-Regular.ttf
12:35:42.155 [JavaFX Application Thread] DEBUG FXGLAssetLoaderServi - Loading from file system: jar:file:/C:/Users/tnelson25.GVSD/Downloads/fxgl-17.3-uber.jar!/fxglassets/textures/fxgl_default_cursor.png
12:35:42.166 [JavaFX Application Thread] DEBUG Input                - Registered new binding: Screenshot - CTRL+8
12:35:42.167 [JavaFX Application Thread] DEBUG Input                - Registered new binding: System info dump - CTRL+9
12:35:42.170 [JavaFX Application Thread] DEBUG Input                - Registered new binding: Restart - CTRL+R
12:35:42.172 [JavaFX Application Thread] DEBUG Input                - Registered new binding: Toggle Debug Camera - CTRL+7
12:35:42.186 [JavaFX Application Thread] DEBUG LoopRunner           - Starting loop
12:35:42.187 [JavaFX Application Thread] DEBUG LoopRunner           - Initializing JavaFX AnimationTimerLoop
12:35:42.191 [JavaFX Application Thread] DEBUG GameApplicationServi - Starting new game
12:35:42.192 [JavaFX Application Thread] DEBUG Input                - Clearing active input actions
12:35:42.219 [JavaFX Application Thread] DEBUG GameApplicationServi - Removing overlay from FXGLStartupScene and adding to FXGLLoadingScene
12:35:42.220 [JavaFX Application Thread] DEBUG PrimaryStageWindow   - FXGLStartupScene -> FXGLLoadingScene
12:35:42.220 [JavaFX Application Thread] DEBUG GameApplicationServi - Clearing previous game
12:35:42.220 [JavaFX Application Thread] DEBUG GameScene            - Clearing game scene
12:35:42.220 [JavaFX Application Thread] DEBUG GameWorld            - Clearing game world
12:35:42.220 [JavaFX Application Thread] DEBUG PhysicsWorld         - Clearing physics world
12:35:42.223 [FXGL Background Thread 1 ] DEBUG FXGLApplication      - Initializing game
12:35:43.156 [FXGL Background Thread 4 ] DEBUG FXGLAssetLoaderServi - Loading from file system: jar:file:/C:/Users/tnelson25.GVSD/Downloads/fxgl-17.3-uber.jar!/fxglassets/ui/fonts/Abel-Regular.ttf
12:35:43.166 [FXGL Background Thread 4 ] DEBUG FXGLAssetLoaderServi - Loading from file system: jar:file:/C:/Users/tnelson25.GVSD/Downloads/fxgl-17.3-uber.jar!/fxglassets/ui/fonts/TerminalLandMono-Regular.otf
12:35:43.174 [FXGL Background Thread 4 ] DEBUG FXGLAssetLoaderServi - Loading from file system: jar:file:/C:/Users/tnelson25.GVSD/Downloads/fxgl-17.3-uber.jar!/fxglassets/ui/fonts/Courier-Prime.ttf
12:35:43.203 [JavaFX Application Thread] DEBUG FXGLApplication      - Registering font factories with UI factory
12:35:44.973 [FXGL Background Thread 3 ] DEBUG Engine               - Logging environment variables
12:35:44.974 [FXGL Background Thread 3 ] DEBUG Engine               - achievements: []
12:35:44.974 [FXGL Background Thread 3 ] DEBUG Engine               - actualHeight: 600.0
12:35:44.974 [FXGL Background Thread 3 ] DEBUG Engine               - actualHeightProperty: ReadOnlyDoubleProperty [value: 600.0]
12:35:44.975 [FXGL Background Thread 3 ] DEBUG Engine               - actualWidth: 800.0
12:35:44.975 [FXGL Background Thread 3 ] DEBUG Engine               - actualWidthProperty: ReadOnlyDoubleProperty [value: 800.0]
12:35:44.975 [FXGL Background Thread 3 ] DEBUG Engine               - appIcon: fxgl_icon.png
12:35:44.975 [FXGL Background Thread 3 ] DEBUG Engine               - applicationMode: DEVELOPER
12:35:44.975 [FXGL Background Thread 3 ] DEBUG Engine               - cSSList: [fxgl_dark.css]
12:35:44.975 [FXGL Background Thread 3 ] DEBUG Engine               - collisionDetectionStrategy: BRUTE_FORCE
12:35:44.975 [FXGL Background Thread 3 ] DEBUG Engine               - configClass: Optional.empty
12:35:44.975 [FXGL Background Thread 3 ] DEBUG Engine               - credits: []
12:35:44.976 [FXGL Background Thread 3 ] DEBUG Engine               - defaultCursor: CursorInfo(imageName=fxgl_default_cursor.png, hotspotX=7.0, hotspotY=6.0)
12:35:44.976 [FXGL Background Thread 3 ] DEBUG Engine               - devBBoxColorProperty: ObjectProperty [value: 0xff0000ff]
12:35:44.976 [FXGL Background Thread 3 ] DEBUG Engine               - devEnableDebugCameraProperty: BooleanProperty [value: false]
12:35:44.977 [FXGL Background Thread 3 ] DEBUG Engine               - devSensorColorProperty: ObjectProperty [value: 0xffff00ff]
12:35:44.977 [FXGL Background Thread 3 ] DEBUG Engine               - devShowBBoxProperty: BooleanProperty [value: false]
12:35:44.977 [FXGL Background Thread 3 ] DEBUG Engine               - devShowPositionProperty: BooleanProperty [value: false]
12:35:44.977 [FXGL Background Thread 3 ] DEBUG Engine               - enabledMenuItems: []
12:35:44.977 [FXGL Background Thread 3 ] DEBUG Engine               - engineServices: [class com.almasb.fxgl.app.services.FXGLAssetLoaderService, class com.almasb.fxgl.app.FXGLApplication$GameApplicationService, class com.almasb.fxgl.app.services.FXGLDialogService, class com.almasb.fxgl.app.services.IOTaskExecutorService, class com.almasb.fxgl.io.FileSystemService, class com.almasb.fxgl.localization.LocalizationService, class com.almasb.fxgl.app.services.SystemBundleService, class com.almasb.fxgl.profile.SaveLoadService, class com.almasb.fxgl.ui.FXGLUIFactoryServiceProvider, class com.almasb.fxgl.ui.FXGLDialogFactoryServiceProvider, class com.almasb.fxgl.audio.AudioPlayer, class com.almasb.fxgl.notification.impl.NotificationServiceProvider, class com.almasb.fxgl.achievement.AchievementService, class com.almasb.fxgl.cutscene.CutsceneService, class com.almasb.fxgl.minigames.MiniGameService, class com.almasb.fxgl.net.NetService, class com.almasb.fxgl.app.services.UpdaterService, class com.almasb.fxgl.dev.DevService]
12:35:44.977 [FXGL Background Thread 3 ] DEBUG Engine               - fontGame: Abel-Regular.ttf
12:35:44.977 [FXGL Background Thread 3 ] DEBUG Engine               - fontMono: TerminalLandMono-Regular.otf
12:35:44.977 [FXGL Background Thread 3 ] DEBUG Engine               - fontSizeScaleUI: 1.0
12:35:44.977 [FXGL Background Thread 3 ] DEBUG Engine               - fontText: Courier-Prime.ttf
12:35:44.978 [FXGL Background Thread 3 ] DEBUG Engine               - fontUI: VarelaRound-Regular.ttf
12:35:44.978 [FXGL Background Thread 3 ] DEBUG Engine               - fullScreen: BooleanProperty [value: false]
12:35:44.978 [FXGL Background Thread 3 ] DEBUG Engine               - gameDifficulty: MEDIUM
12:35:44.978 [FXGL Background Thread 3 ] DEBUG Engine               - gameDifficultyProperty: ObjectProperty [value: MEDIUM]
12:35:44.978 [FXGL Background Thread 3 ] DEBUG Engine               - globalMusicVolume: 0.5
12:35:44.978 [FXGL Background Thread 3 ] DEBUG Engine               - globalMusicVolumeProperty: DoubleProperty [value: 0.5]
12:35:44.978 [FXGL Background Thread 3 ] DEBUG Engine               - globalSoundVolume: 0.5
12:35:44.978 [FXGL Background Thread 3 ] DEBUG Engine               - globalSoundVolumeProperty: DoubleProperty [value: 0.5]
12:35:44.980 [FXGL Background Thread 3 ] DEBUG Engine               - height: 600
12:35:44.981 [FXGL Background Thread 3 ] DEBUG Engine               - is3D: false
12:35:44.981 [FXGL Background Thread 3 ] DEBUG Engine               - isAndroid: false
12:35:44.981 [FXGL Background Thread 3 ] DEBUG Engine               - isBrowser: false
12:35:44.982 [FXGL Background Thread 3 ] DEBUG Engine               - isClickFeedbackEnabled: false
12:35:44.982 [FXGL Background Thread 3 ] DEBUG Engine               - isCloseConfirmation: false
12:35:44.983 [FXGL Background Thread 3 ] DEBUG Engine               - isDesktop: true
12:35:44.983 [FXGL Background Thread 3 ] DEBUG Engine               - isDeveloperMenuEnabled: false
12:35:44.983 [FXGL Background Thread 3 ] DEBUG Engine               - isEmbedded: false
12:35:44.983 [FXGL Background Thread 3 ] DEBUG Engine               - isEntityPreloadEnabled: true
12:35:44.983 [FXGL Background Thread 3 ] DEBUG Engine               - isExperimentalTiledLargeMap: false
12:35:44.983 [FXGL Background Thread 3 ] DEBUG Engine               - isFileSystemWriteAllowed: true
12:35:44.983 [FXGL Background Thread 3 ] DEBUG Engine               - isFullScreenAllowed: false
12:35:44.983 [FXGL Background Thread 3 ] DEBUG Engine               - isFullScreenFromStart: false
12:35:44.984 [FXGL Background Thread 3 ] DEBUG Engine               - isGameMenuEnabled: true
12:35:44.984 [FXGL Background Thread 3 ] DEBUG Engine               - isIOS: false
12:35:44.984 [FXGL Background Thread 3 ] DEBUG Engine               - isIntroEnabled: false
12:35:44.984 [FXGL Background Thread 3 ] DEBUG Engine               - isLinux: false
12:35:44.984 [FXGL Background Thread 3 ] DEBUG Engine               - isMac: false
12:35:44.984 [FXGL Background Thread 3 ] DEBUG Engine               - isMainMenuEnabled: false
12:35:44.984 [FXGL Background Thread 3 ] DEBUG Engine               - isManualResizeEnabled: false
12:35:44.984 [FXGL Background Thread 3 ] DEBUG Engine               - isMobile: false
12:35:44.985 [FXGL Background Thread 3 ] DEBUG Engine               - isNative: false
12:35:44.985 [FXGL Background Thread 3 ] DEBUG Engine               - isPauseMusicWhenMinimized: true
12:35:44.985 [FXGL Background Thread 3 ] DEBUG Engine               - isPreserveResizeRatio: false
12:35:44.985 [FXGL Background Thread 3 ] DEBUG Engine               - isProfilingEnabled: false
12:35:44.985 [FXGL Background Thread 3 ] DEBUG Engine               - isScaleAffectedOnResize: true
12:35:44.985 [FXGL Background Thread 3 ] DEBUG Engine               - isSingleStep: false
12:35:44.985 [FXGL Background Thread 3 ] DEBUG Engine               - isUserProfileEnabled: false
12:35:44.985 [FXGL Background Thread 3 ] DEBUG Engine               - isWindows: true
12:35:44.985 [FXGL Background Thread 3 ] DEBUG Engine               - language: ObjectProperty [value: ENGLISH]
12:35:44.985 [FXGL Background Thread 3 ] DEBUG Engine               - menuKey: ESCAPE
12:35:44.986 [FXGL Background Thread 3 ] DEBUG Engine               - mouseSensitivity: 0.2
12:35:44.986 [FXGL Background Thread 3 ] DEBUG Engine               - notificationViewClass: class com.almasb.fxgl.notification.view.XboxNotificationView
12:35:44.986 [FXGL Background Thread 3 ] DEBUG Engine               - pixelsPerMeter: 50.0
12:35:44.986 [FXGL Background Thread 3 ] DEBUG Engine               - platform: WINDOWS
12:35:44.986 [FXGL Background Thread 3 ] DEBUG Engine               - prefHeightProperty: ReadOnlyDoubleProperty [value: 600.0]
12:35:44.986 [FXGL Background Thread 3 ] DEBUG Engine               - prefWidthProperty: ReadOnlyDoubleProperty [value: 800.0]
12:35:44.986 [FXGL Background Thread 3 ] DEBUG Engine               - profileDir: profiles/
12:35:44.986 [FXGL Background Thread 3 ] DEBUG Engine               - profileName: StringProperty [value: DEFAULT]
12:35:44.986 [FXGL Background Thread 3 ] DEBUG Engine               - randomSeed: -1
12:35:44.987 [FXGL Background Thread 3 ] DEBUG Engine               - runtimeInfo: RuntimeInfo(platform=WINDOWS, version=17.3, build=30.03.2023 11.54)
12:35:44.987 [FXGL Background Thread 3 ] DEBUG Engine               - saveFileExt: sav
12:35:44.987 [FXGL Background Thread 3 ] DEBUG Engine               - scaledHeightProp$fxgl: DoubleProperty [bound, value: 600.0]
12:35:44.987 [FXGL Background Thread 3 ] DEBUG Engine               - scaledWidthProp$fxgl: DoubleProperty [bound, value: 800.0]
12:35:44.987 [FXGL Background Thread 3 ] DEBUG Engine               - sceneFactory: com.almasb.fxgl.app.scene.SceneFactory@32af8186
12:35:44.988 [FXGL Background Thread 3 ] DEBUG Engine               - secondsIn24h: 60
12:35:44.988 [FXGL Background Thread 3 ] DEBUG Engine               - soundMenuBack: menu/back.wav
12:35:44.988 [FXGL Background Thread 3 ] DEBUG Engine               - soundMenuPress: menu/press.wav
12:35:44.988 [FXGL Background Thread 3 ] DEBUG Engine               - soundMenuSelect: menu/select.wav
12:35:44.988 [FXGL Background Thread 3 ] DEBUG Engine               - soundNotification: core/notification.wav
12:35:44.988 [FXGL Background Thread 3 ] DEBUG Engine               - stageStyle: DECORATED
12:35:44.988 [FXGL Background Thread 3 ] DEBUG Engine               - supportedLanguages: [ENGLISH, FRENCH, GERMAN, HUNGARIAN, RUSSIAN]
12:35:44.988 [FXGL Background Thread 3 ] DEBUG Engine               - ticksPerSecond: -1
12:35:44.988 [FXGL Background Thread 3 ] DEBUG Engine               - title: Untitled
12:35:44.988 [FXGL Background Thread 3 ] DEBUG Engine               - urlGithub: https://github.com/AlmasB/FXGL
12:35:44.988 [FXGL Background Thread 3 ] DEBUG Engine               - urlLeaderboard: http://fxgl-top.herokuapp.com/
12:35:44.988 [FXGL Background Thread 3 ] DEBUG Engine               - urlPOM: https://raw.githubusercontent.com/AlmasB/FXGL/release/README.md
12:35:44.989 [FXGL Background Thread 3 ] DEBUG Engine               - userAppClass: class core.RTSMain
12:35:44.989 [FXGL Background Thread 3 ] DEBUG Engine               - version: 0.0
12:35:44.989 [FXGL Background Thread 3 ] DEBUG Engine               - versionCheckDays: 7
12:35:44.989 [FXGL Background Thread 3 ] DEBUG Engine               - width: 800
12:35:44.989 [FXGL Background Thread 3 ] DEBUG Engine               - Logging services
12:35:44.989 [FXGL Background Thread 3 ] DEBUG Engine               - class com.almasb.fxgl.app.services.FXGLAssetLoaderService
12:35:44.989 [FXGL Background Thread 3 ] DEBUG Engine               - class com.almasb.fxgl.app.FXGLApplication$GameApplicationService
12:35:44.989 [FXGL Background Thread 3 ] DEBUG Engine               - class com.almasb.fxgl.app.services.FXGLDialogService
12:35:44.989 [FXGL Background Thread 3 ] DEBUG Engine               - class com.almasb.fxgl.app.services.IOTaskExecutorService
12:35:44.990 [FXGL Background Thread 3 ] DEBUG Engine               - class com.almasb.fxgl.io.FileSystemService
12:35:44.990 [FXGL Background Thread 3 ] DEBUG Engine               - class com.almasb.fxgl.localization.LocalizationService
12:35:44.990 [FXGL Background Thread 3 ] DEBUG Engine               - class com.almasb.fxgl.app.services.SystemBundleService
12:35:44.990 [FXGL Background Thread 3 ] DEBUG Engine               - class com.almasb.fxgl.profile.SaveLoadService
12:35:44.990 [FXGL Background Thread 3 ] DEBUG Engine               - class com.almasb.fxgl.ui.FXGLUIFactoryServiceProvider
12:35:44.990 [FXGL Background Thread 3 ] DEBUG Engine               - class com.almasb.fxgl.ui.FXGLDialogFactoryServiceProvider
12:35:44.990 [FXGL Background Thread 3 ] DEBUG Engine               - class com.almasb.fxgl.audio.AudioPlayer
12:35:44.990 [FXGL Background Thread 3 ] DEBUG Engine               - class com.almasb.fxgl.notification.impl.NotificationServiceProvider
12:35:44.990 [FXGL Background Thread 3 ] DEBUG Engine               - class com.almasb.fxgl.achievement.AchievementService
12:35:44.990 [FXGL Background Thread 3 ] DEBUG Engine               - class com.almasb.fxgl.cutscene.CutsceneService
12:35:44.990 [FXGL Background Thread 3 ] DEBUG Engine               - class com.almasb.fxgl.minigames.MiniGameService
12:35:44.990 [FXGL Background Thread 3 ] DEBUG Engine               - class com.almasb.fxgl.net.NetService
12:35:44.991 [FXGL Background Thread 3 ] DEBUG Engine               - class com.almasb.fxgl.app.services.UpdaterService
12:35:44.991 [FXGL Background Thread 3 ] DEBUG Engine               - class com.almasb.fxgl.dev.DevService
12:35:48.594 [FXGL Background Thread 1 ] INFO  FXGLApplication      - Game initialization took: 6.370 sec
12:35:48.598 [JavaFX Application Thread] DEBUG Input                - Clearing active input actions
12:35:48.712 [JavaFX Application Thread] DEBUG GameApplicationServi - Removing overlay from FXGLLoadingScene and adding to GameScene
12:35:48.712 [JavaFX Application Thread] DEBUG PrimaryStageWindow   - FXGLLoadingScene -> GameScene
12:35:50.334 [JavaFX Application Thread] DEBUG LoopRunner           - Stopping loop
12:35:50.513 [JavaFX Application Thread] FATAL FXGLApplication      - Uncaught Exception:
java.lang.ClassCastException: class com.almasb.fxgl.entity.Entity cannot be cast to class units.Unit (com.almasb.fxgl.entity.Entity and units.Unit are in unnamed module of loader 'app')
	at core.RTSMain.onUpdate(RTSMain.java:127)
	at com.almasb.fxgl.app.FXGLApplication$GameApplicationService.onGameUpdate(FXGLApplication.kt:421)
	at com.almasb.fxgl.app.Engine.onGameUpdate(Engine.kt:138)
	at com.almasb.fxgl.app.FXGLApplication.postServicesInit$lambda$7(FXGLApplication.kt:182)
	at com.almasb.fxgl.scene.Scene.update(Scene.kt:113)
	at com.almasb.fxgl.app.MainWindow$update$1.invoke(MainWindow.kt:115)
	at com.almasb.fxgl.app.MainWindow$update$1.invoke(MainWindow.kt:115)
	at com.almasb.fxgl.core.fsm.StateMachine.runOnActiveStates(StateMachine.kt:69)
	at com.almasb.fxgl.app.MainWindow.update(MainWindow.kt:115)
	at com.almasb.fxgl.app.FXGLApplication$GameApplicationService.onUpdate(FXGLApplication.kt:426)
	at com.almasb.fxgl.app.Engine.loop(Engine.kt:134)
	at com.almasb.fxgl.app.Engine.access$loop(Engine.kt:24)
	at com.almasb.fxgl.app.Engine$loop$1.invoke(Engine.kt:28)
	at com.almasb.fxgl.app.Engine$loop$1.invoke(Engine.kt:28)
	at com.almasb.fxgl.app.LoopRunner.frame(LoopRunner.kt:103)
	at com.almasb.fxgl.app.LoopRunner.access$frame(LoopRunner.kt:23)
	at com.almasb.fxgl.app.LoopRunner$impl$2$1.onTick(LoopRunner.kt:57)
	at com.almasb.fxgl.app.AnimationTimerLoop$timer$1.handle(LoopRunner.kt:137)
	at javafx.animation.AnimationTimer$AnimationTimerReceiver.lambda$handle$0(AnimationTimer.java:58)
	at java.base/java.security.AccessController.doPrivileged(AccessController.java:400)
	at javafx.animation.AnimationTimer$AnimationTimerReceiver.handle(AnimationTimer.java:57)
	at com.sun.scenario.animation.AbstractPrimaryTimer.timePulseImpl(AbstractPrimaryTimer.java:356)
	at com.sun.scenario.animation.AbstractPrimaryTimer$MainLoop.run(AbstractPrimaryTimer.java:266)
	at com.sun.javafx.tk.quantum.QuantumToolkit.pulse(QuantumToolkit.java:588)
	at com.sun.javafx.tk.quantum.QuantumToolkit.pulse(QuantumToolkit.java:572)
	at com.sun.javafx.tk.quantum.QuantumToolkit.pulseFromQueue(QuantumToolkit.java:565)
	at com.sun.javafx.tk.quantum.QuantumToolkit.lambda$runToolkit$11(QuantumToolkit.java:352)
	at com.sun.glass.ui.InvokeLaterDispatcher$Future.run(InvokeLaterDispatcher.java:95)
	at com.sun.glass.ui.win.WinApplication._runLoop(Native Method)
	at com.sun.glass.ui.win.WinApplication.lambda$runLoop$3(WinApplication.java:185)
	at java.base/java.lang.Thread.run(Thread.java:1623)

12:35:50.516 [JavaFX Application Thread] FATAL FXGLApplication      - Application will now exit
12:35:50.622 [JavaFX Application Thread] DEBUG PrimaryStageWindow   - Push state: ErrorSubScene
12:35:50.624 [JavaFX Application Thread] DEBUG Input                - Clearing active input actions
12:35:50.647 [JavaFX Application Thread] DEBUG GameApplicationServi - Removing overlay from GameScene and adding to ErrorSubScene
12:35:50.647 [JavaFX Application Thread] DEBUG PrimaryStageWindow   - GameScene -> ErrorSubScene
12:35:55.397 [JavaFX Application Thread] DEBUG FXGLApplication      - Exiting FXGL
12:35:55.397 [JavaFX Application Thread] DEBUG Async                - Shutting down background threads
12:35:55.398 [JavaFX Application Thread] DEBUG PrimaryStageWindow   - Closing main window
12:35:55.415 [JavaFX Application Thread] DEBUG Logger               - Closing Logger
