11:44:05.507 [main                     ] DEBUG Logger               - Configured Logger
11:44:05.538 [main                     ] DEBUG GameApplication      - Logging settings
Title: Untitled
Version: 0.0
Width: 800
Height: 800
Fullscreen: false
Intro: false
Profiling: false
Single step:false
App Mode: DEVELOPER
Menu Key: ESCAPE
Stage Style: DECORATED
Scene Factory: class com.almasb.fxgl.app.scene.SceneFactory

11:44:05.725 [JavaFX Application Thread] DEBUG FXGLApplication      - Initializing FXGL
11:44:05.734 [JavaFX Application Thread] INFO  Engine               - FXGL-17.3 (30.03.2023 11.54) on WINDOWS (J:20.0.1 FX:20)
11:44:05.735 [JavaFX Application Thread] DEBUG Engine               - JRE Vendor Name: Oracle Corporation
11:44:05.736 [JavaFX Application Thread] DEBUG Engine               - Running on OS: Windows 10 version 10.0
11:44:05.736 [JavaFX Application Thread] DEBUG Engine               - Architecture: amd64
11:44:05.736 [JavaFX Application Thread] INFO  Engine               - Source code and latest versions at: https://github.com/AlmasB/FXGL
11:44:05.736 [JavaFX Application Thread] INFO  Engine               -       Ask questions and discuss at: https://github.com/AlmasB/FXGL/discussions
11:44:05.737 [JavaFX Application Thread] INFO  Engine               -              Join the FXGL chat at: https://gitter.im/AlmasB/FXGL
11:44:05.849 [JavaFX Application Thread] DEBUG PrimaryStageWindow   - Creating a JavaFX scene
11:44:05.849 [JavaFX Application Thread] DEBUG PrimaryStageWindow   - Target size > screen size
11:44:05.961 [JavaFX Application Thread] DEBUG PrimaryStageWindow   - Target settings size: 800.0 x 800.0
11:44:05.962 [JavaFX Application Thread] DEBUG PrimaryStageWindow   - Scaled scene size:    703.0 x 728.0
11:44:05.962 [JavaFX Application Thread] DEBUG PrimaryStageWindow   - Scaled ratio: (0.87875, 0.91)
11:44:05.964 [JavaFX Application Thread] DEBUG PrimaryStageWindow   - Set initial scene to FXGLStartupScene
11:44:05.971 [JavaFX Application Thread] DEBUG PrimaryStageWindow   - Opening main window
11:44:06.141 [JavaFX Application Thread] DEBUG PrimaryStageWindow   - Window border size: (16.0, 39.0)
11:44:06.141 [JavaFX Application Thread] DEBUG PrimaryStageWindow   - Scaled size: 703.0 x 728.0
11:44:06.142 [JavaFX Application Thread] DEBUG PrimaryStageWindow   - Scaled ratio: (0.87875, 0.91)
11:44:06.143 [JavaFX Application Thread] DEBUG PrimaryStageWindow   - Scene size: 703.0 x 728.0
11:44:06.144 [JavaFX Application Thread] DEBUG PrimaryStageWindow   - Stage size: 719.0 x 767.0
11:44:06.164 [FXGL Background Thread 1 ] DEBUG Engine               - Initializing environment variables
11:44:06.322 [FXGL Background Thread 1 ] DEBUG FXGLAssetLoaderServi - User app class for loading assets: class core.RTSMain
11:44:06.323 [FXGL Background Thread 1 ] DEBUG GameApplicationServi - Applying CSS: fxgl_dark.css
11:44:06.325 [FXGL Background Thread 1 ] DEBUG FXGLAssetLoaderServi - Loading from file system: jar:file:/C:/Users/dcurtis25/Downloads/fxgl-17.3-uber.jar!/fxglassets/ui/css/fxgl_dark.css
11:44:06.430 [FXGL Background Thread 1 ] DEBUG GameApplicationServi - Initializing application scenes
11:44:06.565 [FXGL Background Thread 1 ] DEBUG GameWorld            - Game world initialized
11:44:06.688 [FXGL Background Thread 1 ] DEBUG PhysicsWorld         - Physics world initialized: appHeight=800, physics.ppm=50.0
11:44:06.689 [FXGL Background Thread 1 ] DEBUG PhysicsWorld         - Using strategy: BRUTE_FORCE
11:44:06.697 [FXGL Background Thread 1 ] DEBUG GameScene            - Game scene initialized: 800x800
11:44:06.726 [FXGL Background Thread 1 ] DEBUG FXGL.DefaultMenu     - createMenuBodyGameMenu()
11:44:06.756 [FXGL Background Thread 1 ] DEBUG FXGL.DefaultMenu     - createOptionsMenu()
11:44:06.777 [FXGL Background Thread 1 ] DEBUG FXGLAssetLoaderServi - Loading from file system: jar:file:/C:/Users/dcurtis25/Downloads/fxgl-17.3-uber.jar!/fxglassets/textures/particles/smoke.png
11:44:06.998 [FXGL Background Thread 1 ] DEBUG FXGLAssetLoaderServi - Loading from file system: jar:file:/C:/Users/dcurtis25/Downloads/fxgl-17.3-uber.jar!/fxglassets/textures/particles/trace_horizontal.png
11:44:07.087 [FXGL Background Thread 1 ] DEBUG GameApplicationServi - Application scenes initialized
11:44:07.122 [FXGL Background Thread 1 ] DEBUG SystemBundleService  - Loading FXGL system data
11:44:07.131 [FXGL Background Thread 1 ] DEBUG FileSystemAccess     - Reading from: C:\Users\dcurtis25\git\CompSci-Final-Project\system\fxgl.bundle
11:44:07.152 [FXGL Background Thread 1 ] DEBUG SystemBundleService  - Bundle FXGL: {}
11:44:07.152 [FXGL Background Thread 1 ] DEBUG UpdaterService       - Checking for updates
11:44:07.164 [FXGL Background Thread 1 ] DEBUG FXGLApplication      - Loading default localization
11:44:07.165 [FXGL Background Thread 1 ] DEBUG FXGLAssetLoaderServi - Loading from file system: jar:file:/C:/Users/dcurtis25/Downloads/fxgl-17.3-uber.jar!/fxglassets/languages/english.lang
11:44:07.219 [FXGL Background Thread 1 ] INFO  FXGLApplication      - FXGL initialization took: 1.056 sec
11:44:07.226 [FXGL Background Thread 4 ] DEBUG FXGLApplication      - Loading fonts
11:44:07.244 [JavaFX Application Thread] DEBUG Input                - Registered new binding: action0 - A
11:44:07.245 [JavaFX Application Thread] DEBUG Input                - Registered new binding: action1 - D
11:44:07.246 [JavaFX Application Thread] DEBUG Input                - Registered new binding: action2 - W
11:44:07.246 [JavaFX Application Thread] DEBUG Input                - Registered new binding: action3 - S
11:44:07.247 [JavaFX Application Thread] DEBUG Input                - Registered new binding: action4 - Tab
11:44:07.251 [JavaFX Application Thread] DEBUG Input                - Registered new binding: action5 - LMB
11:44:07.252 [JavaFX Application Thread] DEBUG Input                - Registered new binding: action6 - RMB
11:44:07.254 [JavaFX Application Thread] DEBUG Input                - Registered new binding: action7 - H
11:44:07.255 [JavaFX Application Thread] DEBUG FXGLAssetLoaderServi - Loading from file system: jar:file:/C:/Users/dcurtis25/Downloads/fxgl-17.3-uber.jar!/fxglassets/textures/fxgl_icon.png
11:44:07.318 [FXGL Background Thread 4 ] DEBUG FXGLAssetLoaderServi - Loading from file system: jar:file:/C:/Users/dcurtis25/Downloads/fxgl-17.3-uber.jar!/fxglassets/ui/fonts/VarelaRound-Regular.ttf
11:44:07.346 [JavaFX Application Thread] DEBUG FXGLAssetLoaderServi - Loading from file system: jar:file:/C:/Users/dcurtis25/Downloads/fxgl-17.3-uber.jar!/fxglassets/textures/fxgl_default_cursor.png
11:44:07.357 [JavaFX Application Thread] DEBUG Input                - Registered new binding: Screenshot - CTRL+8
11:44:07.359 [JavaFX Application Thread] DEBUG Input                - Registered new binding: System info dump - CTRL+9
11:44:07.360 [JavaFX Application Thread] DEBUG Input                - Registered new binding: Restart - CTRL+R
11:44:07.361 [JavaFX Application Thread] DEBUG Input                - Registered new binding: Toggle Debug Camera - CTRL+7
11:44:07.366 [JavaFX Application Thread] DEBUG LoopRunner           - Starting loop
11:44:07.366 [JavaFX Application Thread] DEBUG LoopRunner           - Initializing JavaFX AnimationTimerLoop
11:44:07.370 [JavaFX Application Thread] DEBUG GameApplicationServi - Starting new game
11:44:07.371 [JavaFX Application Thread] DEBUG Input                - Clearing active input actions
11:44:07.441 [JavaFX Application Thread] DEBUG GameApplicationServi - Removing overlay from FXGLStartupScene and adding to FXGLLoadingScene
11:44:07.443 [JavaFX Application Thread] DEBUG PrimaryStageWindow   - FXGLStartupScene -> FXGLLoadingScene
11:44:07.443 [JavaFX Application Thread] DEBUG GameApplicationServi - Clearing previous game
11:44:07.444 [JavaFX Application Thread] DEBUG GameScene            - Clearing game scene
11:44:07.444 [JavaFX Application Thread] DEBUG GameWorld            - Clearing game world
11:44:07.444 [JavaFX Application Thread] DEBUG PhysicsWorld         - Clearing physics world
11:44:07.449 [FXGL Background Thread 1 ] DEBUG FXGLApplication      - Initializing game
11:44:08.126 [FXGL Background Thread 4 ] DEBUG FXGLAssetLoaderServi - Loading from file system: jar:file:/C:/Users/dcurtis25/Downloads/fxgl-17.3-uber.jar!/fxglassets/ui/fonts/Abel-Regular.ttf
11:44:08.138 [FXGL Background Thread 4 ] DEBUG FXGLAssetLoaderServi - Loading from file system: jar:file:/C:/Users/dcurtis25/Downloads/fxgl-17.3-uber.jar!/fxglassets/ui/fonts/TerminalLandMono-Regular.otf
11:44:08.150 [FXGL Background Thread 4 ] DEBUG FXGLAssetLoaderServi - Loading from file system: jar:file:/C:/Users/dcurtis25/Downloads/fxgl-17.3-uber.jar!/fxglassets/ui/fonts/Courier-Prime.ttf
11:44:08.178 [JavaFX Application Thread] DEBUG FXGLApplication      - Registering font factories with UI factory
11:44:09.328 [FXGL Background Thread 1 ] INFO  FXGLApplication      - Game initialization took: 1.879 sec
11:44:09.333 [JavaFX Application Thread] DEBUG Input                - Clearing active input actions
11:44:09.447 [JavaFX Application Thread] DEBUG GameApplicationServi - Removing overlay from FXGLLoadingScene and adding to GameScene
11:44:09.448 [JavaFX Application Thread] DEBUG PrimaryStageWindow   - FXGLLoadingScene -> GameScene
11:44:10.317 [FXGL Background Thread 3 ] DEBUG Engine               - Logging environment variables
11:44:10.317 [FXGL Background Thread 3 ] DEBUG Engine               - achievements: []
11:44:10.317 [FXGL Background Thread 3 ] DEBUG Engine               - actualHeight: 728.0
11:44:10.318 [FXGL Background Thread 3 ] DEBUG Engine               - actualHeightProperty: ReadOnlyDoubleProperty [value: 728.0]
11:44:10.318 [FXGL Background Thread 3 ] DEBUG Engine               - actualWidth: 703.0
11:44:10.318 [FXGL Background Thread 3 ] DEBUG Engine               - actualWidthProperty: ReadOnlyDoubleProperty [value: 703.0]
11:44:10.318 [FXGL Background Thread 3 ] DEBUG Engine               - appIcon: fxgl_icon.png
11:44:10.318 [FXGL Background Thread 3 ] DEBUG Engine               - applicationMode: DEVELOPER
11:44:10.319 [FXGL Background Thread 3 ] DEBUG Engine               - cSSList: [fxgl_dark.css]
11:44:10.319 [FXGL Background Thread 3 ] DEBUG Engine               - collisionDetectionStrategy: BRUTE_FORCE
11:44:10.319 [FXGL Background Thread 3 ] DEBUG Engine               - configClass: Optional.empty
11:44:10.319 [FXGL Background Thread 3 ] DEBUG Engine               - credits: []
11:44:10.320 [FXGL Background Thread 3 ] DEBUG Engine               - defaultCursor: CursorInfo(imageName=fxgl_default_cursor.png, hotspotX=7.0, hotspotY=6.0)
11:44:10.320 [FXGL Background Thread 3 ] DEBUG Engine               - devBBoxColorProperty: ObjectProperty [value: 0xff0000ff]
11:44:10.320 [FXGL Background Thread 3 ] DEBUG Engine               - devEnableDebugCameraProperty: BooleanProperty [value: false]
11:44:10.320 [FXGL Background Thread 3 ] DEBUG Engine               - devSensorColorProperty: ObjectProperty [value: 0xffff00ff]
11:44:10.320 [FXGL Background Thread 3 ] DEBUG Engine               - devShowBBoxProperty: BooleanProperty [value: false]
11:44:10.320 [FXGL Background Thread 3 ] DEBUG Engine               - devShowPositionProperty: BooleanProperty [value: false]
11:44:10.321 [FXGL Background Thread 3 ] DEBUG Engine               - enabledMenuItems: []
11:44:10.321 [FXGL Background Thread 3 ] DEBUG Engine               - engineServices: [class com.almasb.fxgl.app.services.FXGLAssetLoaderService, class com.almasb.fxgl.app.FXGLApplication$GameApplicationService, class com.almasb.fxgl.app.services.FXGLDialogService, class com.almasb.fxgl.app.services.IOTaskExecutorService, class com.almasb.fxgl.io.FileSystemService, class com.almasb.fxgl.localization.LocalizationService, class com.almasb.fxgl.app.services.SystemBundleService, class com.almasb.fxgl.profile.SaveLoadService, class com.almasb.fxgl.ui.FXGLUIFactoryServiceProvider, class com.almasb.fxgl.ui.FXGLDialogFactoryServiceProvider, class com.almasb.fxgl.audio.AudioPlayer, class com.almasb.fxgl.notification.impl.NotificationServiceProvider, class com.almasb.fxgl.achievement.AchievementService, class com.almasb.fxgl.cutscene.CutsceneService, class com.almasb.fxgl.minigames.MiniGameService, class com.almasb.fxgl.net.NetService, class com.almasb.fxgl.app.services.UpdaterService, class com.almasb.fxgl.dev.DevService]
11:44:10.321 [FXGL Background Thread 3 ] DEBUG Engine               - fontGame: Abel-Regular.ttf
11:44:10.321 [FXGL Background Thread 3 ] DEBUG Engine               - fontMono: TerminalLandMono-Regular.otf
11:44:10.321 [FXGL Background Thread 3 ] DEBUG Engine               - fontSizeScaleUI: 1.0
11:44:10.321 [FXGL Background Thread 3 ] DEBUG Engine               - fontText: Courier-Prime.ttf
11:44:10.321 [FXGL Background Thread 3 ] DEBUG Engine               - fontUI: VarelaRound-Regular.ttf
11:44:10.322 [FXGL Background Thread 3 ] DEBUG Engine               - fullScreen: BooleanProperty [value: false]
11:44:10.322 [FXGL Background Thread 3 ] DEBUG Engine               - gameDifficulty: MEDIUM
11:44:10.322 [FXGL Background Thread 3 ] DEBUG Engine               - gameDifficultyProperty: ObjectProperty [value: MEDIUM]
11:44:10.322 [FXGL Background Thread 3 ] DEBUG Engine               - globalMusicVolume: 0.5
11:44:10.322 [FXGL Background Thread 3 ] DEBUG Engine               - globalMusicVolumeProperty: DoubleProperty [value: 0.5]
11:44:10.322 [FXGL Background Thread 3 ] DEBUG Engine               - globalSoundVolume: 0.5
11:44:10.322 [FXGL Background Thread 3 ] DEBUG Engine               - globalSoundVolumeProperty: DoubleProperty [value: 0.5]
11:44:10.322 [FXGL Background Thread 3 ] DEBUG Engine               - height: 800
11:44:10.323 [FXGL Background Thread 3 ] DEBUG Engine               - is3D: false
11:44:10.323 [FXGL Background Thread 3 ] DEBUG Engine               - isAndroid: false
11:44:10.323 [FXGL Background Thread 3 ] DEBUG Engine               - isBrowser: false
11:44:10.323 [FXGL Background Thread 3 ] DEBUG Engine               - isClickFeedbackEnabled: false
11:44:10.323 [FXGL Background Thread 3 ] DEBUG Engine               - isCloseConfirmation: false
11:44:10.323 [FXGL Background Thread 3 ] DEBUG Engine               - isDesktop: true
11:44:10.323 [FXGL Background Thread 3 ] DEBUG Engine               - isDeveloperMenuEnabled: false
11:44:10.323 [FXGL Background Thread 3 ] DEBUG Engine               - isEmbedded: false
11:44:10.323 [FXGL Background Thread 3 ] DEBUG Engine               - isEntityPreloadEnabled: true
11:44:10.324 [FXGL Background Thread 3 ] DEBUG Engine               - isExperimentalTiledLargeMap: false
11:44:10.324 [FXGL Background Thread 3 ] DEBUG Engine               - isFileSystemWriteAllowed: true
11:44:10.324 [FXGL Background Thread 3 ] DEBUG Engine               - isFullScreenAllowed: false
11:44:10.324 [FXGL Background Thread 3 ] DEBUG Engine               - isFullScreenFromStart: false
11:44:10.324 [FXGL Background Thread 3 ] DEBUG Engine               - isGameMenuEnabled: true
11:44:10.324 [FXGL Background Thread 3 ] DEBUG Engine               - isIOS: false
11:44:10.324 [FXGL Background Thread 3 ] DEBUG Engine               - isIntroEnabled: false
11:44:10.325 [FXGL Background Thread 3 ] DEBUG Engine               - isLinux: false
11:44:10.325 [FXGL Background Thread 3 ] DEBUG Engine               - isMac: false
11:44:10.325 [FXGL Background Thread 3 ] DEBUG Engine               - isMainMenuEnabled: false
11:44:10.325 [FXGL Background Thread 3 ] DEBUG Engine               - isManualResizeEnabled: false
11:44:10.325 [FXGL Background Thread 3 ] DEBUG Engine               - isMobile: false
11:44:10.325 [FXGL Background Thread 3 ] DEBUG Engine               - isNative: false
11:44:10.325 [FXGL Background Thread 3 ] DEBUG Engine               - isPauseMusicWhenMinimized: true
11:44:10.325 [FXGL Background Thread 3 ] DEBUG Engine               - isPreserveResizeRatio: false
11:44:10.325 [FXGL Background Thread 3 ] DEBUG Engine               - isProfilingEnabled: false
11:44:10.325 [FXGL Background Thread 3 ] DEBUG Engine               - isScaleAffectedOnResize: true
11:44:10.325 [FXGL Background Thread 3 ] DEBUG Engine               - isSingleStep: false
11:44:10.326 [FXGL Background Thread 3 ] DEBUG Engine               - isUserProfileEnabled: false
11:44:10.326 [FXGL Background Thread 3 ] DEBUG Engine               - isWindows: true
11:44:10.326 [FXGL Background Thread 3 ] DEBUG Engine               - language: ObjectProperty [value: ENGLISH]
11:44:10.326 [FXGL Background Thread 3 ] DEBUG Engine               - menuKey: ESCAPE
11:44:10.326 [FXGL Background Thread 3 ] DEBUG Engine               - mouseSensitivity: 0.2
11:44:10.326 [FXGL Background Thread 3 ] DEBUG Engine               - notificationViewClass: class com.almasb.fxgl.notification.view.XboxNotificationView
11:44:10.326 [FXGL Background Thread 3 ] DEBUG Engine               - pixelsPerMeter: 50.0
11:44:10.326 [FXGL Background Thread 3 ] DEBUG Engine               - platform: WINDOWS
11:44:10.326 [FXGL Background Thread 3 ] DEBUG Engine               - prefHeightProperty: ReadOnlyDoubleProperty [value: 800.0]
11:44:10.326 [FXGL Background Thread 3 ] DEBUG Engine               - prefWidthProperty: ReadOnlyDoubleProperty [value: 800.0]
11:44:10.327 [FXGL Background Thread 3 ] DEBUG Engine               - profileDir: profiles/
11:44:10.327 [FXGL Background Thread 3 ] DEBUG Engine               - profileName: StringProperty [value: DEFAULT]
11:44:10.327 [FXGL Background Thread 3 ] DEBUG Engine               - randomSeed: -1
11:44:10.327 [FXGL Background Thread 3 ] DEBUG Engine               - runtimeInfo: RuntimeInfo(platform=WINDOWS, version=17.3, build=30.03.2023 11.54)
11:44:10.328 [FXGL Background Thread 3 ] DEBUG Engine               - saveFileExt: sav
11:44:10.328 [FXGL Background Thread 3 ] DEBUG Engine               - scaledHeightProp$fxgl: DoubleProperty [bound, value: 728.0]
11:44:10.328 [FXGL Background Thread 3 ] DEBUG Engine               - scaledWidthProp$fxgl: DoubleProperty [bound, value: 703.0]
11:44:10.328 [FXGL Background Thread 3 ] DEBUG Engine               - sceneFactory: com.almasb.fxgl.app.scene.SceneFactory@642eb7f
11:44:10.328 [FXGL Background Thread 3 ] DEBUG Engine               - secondsIn24h: 60
11:44:10.328 [FXGL Background Thread 3 ] DEBUG Engine               - soundMenuBack: menu/back.wav
11:44:10.328 [FXGL Background Thread 3 ] DEBUG Engine               - soundMenuPress: menu/press.wav
11:44:10.328 [FXGL Background Thread 3 ] DEBUG Engine               - soundMenuSelect: menu/select.wav
11:44:10.329 [FXGL Background Thread 3 ] DEBUG Engine               - soundNotification: core/notification.wav
11:44:10.329 [FXGL Background Thread 3 ] DEBUG Engine               - stageStyle: DECORATED
11:44:10.329 [FXGL Background Thread 3 ] DEBUG Engine               - supportedLanguages: [ENGLISH, FRENCH, GERMAN, HUNGARIAN, RUSSIAN]
11:44:10.329 [FXGL Background Thread 3 ] DEBUG Engine               - ticksPerSecond: -1
11:44:10.329 [FXGL Background Thread 3 ] DEBUG Engine               - title: Untitled
11:44:10.329 [FXGL Background Thread 3 ] DEBUG Engine               - urlGithub: https://github.com/AlmasB/FXGL
11:44:10.329 [FXGL Background Thread 3 ] DEBUG Engine               - urlLeaderboard: http://fxgl-top.herokuapp.com/
11:44:10.329 [FXGL Background Thread 3 ] DEBUG Engine               - urlPOM: https://raw.githubusercontent.com/AlmasB/FXGL/release/README.md
11:44:10.329 [FXGL Background Thread 3 ] DEBUG Engine               - userAppClass: class core.RTSMain
11:44:10.329 [FXGL Background Thread 3 ] DEBUG Engine               - version: 0.0
11:44:10.329 [FXGL Background Thread 3 ] DEBUG Engine               - versionCheckDays: 7
11:44:10.330 [FXGL Background Thread 3 ] DEBUG Engine               - width: 800
11:44:10.330 [FXGL Background Thread 3 ] DEBUG Engine               - Logging services
11:44:10.330 [FXGL Background Thread 3 ] DEBUG Engine               - class com.almasb.fxgl.app.services.FXGLAssetLoaderService
11:44:10.330 [FXGL Background Thread 3 ] DEBUG Engine               - class com.almasb.fxgl.app.FXGLApplication$GameApplicationService
11:44:10.330 [FXGL Background Thread 3 ] DEBUG Engine               - class com.almasb.fxgl.app.services.FXGLDialogService
11:44:10.330 [FXGL Background Thread 3 ] DEBUG Engine               - class com.almasb.fxgl.app.services.IOTaskExecutorService
11:44:10.330 [FXGL Background Thread 3 ] DEBUG Engine               - class com.almasb.fxgl.io.FileSystemService
11:44:10.331 [FXGL Background Thread 3 ] DEBUG Engine               - class com.almasb.fxgl.localization.LocalizationService
11:44:10.331 [FXGL Background Thread 3 ] DEBUG Engine               - class com.almasb.fxgl.app.services.SystemBundleService
11:44:10.331 [FXGL Background Thread 3 ] DEBUG Engine               - class com.almasb.fxgl.profile.SaveLoadService
11:44:10.331 [FXGL Background Thread 3 ] DEBUG Engine               - class com.almasb.fxgl.ui.FXGLUIFactoryServiceProvider
11:44:10.331 [FXGL Background Thread 3 ] DEBUG Engine               - class com.almasb.fxgl.ui.FXGLDialogFactoryServiceProvider
11:44:10.331 [FXGL Background Thread 3 ] DEBUG Engine               - class com.almasb.fxgl.audio.AudioPlayer
11:44:10.331 [FXGL Background Thread 3 ] DEBUG Engine               - class com.almasb.fxgl.notification.impl.NotificationServiceProvider
11:44:10.331 [FXGL Background Thread 3 ] DEBUG Engine               - class com.almasb.fxgl.achievement.AchievementService
11:44:10.331 [FXGL Background Thread 3 ] DEBUG Engine               - class com.almasb.fxgl.cutscene.CutsceneService
11:44:10.331 [FXGL Background Thread 3 ] DEBUG Engine               - class com.almasb.fxgl.minigames.MiniGameService
11:44:10.331 [FXGL Background Thread 3 ] DEBUG Engine               - class com.almasb.fxgl.net.NetService
11:44:10.331 [FXGL Background Thread 3 ] DEBUG Engine               - class com.almasb.fxgl.app.services.UpdaterService
11:44:10.331 [FXGL Background Thread 3 ] DEBUG Engine               - class com.almasb.fxgl.dev.DevService
11:44:24.915 [JavaFX Application Thread] DEBUG LoopRunner           - Stopping loop
11:44:24.926 [JavaFX Application Thread] FATAL FXGLApplication      - Uncaught Exception:
java.lang.OutOfMemoryError: Java heap space
	at java.base/java.util.Arrays.copyOf(Arrays.java:3481)
	at java.base/java.util.ArrayList.grow(ArrayList.java:237)
	at java.base/java.util.ArrayList.grow(ArrayList.java:244)
	at java.base/java.util.ArrayList.add(ArrayList.java:454)
	at java.base/java.util.ArrayList.add(ArrayList.java:467)
	at Pathing.AStar.printPath(AStar.java:77)
	at core.RTSMain.moveSelected(RTSMain.java:183)
	at core.RTSMain.lambda$6(RTSMain.java:84)
	at core.RTSMain$$Lambda$329/0x000000080128f820.run(Unknown Source)
	at com.almasb.fxgl.dsl.FXGL$Companion$onBtnDown$1.onActionBegin(FXGL.kt:524)
	at com.almasb.fxgl.input.UserAction.begin$fxgl_core(UserAction.kt:37)
	at com.almasb.fxgl.input.Input.handlePressed(Input.kt:375)
	at com.almasb.fxgl.input.Input.onMouseEvent(Input.kt:339)
	at com.almasb.fxgl.input.Input.onMouseEvent(Input.kt:328)
	at com.almasb.fxgl.app.PrimaryStageWindow$2$1.invoke(MainWindow.kt:313)
	at com.almasb.fxgl.app.PrimaryStageWindow$2$1.invoke(MainWindow.kt:313)
	at com.almasb.fxgl.core.fsm.StateMachine.runOnActiveStates(StateMachine.kt:69)
	at com.almasb.fxgl.app.PrimaryStageWindow$2.invoke(MainWindow.kt:313)
	at com.almasb.fxgl.app.PrimaryStageWindow$2.invoke(MainWindow.kt:311)
	at com.almasb.fxgl.app.MainWindow.addMouseHandler$lambda$2(MainWindow.kt:237)
	at com.almasb.fxgl.app.MainWindow$$Lambda$129/0x0000000801171f90.handle(Unknown Source)
	at com.sun.javafx.event.CompositeEventHandler$NormalEventHandlerRecord.handleBubblingEvent(CompositeEventHandler.java:247)
	at com.sun.javafx.event.CompositeEventHandler.dispatchBubblingEvent(CompositeEventHandler.java:80)
	at com.sun.javafx.event.EventHandlerManager.dispatchBubblingEvent(EventHandlerManager.java:232)
	at com.sun.javafx.event.EventHandlerManager.dispatchBubblingEvent(EventHandlerManager.java:189)
	at com.sun.javafx.event.CompositeEventDispatcher.dispatchBubblingEvent(CompositeEventDispatcher.java:59)
	at com.sun.javafx.event.BasicEventDispatcher.dispatchEvent(BasicEventDispatcher.java:58)
	at com.sun.javafx.event.EventDispatchChainImpl.dispatchEvent(EventDispatchChainImpl.java:114)
	at com.sun.javafx.event.BasicEventDispatcher.dispatchEvent(BasicEventDispatcher.java:56)
	at com.sun.javafx.event.EventDispatchChainImpl.dispatchEvent(EventDispatchChainImpl.java:114)
	at com.sun.javafx.event.EventUtil.fireEventImpl(EventUtil.java:74)
	at com.sun.javafx.event.EventUtil.fireEvent(EventUtil.java:54)

11:44:24.927 [JavaFX Application Thread] FATAL FXGLApplication      - Application will now exit
11:44:25.013 [JavaFX Application Thread] DEBUG PrimaryStageWindow   - Push state: ErrorSubScene
11:44:25.014 [JavaFX Application Thread] DEBUG Input                - Clearing active input actions
11:44:25.036 [JavaFX Application Thread] DEBUG GameApplicationServi - Removing overlay from GameScene and adding to ErrorSubScene
11:44:25.036 [JavaFX Application Thread] DEBUG PrimaryStageWindow   - GameScene -> ErrorSubScene
11:44:26.003 [JavaFX Application Thread] DEBUG FXGLApplication      - Exiting FXGL
11:44:26.003 [JavaFX Application Thread] DEBUG Async                - Shutting down background threads
11:44:26.004 [JavaFX Application Thread] DEBUG PrimaryStageWindow   - Closing main window
11:44:26.069 [JavaFX Application Thread] DEBUG Logger               - Closing Logger
