12:35:49.627 [main                     ] DEBUG Logger               - Configured Logger
12:35:49.663 [main                     ] DEBUG GameApplication      - Logging settings
Title: Untitled
Version: 0.0
Width: 800
Height: 800
Fullscreen: false
Intro: false
Profiling: false
Single step:false
App Mode: DEVELOPER
Menu Key: ESCAPE
Stage Style: DECORATED
Scene Factory: class com.almasb.fxgl.app.scene.SceneFactory

12:35:49.861 [JavaFX Application Thread] DEBUG FXGLApplication      - Initializing FXGL
12:35:49.869 [JavaFX Application Thread] INFO  Engine               - FXGL-17.3 (30.03.2023 11.54) on WINDOWS (J:20.0.1 FX:20)
12:35:49.869 [JavaFX Application Thread] DEBUG Engine               - JRE Vendor Name: Oracle Corporation
12:35:49.870 [JavaFX Application Thread] DEBUG Engine               - Running on OS: Windows 10 version 10.0
12:35:49.870 [JavaFX Application Thread] DEBUG Engine               - Architecture: amd64
12:35:49.870 [JavaFX Application Thread] INFO  Engine               - Source code and latest versions at: https://github.com/AlmasB/FXGL
12:35:49.871 [JavaFX Application Thread] INFO  Engine               -       Ask questions and discuss at: https://github.com/AlmasB/FXGL/discussions
12:35:49.871 [JavaFX Application Thread] INFO  Engine               -              Join the FXGL chat at: https://gitter.im/AlmasB/FXGL
12:35:50.004 [JavaFX Application Thread] DEBUG PrimaryStageWindow   - Creating a JavaFX scene
12:35:50.004 [JavaFX Application Thread] DEBUG PrimaryStageWindow   - Target size > screen size
12:35:50.134 [JavaFX Application Thread] DEBUG PrimaryStageWindow   - Target settings size: 800.0 x 800.0
12:35:50.134 [JavaFX Application Thread] DEBUG PrimaryStageWindow   - Scaled scene size:    703.0 x 728.0
12:35:50.135 [JavaFX Application Thread] DEBUG PrimaryStageWindow   - Scaled ratio: (0.87875, 0.91)
12:35:50.137 [JavaFX Application Thread] DEBUG PrimaryStageWindow   - Set initial scene to FXGLStartupScene
12:35:50.144 [JavaFX Application Thread] DEBUG PrimaryStageWindow   - Opening main window
12:35:50.308 [JavaFX Application Thread] DEBUG PrimaryStageWindow   - Window border size: (16.0, 39.0)
12:35:50.309 [JavaFX Application Thread] DEBUG PrimaryStageWindow   - Scaled size: 703.0 x 728.0
12:35:50.310 [JavaFX Application Thread] DEBUG PrimaryStageWindow   - Scaled ratio: (0.87875, 0.91)
12:35:50.311 [JavaFX Application Thread] DEBUG PrimaryStageWindow   - Scene size: 703.0 x 728.0
12:35:50.311 [JavaFX Application Thread] DEBUG PrimaryStageWindow   - Stage size: 719.0 x 767.0
12:35:50.351 [FXGL Background Thread 1 ] DEBUG Engine               - Initializing environment variables
12:35:50.535 [FXGL Background Thread 1 ] DEBUG FXGLAssetLoaderServi - User app class for loading assets: class core.RTSMain
12:35:50.536 [FXGL Background Thread 1 ] DEBUG GameApplicationServi - Applying CSS: fxgl_dark.css
12:35:50.539 [FXGL Background Thread 1 ] DEBUG FXGLAssetLoaderServi - Loading from file system: jar:file:/C:/Users/tnelson25.GVSD/Downloads/fxgl-17.3-uber.jar!/fxglassets/ui/css/fxgl_dark.css
12:35:50.657 [FXGL Background Thread 1 ] DEBUG GameApplicationServi - Initializing application scenes
12:35:50.803 [FXGL Background Thread 1 ] DEBUG GameWorld            - Game world initialized
12:35:50.948 [FXGL Background Thread 1 ] DEBUG PhysicsWorld         - Physics world initialized: appHeight=800, physics.ppm=50.0
12:35:50.949 [FXGL Background Thread 1 ] DEBUG PhysicsWorld         - Using strategy: BRUTE_FORCE
12:35:50.959 [FXGL Background Thread 1 ] DEBUG GameScene            - Game scene initialized: 800x800
12:35:50.990 [FXGL Background Thread 1 ] DEBUG FXGL.DefaultMenu     - createMenuBodyGameMenu()
12:35:51.019 [FXGL Background Thread 1 ] DEBUG FXGL.DefaultMenu     - createOptionsMenu()
12:35:51.036 [FXGL Background Thread 1 ] DEBUG FXGLAssetLoaderServi - Loading from file system: jar:file:/C:/Users/tnelson25.GVSD/Downloads/fxgl-17.3-uber.jar!/fxglassets/textures/particles/smoke.png
12:35:51.291 [FXGL Background Thread 1 ] DEBUG FXGLAssetLoaderServi - Loading from file system: jar:file:/C:/Users/tnelson25.GVSD/Downloads/fxgl-17.3-uber.jar!/fxglassets/textures/particles/trace_horizontal.png
12:35:51.378 [FXGL Background Thread 1 ] DEBUG GameApplicationServi - Application scenes initialized
12:35:51.420 [FXGL Background Thread 1 ] DEBUG SystemBundleService  - Loading FXGL system data
12:35:51.429 [FXGL Background Thread 1 ] DEBUG FileSystemAccess     - Reading from: C:\Users\tnelson25.GVSD\OneDrive - Great Valley School District\10th Grade\APCSA\CompSciFinal\system\fxgl.bundle
12:35:51.451 [FXGL Background Thread 1 ] DEBUG SystemBundleService  - Bundle FXGL: {}
12:35:51.451 [FXGL Background Thread 1 ] DEBUG UpdaterService       - Checking for updates
12:35:51.474 [FXGL Background Thread 1 ] DEBUG FXGLApplication      - Loading default localization
12:35:51.475 [FXGL Background Thread 1 ] DEBUG FXGLAssetLoaderServi - Loading from file system: jar:file:/C:/Users/tnelson25.GVSD/Downloads/fxgl-17.3-uber.jar!/fxglassets/languages/english.lang
12:35:51.528 [FXGL Background Thread 1 ] INFO  FXGLApplication      - FXGL initialization took: 1.176 sec
12:35:51.544 [FXGL Background Thread 4 ] DEBUG FXGLApplication      - Loading fonts
12:35:51.545 [FXGL Background Thread 4 ] DEBUG FXGLAssetLoaderServi - Loading from file system: jar:file:/C:/Users/tnelson25.GVSD/Downloads/fxgl-17.3-uber.jar!/fxglassets/ui/fonts/VarelaRound-Regular.ttf
12:35:51.564 [JavaFX Application Thread] DEBUG Input                - Registered new binding: action0 - A
12:35:51.565 [JavaFX Application Thread] DEBUG Input                - Registered new binding: action1 - D
12:35:51.566 [JavaFX Application Thread] DEBUG Input                - Registered new binding: action2 - W
12:35:51.567 [JavaFX Application Thread] DEBUG Input                - Registered new binding: action3 - S
12:35:51.568 [JavaFX Application Thread] DEBUG Input                - Registered new binding: action4 - Tab
12:35:51.576 [JavaFX Application Thread] DEBUG Input                - Registered new binding: action5 - LMB
12:35:51.578 [JavaFX Application Thread] DEBUG Input                - Registered new binding: action6 - RMB
12:35:51.588 [JavaFX Application Thread] DEBUG Input                - Registered new binding: action7 - H
12:35:51.589 [JavaFX Application Thread] DEBUG FXGLAssetLoaderServi - Loading from file system: jar:file:/C:/Users/tnelson25.GVSD/Downloads/fxgl-17.3-uber.jar!/fxglassets/textures/fxgl_icon.png
12:35:51.641 [JavaFX Application Thread] DEBUG FXGLAssetLoaderServi - Loading from file system: jar:file:/C:/Users/tnelson25.GVSD/Downloads/fxgl-17.3-uber.jar!/fxglassets/textures/fxgl_default_cursor.png
12:35:51.647 [JavaFX Application Thread] DEBUG Input                - Registered new binding: Screenshot - CTRL+8
12:35:51.648 [JavaFX Application Thread] DEBUG Input                - Registered new binding: System info dump - CTRL+9
12:35:51.649 [JavaFX Application Thread] DEBUG Input                - Registered new binding: Restart - CTRL+R
12:35:51.651 [JavaFX Application Thread] DEBUG Input                - Registered new binding: Toggle Debug Camera - CTRL+7
12:35:51.657 [JavaFX Application Thread] DEBUG LoopRunner           - Starting loop
12:35:51.658 [JavaFX Application Thread] DEBUG LoopRunner           - Initializing JavaFX AnimationTimerLoop
12:35:51.676 [JavaFX Application Thread] DEBUG GameApplicationServi - Starting new game
12:35:51.680 [JavaFX Application Thread] DEBUG Input                - Clearing active input actions
12:35:51.718 [JavaFX Application Thread] DEBUG GameApplicationServi - Removing overlay from FXGLStartupScene and adding to FXGLLoadingScene
12:35:51.723 [JavaFX Application Thread] DEBUG PrimaryStageWindow   - FXGLStartupScene -> FXGLLoadingScene
12:35:51.724 [JavaFX Application Thread] DEBUG GameApplicationServi - Clearing previous game
12:35:51.724 [JavaFX Application Thread] DEBUG GameScene            - Clearing game scene
12:35:51.724 [JavaFX Application Thread] DEBUG GameWorld            - Clearing game world
12:35:51.724 [JavaFX Application Thread] DEBUG PhysicsWorld         - Clearing physics world
12:35:51.728 [FXGL Background Thread 1 ] DEBUG FXGLApplication      - Initializing game
12:35:52.483 [FXGL Background Thread 4 ] DEBUG FXGLAssetLoaderServi - Loading from file system: jar:file:/C:/Users/tnelson25.GVSD/Downloads/fxgl-17.3-uber.jar!/fxglassets/ui/fonts/Abel-Regular.ttf
12:35:52.496 [FXGL Background Thread 4 ] DEBUG FXGLAssetLoaderServi - Loading from file system: jar:file:/C:/Users/tnelson25.GVSD/Downloads/fxgl-17.3-uber.jar!/fxglassets/ui/fonts/TerminalLandMono-Regular.otf
12:35:52.503 [FXGL Background Thread 4 ] DEBUG FXGLAssetLoaderServi - Loading from file system: jar:file:/C:/Users/tnelson25.GVSD/Downloads/fxgl-17.3-uber.jar!/fxglassets/ui/fonts/Courier-Prime.ttf
12:35:52.518 [JavaFX Application Thread] DEBUG FXGLApplication      - Registering font factories with UI factory
12:35:54.162 [FXGL Background Thread 1 ] INFO  FXGLApplication      - Game initialization took: 2.434 sec
12:35:54.163 [JavaFX Application Thread] DEBUG Input                - Clearing active input actions
12:35:54.233 [JavaFX Application Thread] DEBUG GameApplicationServi - Removing overlay from FXGLLoadingScene and adding to GameScene
12:35:54.234 [JavaFX Application Thread] DEBUG PrimaryStageWindow   - FXGLLoadingScene -> GameScene
12:35:54.464 [FXGL Background Thread 3 ] DEBUG Engine               - Logging environment variables
12:35:54.466 [FXGL Background Thread 3 ] DEBUG Engine               - achievements: []
12:35:54.466 [FXGL Background Thread 3 ] DEBUG Engine               - actualHeight: 728.0
12:35:54.466 [FXGL Background Thread 3 ] DEBUG Engine               - actualHeightProperty: ReadOnlyDoubleProperty [value: 728.0]
12:35:54.467 [FXGL Background Thread 3 ] DEBUG Engine               - actualWidth: 703.0
12:35:54.467 [FXGL Background Thread 3 ] DEBUG Engine               - actualWidthProperty: ReadOnlyDoubleProperty [value: 703.0]
12:35:54.467 [FXGL Background Thread 3 ] DEBUG Engine               - appIcon: fxgl_icon.png
12:35:54.467 [FXGL Background Thread 3 ] DEBUG Engine               - applicationMode: DEVELOPER
12:35:54.467 [FXGL Background Thread 3 ] DEBUG Engine               - cSSList: [fxgl_dark.css]
12:35:54.467 [FXGL Background Thread 3 ] DEBUG Engine               - collisionDetectionStrategy: BRUTE_FORCE
12:35:54.467 [FXGL Background Thread 3 ] DEBUG Engine               - configClass: Optional.empty
12:35:54.467 [FXGL Background Thread 3 ] DEBUG Engine               - credits: []
12:35:54.468 [FXGL Background Thread 3 ] DEBUG Engine               - defaultCursor: CursorInfo(imageName=fxgl_default_cursor.png, hotspotX=7.0, hotspotY=6.0)
12:35:54.468 [FXGL Background Thread 3 ] DEBUG Engine               - devBBoxColorProperty: ObjectProperty [value: 0xff0000ff]
12:35:54.469 [FXGL Background Thread 3 ] DEBUG Engine               - devEnableDebugCameraProperty: BooleanProperty [value: false]
12:35:54.469 [FXGL Background Thread 3 ] DEBUG Engine               - devSensorColorProperty: ObjectProperty [value: 0xffff00ff]
12:35:54.469 [FXGL Background Thread 3 ] DEBUG Engine               - devShowBBoxProperty: BooleanProperty [value: false]
12:35:54.469 [FXGL Background Thread 3 ] DEBUG Engine               - devShowPositionProperty: BooleanProperty [value: false]
12:35:54.470 [FXGL Background Thread 3 ] DEBUG Engine               - enabledMenuItems: []
12:35:54.470 [FXGL Background Thread 3 ] DEBUG Engine               - engineServices: [class com.almasb.fxgl.app.services.FXGLAssetLoaderService, class com.almasb.fxgl.app.FXGLApplication$GameApplicationService, class com.almasb.fxgl.app.services.FXGLDialogService, class com.almasb.fxgl.app.services.IOTaskExecutorService, class com.almasb.fxgl.io.FileSystemService, class com.almasb.fxgl.localization.LocalizationService, class com.almasb.fxgl.app.services.SystemBundleService, class com.almasb.fxgl.profile.SaveLoadService, class com.almasb.fxgl.ui.FXGLUIFactoryServiceProvider, class com.almasb.fxgl.ui.FXGLDialogFactoryServiceProvider, class com.almasb.fxgl.audio.AudioPlayer, class com.almasb.fxgl.notification.impl.NotificationServiceProvider, class com.almasb.fxgl.achievement.AchievementService, class com.almasb.fxgl.cutscene.CutsceneService, class com.almasb.fxgl.minigames.MiniGameService, class com.almasb.fxgl.net.NetService, class com.almasb.fxgl.app.services.UpdaterService, class com.almasb.fxgl.dev.DevService]
12:35:54.470 [FXGL Background Thread 3 ] DEBUG Engine               - fontGame: Abel-Regular.ttf
12:35:54.470 [FXGL Background Thread 3 ] DEBUG Engine               - fontMono: TerminalLandMono-Regular.otf
12:35:54.470 [FXGL Background Thread 3 ] DEBUG Engine               - fontSizeScaleUI: 1.0
12:35:54.470 [FXGL Background Thread 3 ] DEBUG Engine               - fontText: Courier-Prime.ttf
12:35:54.470 [FXGL Background Thread 3 ] DEBUG Engine               - fontUI: VarelaRound-Regular.ttf
12:35:54.470 [FXGL Background Thread 3 ] DEBUG Engine               - fullScreen: BooleanProperty [value: false]
12:35:54.470 [FXGL Background Thread 3 ] DEBUG Engine               - gameDifficulty: MEDIUM
12:35:54.471 [FXGL Background Thread 3 ] DEBUG Engine               - gameDifficultyProperty: ObjectProperty [value: MEDIUM]
12:35:54.471 [FXGL Background Thread 3 ] DEBUG Engine               - globalMusicVolume: 0.5
12:35:54.471 [FXGL Background Thread 3 ] DEBUG Engine               - globalMusicVolumeProperty: DoubleProperty [value: 0.5]
12:35:54.472 [FXGL Background Thread 3 ] DEBUG Engine               - globalSoundVolume: 0.5
12:35:54.472 [FXGL Background Thread 3 ] DEBUG Engine               - globalSoundVolumeProperty: DoubleProperty [value: 0.5]
12:35:54.472 [FXGL Background Thread 3 ] DEBUG Engine               - height: 800
12:35:54.472 [FXGL Background Thread 3 ] DEBUG Engine               - is3D: false
12:35:54.472 [FXGL Background Thread 3 ] DEBUG Engine               - isAndroid: false
12:35:54.472 [FXGL Background Thread 3 ] DEBUG Engine               - isBrowser: false
12:35:54.472 [FXGL Background Thread 3 ] DEBUG Engine               - isClickFeedbackEnabled: false
12:35:54.472 [FXGL Background Thread 3 ] DEBUG Engine               - isCloseConfirmation: false
12:35:54.472 [FXGL Background Thread 3 ] DEBUG Engine               - isDesktop: true
12:35:54.472 [FXGL Background Thread 3 ] DEBUG Engine               - isDeveloperMenuEnabled: false
12:35:54.472 [FXGL Background Thread 3 ] DEBUG Engine               - isEmbedded: false
12:35:54.473 [FXGL Background Thread 3 ] DEBUG Engine               - isEntityPreloadEnabled: true
12:35:54.473 [FXGL Background Thread 3 ] DEBUG Engine               - isExperimentalTiledLargeMap: false
12:35:54.473 [FXGL Background Thread 3 ] DEBUG Engine               - isFileSystemWriteAllowed: true
12:35:54.473 [FXGL Background Thread 3 ] DEBUG Engine               - isFullScreenAllowed: false
12:35:54.473 [FXGL Background Thread 3 ] DEBUG Engine               - isFullScreenFromStart: false
12:35:54.473 [FXGL Background Thread 3 ] DEBUG Engine               - isGameMenuEnabled: true
12:35:54.473 [FXGL Background Thread 3 ] DEBUG Engine               - isIOS: false
12:35:54.473 [FXGL Background Thread 3 ] DEBUG Engine               - isIntroEnabled: false
12:35:54.473 [FXGL Background Thread 3 ] DEBUG Engine               - isLinux: false
12:35:54.473 [FXGL Background Thread 3 ] DEBUG Engine               - isMac: false
12:35:54.476 [FXGL Background Thread 3 ] DEBUG Engine               - isMainMenuEnabled: false
12:35:54.476 [FXGL Background Thread 3 ] DEBUG Engine               - isManualResizeEnabled: false
12:35:54.476 [FXGL Background Thread 3 ] DEBUG Engine               - isMobile: false
12:35:54.477 [FXGL Background Thread 3 ] DEBUG Engine               - isNative: false
12:35:54.477 [FXGL Background Thread 3 ] DEBUG Engine               - isPauseMusicWhenMinimized: true
12:35:54.477 [FXGL Background Thread 3 ] DEBUG Engine               - isPreserveResizeRatio: false
12:35:54.477 [FXGL Background Thread 3 ] DEBUG Engine               - isProfilingEnabled: false
12:35:54.477 [FXGL Background Thread 3 ] DEBUG Engine               - isScaleAffectedOnResize: true
12:35:54.477 [FXGL Background Thread 3 ] DEBUG Engine               - isSingleStep: false
12:35:54.477 [FXGL Background Thread 3 ] DEBUG Engine               - isUserProfileEnabled: false
12:35:54.478 [FXGL Background Thread 3 ] DEBUG Engine               - isWindows: true
12:35:54.478 [FXGL Background Thread 3 ] DEBUG Engine               - language: ObjectProperty [value: ENGLISH]
12:35:54.478 [FXGL Background Thread 3 ] DEBUG Engine               - menuKey: ESCAPE
12:35:54.478 [FXGL Background Thread 3 ] DEBUG Engine               - mouseSensitivity: 0.2
12:35:54.478 [FXGL Background Thread 3 ] DEBUG Engine               - notificationViewClass: class com.almasb.fxgl.notification.view.XboxNotificationView
12:35:54.479 [FXGL Background Thread 3 ] DEBUG Engine               - pixelsPerMeter: 50.0
12:35:54.479 [FXGL Background Thread 3 ] DEBUG Engine               - platform: WINDOWS
12:35:54.479 [FXGL Background Thread 3 ] DEBUG Engine               - prefHeightProperty: ReadOnlyDoubleProperty [value: 800.0]
12:35:54.479 [FXGL Background Thread 3 ] DEBUG Engine               - prefWidthProperty: ReadOnlyDoubleProperty [value: 800.0]
12:35:54.479 [FXGL Background Thread 3 ] DEBUG Engine               - profileDir: profiles/
12:35:54.480 [FXGL Background Thread 3 ] DEBUG Engine               - profileName: StringProperty [value: DEFAULT]
12:35:54.480 [FXGL Background Thread 3 ] DEBUG Engine               - randomSeed: -1
12:35:54.481 [FXGL Background Thread 3 ] DEBUG Engine               - runtimeInfo: RuntimeInfo(platform=WINDOWS, version=17.3, build=30.03.2023 11.54)
12:35:54.481 [FXGL Background Thread 3 ] DEBUG Engine               - saveFileExt: sav
12:35:54.481 [FXGL Background Thread 3 ] DEBUG Engine               - scaledHeightProp$fxgl: DoubleProperty [bound, value: 728.0]
12:35:54.482 [FXGL Background Thread 3 ] DEBUG Engine               - scaledWidthProp$fxgl: DoubleProperty [bound, value: 703.0]
12:35:54.482 [FXGL Background Thread 3 ] DEBUG Engine               - sceneFactory: com.almasb.fxgl.app.scene.SceneFactory@3733752
12:35:54.482 [FXGL Background Thread 3 ] DEBUG Engine               - secondsIn24h: 60
12:35:54.482 [FXGL Background Thread 3 ] DEBUG Engine               - soundMenuBack: menu/back.wav
12:35:54.482 [FXGL Background Thread 3 ] DEBUG Engine               - soundMenuPress: menu/press.wav
12:35:54.483 [FXGL Background Thread 3 ] DEBUG Engine               - soundMenuSelect: menu/select.wav
12:35:54.483 [FXGL Background Thread 3 ] DEBUG Engine               - soundNotification: core/notification.wav
12:35:54.483 [FXGL Background Thread 3 ] DEBUG Engine               - stageStyle: DECORATED
12:35:54.483 [FXGL Background Thread 3 ] DEBUG Engine               - supportedLanguages: [ENGLISH, FRENCH, GERMAN, HUNGARIAN, RUSSIAN]
12:35:54.483 [FXGL Background Thread 3 ] DEBUG Engine               - ticksPerSecond: -1
12:35:54.483 [FXGL Background Thread 3 ] DEBUG Engine               - title: Untitled
12:35:54.483 [FXGL Background Thread 3 ] DEBUG Engine               - urlGithub: https://github.com/AlmasB/FXGL
12:35:54.483 [FXGL Background Thread 3 ] DEBUG Engine               - urlLeaderboard: http://fxgl-top.herokuapp.com/
12:35:54.483 [FXGL Background Thread 3 ] DEBUG Engine               - urlPOM: https://raw.githubusercontent.com/AlmasB/FXGL/release/README.md
12:35:54.483 [FXGL Background Thread 3 ] DEBUG Engine               - userAppClass: class core.RTSMain
12:35:54.484 [FXGL Background Thread 3 ] DEBUG Engine               - version: 0.0
12:35:54.484 [FXGL Background Thread 3 ] DEBUG Engine               - versionCheckDays: 7
12:35:54.484 [FXGL Background Thread 3 ] DEBUG Engine               - width: 800
12:35:54.484 [FXGL Background Thread 3 ] DEBUG Engine               - Logging services
12:35:54.484 [FXGL Background Thread 3 ] DEBUG Engine               - class com.almasb.fxgl.app.services.FXGLAssetLoaderService
12:35:54.484 [FXGL Background Thread 3 ] DEBUG Engine               - class com.almasb.fxgl.app.FXGLApplication$GameApplicationService
12:35:54.484 [FXGL Background Thread 3 ] DEBUG Engine               - class com.almasb.fxgl.app.services.FXGLDialogService
12:35:54.484 [FXGL Background Thread 3 ] DEBUG Engine               - class com.almasb.fxgl.app.services.IOTaskExecutorService
12:35:54.484 [FXGL Background Thread 3 ] DEBUG Engine               - class com.almasb.fxgl.io.FileSystemService
12:35:54.485 [FXGL Background Thread 3 ] DEBUG Engine               - class com.almasb.fxgl.localization.LocalizationService
12:35:54.485 [FXGL Background Thread 3 ] DEBUG Engine               - class com.almasb.fxgl.app.services.SystemBundleService
12:35:54.485 [FXGL Background Thread 3 ] DEBUG Engine               - class com.almasb.fxgl.profile.SaveLoadService
12:35:54.485 [FXGL Background Thread 3 ] DEBUG Engine               - class com.almasb.fxgl.ui.FXGLUIFactoryServiceProvider
12:35:54.485 [FXGL Background Thread 3 ] DEBUG Engine               - class com.almasb.fxgl.ui.FXGLDialogFactoryServiceProvider
12:35:54.485 [FXGL Background Thread 3 ] DEBUG Engine               - class com.almasb.fxgl.audio.AudioPlayer
12:35:54.485 [FXGL Background Thread 3 ] DEBUG Engine               - class com.almasb.fxgl.notification.impl.NotificationServiceProvider
12:35:54.485 [FXGL Background Thread 3 ] DEBUG Engine               - class com.almasb.fxgl.achievement.AchievementService
12:35:54.486 [FXGL Background Thread 3 ] DEBUG Engine               - class com.almasb.fxgl.cutscene.CutsceneService
12:35:54.486 [FXGL Background Thread 3 ] DEBUG Engine               - class com.almasb.fxgl.minigames.MiniGameService
12:35:54.486 [FXGL Background Thread 3 ] DEBUG Engine               - class com.almasb.fxgl.net.NetService
12:35:54.486 [FXGL Background Thread 3 ] DEBUG Engine               - class com.almasb.fxgl.app.services.UpdaterService
12:35:54.486 [FXGL Background Thread 3 ] DEBUG Engine               - class com.almasb.fxgl.dev.DevService
12:36:21.221 [JavaFX Application Thread] DEBUG FXGLApplication      - Exiting FXGL
12:36:21.222 [JavaFX Application Thread] DEBUG LoopRunner           - Stopping loop
12:36:21.222 [JavaFX Application Thread] DEBUG SystemBundleService  - Saving FXGL system data
12:36:21.226 [JavaFX Application Thread] DEBUG FileSystemAccess     - Writing to: C:\Users\tnelson25.GVSD\OneDrive - Great Valley School District\10th Grade\APCSA\CompSciFinal\system\fxgl.bundle
12:36:21.230 [JavaFX Application Thread] DEBUG Async                - Shutting down background threads
12:36:21.230 [JavaFX Application Thread] DEBUG PrimaryStageWindow   - Closing main window
12:36:21.248 [JavaFX Application Thread] DEBUG Logger               - Closing Logger
