20:35:44.370 [main                     ] DEBUG Logger               - Configured Logger
20:35:44.381 [main                     ] DEBUG GameApplication      - Logging settings
Title: Untitled
Version: 0.0
Width: 800
Height: 800
Fullscreen: false
Intro: false
Profiling: false
Single step:false
App Mode: DEVELOPER
Menu Key: ESCAPE
Stage Style: DECORATED
Scene Factory: class com.almasb.fxgl.app.scene.SceneFactory

20:35:44.492 [JavaFX Application Thread] DEBUG FXGLApplication      - Initializing FXGL
20:35:44.495 [JavaFX Application Thread] INFO  Engine               - FXGL-17.3 (30.03.2023 11.54) on WINDOWS (J:20.0.1 FX:20)
20:35:44.495 [JavaFX Application Thread] DEBUG Engine               - JRE Vendor Name: Oracle Corporation
20:35:44.495 [JavaFX Application Thread] DEBUG Engine               - Running on OS: Windows 10 version 10.0
20:35:44.496 [JavaFX Application Thread] DEBUG Engine               - Architecture: amd64
20:35:44.496 [JavaFX Application Thread] INFO  Engine               - Source code and latest versions at: https://github.com/AlmasB/FXGL
20:35:44.496 [JavaFX Application Thread] INFO  Engine               -       Ask questions and discuss at: https://github.com/AlmasB/FXGL/discussions
20:35:44.496 [JavaFX Application Thread] INFO  Engine               -              Join the FXGL chat at: https://gitter.im/AlmasB/FXGL
20:35:44.540 [JavaFX Application Thread] DEBUG PrimaryStageWindow   - Creating a JavaFX scene
20:35:44.587 [JavaFX Application Thread] DEBUG PrimaryStageWindow   - Target settings size: 800.0 x 800.0
20:35:44.587 [JavaFX Application Thread] DEBUG PrimaryStageWindow   - Scaled scene size:    800.0 x 800.0
20:35:44.587 [JavaFX Application Thread] DEBUG PrimaryStageWindow   - Scaled ratio: (1.0, 1.0)
20:35:44.588 [JavaFX Application Thread] DEBUG PrimaryStageWindow   - Set initial scene to FXGLStartupScene
20:35:44.590 [JavaFX Application Thread] DEBUG PrimaryStageWindow   - Opening main window
20:35:44.657 [JavaFX Application Thread] DEBUG PrimaryStageWindow   - Window border size: (16.0, 39.0)
20:35:44.658 [JavaFX Application Thread] DEBUG PrimaryStageWindow   - Scaled size: 800.0 x 800.0
20:35:44.658 [JavaFX Application Thread] DEBUG PrimaryStageWindow   - Scaled ratio: (1.0, 1.0)
20:35:44.658 [JavaFX Application Thread] DEBUG PrimaryStageWindow   - Scene size: 800.0 x 800.0
20:35:44.658 [JavaFX Application Thread] DEBUG PrimaryStageWindow   - Stage size: 816.0 x 839.0
20:35:44.665 [FXGL Background Thread 1 ] DEBUG Engine               - Initializing environment variables
20:35:44.704 [FXGL Background Thread 1 ] DEBUG FXGLAssetLoaderServi - User app class for loading assets: class core.RTSMain
20:35:44.704 [FXGL Background Thread 1 ] DEBUG GameApplicationServi - Applying CSS: fxgl_dark.css
20:35:44.705 [FXGL Background Thread 1 ] DEBUG FXGLAssetLoaderServi - Loading from file system: jar:file:/C:/Users/tanel/Downloads/fxgl-17.3-uber.jar!/fxglassets/ui/css/fxgl_dark.css
20:35:44.736 [FXGL Background Thread 1 ] DEBUG GameApplicationServi - Initializing application scenes
20:35:44.761 [FXGL Background Thread 1 ] DEBUG GameWorld            - Game world initialized
20:35:44.800 [FXGL Background Thread 1 ] DEBUG PhysicsWorld         - Physics world initialized: appHeight=800, physics.ppm=50.0
20:35:44.800 [FXGL Background Thread 1 ] DEBUG PhysicsWorld         - Using strategy: BRUTE_FORCE
20:35:44.803 [FXGL Background Thread 1 ] DEBUG GameScene            - Game scene initialized: 800x800
20:35:44.812 [FXGL Background Thread 1 ] DEBUG FXGL.DefaultMenu     - createMenuBodyGameMenu()
20:35:44.824 [FXGL Background Thread 1 ] DEBUG FXGL.DefaultMenu     - createOptionsMenu()
20:35:44.831 [FXGL Background Thread 1 ] DEBUG FXGLAssetLoaderServi - Loading from file system: jar:file:/C:/Users/tanel/Downloads/fxgl-17.3-uber.jar!/fxglassets/textures/particles/smoke.png
20:35:44.891 [FXGL Background Thread 1 ] DEBUG FXGLAssetLoaderServi - Loading from file system: jar:file:/C:/Users/tanel/Downloads/fxgl-17.3-uber.jar!/fxglassets/textures/particles/trace_horizontal.png
20:35:44.909 [FXGL Background Thread 1 ] DEBUG GameApplicationServi - Application scenes initialized
20:35:44.918 [FXGL Background Thread 1 ] DEBUG SystemBundleService  - Loading FXGL system data
20:35:44.921 [FXGL Background Thread 1 ] DEBUG FileSystemAccess     - Reading from: C:\Users\tanel\OneDrive - Great Valley School District\10th Grade\APCSA\CompSciFinal\system\fxgl.bundle
20:35:44.927 [FXGL Background Thread 1 ] DEBUG SystemBundleService  - Bundle FXGL: {}
20:35:44.927 [FXGL Background Thread 1 ] DEBUG UpdaterService       - Checking for updates
20:35:44.930 [FXGL Background Thread 4 ] DEBUG FXGLApplication      - Loading fonts
20:35:44.930 [FXGL Background Thread 4 ] DEBUG FXGLAssetLoaderServi - Loading from file system: jar:file:/C:/Users/tanel/Downloads/fxgl-17.3-uber.jar!/fxglassets/ui/fonts/VarelaRound-Regular.ttf
20:35:44.930 [FXGL Background Thread 1 ] DEBUG FXGLApplication      - Loading default localization
20:35:44.931 [FXGL Background Thread 1 ] DEBUG FXGLAssetLoaderServi - Loading from file system: jar:file:/C:/Users/tanel/Downloads/fxgl-17.3-uber.jar!/fxglassets/languages/english.lang
20:35:44.945 [FXGL Background Thread 1 ] INFO  FXGLApplication      - FXGL initialization took: 0.280 sec
20:35:44.952 [JavaFX Application Thread] DEBUG Input                - Registered new binding: action0 - A
20:35:44.953 [JavaFX Application Thread] DEBUG Input                - Registered new binding: action1 - D
20:35:44.953 [JavaFX Application Thread] DEBUG Input                - Registered new binding: action2 - W
20:35:44.953 [JavaFX Application Thread] DEBUG Input                - Registered new binding: action3 - S
20:35:44.954 [JavaFX Application Thread] DEBUG Input                - Registered new binding: action4 - Tab
20:35:44.959 [JavaFX Application Thread] DEBUG Input                - Registered new binding: action5 - LMB
20:35:44.959 [JavaFX Application Thread] DEBUG Input                - Registered new binding: action6 - RMB
20:35:44.959 [JavaFX Application Thread] DEBUG Input                - Registered new binding: action7 - H
20:35:44.960 [JavaFX Application Thread] DEBUG FXGLAssetLoaderServi - Loading from file system: jar:file:/C:/Users/tanel/Downloads/fxgl-17.3-uber.jar!/fxglassets/textures/fxgl_icon.png
20:35:44.973 [JavaFX Application Thread] DEBUG FXGLAssetLoaderServi - Loading from file system: jar:file:/C:/Users/tanel/Downloads/fxgl-17.3-uber.jar!/fxglassets/textures/fxgl_default_cursor.png
20:35:44.975 [JavaFX Application Thread] DEBUG Input                - Registered new binding: Screenshot - CTRL+8
20:35:44.976 [JavaFX Application Thread] DEBUG Input                - Registered new binding: System info dump - CTRL+9
20:35:44.976 [JavaFX Application Thread] DEBUG Input                - Registered new binding: Restart - CTRL+R
20:35:44.976 [JavaFX Application Thread] DEBUG Input                - Registered new binding: Toggle Debug Camera - CTRL+7
20:35:44.978 [JavaFX Application Thread] DEBUG LoopRunner           - Starting loop
20:35:44.978 [JavaFX Application Thread] DEBUG LoopRunner           - Initializing JavaFX AnimationTimerLoop
20:35:44.979 [FXGL Background Thread 4 ] DEBUG FXGLAssetLoaderServi - Loading from file system: jar:file:/C:/Users/tanel/Downloads/fxgl-17.3-uber.jar!/fxglassets/ui/fonts/Abel-Regular.ttf
20:35:44.979 [JavaFX Application Thread] DEBUG GameApplicationServi - Starting new game
20:35:44.980 [JavaFX Application Thread] DEBUG Input                - Clearing active input actions
20:35:44.981 [FXGL Background Thread 4 ] DEBUG FXGLAssetLoaderServi - Loading from file system: jar:file:/C:/Users/tanel/Downloads/fxgl-17.3-uber.jar!/fxglassets/ui/fonts/TerminalLandMono-Regular.otf
20:35:44.984 [FXGL Background Thread 4 ] DEBUG FXGLAssetLoaderServi - Loading from file system: jar:file:/C:/Users/tanel/Downloads/fxgl-17.3-uber.jar!/fxglassets/ui/fonts/Courier-Prime.ttf
20:35:44.991 [JavaFX Application Thread] DEBUG GameApplicationServi - Removing overlay from FXGLStartupScene and adding to FXGLLoadingScene
20:35:44.991 [JavaFX Application Thread] DEBUG PrimaryStageWindow   - FXGLStartupScene -> FXGLLoadingScene
20:35:44.991 [JavaFX Application Thread] DEBUG GameApplicationServi - Clearing previous game
20:35:44.991 [JavaFX Application Thread] DEBUG GameScene            - Clearing game scene
20:35:44.991 [JavaFX Application Thread] DEBUG GameWorld            - Clearing game world
20:35:44.991 [JavaFX Application Thread] DEBUG PhysicsWorld         - Clearing physics world
20:35:44.993 [FXGL Background Thread 4 ] DEBUG FXGLApplication      - Initializing game
20:35:45.032 [JavaFX Application Thread] DEBUG FXGLApplication      - Registering font factories with UI factory
20:35:45.381 [FXGL Background Thread 4 ] INFO  FXGLApplication      - Game initialization took: 0.388 sec
20:35:45.383 [JavaFX Application Thread] DEBUG Input                - Clearing active input actions
20:35:45.403 [JavaFX Application Thread] DEBUG GameApplicationServi - Removing overlay from FXGLLoadingScene and adding to GameScene
20:35:45.403 [JavaFX Application Thread] DEBUG PrimaryStageWindow   - FXGLLoadingScene -> GameScene
20:35:47.930 [FXGL Background Thread 3 ] DEBUG Engine               - Logging environment variables
20:35:47.930 [FXGL Background Thread 3 ] DEBUG Engine               - achievements: []
20:35:47.930 [FXGL Background Thread 3 ] DEBUG Engine               - actualHeight: 800.0
20:35:47.930 [FXGL Background Thread 3 ] DEBUG Engine               - actualHeightProperty: ReadOnlyDoubleProperty [value: 800.0]
20:35:47.930 [FXGL Background Thread 3 ] DEBUG Engine               - actualWidth: 800.0
20:35:47.930 [FXGL Background Thread 3 ] DEBUG Engine               - actualWidthProperty: ReadOnlyDoubleProperty [value: 800.0]
20:35:47.930 [FXGL Background Thread 3 ] DEBUG Engine               - appIcon: fxgl_icon.png
20:35:47.930 [FXGL Background Thread 3 ] DEBUG Engine               - applicationMode: DEVELOPER
20:35:47.930 [FXGL Background Thread 3 ] DEBUG Engine               - cSSList: [fxgl_dark.css]
20:35:47.930 [FXGL Background Thread 3 ] DEBUG Engine               - collisionDetectionStrategy: BRUTE_FORCE
20:35:47.930 [FXGL Background Thread 3 ] DEBUG Engine               - configClass: Optional.empty
20:35:47.931 [FXGL Background Thread 3 ] DEBUG Engine               - credits: []
20:35:47.931 [FXGL Background Thread 3 ] DEBUG Engine               - defaultCursor: CursorInfo(imageName=fxgl_default_cursor.png, hotspotX=7.0, hotspotY=6.0)
20:35:47.931 [FXGL Background Thread 3 ] DEBUG Engine               - devBBoxColorProperty: ObjectProperty [value: 0xff0000ff]
20:35:47.931 [FXGL Background Thread 3 ] DEBUG Engine               - devEnableDebugCameraProperty: BooleanProperty [value: false]
20:35:47.931 [FXGL Background Thread 3 ] DEBUG Engine               - devSensorColorProperty: ObjectProperty [value: 0xffff00ff]
20:35:47.931 [FXGL Background Thread 3 ] DEBUG Engine               - devShowBBoxProperty: BooleanProperty [value: false]
20:35:47.931 [FXGL Background Thread 3 ] DEBUG Engine               - devShowPositionProperty: BooleanProperty [value: false]
20:35:47.931 [FXGL Background Thread 3 ] DEBUG Engine               - enabledMenuItems: []
20:35:47.931 [FXGL Background Thread 3 ] DEBUG Engine               - engineServices: [class com.almasb.fxgl.app.services.FXGLAssetLoaderService, class com.almasb.fxgl.app.FXGLApplication$GameApplicationService, class com.almasb.fxgl.app.services.FXGLDialogService, class com.almasb.fxgl.app.services.IOTaskExecutorService, class com.almasb.fxgl.io.FileSystemService, class com.almasb.fxgl.localization.LocalizationService, class com.almasb.fxgl.app.services.SystemBundleService, class com.almasb.fxgl.profile.SaveLoadService, class com.almasb.fxgl.ui.FXGLUIFactoryServiceProvider, class com.almasb.fxgl.ui.FXGLDialogFactoryServiceProvider, class com.almasb.fxgl.audio.AudioPlayer, class com.almasb.fxgl.notification.impl.NotificationServiceProvider, class com.almasb.fxgl.achievement.AchievementService, class com.almasb.fxgl.cutscene.CutsceneService, class com.almasb.fxgl.minigames.MiniGameService, class com.almasb.fxgl.net.NetService, class com.almasb.fxgl.app.services.UpdaterService, class com.almasb.fxgl.dev.DevService]
20:35:47.931 [FXGL Background Thread 3 ] DEBUG Engine               - fontGame: Abel-Regular.ttf
20:35:47.931 [FXGL Background Thread 3 ] DEBUG Engine               - fontMono: TerminalLandMono-Regular.otf
20:35:47.931 [FXGL Background Thread 3 ] DEBUG Engine               - fontSizeScaleUI: 1.0
20:35:47.931 [FXGL Background Thread 3 ] DEBUG Engine               - fontText: Courier-Prime.ttf
20:35:47.931 [FXGL Background Thread 3 ] DEBUG Engine               - fontUI: VarelaRound-Regular.ttf
20:35:47.932 [FXGL Background Thread 3 ] DEBUG Engine               - fullScreen: BooleanProperty [value: false]
20:35:47.932 [FXGL Background Thread 3 ] DEBUG Engine               - gameDifficulty: MEDIUM
20:35:47.932 [FXGL Background Thread 3 ] DEBUG Engine               - gameDifficultyProperty: ObjectProperty [value: MEDIUM]
20:35:47.932 [FXGL Background Thread 3 ] DEBUG Engine               - globalMusicVolume: 0.5
20:35:47.932 [FXGL Background Thread 3 ] DEBUG Engine               - globalMusicVolumeProperty: DoubleProperty [value: 0.5]
20:35:47.932 [FXGL Background Thread 3 ] DEBUG Engine               - globalSoundVolume: 0.5
20:35:47.932 [FXGL Background Thread 3 ] DEBUG Engine               - globalSoundVolumeProperty: DoubleProperty [value: 0.5]
20:35:47.932 [FXGL Background Thread 3 ] DEBUG Engine               - height: 800
20:35:47.932 [FXGL Background Thread 3 ] DEBUG Engine               - is3D: false
20:35:47.932 [FXGL Background Thread 3 ] DEBUG Engine               - isAndroid: false
20:35:47.932 [FXGL Background Thread 3 ] DEBUG Engine               - isBrowser: false
20:35:47.932 [FXGL Background Thread 3 ] DEBUG Engine               - isClickFeedbackEnabled: false
20:35:47.932 [FXGL Background Thread 3 ] DEBUG Engine               - isCloseConfirmation: false
20:35:47.932 [FXGL Background Thread 3 ] DEBUG Engine               - isDesktop: true
20:35:47.932 [FXGL Background Thread 3 ] DEBUG Engine               - isDeveloperMenuEnabled: false
20:35:47.932 [FXGL Background Thread 3 ] DEBUG Engine               - isEmbedded: false
20:35:47.932 [FXGL Background Thread 3 ] DEBUG Engine               - isEntityPreloadEnabled: true
20:35:47.932 [FXGL Background Thread 3 ] DEBUG Engine               - isExperimentalTiledLargeMap: false
20:35:47.932 [FXGL Background Thread 3 ] DEBUG Engine               - isFileSystemWriteAllowed: true
20:35:47.932 [FXGL Background Thread 3 ] DEBUG Engine               - isFullScreenAllowed: false
20:35:47.932 [FXGL Background Thread 3 ] DEBUG Engine               - isFullScreenFromStart: false
20:35:47.932 [FXGL Background Thread 3 ] DEBUG Engine               - isGameMenuEnabled: true
20:35:47.932 [FXGL Background Thread 3 ] DEBUG Engine               - isIOS: false
20:35:47.932 [FXGL Background Thread 3 ] DEBUG Engine               - isIntroEnabled: false
20:35:47.932 [FXGL Background Thread 3 ] DEBUG Engine               - isLinux: false
20:35:47.932 [FXGL Background Thread 3 ] DEBUG Engine               - isMac: false
20:35:47.933 [FXGL Background Thread 3 ] DEBUG Engine               - isMainMenuEnabled: false
20:35:47.933 [FXGL Background Thread 3 ] DEBUG Engine               - isManualResizeEnabled: false
20:35:47.933 [FXGL Background Thread 3 ] DEBUG Engine               - isMobile: false
20:35:47.933 [FXGL Background Thread 3 ] DEBUG Engine               - isNative: false
20:35:47.933 [FXGL Background Thread 3 ] DEBUG Engine               - isPauseMusicWhenMinimized: true
20:35:47.933 [FXGL Background Thread 3 ] DEBUG Engine               - isPreserveResizeRatio: false
20:35:47.933 [FXGL Background Thread 3 ] DEBUG Engine               - isProfilingEnabled: false
20:35:47.933 [FXGL Background Thread 3 ] DEBUG Engine               - isScaleAffectedOnResize: true
20:35:47.933 [FXGL Background Thread 3 ] DEBUG Engine               - isSingleStep: false
20:35:47.933 [FXGL Background Thread 3 ] DEBUG Engine               - isUserProfileEnabled: false
20:35:47.933 [FXGL Background Thread 3 ] DEBUG Engine               - isWindows: true
20:35:47.933 [FXGL Background Thread 3 ] DEBUG Engine               - language: ObjectProperty [value: ENGLISH]
20:35:47.933 [FXGL Background Thread 3 ] DEBUG Engine               - menuKey: ESCAPE
20:35:47.933 [FXGL Background Thread 3 ] DEBUG Engine               - mouseSensitivity: 0.2
20:35:47.933 [FXGL Background Thread 3 ] DEBUG Engine               - notificationViewClass: class com.almasb.fxgl.notification.view.XboxNotificationView
20:35:47.933 [FXGL Background Thread 3 ] DEBUG Engine               - pixelsPerMeter: 50.0
20:35:47.933 [FXGL Background Thread 3 ] DEBUG Engine               - platform: WINDOWS
20:35:47.933 [FXGL Background Thread 3 ] DEBUG Engine               - prefHeightProperty: ReadOnlyDoubleProperty [value: 800.0]
20:35:47.933 [FXGL Background Thread 3 ] DEBUG Engine               - prefWidthProperty: ReadOnlyDoubleProperty [value: 800.0]
20:35:47.933 [FXGL Background Thread 3 ] DEBUG Engine               - profileDir: profiles/
20:35:47.933 [FXGL Background Thread 3 ] DEBUG Engine               - profileName: StringProperty [value: DEFAULT]
20:35:47.933 [FXGL Background Thread 3 ] DEBUG Engine               - randomSeed: -1
20:35:47.933 [FXGL Background Thread 3 ] DEBUG Engine               - runtimeInfo: RuntimeInfo(platform=WINDOWS, version=17.3, build=30.03.2023 11.54)
20:35:47.933 [FXGL Background Thread 3 ] DEBUG Engine               - saveFileExt: sav
20:35:47.933 [FXGL Background Thread 3 ] DEBUG Engine               - scaledHeightProp$fxgl: DoubleProperty [bound, value: 800.0]
20:35:47.933 [FXGL Background Thread 3 ] DEBUG Engine               - scaledWidthProp$fxgl: DoubleProperty [bound, value: 800.0]
20:35:47.933 [FXGL Background Thread 3 ] DEBUG Engine               - sceneFactory: com.almasb.fxgl.app.scene.SceneFactory@64653a82
20:35:47.934 [FXGL Background Thread 3 ] DEBUG Engine               - secondsIn24h: 60
20:35:47.934 [FXGL Background Thread 3 ] DEBUG Engine               - soundMenuBack: menu/back.wav
20:35:47.934 [FXGL Background Thread 3 ] DEBUG Engine               - soundMenuPress: menu/press.wav
20:35:47.934 [FXGL Background Thread 3 ] DEBUG Engine               - soundMenuSelect: menu/select.wav
20:35:47.934 [FXGL Background Thread 3 ] DEBUG Engine               - soundNotification: core/notification.wav
20:35:47.934 [FXGL Background Thread 3 ] DEBUG Engine               - stageStyle: DECORATED
20:35:47.934 [FXGL Background Thread 3 ] DEBUG Engine               - supportedLanguages: [ENGLISH, FRENCH, GERMAN, HUNGARIAN, RUSSIAN]
20:35:47.934 [FXGL Background Thread 3 ] DEBUG Engine               - ticksPerSecond: -1
20:35:47.934 [FXGL Background Thread 3 ] DEBUG Engine               - title: Untitled
20:35:47.934 [FXGL Background Thread 3 ] DEBUG Engine               - urlGithub: https://github.com/AlmasB/FXGL
20:35:47.934 [FXGL Background Thread 3 ] DEBUG Engine               - urlLeaderboard: http://fxgl-top.herokuapp.com/
20:35:47.934 [FXGL Background Thread 3 ] DEBUG Engine               - urlPOM: https://raw.githubusercontent.com/AlmasB/FXGL/release/README.md
20:35:47.934 [FXGL Background Thread 3 ] DEBUG Engine               - userAppClass: class core.RTSMain
20:35:47.934 [FXGL Background Thread 3 ] DEBUG Engine               - version: 0.0
20:35:47.934 [FXGL Background Thread 3 ] DEBUG Engine               - versionCheckDays: 7
20:35:47.934 [FXGL Background Thread 3 ] DEBUG Engine               - width: 800
20:35:47.934 [FXGL Background Thread 3 ] DEBUG Engine               - Logging services
20:35:47.934 [FXGL Background Thread 3 ] DEBUG Engine               - class com.almasb.fxgl.app.services.FXGLAssetLoaderService
20:35:47.934 [FXGL Background Thread 3 ] DEBUG Engine               - class com.almasb.fxgl.app.FXGLApplication$GameApplicationService
20:35:47.934 [FXGL Background Thread 3 ] DEBUG Engine               - class com.almasb.fxgl.app.services.FXGLDialogService
20:35:47.934 [FXGL Background Thread 3 ] DEBUG Engine               - class com.almasb.fxgl.app.services.IOTaskExecutorService
20:35:47.934 [FXGL Background Thread 3 ] DEBUG Engine               - class com.almasb.fxgl.io.FileSystemService
20:35:47.934 [FXGL Background Thread 3 ] DEBUG Engine               - class com.almasb.fxgl.localization.LocalizationService
20:35:47.934 [FXGL Background Thread 3 ] DEBUG Engine               - class com.almasb.fxgl.app.services.SystemBundleService
20:35:47.934 [FXGL Background Thread 3 ] DEBUG Engine               - class com.almasb.fxgl.profile.SaveLoadService
20:35:47.934 [FXGL Background Thread 3 ] DEBUG Engine               - class com.almasb.fxgl.ui.FXGLUIFactoryServiceProvider
20:35:47.934 [FXGL Background Thread 3 ] DEBUG Engine               - class com.almasb.fxgl.ui.FXGLDialogFactoryServiceProvider
20:35:47.934 [FXGL Background Thread 3 ] DEBUG Engine               - class com.almasb.fxgl.audio.AudioPlayer
20:35:47.934 [FXGL Background Thread 3 ] DEBUG Engine               - class com.almasb.fxgl.notification.impl.NotificationServiceProvider
20:35:47.934 [FXGL Background Thread 3 ] DEBUG Engine               - class com.almasb.fxgl.achievement.AchievementService
20:35:47.934 [FXGL Background Thread 3 ] DEBUG Engine               - class com.almasb.fxgl.cutscene.CutsceneService
20:35:47.934 [FXGL Background Thread 3 ] DEBUG Engine               - class com.almasb.fxgl.minigames.MiniGameService
20:35:47.934 [FXGL Background Thread 3 ] DEBUG Engine               - class com.almasb.fxgl.net.NetService
20:35:47.934 [FXGL Background Thread 3 ] DEBUG Engine               - class com.almasb.fxgl.app.services.UpdaterService
20:35:47.934 [FXGL Background Thread 3 ] DEBUG Engine               - class com.almasb.fxgl.dev.DevService
20:35:57.493 [JavaFX Application Thread] DEBUG FXGLApplication      - Exiting FXGL
20:35:57.494 [JavaFX Application Thread] DEBUG LoopRunner           - Stopping loop
20:35:57.494 [JavaFX Application Thread] DEBUG SystemBundleService  - Saving FXGL system data
20:35:57.495 [JavaFX Application Thread] DEBUG FileSystemAccess     - Writing to: C:\Users\tanel\OneDrive - Great Valley School District\10th Grade\APCSA\CompSciFinal\system\fxgl.bundle
20:35:57.496 [JavaFX Application Thread] DEBUG Async                - Shutting down background threads
20:35:57.496 [JavaFX Application Thread] DEBUG PrimaryStageWindow   - Closing main window
20:35:57.504 [JavaFX Application Thread] DEBUG Logger               - Closing Logger
