18:48:57.373 [main                     ] DEBUG Logger               - Configured Logger
18:48:57.384 [main                     ] DEBUG GameApplication      - Logging settings
Title: Untitled
Version: 0.0
Width: 800
Height: 800
Fullscreen: false
Intro: false
Profiling: false
Single step:false
App Mode: DEVELOPER
Menu Key: ESCAPE
Stage Style: DECORATED
Scene Factory: class com.almasb.fxgl.app.scene.SceneFactory

18:48:57.531 [JavaFX Application Thread] DEBUG FXGLApplication      - Initializing FXGL
18:48:57.533 [JavaFX Application Thread] INFO  Engine               - FXGL-17.3 (30.03.2023 11.54) on WINDOWS (J:20.0.1 FX:20)
18:48:57.534 [JavaFX Application Thread] DEBUG Engine               - JRE Vendor Name: Oracle Corporation
18:48:57.534 [JavaFX Application Thread] DEBUG Engine               - Running on OS: Windows 10 version 10.0
18:48:57.534 [JavaFX Application Thread] DEBUG Engine               - Architecture: amd64
18:48:57.534 [JavaFX Application Thread] INFO  Engine               - Source code and latest versions at: https://github.com/AlmasB/FXGL
18:48:57.534 [JavaFX Application Thread] INFO  Engine               -       Ask questions and discuss at: https://github.com/AlmasB/FXGL/discussions
18:48:57.534 [JavaFX Application Thread] INFO  Engine               -              Join the FXGL chat at: https://gitter.im/AlmasB/FXGL
18:48:57.581 [JavaFX Application Thread] DEBUG PrimaryStageWindow   - Creating a JavaFX scene
18:48:57.630 [JavaFX Application Thread] DEBUG PrimaryStageWindow   - Target settings size: 800.0 x 800.0
18:48:57.630 [JavaFX Application Thread] DEBUG PrimaryStageWindow   - Scaled scene size:    800.0 x 800.0
18:48:57.631 [JavaFX Application Thread] DEBUG PrimaryStageWindow   - Scaled ratio: (1.0, 1.0)
18:48:57.631 [JavaFX Application Thread] DEBUG PrimaryStageWindow   - Set initial scene to FXGLStartupScene
18:48:57.634 [JavaFX Application Thread] DEBUG PrimaryStageWindow   - Opening main window
18:48:57.697 [JavaFX Application Thread] DEBUG PrimaryStageWindow   - Window border size: (16.0, 39.0)
18:48:57.697 [JavaFX Application Thread] DEBUG PrimaryStageWindow   - Scaled size: 800.0 x 800.0
18:48:57.698 [JavaFX Application Thread] DEBUG PrimaryStageWindow   - Scaled ratio: (1.0, 1.0)
18:48:57.698 [JavaFX Application Thread] DEBUG PrimaryStageWindow   - Scene size: 800.0 x 800.0
18:48:57.698 [JavaFX Application Thread] DEBUG PrimaryStageWindow   - Stage size: 816.0 x 839.0
18:48:57.703 [FXGL Background Thread 1 ] DEBUG Engine               - Initializing environment variables
18:48:57.738 [FXGL Background Thread 1 ] DEBUG FXGLAssetLoaderServi - User app class for loading assets: class core.RTSMain
18:48:57.738 [FXGL Background Thread 1 ] DEBUG GameApplicationServi - Applying CSS: fxgl_dark.css
18:48:57.738 [FXGL Background Thread 1 ] DEBUG FXGLAssetLoaderServi - Loading from file system: jar:file:/C:/Users/tanel/Downloads/fxgl-17.3-uber.jar!/fxglassets/ui/css/fxgl_dark.css
18:48:57.766 [FXGL Background Thread 1 ] DEBUG GameApplicationServi - Initializing application scenes
18:48:57.792 [FXGL Background Thread 1 ] DEBUG GameWorld            - Game world initialized
18:48:57.832 [FXGL Background Thread 1 ] DEBUG PhysicsWorld         - Physics world initialized: appHeight=800, physics.ppm=50.0
18:48:57.832 [FXGL Background Thread 1 ] DEBUG PhysicsWorld         - Using strategy: BRUTE_FORCE
18:48:57.835 [FXGL Background Thread 1 ] DEBUG GameScene            - Game scene initialized: 800x800
18:48:57.845 [FXGL Background Thread 1 ] DEBUG FXGL.DefaultMenu     - createMenuBodyGameMenu()
18:48:57.856 [FXGL Background Thread 1 ] DEBUG FXGL.DefaultMenu     - createOptionsMenu()
18:48:57.864 [FXGL Background Thread 1 ] DEBUG FXGLAssetLoaderServi - Loading from file system: jar:file:/C:/Users/tanel/Downloads/fxgl-17.3-uber.jar!/fxglassets/textures/particles/smoke.png
18:48:57.925 [FXGL Background Thread 1 ] DEBUG FXGLAssetLoaderServi - Loading from file system: jar:file:/C:/Users/tanel/Downloads/fxgl-17.3-uber.jar!/fxglassets/textures/particles/trace_horizontal.png
18:48:57.945 [FXGL Background Thread 1 ] DEBUG GameApplicationServi - Application scenes initialized
18:48:57.954 [FXGL Background Thread 1 ] DEBUG SystemBundleService  - Loading FXGL system data
18:48:57.957 [FXGL Background Thread 1 ] DEBUG FileSystemAccess     - Reading from: C:\Users\tanel\OneDrive - Great Valley School District\10th Grade\APCSA\CompSciFinal\system\fxgl.bundle
18:48:57.963 [FXGL Background Thread 1 ] DEBUG SystemBundleService  - Bundle FXGL: {}
18:48:57.963 [FXGL Background Thread 1 ] DEBUG UpdaterService       - Checking for updates
18:48:57.966 [FXGL Background Thread 4 ] DEBUG FXGLApplication      - Loading fonts
18:48:57.966 [FXGL Background Thread 4 ] DEBUG FXGLAssetLoaderServi - Loading from file system: jar:file:/C:/Users/tanel/Downloads/fxgl-17.3-uber.jar!/fxglassets/ui/fonts/VarelaRound-Regular.ttf
18:48:57.966 [FXGL Background Thread 1 ] DEBUG FXGLApplication      - Loading default localization
18:48:57.967 [FXGL Background Thread 1 ] DEBUG FXGLAssetLoaderServi - Loading from file system: jar:file:/C:/Users/tanel/Downloads/fxgl-17.3-uber.jar!/fxglassets/languages/english.lang
18:48:57.981 [FXGL Background Thread 1 ] INFO  FXGLApplication      - FXGL initialization took: 0.277 sec
18:48:57.994 [JavaFX Application Thread] DEBUG Input                - Registered new binding: action0 - A
18:48:57.995 [JavaFX Application Thread] DEBUG Input                - Registered new binding: action1 - D
18:48:57.995 [JavaFX Application Thread] DEBUG Input                - Registered new binding: action2 - W
18:48:57.995 [JavaFX Application Thread] DEBUG Input                - Registered new binding: action3 - S
18:48:57.995 [JavaFX Application Thread] DEBUG Input                - Registered new binding: action4 - Tab
18:48:57.996 [JavaFX Application Thread] DEBUG Input                - Registered new binding: action5 - LMB
18:48:57.997 [JavaFX Application Thread] DEBUG Input                - Registered new binding: action6 - RMB
18:48:57.997 [JavaFX Application Thread] DEBUG Input                - Registered new binding: action7 - H
18:48:57.997 [JavaFX Application Thread] DEBUG FXGLAssetLoaderServi - Loading from file system: jar:file:/C:/Users/tanel/Downloads/fxgl-17.3-uber.jar!/fxglassets/textures/fxgl_icon.png
18:48:58.010 [JavaFX Application Thread] DEBUG FXGLAssetLoaderServi - Loading from file system: jar:file:/C:/Users/tanel/Downloads/fxgl-17.3-uber.jar!/fxglassets/textures/fxgl_default_cursor.png
18:48:58.012 [JavaFX Application Thread] DEBUG Input                - Registered new binding: Screenshot - CTRL+8
18:48:58.012 [JavaFX Application Thread] DEBUG Input                - Registered new binding: System info dump - CTRL+9
18:48:58.013 [JavaFX Application Thread] DEBUG Input                - Registered new binding: Restart - CTRL+R
18:48:58.014 [JavaFX Application Thread] DEBUG Input                - Registered new binding: Toggle Debug Camera - CTRL+7
18:48:58.016 [JavaFX Application Thread] DEBUG LoopRunner           - Starting loop
18:48:58.016 [JavaFX Application Thread] DEBUG LoopRunner           - Initializing JavaFX AnimationTimerLoop
18:48:58.017 [JavaFX Application Thread] DEBUG GameApplicationServi - Starting new game
18:48:58.017 [JavaFX Application Thread] DEBUG Input                - Clearing active input actions
18:48:58.021 [FXGL Background Thread 4 ] DEBUG FXGLAssetLoaderServi - Loading from file system: jar:file:/C:/Users/tanel/Downloads/fxgl-17.3-uber.jar!/fxglassets/ui/fonts/Abel-Regular.ttf
18:48:58.024 [FXGL Background Thread 4 ] DEBUG FXGLAssetLoaderServi - Loading from file system: jar:file:/C:/Users/tanel/Downloads/fxgl-17.3-uber.jar!/fxglassets/ui/fonts/TerminalLandMono-Regular.otf
18:48:58.027 [JavaFX Application Thread] DEBUG GameApplicationServi - Removing overlay from FXGLStartupScene and adding to FXGLLoadingScene
18:48:58.027 [FXGL Background Thread 4 ] DEBUG FXGLAssetLoaderServi - Loading from file system: jar:file:/C:/Users/tanel/Downloads/fxgl-17.3-uber.jar!/fxglassets/ui/fonts/Courier-Prime.ttf
18:48:58.028 [JavaFX Application Thread] DEBUG PrimaryStageWindow   - FXGLStartupScene -> FXGLLoadingScene
18:48:58.028 [JavaFX Application Thread] DEBUG GameApplicationServi - Clearing previous game
18:48:58.028 [JavaFX Application Thread] DEBUG GameScene            - Clearing game scene
18:48:58.028 [JavaFX Application Thread] DEBUG GameWorld            - Clearing game world
18:48:58.028 [JavaFX Application Thread] DEBUG PhysicsWorld         - Clearing physics world
18:48:58.029 [FXGL Background Thread 1 ] DEBUG FXGLApplication      - Initializing game
18:48:58.065 [JavaFX Application Thread] DEBUG FXGLApplication      - Registering font factories with UI factory
18:48:58.450 [FXGL Background Thread 1 ] INFO  FXGLApplication      - Game initialization took: 0.422 sec
18:48:58.453 [JavaFX Application Thread] DEBUG Input                - Clearing active input actions
18:48:58.476 [JavaFX Application Thread] DEBUG GameApplicationServi - Removing overlay from FXGLLoadingScene and adding to GameScene
18:48:58.477 [JavaFX Application Thread] DEBUG PrimaryStageWindow   - FXGLLoadingScene -> GameScene
18:49:00.966 [FXGL Background Thread 3 ] DEBUG Engine               - Logging environment variables
18:49:00.966 [FXGL Background Thread 3 ] DEBUG Engine               - achievements: []
18:49:00.966 [FXGL Background Thread 3 ] DEBUG Engine               - actualHeight: 800.0
18:49:00.966 [FXGL Background Thread 3 ] DEBUG Engine               - actualHeightProperty: ReadOnlyDoubleProperty [value: 800.0]
18:49:00.966 [FXGL Background Thread 3 ] DEBUG Engine               - actualWidth: 800.0
18:49:00.966 [FXGL Background Thread 3 ] DEBUG Engine               - actualWidthProperty: ReadOnlyDoubleProperty [value: 800.0]
18:49:00.966 [FXGL Background Thread 3 ] DEBUG Engine               - appIcon: fxgl_icon.png
18:49:00.966 [FXGL Background Thread 3 ] DEBUG Engine               - applicationMode: DEVELOPER
18:49:00.966 [FXGL Background Thread 3 ] DEBUG Engine               - cSSList: [fxgl_dark.css]
18:49:00.966 [FXGL Background Thread 3 ] DEBUG Engine               - collisionDetectionStrategy: BRUTE_FORCE
18:49:00.966 [FXGL Background Thread 3 ] DEBUG Engine               - configClass: Optional.empty
18:49:00.967 [FXGL Background Thread 3 ] DEBUG Engine               - credits: []
18:49:00.967 [FXGL Background Thread 3 ] DEBUG Engine               - defaultCursor: CursorInfo(imageName=fxgl_default_cursor.png, hotspotX=7.0, hotspotY=6.0)
18:49:00.967 [FXGL Background Thread 3 ] DEBUG Engine               - devBBoxColorProperty: ObjectProperty [value: 0xff0000ff]
18:49:00.967 [FXGL Background Thread 3 ] DEBUG Engine               - devEnableDebugCameraProperty: BooleanProperty [value: false]
18:49:00.967 [FXGL Background Thread 3 ] DEBUG Engine               - devSensorColorProperty: ObjectProperty [value: 0xffff00ff]
18:49:00.967 [FXGL Background Thread 3 ] DEBUG Engine               - devShowBBoxProperty: BooleanProperty [value: false]
18:49:00.967 [FXGL Background Thread 3 ] DEBUG Engine               - devShowPositionProperty: BooleanProperty [value: false]
18:49:00.967 [FXGL Background Thread 3 ] DEBUG Engine               - enabledMenuItems: []
18:49:00.967 [FXGL Background Thread 3 ] DEBUG Engine               - engineServices: [class com.almasb.fxgl.app.services.FXGLAssetLoaderService, class com.almasb.fxgl.app.FXGLApplication$GameApplicationService, class com.almasb.fxgl.app.services.FXGLDialogService, class com.almasb.fxgl.app.services.IOTaskExecutorService, class com.almasb.fxgl.io.FileSystemService, class com.almasb.fxgl.localization.LocalizationService, class com.almasb.fxgl.app.services.SystemBundleService, class com.almasb.fxgl.profile.SaveLoadService, class com.almasb.fxgl.ui.FXGLUIFactoryServiceProvider, class com.almasb.fxgl.ui.FXGLDialogFactoryServiceProvider, class com.almasb.fxgl.audio.AudioPlayer, class com.almasb.fxgl.notification.impl.NotificationServiceProvider, class com.almasb.fxgl.achievement.AchievementService, class com.almasb.fxgl.cutscene.CutsceneService, class com.almasb.fxgl.minigames.MiniGameService, class com.almasb.fxgl.net.NetService, class com.almasb.fxgl.app.services.UpdaterService, class com.almasb.fxgl.dev.DevService]
18:49:00.967 [FXGL Background Thread 3 ] DEBUG Engine               - fontGame: Abel-Regular.ttf
18:49:00.967 [FXGL Background Thread 3 ] DEBUG Engine               - fontMono: TerminalLandMono-Regular.otf
18:49:00.967 [FXGL Background Thread 3 ] DEBUG Engine               - fontSizeScaleUI: 1.0
18:49:00.967 [FXGL Background Thread 3 ] DEBUG Engine               - fontText: Courier-Prime.ttf
18:49:00.967 [FXGL Background Thread 3 ] DEBUG Engine               - fontUI: VarelaRound-Regular.ttf
18:49:00.967 [FXGL Background Thread 3 ] DEBUG Engine               - fullScreen: BooleanProperty [value: false]
18:49:00.967 [FXGL Background Thread 3 ] DEBUG Engine               - gameDifficulty: MEDIUM
18:49:00.967 [FXGL Background Thread 3 ] DEBUG Engine               - gameDifficultyProperty: ObjectProperty [value: MEDIUM]
18:49:00.967 [FXGL Background Thread 3 ] DEBUG Engine               - globalMusicVolume: 0.5
18:49:00.967 [FXGL Background Thread 3 ] DEBUG Engine               - globalMusicVolumeProperty: DoubleProperty [value: 0.5]
18:49:00.967 [FXGL Background Thread 3 ] DEBUG Engine               - globalSoundVolume: 0.5
18:49:00.968 [FXGL Background Thread 3 ] DEBUG Engine               - globalSoundVolumeProperty: DoubleProperty [value: 0.5]
18:49:00.968 [FXGL Background Thread 3 ] DEBUG Engine               - height: 800
18:49:00.968 [FXGL Background Thread 3 ] DEBUG Engine               - is3D: false
18:49:00.968 [FXGL Background Thread 3 ] DEBUG Engine               - isAndroid: false
18:49:00.968 [FXGL Background Thread 3 ] DEBUG Engine               - isBrowser: false
18:49:00.968 [FXGL Background Thread 3 ] DEBUG Engine               - isClickFeedbackEnabled: false
18:49:00.968 [FXGL Background Thread 3 ] DEBUG Engine               - isCloseConfirmation: false
18:49:00.968 [FXGL Background Thread 3 ] DEBUG Engine               - isDesktop: true
18:49:00.968 [FXGL Background Thread 3 ] DEBUG Engine               - isDeveloperMenuEnabled: false
18:49:00.968 [FXGL Background Thread 3 ] DEBUG Engine               - isEmbedded: false
18:49:00.968 [FXGL Background Thread 3 ] DEBUG Engine               - isEntityPreloadEnabled: true
18:49:00.968 [FXGL Background Thread 3 ] DEBUG Engine               - isExperimentalTiledLargeMap: false
18:49:00.968 [FXGL Background Thread 3 ] DEBUG Engine               - isFileSystemWriteAllowed: true
18:49:00.968 [FXGL Background Thread 3 ] DEBUG Engine               - isFullScreenAllowed: false
18:49:00.968 [FXGL Background Thread 3 ] DEBUG Engine               - isFullScreenFromStart: false
18:49:00.968 [FXGL Background Thread 3 ] DEBUG Engine               - isGameMenuEnabled: true
18:49:00.968 [FXGL Background Thread 3 ] DEBUG Engine               - isIOS: false
18:49:00.968 [FXGL Background Thread 3 ] DEBUG Engine               - isIntroEnabled: false
18:49:00.968 [FXGL Background Thread 3 ] DEBUG Engine               - isLinux: false
18:49:00.968 [FXGL Background Thread 3 ] DEBUG Engine               - isMac: false
18:49:00.968 [FXGL Background Thread 3 ] DEBUG Engine               - isMainMenuEnabled: false
18:49:00.968 [FXGL Background Thread 3 ] DEBUG Engine               - isManualResizeEnabled: false
18:49:00.968 [FXGL Background Thread 3 ] DEBUG Engine               - isMobile: false
18:49:00.969 [FXGL Background Thread 3 ] DEBUG Engine               - isNative: false
18:49:00.969 [FXGL Background Thread 3 ] DEBUG Engine               - isPauseMusicWhenMinimized: true
18:49:00.969 [FXGL Background Thread 3 ] DEBUG Engine               - isPreserveResizeRatio: false
18:49:00.969 [FXGL Background Thread 3 ] DEBUG Engine               - isProfilingEnabled: false
18:49:00.969 [FXGL Background Thread 3 ] DEBUG Engine               - isScaleAffectedOnResize: true
18:49:00.969 [FXGL Background Thread 3 ] DEBUG Engine               - isSingleStep: false
18:49:00.969 [FXGL Background Thread 3 ] DEBUG Engine               - isUserProfileEnabled: false
18:49:00.969 [FXGL Background Thread 3 ] DEBUG Engine               - isWindows: true
18:49:00.969 [FXGL Background Thread 3 ] DEBUG Engine               - language: ObjectProperty [value: ENGLISH]
18:49:00.969 [FXGL Background Thread 3 ] DEBUG Engine               - menuKey: ESCAPE
18:49:00.969 [FXGL Background Thread 3 ] DEBUG Engine               - mouseSensitivity: 0.2
18:49:00.969 [FXGL Background Thread 3 ] DEBUG Engine               - notificationViewClass: class com.almasb.fxgl.notification.view.XboxNotificationView
18:49:00.969 [FXGL Background Thread 3 ] DEBUG Engine               - pixelsPerMeter: 50.0
18:49:00.969 [FXGL Background Thread 3 ] DEBUG Engine               - platform: WINDOWS
18:49:00.969 [FXGL Background Thread 3 ] DEBUG Engine               - prefHeightProperty: ReadOnlyDoubleProperty [value: 800.0]
18:49:00.969 [FXGL Background Thread 3 ] DEBUG Engine               - prefWidthProperty: ReadOnlyDoubleProperty [value: 800.0]
18:49:00.969 [FXGL Background Thread 3 ] DEBUG Engine               - profileDir: profiles/
18:49:00.969 [FXGL Background Thread 3 ] DEBUG Engine               - profileName: StringProperty [value: DEFAULT]
18:49:00.969 [FXGL Background Thread 3 ] DEBUG Engine               - randomSeed: -1
18:49:00.969 [FXGL Background Thread 3 ] DEBUG Engine               - runtimeInfo: RuntimeInfo(platform=WINDOWS, version=17.3, build=30.03.2023 11.54)
18:49:00.969 [FXGL Background Thread 3 ] DEBUG Engine               - saveFileExt: sav
18:49:00.969 [FXGL Background Thread 3 ] DEBUG Engine               - scaledHeightProp$fxgl: DoubleProperty [bound, value: 800.0]
18:49:00.969 [FXGL Background Thread 3 ] DEBUG Engine               - scaledWidthProp$fxgl: DoubleProperty [bound, value: 800.0]
18:49:00.969 [FXGL Background Thread 3 ] DEBUG Engine               - sceneFactory: com.almasb.fxgl.app.scene.SceneFactory@72759cab
18:49:00.969 [FXGL Background Thread 3 ] DEBUG Engine               - secondsIn24h: 60
18:49:00.969 [FXGL Background Thread 3 ] DEBUG Engine               - soundMenuBack: menu/back.wav
18:49:00.969 [FXGL Background Thread 3 ] DEBUG Engine               - soundMenuPress: menu/press.wav
18:49:00.969 [FXGL Background Thread 3 ] DEBUG Engine               - soundMenuSelect: menu/select.wav
18:49:00.969 [FXGL Background Thread 3 ] DEBUG Engine               - soundNotification: core/notification.wav
18:49:00.969 [FXGL Background Thread 3 ] DEBUG Engine               - stageStyle: DECORATED
18:49:00.969 [FXGL Background Thread 3 ] DEBUG Engine               - supportedLanguages: [ENGLISH, FRENCH, GERMAN, HUNGARIAN, RUSSIAN]
18:49:00.969 [FXGL Background Thread 3 ] DEBUG Engine               - ticksPerSecond: -1
18:49:00.970 [FXGL Background Thread 3 ] DEBUG Engine               - title: Untitled
18:49:00.970 [FXGL Background Thread 3 ] DEBUG Engine               - urlGithub: https://github.com/AlmasB/FXGL
18:49:00.970 [FXGL Background Thread 3 ] DEBUG Engine               - urlLeaderboard: http://fxgl-top.herokuapp.com/
18:49:00.970 [FXGL Background Thread 3 ] DEBUG Engine               - urlPOM: https://raw.githubusercontent.com/AlmasB/FXGL/release/README.md
18:49:00.970 [FXGL Background Thread 3 ] DEBUG Engine               - userAppClass: class core.RTSMain
18:49:00.970 [FXGL Background Thread 3 ] DEBUG Engine               - version: 0.0
18:49:00.970 [FXGL Background Thread 3 ] DEBUG Engine               - versionCheckDays: 7
18:49:00.970 [FXGL Background Thread 3 ] DEBUG Engine               - width: 800
18:49:00.970 [FXGL Background Thread 3 ] DEBUG Engine               - Logging services
18:49:00.970 [FXGL Background Thread 3 ] DEBUG Engine               - class com.almasb.fxgl.app.services.FXGLAssetLoaderService
18:49:00.970 [FXGL Background Thread 3 ] DEBUG Engine               - class com.almasb.fxgl.app.FXGLApplication$GameApplicationService
18:49:00.970 [FXGL Background Thread 3 ] DEBUG Engine               - class com.almasb.fxgl.app.services.FXGLDialogService
18:49:00.970 [FXGL Background Thread 3 ] DEBUG Engine               - class com.almasb.fxgl.app.services.IOTaskExecutorService
18:49:00.970 [FXGL Background Thread 3 ] DEBUG Engine               - class com.almasb.fxgl.io.FileSystemService
18:49:00.970 [FXGL Background Thread 3 ] DEBUG Engine               - class com.almasb.fxgl.localization.LocalizationService
18:49:00.970 [FXGL Background Thread 3 ] DEBUG Engine               - class com.almasb.fxgl.app.services.SystemBundleService
18:49:00.970 [FXGL Background Thread 3 ] DEBUG Engine               - class com.almasb.fxgl.profile.SaveLoadService
18:49:00.970 [FXGL Background Thread 3 ] DEBUG Engine               - class com.almasb.fxgl.ui.FXGLUIFactoryServiceProvider
18:49:00.970 [FXGL Background Thread 3 ] DEBUG Engine               - class com.almasb.fxgl.ui.FXGLDialogFactoryServiceProvider
18:49:00.970 [FXGL Background Thread 3 ] DEBUG Engine               - class com.almasb.fxgl.audio.AudioPlayer
18:49:00.970 [FXGL Background Thread 3 ] DEBUG Engine               - class com.almasb.fxgl.notification.impl.NotificationServiceProvider
18:49:00.970 [FXGL Background Thread 3 ] DEBUG Engine               - class com.almasb.fxgl.achievement.AchievementService
18:49:00.970 [FXGL Background Thread 3 ] DEBUG Engine               - class com.almasb.fxgl.cutscene.CutsceneService
18:49:00.970 [FXGL Background Thread 3 ] DEBUG Engine               - class com.almasb.fxgl.minigames.MiniGameService
18:49:00.970 [FXGL Background Thread 3 ] DEBUG Engine               - class com.almasb.fxgl.net.NetService
18:49:00.970 [FXGL Background Thread 3 ] DEBUG Engine               - class com.almasb.fxgl.app.services.UpdaterService
18:49:00.970 [FXGL Background Thread 3 ] DEBUG Engine               - class com.almasb.fxgl.dev.DevService
18:49:11.609 [JavaFX Application Thread] DEBUG FXGLApplication      - Exiting FXGL
18:49:11.609 [JavaFX Application Thread] DEBUG LoopRunner           - Stopping loop
18:49:11.609 [JavaFX Application Thread] DEBUG SystemBundleService  - Saving FXGL system data
18:49:11.611 [JavaFX Application Thread] DEBUG FileSystemAccess     - Writing to: C:\Users\tanel\OneDrive - Great Valley School District\10th Grade\APCSA\CompSciFinal\system\fxgl.bundle
18:49:11.612 [JavaFX Application Thread] DEBUG Async                - Shutting down background threads
18:49:11.612 [JavaFX Application Thread] DEBUG PrimaryStageWindow   - Closing main window
18:49:11.618 [JavaFX Application Thread] DEBUG Logger               - Closing Logger
