12:34:49.494 [main                     ] DEBUG Logger               - Configured Logger
12:34:49.530 [main                     ] DEBUG GameApplication      - Logging settings
Title: Untitled
Version: 0.0
Width: 800
Height: 600
Fullscreen: false
Intro: false
Profiling: false
Single step:false
App Mode: DEVELOPER
Menu Key: ESCAPE
Stage Style: DECORATED
Scene Factory: class com.almasb.fxgl.app.scene.SceneFactory

12:34:49.761 [JavaFX Application Thread] DEBUG FXGLApplication      - Initializing FXGL
12:34:49.769 [JavaFX Application Thread] INFO  Engine               - FXGL-17.3 (30.03.2023 11.54) on WINDOWS (J:20.0.1 FX:20)
12:34:49.770 [JavaFX Application Thread] DEBUG Engine               - JRE Vendor Name: Oracle Corporation
12:34:49.771 [JavaFX Application Thread] DEBUG Engine               - Running on OS: Windows 10 version 10.0
12:34:49.771 [JavaFX Application Thread] DEBUG Engine               - Architecture: amd64
12:34:49.771 [JavaFX Application Thread] INFO  Engine               - Source code and latest versions at: https://github.com/AlmasB/FXGL
12:34:49.772 [JavaFX Application Thread] INFO  Engine               -       Ask questions and discuss at: https://github.com/AlmasB/FXGL/discussions
12:34:49.772 [JavaFX Application Thread] INFO  Engine               -              Join the FXGL chat at: https://gitter.im/AlmasB/FXGL
12:34:49.921 [JavaFX Application Thread] DEBUG PrimaryStageWindow   - Creating a JavaFX scene
12:34:50.039 [JavaFX Application Thread] DEBUG PrimaryStageWindow   - Target settings size: 800.0 x 600.0
12:34:50.040 [JavaFX Application Thread] DEBUG PrimaryStageWindow   - Scaled scene size:    800.0 x 600.0
12:34:50.040 [JavaFX Application Thread] DEBUG PrimaryStageWindow   - Scaled ratio: (1.0, 1.0)
12:34:50.043 [JavaFX Application Thread] DEBUG PrimaryStageWindow   - Set initial scene to FXGLStartupScene
12:34:50.049 [JavaFX Application Thread] DEBUG PrimaryStageWindow   - Opening main window
12:34:50.198 [JavaFX Application Thread] DEBUG PrimaryStageWindow   - Window border size: (16.0, 39.0)
12:34:50.199 [JavaFX Application Thread] DEBUG PrimaryStageWindow   - Scaled size: 800.0 x 600.0
12:34:50.199 [JavaFX Application Thread] DEBUG PrimaryStageWindow   - Scaled ratio: (1.0, 1.0)
12:34:50.200 [JavaFX Application Thread] DEBUG PrimaryStageWindow   - Scene size: 800.0 x 600.0
12:34:50.200 [JavaFX Application Thread] DEBUG PrimaryStageWindow   - Stage size: 816.0 x 639.0
12:34:50.224 [FXGL Background Thread 1 ] DEBUG Engine               - Initializing environment variables
12:34:50.401 [FXGL Background Thread 1 ] DEBUG FXGLAssetLoaderServi - User app class for loading assets: class core.RTSMain
12:34:50.402 [FXGL Background Thread 1 ] DEBUG GameApplicationServi - Applying CSS: fxgl_dark.css
12:34:50.404 [FXGL Background Thread 1 ] DEBUG FXGLAssetLoaderServi - Loading from file system: jar:file:/C:/Users/dcurtis25/Downloads/fxgl-17.3-uber.jar!/fxglassets/ui/css/fxgl_dark.css
12:34:50.512 [FXGL Background Thread 1 ] DEBUG GameApplicationServi - Initializing application scenes
12:34:50.604 [FXGL Background Thread 1 ] DEBUG GameWorld            - Game world initialized
12:34:50.720 [FXGL Background Thread 1 ] DEBUG PhysicsWorld         - Physics world initialized: appHeight=600, physics.ppm=50.0
12:34:50.720 [FXGL Background Thread 1 ] DEBUG PhysicsWorld         - Using strategy: BRUTE_FORCE
12:34:50.728 [FXGL Background Thread 1 ] DEBUG GameScene            - Game scene initialized: 800x600
12:34:50.752 [FXGL Background Thread 1 ] DEBUG FXGL.DefaultMenu     - createMenuBodyGameMenu()
12:34:50.799 [FXGL Background Thread 1 ] DEBUG FXGL.DefaultMenu     - createOptionsMenu()
12:34:50.826 [FXGL Background Thread 1 ] DEBUG FXGLAssetLoaderServi - Loading from file system: jar:file:/C:/Users/dcurtis25/Downloads/fxgl-17.3-uber.jar!/fxglassets/textures/particles/smoke.png
12:34:51.082 [FXGL Background Thread 1 ] DEBUG FXGLAssetLoaderServi - Loading from file system: jar:file:/C:/Users/dcurtis25/Downloads/fxgl-17.3-uber.jar!/fxglassets/textures/particles/trace_horizontal.png
12:34:51.141 [FXGL Background Thread 1 ] DEBUG GameApplicationServi - Application scenes initialized
12:34:51.169 [FXGL Background Thread 1 ] DEBUG SystemBundleService  - Loading FXGL system data
12:34:51.179 [FXGL Background Thread 1 ] DEBUG FileSystemAccess     - Reading from: C:\Users\dcurtis25\git\CompSci-Final-Project\system\fxgl.bundle
12:34:51.199 [FXGL Background Thread 1 ] DEBUG SystemBundleService  - Bundle FXGL: {}
12:34:51.199 [FXGL Background Thread 1 ] DEBUG UpdaterService       - Checking for updates
12:34:51.208 [FXGL Background Thread 4 ] DEBUG FXGLApplication      - Loading fonts
12:34:51.210 [FXGL Background Thread 1 ] DEBUG FXGLApplication      - Loading default localization
12:34:51.212 [FXGL Background Thread 1 ] DEBUG FXGLAssetLoaderServi - Loading from file system: jar:file:/C:/Users/dcurtis25/Downloads/fxgl-17.3-uber.jar!/fxglassets/languages/english.lang
12:34:51.213 [FXGL Background Thread 4 ] DEBUG FXGLAssetLoaderServi - Loading from file system: jar:file:/C:/Users/dcurtis25/Downloads/fxgl-17.3-uber.jar!/fxglassets/ui/fonts/VarelaRound-Regular.ttf
12:34:51.269 [FXGL Background Thread 1 ] INFO  FXGLApplication      - FXGL initialization took: 1.048 sec
12:34:51.291 [JavaFX Application Thread] DEBUG Input                - Registered new binding: action0 - A
12:34:51.292 [JavaFX Application Thread] DEBUG Input                - Registered new binding: action1 - D
12:34:51.293 [JavaFX Application Thread] DEBUG Input                - Registered new binding: action2 - W
12:34:51.295 [JavaFX Application Thread] DEBUG Input                - Registered new binding: action3 - S
12:34:51.296 [JavaFX Application Thread] DEBUG FXGLAssetLoaderServi - Loading from file system: jar:file:/C:/Users/dcurtis25/Downloads/fxgl-17.3-uber.jar!/fxglassets/textures/fxgl_icon.png
12:34:51.355 [JavaFX Application Thread] DEBUG FXGLAssetLoaderServi - Loading from file system: jar:file:/C:/Users/dcurtis25/Downloads/fxgl-17.3-uber.jar!/fxglassets/textures/fxgl_default_cursor.png
12:34:51.363 [JavaFX Application Thread] DEBUG Input                - Registered new binding: Screenshot - CTRL+8
12:34:51.364 [JavaFX Application Thread] DEBUG Input                - Registered new binding: System info dump - CTRL+9
12:34:51.365 [JavaFX Application Thread] DEBUG Input                - Registered new binding: Restart - CTRL+R
12:34:51.367 [JavaFX Application Thread] DEBUG Input                - Registered new binding: Toggle Debug Camera - CTRL+7
12:34:51.373 [FXGL Background Thread 4 ] DEBUG FXGLAssetLoaderServi - Loading from file system: jar:file:/C:/Users/dcurtis25/Downloads/fxgl-17.3-uber.jar!/fxglassets/ui/fonts/Abel-Regular.ttf
12:34:51.373 [JavaFX Application Thread] DEBUG LoopRunner           - Starting loop
12:34:51.374 [JavaFX Application Thread] DEBUG LoopRunner           - Initializing JavaFX AnimationTimerLoop
12:34:51.377 [JavaFX Application Thread] DEBUG GameApplicationServi - Starting new game
12:34:51.378 [JavaFX Application Thread] DEBUG Input                - Clearing active input actions
12:34:51.388 [FXGL Background Thread 4 ] DEBUG FXGLAssetLoaderServi - Loading from file system: jar:file:/C:/Users/dcurtis25/Downloads/fxgl-17.3-uber.jar!/fxglassets/ui/fonts/TerminalLandMono-Regular.otf
12:34:51.396 [FXGL Background Thread 4 ] DEBUG FXGLAssetLoaderServi - Loading from file system: jar:file:/C:/Users/dcurtis25/Downloads/fxgl-17.3-uber.jar!/fxglassets/ui/fonts/Courier-Prime.ttf
12:34:51.414 [JavaFX Application Thread] DEBUG GameApplicationServi - Removing overlay from FXGLStartupScene and adding to FXGLLoadingScene
12:34:51.415 [JavaFX Application Thread] DEBUG PrimaryStageWindow   - FXGLStartupScene -> FXGLLoadingScene
12:34:51.415 [JavaFX Application Thread] DEBUG GameApplicationServi - Clearing previous game
12:34:51.415 [JavaFX Application Thread] DEBUG GameScene            - Clearing game scene
12:34:51.415 [JavaFX Application Thread] DEBUG GameWorld            - Clearing game world
12:34:51.416 [JavaFX Application Thread] DEBUG PhysicsWorld         - Clearing physics world
12:34:51.418 [FXGL Background Thread 4 ] DEBUG FXGLApplication      - Initializing game
12:34:51.529 [JavaFX Application Thread] DEBUG FXGLApplication      - Registering font factories with UI factory
12:34:52.646 [FXGL Background Thread 4 ] INFO  FXGLApplication      - Game initialization took: 1.232 sec
12:34:52.653 [JavaFX Application Thread] DEBUG Input                - Clearing active input actions
12:34:52.709 [JavaFX Application Thread] DEBUG GameApplicationServi - Removing overlay from FXGLLoadingScene and adding to GameScene
12:34:52.710 [JavaFX Application Thread] DEBUG PrimaryStageWindow   - FXGLLoadingScene -> GameScene
12:34:54.195 [FXGL Background Thread 3 ] DEBUG Engine               - Logging environment variables
12:34:54.210 [FXGL Background Thread 3 ] DEBUG Engine               - achievements: []
12:34:54.210 [FXGL Background Thread 3 ] DEBUG Engine               - actualHeight: 600.0
12:34:54.210 [FXGL Background Thread 3 ] DEBUG Engine               - actualHeightProperty: ReadOnlyDoubleProperty [value: 600.0]
12:34:54.210 [FXGL Background Thread 3 ] DEBUG Engine               - actualWidth: 800.0
12:34:54.210 [FXGL Background Thread 3 ] DEBUG Engine               - actualWidthProperty: ReadOnlyDoubleProperty [value: 800.0]
12:34:54.210 [FXGL Background Thread 3 ] DEBUG Engine               - appIcon: fxgl_icon.png
12:34:54.212 [FXGL Background Thread 3 ] DEBUG Engine               - applicationMode: DEVELOPER
12:34:54.220 [FXGL Background Thread 3 ] DEBUG Engine               - cSSList: [fxgl_dark.css]
12:34:54.221 [FXGL Background Thread 3 ] DEBUG Engine               - collisionDetectionStrategy: BRUTE_FORCE
12:34:54.222 [FXGL Background Thread 3 ] DEBUG Engine               - configClass: Optional.empty
12:34:54.222 [FXGL Background Thread 3 ] DEBUG Engine               - credits: []
12:34:54.223 [FXGL Background Thread 3 ] DEBUG Engine               - defaultCursor: CursorInfo(imageName=fxgl_default_cursor.png, hotspotX=7.0, hotspotY=6.0)
12:34:54.226 [FXGL Background Thread 3 ] DEBUG Engine               - devBBoxColorProperty: ObjectProperty [value: 0xff0000ff]
12:34:54.226 [FXGL Background Thread 3 ] DEBUG Engine               - devEnableDebugCameraProperty: BooleanProperty [value: false]
12:34:54.226 [FXGL Background Thread 3 ] DEBUG Engine               - devSensorColorProperty: ObjectProperty [value: 0xffff00ff]
12:34:54.226 [FXGL Background Thread 3 ] DEBUG Engine               - devShowBBoxProperty: BooleanProperty [value: false]
12:34:54.226 [FXGL Background Thread 3 ] DEBUG Engine               - devShowPositionProperty: BooleanProperty [value: false]
12:34:54.227 [FXGL Background Thread 3 ] DEBUG Engine               - enabledMenuItems: []
12:34:54.227 [FXGL Background Thread 3 ] DEBUG Engine               - engineServices: [class com.almasb.fxgl.app.services.FXGLAssetLoaderService, class com.almasb.fxgl.app.FXGLApplication$GameApplicationService, class com.almasb.fxgl.app.services.FXGLDialogService, class com.almasb.fxgl.app.services.IOTaskExecutorService, class com.almasb.fxgl.io.FileSystemService, class com.almasb.fxgl.localization.LocalizationService, class com.almasb.fxgl.app.services.SystemBundleService, class com.almasb.fxgl.profile.SaveLoadService, class com.almasb.fxgl.ui.FXGLUIFactoryServiceProvider, class com.almasb.fxgl.ui.FXGLDialogFactoryServiceProvider, class com.almasb.fxgl.audio.AudioPlayer, class com.almasb.fxgl.notification.impl.NotificationServiceProvider, class com.almasb.fxgl.achievement.AchievementService, class com.almasb.fxgl.cutscene.CutsceneService, class com.almasb.fxgl.minigames.MiniGameService, class com.almasb.fxgl.net.NetService, class com.almasb.fxgl.app.services.UpdaterService, class com.almasb.fxgl.dev.DevService]
12:34:54.227 [FXGL Background Thread 3 ] DEBUG Engine               - fontGame: Abel-Regular.ttf
12:34:54.227 [FXGL Background Thread 3 ] DEBUG Engine               - fontMono: TerminalLandMono-Regular.otf
12:34:54.229 [FXGL Background Thread 3 ] DEBUG Engine               - fontSizeScaleUI: 1.0
12:34:54.230 [FXGL Background Thread 3 ] DEBUG Engine               - fontText: Courier-Prime.ttf
12:34:54.230 [FXGL Background Thread 3 ] DEBUG Engine               - fontUI: VarelaRound-Regular.ttf
12:34:54.230 [FXGL Background Thread 3 ] DEBUG Engine               - fullScreen: BooleanProperty [value: false]
12:34:54.230 [FXGL Background Thread 3 ] DEBUG Engine               - gameDifficulty: MEDIUM
12:34:54.230 [FXGL Background Thread 3 ] DEBUG Engine               - gameDifficultyProperty: ObjectProperty [value: MEDIUM]
12:34:54.230 [FXGL Background Thread 3 ] DEBUG Engine               - globalMusicVolume: 0.5
12:34:54.230 [FXGL Background Thread 3 ] DEBUG Engine               - globalMusicVolumeProperty: DoubleProperty [value: 0.5]
12:34:54.230 [FXGL Background Thread 3 ] DEBUG Engine               - globalSoundVolume: 0.5
12:34:54.230 [FXGL Background Thread 3 ] DEBUG Engine               - globalSoundVolumeProperty: DoubleProperty [value: 0.5]
12:34:54.231 [FXGL Background Thread 3 ] DEBUG Engine               - height: 600
12:34:54.231 [FXGL Background Thread 3 ] DEBUG Engine               - is3D: false
12:34:54.231 [FXGL Background Thread 3 ] DEBUG Engine               - isAndroid: false
12:34:54.231 [FXGL Background Thread 3 ] DEBUG Engine               - isBrowser: false
12:34:54.231 [FXGL Background Thread 3 ] DEBUG Engine               - isClickFeedbackEnabled: false
12:34:54.231 [FXGL Background Thread 3 ] DEBUG Engine               - isCloseConfirmation: false
12:34:54.232 [FXGL Background Thread 3 ] DEBUG Engine               - isDesktop: true
12:34:54.232 [FXGL Background Thread 3 ] DEBUG Engine               - isDeveloperMenuEnabled: false
12:34:54.232 [FXGL Background Thread 3 ] DEBUG Engine               - isEmbedded: false
12:34:54.232 [FXGL Background Thread 3 ] DEBUG Engine               - isEntityPreloadEnabled: true
12:34:54.232 [FXGL Background Thread 3 ] DEBUG Engine               - isExperimentalTiledLargeMap: false
12:34:54.232 [FXGL Background Thread 3 ] DEBUG Engine               - isFileSystemWriteAllowed: true
12:34:54.232 [FXGL Background Thread 3 ] DEBUG Engine               - isFullScreenAllowed: false
12:34:54.232 [FXGL Background Thread 3 ] DEBUG Engine               - isFullScreenFromStart: false
12:34:54.232 [FXGL Background Thread 3 ] DEBUG Engine               - isGameMenuEnabled: true
12:34:54.232 [FXGL Background Thread 3 ] DEBUG Engine               - isIOS: false
12:34:54.232 [FXGL Background Thread 3 ] DEBUG Engine               - isIntroEnabled: false
12:34:54.233 [FXGL Background Thread 3 ] DEBUG Engine               - isLinux: false
12:34:54.233 [FXGL Background Thread 3 ] DEBUG Engine               - isMac: false
12:34:54.233 [FXGL Background Thread 3 ] DEBUG Engine               - isMainMenuEnabled: false
12:34:54.233 [FXGL Background Thread 3 ] DEBUG Engine               - isManualResizeEnabled: false
12:34:54.233 [FXGL Background Thread 3 ] DEBUG Engine               - isMobile: false
12:34:54.233 [FXGL Background Thread 3 ] DEBUG Engine               - isNative: false
12:34:54.233 [FXGL Background Thread 3 ] DEBUG Engine               - isPauseMusicWhenMinimized: true
12:34:54.233 [FXGL Background Thread 3 ] DEBUG Engine               - isPreserveResizeRatio: false
12:34:54.233 [FXGL Background Thread 3 ] DEBUG Engine               - isProfilingEnabled: false
12:34:54.234 [FXGL Background Thread 3 ] DEBUG Engine               - isScaleAffectedOnResize: true
12:34:54.234 [FXGL Background Thread 3 ] DEBUG Engine               - isSingleStep: false
12:34:54.234 [FXGL Background Thread 3 ] DEBUG Engine               - isUserProfileEnabled: false
12:34:54.234 [FXGL Background Thread 3 ] DEBUG Engine               - isWindows: true
12:34:54.234 [FXGL Background Thread 3 ] DEBUG Engine               - language: ObjectProperty [value: ENGLISH]
12:34:54.234 [FXGL Background Thread 3 ] DEBUG Engine               - menuKey: ESCAPE
12:34:54.234 [FXGL Background Thread 3 ] DEBUG Engine               - mouseSensitivity: 0.2
12:34:54.234 [FXGL Background Thread 3 ] DEBUG Engine               - notificationViewClass: class com.almasb.fxgl.notification.view.XboxNotificationView
12:34:54.234 [FXGL Background Thread 3 ] DEBUG Engine               - pixelsPerMeter: 50.0
12:34:54.235 [FXGL Background Thread 3 ] DEBUG Engine               - platform: WINDOWS
12:34:54.235 [FXGL Background Thread 3 ] DEBUG Engine               - prefHeightProperty: ReadOnlyDoubleProperty [value: 600.0]
12:34:54.235 [FXGL Background Thread 3 ] DEBUG Engine               - prefWidthProperty: ReadOnlyDoubleProperty [value: 800.0]
12:34:54.236 [FXGL Background Thread 3 ] DEBUG Engine               - profileDir: profiles/
12:34:54.236 [FXGL Background Thread 3 ] DEBUG Engine               - profileName: StringProperty [value: DEFAULT]
12:34:54.236 [FXGL Background Thread 3 ] DEBUG Engine               - randomSeed: -1
12:34:54.236 [FXGL Background Thread 3 ] DEBUG Engine               - runtimeInfo: RuntimeInfo(platform=WINDOWS, version=17.3, build=30.03.2023 11.54)
12:34:54.237 [FXGL Background Thread 3 ] DEBUG Engine               - saveFileExt: sav
12:34:54.237 [FXGL Background Thread 3 ] DEBUG Engine               - scaledHeightProp$fxgl: DoubleProperty [bound, value: 600.0]
12:34:54.237 [FXGL Background Thread 3 ] DEBUG Engine               - scaledWidthProp$fxgl: DoubleProperty [bound, value: 800.0]
12:34:54.237 [FXGL Background Thread 3 ] DEBUG Engine               - sceneFactory: com.almasb.fxgl.app.scene.SceneFactory@56a60731
12:34:54.237 [FXGL Background Thread 3 ] DEBUG Engine               - secondsIn24h: 60
12:34:54.237 [FXGL Background Thread 3 ] DEBUG Engine               - soundMenuBack: menu/back.wav
12:34:54.237 [FXGL Background Thread 3 ] DEBUG Engine               - soundMenuPress: menu/press.wav
12:34:54.237 [FXGL Background Thread 3 ] DEBUG Engine               - soundMenuSelect: menu/select.wav
12:34:54.237 [FXGL Background Thread 3 ] DEBUG Engine               - soundNotification: core/notification.wav
12:34:54.237 [FXGL Background Thread 3 ] DEBUG Engine               - stageStyle: DECORATED
12:34:54.238 [FXGL Background Thread 3 ] DEBUG Engine               - supportedLanguages: [ENGLISH, FRENCH, GERMAN, HUNGARIAN, RUSSIAN]
12:34:54.238 [FXGL Background Thread 3 ] DEBUG Engine               - ticksPerSecond: -1
12:34:54.238 [FXGL Background Thread 3 ] DEBUG Engine               - title: Untitled
12:34:54.238 [FXGL Background Thread 3 ] DEBUG Engine               - urlGithub: https://github.com/AlmasB/FXGL
12:34:54.238 [FXGL Background Thread 3 ] DEBUG Engine               - urlLeaderboard: http://fxgl-top.herokuapp.com/
12:34:54.238 [FXGL Background Thread 3 ] DEBUG Engine               - urlPOM: https://raw.githubusercontent.com/AlmasB/FXGL/release/README.md
12:34:54.238 [FXGL Background Thread 3 ] DEBUG Engine               - userAppClass: class core.RTSMain
12:34:54.238 [FXGL Background Thread 3 ] DEBUG Engine               - version: 0.0
12:34:54.238 [FXGL Background Thread 3 ] DEBUG Engine               - versionCheckDays: 7
12:34:54.238 [FXGL Background Thread 3 ] DEBUG Engine               - width: 800
12:34:54.239 [FXGL Background Thread 3 ] DEBUG Engine               - Logging services
12:34:54.239 [FXGL Background Thread 3 ] DEBUG Engine               - class com.almasb.fxgl.app.services.FXGLAssetLoaderService
12:34:54.239 [FXGL Background Thread 3 ] DEBUG Engine               - class com.almasb.fxgl.app.FXGLApplication$GameApplicationService
12:34:54.239 [FXGL Background Thread 3 ] DEBUG Engine               - class com.almasb.fxgl.app.services.FXGLDialogService
12:34:54.239 [FXGL Background Thread 3 ] DEBUG Engine               - class com.almasb.fxgl.app.services.IOTaskExecutorService
12:34:54.239 [FXGL Background Thread 3 ] DEBUG Engine               - class com.almasb.fxgl.io.FileSystemService
12:34:54.239 [FXGL Background Thread 3 ] DEBUG Engine               - class com.almasb.fxgl.localization.LocalizationService
12:34:54.239 [FXGL Background Thread 3 ] DEBUG Engine               - class com.almasb.fxgl.app.services.SystemBundleService
12:34:54.239 [FXGL Background Thread 3 ] DEBUG Engine               - class com.almasb.fxgl.profile.SaveLoadService
12:34:54.239 [FXGL Background Thread 3 ] DEBUG Engine               - class com.almasb.fxgl.ui.FXGLUIFactoryServiceProvider
12:34:54.239 [FXGL Background Thread 3 ] DEBUG Engine               - class com.almasb.fxgl.ui.FXGLDialogFactoryServiceProvider
12:34:54.239 [FXGL Background Thread 3 ] DEBUG Engine               - class com.almasb.fxgl.audio.AudioPlayer
12:34:54.240 [FXGL Background Thread 3 ] DEBUG Engine               - class com.almasb.fxgl.notification.impl.NotificationServiceProvider
12:34:54.240 [FXGL Background Thread 3 ] DEBUG Engine               - class com.almasb.fxgl.achievement.AchievementService
12:34:54.240 [FXGL Background Thread 3 ] DEBUG Engine               - class com.almasb.fxgl.cutscene.CutsceneService
12:34:54.240 [FXGL Background Thread 3 ] DEBUG Engine               - class com.almasb.fxgl.minigames.MiniGameService
12:34:54.240 [FXGL Background Thread 3 ] DEBUG Engine               - class com.almasb.fxgl.net.NetService
12:34:54.240 [FXGL Background Thread 3 ] DEBUG Engine               - class com.almasb.fxgl.app.services.UpdaterService
12:34:54.240 [FXGL Background Thread 3 ] DEBUG Engine               - class com.almasb.fxgl.dev.DevService
12:35:12.854 [JavaFX Application Thread] DEBUG FXGLApplication      - Exiting FXGL
12:35:12.854 [JavaFX Application Thread] DEBUG LoopRunner           - Stopping loop
12:35:12.855 [JavaFX Application Thread] DEBUG SystemBundleService  - Saving FXGL system data
12:35:12.859 [JavaFX Application Thread] DEBUG FileSystemAccess     - Writing to: C:\Users\dcurtis25\git\CompSci-Final-Project\system\fxgl.bundle
12:35:12.865 [JavaFX Application Thread] DEBUG Async                - Shutting down background threads
12:35:12.865 [JavaFX Application Thread] DEBUG PrimaryStageWindow   - Closing main window
12:35:12.877 [JavaFX Application Thread] DEBUG Logger               - Closing Logger
