11:22:37.803 [main                     ] DEBUG Logger               - Configured Logger
11:22:37.847 [main                     ] DEBUG GameApplication      - Logging settings
Title: Untitled
Version: 0.0
Width: 800
Height: 800
Fullscreen: false
Intro: false
Profiling: false
Single step:false
App Mode: DEVELOPER
Menu Key: ESCAPE
Stage Style: DECORATED
Scene Factory: class com.almasb.fxgl.app.scene.SceneFactory

11:22:38.123 [JavaFX Application Thread] DEBUG FXGLApplication      - Initializing FXGL
11:22:38.132 [JavaFX Application Thread] INFO  Engine               - FXGL-17.3 (30.03.2023 11.54) on WINDOWS (J:20.0.1 FX:20)
11:22:38.133 [JavaFX Application Thread] DEBUG Engine               - JRE Vendor Name: Oracle Corporation
11:22:38.134 [JavaFX Application Thread] DEBUG Engine               - Running on OS: Windows 10 version 10.0
11:22:38.134 [JavaFX Application Thread] DEBUG Engine               - Architecture: amd64
11:22:38.134 [JavaFX Application Thread] INFO  Engine               - Source code and latest versions at: https://github.com/AlmasB/FXGL
11:22:38.135 [JavaFX Application Thread] INFO  Engine               -       Ask questions and discuss at: https://github.com/AlmasB/FXGL/discussions
11:22:38.135 [JavaFX Application Thread] INFO  Engine               -              Join the FXGL chat at: https://gitter.im/AlmasB/FXGL
11:22:38.293 [JavaFX Application Thread] DEBUG PrimaryStageWindow   - Creating a JavaFX scene
11:22:38.293 [JavaFX Application Thread] DEBUG PrimaryStageWindow   - Target size > screen size
11:22:38.433 [JavaFX Application Thread] DEBUG PrimaryStageWindow   - Target settings size: 800.0 x 800.0
11:22:38.433 [JavaFX Application Thread] DEBUG PrimaryStageWindow   - Scaled scene size:    703.0 x 728.0
11:22:38.434 [JavaFX Application Thread] DEBUG PrimaryStageWindow   - Scaled ratio: (0.87875, 0.91)
11:22:38.437 [JavaFX Application Thread] DEBUG PrimaryStageWindow   - Set initial scene to FXGLStartupScene
11:22:38.446 [JavaFX Application Thread] DEBUG PrimaryStageWindow   - Opening main window
11:22:38.645 [JavaFX Application Thread] DEBUG PrimaryStageWindow   - Window border size: (16.0, 39.0)
11:22:38.646 [JavaFX Application Thread] DEBUG PrimaryStageWindow   - Scaled size: 703.0 x 728.0
11:22:38.647 [JavaFX Application Thread] DEBUG PrimaryStageWindow   - Scaled ratio: (0.87875, 0.91)
11:22:38.648 [JavaFX Application Thread] DEBUG PrimaryStageWindow   - Scene size: 703.0 x 728.0
11:22:38.648 [JavaFX Application Thread] DEBUG PrimaryStageWindow   - Stage size: 719.0 x 767.0
11:22:38.679 [FXGL Background Thread 1 ] DEBUG Engine               - Initializing environment variables
11:22:38.869 [FXGL Background Thread 1 ] DEBUG FXGLAssetLoaderServi - User app class for loading assets: class core.RTSMain
11:22:38.869 [FXGL Background Thread 1 ] DEBUG GameApplicationServi - Applying CSS: fxgl_dark.css
11:22:38.872 [FXGL Background Thread 1 ] DEBUG FXGLAssetLoaderServi - Loading from file system: jar:file:/C:/Users/dcurtis25/Downloads/fxgl-17.3-uber.jar!/fxglassets/ui/css/fxgl_dark.css
11:22:38.984 [FXGL Background Thread 1 ] DEBUG GameApplicationServi - Initializing application scenes
11:22:39.101 [FXGL Background Thread 1 ] DEBUG GameWorld            - Game world initialized
11:22:39.242 [FXGL Background Thread 1 ] DEBUG PhysicsWorld         - Physics world initialized: appHeight=800, physics.ppm=50.0
11:22:39.243 [FXGL Background Thread 1 ] DEBUG PhysicsWorld         - Using strategy: BRUTE_FORCE
11:22:39.251 [FXGL Background Thread 1 ] DEBUG GameScene            - Game scene initialized: 800x800
11:22:39.284 [FXGL Background Thread 1 ] DEBUG FXGL.DefaultMenu     - createMenuBodyGameMenu()
11:22:39.333 [FXGL Background Thread 1 ] DEBUG FXGL.DefaultMenu     - createOptionsMenu()
11:22:39.360 [FXGL Background Thread 1 ] DEBUG FXGLAssetLoaderServi - Loading from file system: jar:file:/C:/Users/dcurtis25/Downloads/fxgl-17.3-uber.jar!/fxglassets/textures/particles/smoke.png
11:22:39.628 [FXGL Background Thread 1 ] DEBUG FXGLAssetLoaderServi - Loading from file system: jar:file:/C:/Users/dcurtis25/Downloads/fxgl-17.3-uber.jar!/fxglassets/textures/particles/trace_horizontal.png
11:22:39.707 [FXGL Background Thread 1 ] DEBUG GameApplicationServi - Application scenes initialized
11:22:39.740 [FXGL Background Thread 1 ] DEBUG SystemBundleService  - Loading FXGL system data
11:22:39.753 [FXGL Background Thread 1 ] DEBUG FileSystemAccess     - Reading from: C:\Users\dcurtis25\git\CompSci-Final-Project\system\fxgl.bundle
11:22:39.781 [FXGL Background Thread 1 ] DEBUG SystemBundleService  - Bundle FXGL: {}
11:22:39.781 [FXGL Background Thread 1 ] DEBUG UpdaterService       - Checking for updates
11:22:39.790 [FXGL Background Thread 4 ] DEBUG FXGLApplication      - Loading fonts
11:22:39.791 [FXGL Background Thread 1 ] DEBUG FXGLApplication      - Loading default localization
11:22:39.792 [FXGL Background Thread 1 ] DEBUG FXGLAssetLoaderServi - Loading from file system: jar:file:/C:/Users/dcurtis25/Downloads/fxgl-17.3-uber.jar!/fxglassets/languages/english.lang
11:22:39.793 [FXGL Background Thread 4 ] DEBUG FXGLAssetLoaderServi - Loading from file system: jar:file:/C:/Users/dcurtis25/Downloads/fxgl-17.3-uber.jar!/fxglassets/ui/fonts/VarelaRound-Regular.ttf
11:22:39.836 [FXGL Background Thread 1 ] INFO  FXGLApplication      - FXGL initialization took: 1.165 sec
11:22:39.860 [JavaFX Application Thread] DEBUG Input                - Registered new binding: action0 - A
11:22:39.861 [JavaFX Application Thread] DEBUG Input                - Registered new binding: action1 - D
11:22:39.862 [JavaFX Application Thread] DEBUG Input                - Registered new binding: action2 - W
11:22:39.862 [JavaFX Application Thread] DEBUG Input                - Registered new binding: action3 - S
11:22:39.863 [JavaFX Application Thread] DEBUG Input                - Registered new binding: action4 - Tab
11:22:39.867 [JavaFX Application Thread] DEBUG Input                - Registered new binding: action5 - LMB
11:22:39.868 [JavaFX Application Thread] DEBUG Input                - Registered new binding: action6 - RMB
11:22:39.870 [JavaFX Application Thread] DEBUG Input                - Registered new binding: action7 - H
11:22:39.870 [JavaFX Application Thread] DEBUG FXGLAssetLoaderServi - Loading from file system: jar:file:/C:/Users/dcurtis25/Downloads/fxgl-17.3-uber.jar!/fxglassets/textures/fxgl_icon.png
11:22:39.912 [JavaFX Application Thread] DEBUG FXGLAssetLoaderServi - Loading from file system: jar:file:/C:/Users/dcurtis25/Downloads/fxgl-17.3-uber.jar!/fxglassets/textures/fxgl_default_cursor.png
11:22:39.917 [JavaFX Application Thread] DEBUG Input                - Registered new binding: Screenshot - CTRL+8
11:22:39.918 [JavaFX Application Thread] DEBUG Input                - Registered new binding: System info dump - CTRL+9
11:22:39.918 [JavaFX Application Thread] DEBUG Input                - Registered new binding: Restart - CTRL+R
11:22:39.920 [JavaFX Application Thread] DEBUG Input                - Registered new binding: Toggle Debug Camera - CTRL+7
11:22:39.927 [JavaFX Application Thread] DEBUG LoopRunner           - Starting loop
11:22:39.927 [JavaFX Application Thread] DEBUG LoopRunner           - Initializing JavaFX AnimationTimerLoop
11:22:39.930 [JavaFX Application Thread] DEBUG GameApplicationServi - Starting new game
11:22:39.931 [JavaFX Application Thread] DEBUG Input                - Clearing active input actions
11:22:39.956 [JavaFX Application Thread] DEBUG GameApplicationServi - Removing overlay from FXGLStartupScene and adding to FXGLLoadingScene
11:22:39.957 [JavaFX Application Thread] DEBUG PrimaryStageWindow   - FXGLStartupScene -> FXGLLoadingScene
11:22:39.958 [JavaFX Application Thread] DEBUG GameApplicationServi - Clearing previous game
11:22:39.958 [JavaFX Application Thread] DEBUG GameScene            - Clearing game scene
11:22:39.958 [JavaFX Application Thread] DEBUG GameWorld            - Clearing game world
11:22:39.958 [JavaFX Application Thread] DEBUG PhysicsWorld         - Clearing physics world
11:22:39.961 [FXGL Background Thread 1 ] DEBUG FXGLApplication      - Initializing game
11:22:39.964 [FXGL Background Thread 1 ] DEBUG FXGLAssetLoaderServi - Loading from file system: file:/C:/Users/dcurtis25/git/CompSci-Final-Project/bin/assets/sounds/RTS1_Hollowrock.wav
11:22:39.999 [FXGL Background Thread 4 ] DEBUG FXGLAssetLoaderServi - Loading from file system: jar:file:/C:/Users/dcurtis25/Downloads/fxgl-17.3-uber.jar!/fxglassets/ui/fonts/Abel-Regular.ttf
11:22:40.008 [FXGL Background Thread 4 ] DEBUG FXGLAssetLoaderServi - Loading from file system: jar:file:/C:/Users/dcurtis25/Downloads/fxgl-17.3-uber.jar!/fxglassets/ui/fonts/TerminalLandMono-Regular.otf
11:22:40.019 [FXGL Background Thread 4 ] DEBUG FXGLAssetLoaderServi - Loading from file system: jar:file:/C:/Users/dcurtis25/Downloads/fxgl-17.3-uber.jar!/fxglassets/ui/fonts/Courier-Prime.ttf
11:22:40.087 [JavaFX Application Thread] DEBUG FXGLApplication      - Registering font factories with UI factory
11:22:40.749 [FXGL Background Thread 1 ] INFO  FXGLApplication      - Game initialization took: 0.794 sec
11:22:40.750 [JavaFX Application Thread] DEBUG Input                - Clearing active input actions
11:22:40.792 [JavaFX Application Thread] DEBUG GameApplicationServi - Removing overlay from FXGLLoadingScene and adding to GameScene
11:22:40.792 [JavaFX Application Thread] DEBUG PrimaryStageWindow   - FXGLLoadingScene -> GameScene
11:22:40.805 [JavaFX Application Thread] DEBUG LoopRunner           - Stopping loop
11:22:40.810 [JavaFX Application Thread] FATAL FXGLApplication      - Uncaught Exception:
java.lang.NullPointerException: Cannot invoke "com.almasb.fxgl.entity.Entity.getX()" because "core.RTSMain.terrainEntities[i][j]" is null
	at core.RTSMain.moveTerrainMap(RTSMain.java:263)
	at core.RTSMain.onUpdate(RTSMain.java:175)
	at com.almasb.fxgl.app.FXGLApplication$GameApplicationService.onGameUpdate(FXGLApplication.kt:421)
	at com.almasb.fxgl.app.Engine.onGameUpdate(Engine.kt:138)
	at com.almasb.fxgl.app.FXGLApplication.postServicesInit$lambda$7(FXGLApplication.kt:182)
	at com.almasb.fxgl.scene.Scene.update(Scene.kt:113)
	at com.almasb.fxgl.app.MainWindow$update$1.invoke(MainWindow.kt:115)
	at com.almasb.fxgl.app.MainWindow$update$1.invoke(MainWindow.kt:115)
	at com.almasb.fxgl.core.fsm.StateMachine.runOnActiveStates(StateMachine.kt:69)
	at com.almasb.fxgl.app.MainWindow.update(MainWindow.kt:115)
	at com.almasb.fxgl.app.FXGLApplication$GameApplicationService.onUpdate(FXGLApplication.kt:426)
	at com.almasb.fxgl.app.Engine.loop(Engine.kt:134)
	at com.almasb.fxgl.app.Engine.access$loop(Engine.kt:24)
	at com.almasb.fxgl.app.Engine$loop$1.invoke(Engine.kt:28)
	at com.almasb.fxgl.app.Engine$loop$1.invoke(Engine.kt:28)
	at com.almasb.fxgl.app.LoopRunner.frame(LoopRunner.kt:103)
	at com.almasb.fxgl.app.LoopRunner.access$frame(LoopRunner.kt:23)
	at com.almasb.fxgl.app.LoopRunner$impl$2$1.onTick(LoopRunner.kt:57)
	at com.almasb.fxgl.app.AnimationTimerLoop$timer$1.handle(LoopRunner.kt:137)
	at javafx.animation.AnimationTimer$AnimationTimerReceiver.lambda$handle$0(AnimationTimer.java:58)
	at java.base/java.security.AccessController.doPrivileged(AccessController.java:400)
	at javafx.animation.AnimationTimer$AnimationTimerReceiver.handle(AnimationTimer.java:57)
	at com.sun.scenario.animation.AbstractPrimaryTimer.timePulseImpl(AbstractPrimaryTimer.java:356)
	at com.sun.scenario.animation.AbstractPrimaryTimer$MainLoop.run(AbstractPrimaryTimer.java:266)
	at com.sun.javafx.tk.quantum.QuantumToolkit.pulse(QuantumToolkit.java:588)
	at com.sun.javafx.tk.quantum.QuantumToolkit.pulse(QuantumToolkit.java:572)
	at com.sun.javafx.tk.quantum.QuantumToolkit.pulseFromQueue(QuantumToolkit.java:565)
	at com.sun.javafx.tk.quantum.QuantumToolkit.lambda$runToolkit$11(QuantumToolkit.java:352)
	at com.sun.glass.ui.InvokeLaterDispatcher$Future.run(InvokeLaterDispatcher.java:95)
	at com.sun.glass.ui.win.WinApplication._runLoop(Native Method)
	at com.sun.glass.ui.win.WinApplication.lambda$runLoop$3(WinApplication.java:185)
	at java.base/java.lang.Thread.run(Thread.java:1623)

11:22:40.810 [JavaFX Application Thread] FATAL FXGLApplication      - Application will now exit
11:22:40.876 [JavaFX Application Thread] DEBUG PrimaryStageWindow   - Push state: ErrorSubScene
11:22:40.876 [JavaFX Application Thread] DEBUG Input                - Clearing active input actions
11:22:40.891 [JavaFX Application Thread] DEBUG GameApplicationServi - Removing overlay from GameScene and adding to ErrorSubScene
11:22:40.892 [JavaFX Application Thread] DEBUG PrimaryStageWindow   - GameScene -> ErrorSubScene
11:22:42.766 [FXGL Background Thread 3 ] DEBUG Engine               - Logging environment variables
11:22:42.767 [FXGL Background Thread 3 ] DEBUG Engine               - achievements: []
11:22:42.767 [FXGL Background Thread 3 ] DEBUG Engine               - actualHeight: 728.0
11:22:42.768 [FXGL Background Thread 3 ] DEBUG Engine               - actualHeightProperty: ReadOnlyDoubleProperty [value: 728.0]
11:22:42.768 [FXGL Background Thread 3 ] DEBUG Engine               - actualWidth: 703.0
11:22:42.768 [FXGL Background Thread 3 ] DEBUG Engine               - actualWidthProperty: ReadOnlyDoubleProperty [value: 703.0]
11:22:42.768 [FXGL Background Thread 3 ] DEBUG Engine               - appIcon: fxgl_icon.png
11:22:42.768 [FXGL Background Thread 3 ] DEBUG Engine               - applicationMode: DEVELOPER
11:22:42.768 [FXGL Background Thread 3 ] DEBUG Engine               - cSSList: [fxgl_dark.css]
11:22:42.768 [FXGL Background Thread 3 ] DEBUG Engine               - collisionDetectionStrategy: BRUTE_FORCE
11:22:42.768 [FXGL Background Thread 3 ] DEBUG Engine               - configClass: Optional.empty
11:22:42.768 [FXGL Background Thread 3 ] DEBUG Engine               - credits: []
11:22:42.769 [FXGL Background Thread 3 ] DEBUG Engine               - defaultCursor: CursorInfo(imageName=fxgl_default_cursor.png, hotspotX=7.0, hotspotY=6.0)
11:22:42.770 [FXGL Background Thread 3 ] DEBUG Engine               - devBBoxColorProperty: ObjectProperty [value: 0xff0000ff]
11:22:42.770 [FXGL Background Thread 3 ] DEBUG Engine               - devEnableDebugCameraProperty: BooleanProperty [value: false]
11:22:42.770 [FXGL Background Thread 3 ] DEBUG Engine               - devSensorColorProperty: ObjectProperty [value: 0xffff00ff]
11:22:42.770 [FXGL Background Thread 3 ] DEBUG Engine               - devShowBBoxProperty: BooleanProperty [value: false]
11:22:42.770 [FXGL Background Thread 3 ] DEBUG Engine               - devShowPositionProperty: BooleanProperty [value: false]
11:22:42.770 [FXGL Background Thread 3 ] DEBUG Engine               - enabledMenuItems: []
11:22:42.771 [FXGL Background Thread 3 ] DEBUG Engine               - engineServices: [class com.almasb.fxgl.app.services.FXGLAssetLoaderService, class com.almasb.fxgl.app.FXGLApplication$GameApplicationService, class com.almasb.fxgl.app.services.FXGLDialogService, class com.almasb.fxgl.app.services.IOTaskExecutorService, class com.almasb.fxgl.io.FileSystemService, class com.almasb.fxgl.localization.LocalizationService, class com.almasb.fxgl.app.services.SystemBundleService, class com.almasb.fxgl.profile.SaveLoadService, class com.almasb.fxgl.ui.FXGLUIFactoryServiceProvider, class com.almasb.fxgl.ui.FXGLDialogFactoryServiceProvider, class com.almasb.fxgl.audio.AudioPlayer, class com.almasb.fxgl.notification.impl.NotificationServiceProvider, class com.almasb.fxgl.achievement.AchievementService, class com.almasb.fxgl.cutscene.CutsceneService, class com.almasb.fxgl.minigames.MiniGameService, class com.almasb.fxgl.net.NetService, class com.almasb.fxgl.app.services.UpdaterService, class com.almasb.fxgl.dev.DevService]
11:22:42.771 [FXGL Background Thread 3 ] DEBUG Engine               - fontGame: Abel-Regular.ttf
11:22:42.771 [FXGL Background Thread 3 ] DEBUG Engine               - fontMono: TerminalLandMono-Regular.otf
11:22:42.771 [FXGL Background Thread 3 ] DEBUG Engine               - fontSizeScaleUI: 1.0
11:22:42.771 [FXGL Background Thread 3 ] DEBUG Engine               - fontText: Courier-Prime.ttf
11:22:42.771 [FXGL Background Thread 3 ] DEBUG Engine               - fontUI: VarelaRound-Regular.ttf
11:22:42.771 [FXGL Background Thread 3 ] DEBUG Engine               - fullScreen: BooleanProperty [value: false]
11:22:42.771 [FXGL Background Thread 3 ] DEBUG Engine               - gameDifficulty: MEDIUM
11:22:42.771 [FXGL Background Thread 3 ] DEBUG Engine               - gameDifficultyProperty: ObjectProperty [value: MEDIUM]
11:22:42.771 [FXGL Background Thread 3 ] DEBUG Engine               - globalMusicVolume: 0.5
11:22:42.771 [FXGL Background Thread 3 ] DEBUG Engine               - globalMusicVolumeProperty: DoubleProperty [value: 0.5]
11:22:42.771 [FXGL Background Thread 3 ] DEBUG Engine               - globalSoundVolume: 0.5
11:22:42.771 [FXGL Background Thread 3 ] DEBUG Engine               - globalSoundVolumeProperty: DoubleProperty [value: 0.5]
11:22:42.771 [FXGL Background Thread 3 ] DEBUG Engine               - height: 800
11:22:42.771 [FXGL Background Thread 3 ] DEBUG Engine               - is3D: false
11:22:42.771 [FXGL Background Thread 3 ] DEBUG Engine               - isAndroid: false
11:22:42.771 [FXGL Background Thread 3 ] DEBUG Engine               - isBrowser: false
11:22:42.771 [FXGL Background Thread 3 ] DEBUG Engine               - isClickFeedbackEnabled: false
11:22:42.772 [FXGL Background Thread 3 ] DEBUG Engine               - isCloseConfirmation: false
11:22:42.772 [FXGL Background Thread 3 ] DEBUG Engine               - isDesktop: true
11:22:42.772 [FXGL Background Thread 3 ] DEBUG Engine               - isDeveloperMenuEnabled: false
11:22:42.772 [FXGL Background Thread 3 ] DEBUG Engine               - isEmbedded: false
11:22:42.772 [FXGL Background Thread 3 ] DEBUG Engine               - isEntityPreloadEnabled: true
11:22:42.772 [FXGL Background Thread 3 ] DEBUG Engine               - isExperimentalTiledLargeMap: false
11:22:42.772 [FXGL Background Thread 3 ] DEBUG Engine               - isFileSystemWriteAllowed: true
11:22:42.772 [FXGL Background Thread 3 ] DEBUG Engine               - isFullScreenAllowed: false
11:22:42.773 [FXGL Background Thread 3 ] DEBUG Engine               - isFullScreenFromStart: false
11:22:42.773 [FXGL Background Thread 3 ] DEBUG Engine               - isGameMenuEnabled: true
11:22:42.773 [FXGL Background Thread 3 ] DEBUG Engine               - isIOS: false
11:22:42.773 [FXGL Background Thread 3 ] DEBUG Engine               - isIntroEnabled: false
11:22:42.773 [FXGL Background Thread 3 ] DEBUG Engine               - isLinux: false
11:22:42.773 [FXGL Background Thread 3 ] DEBUG Engine               - isMac: false
11:22:42.773 [FXGL Background Thread 3 ] DEBUG Engine               - isMainMenuEnabled: false
11:22:42.773 [FXGL Background Thread 3 ] DEBUG Engine               - isManualResizeEnabled: false
11:22:42.773 [FXGL Background Thread 3 ] DEBUG Engine               - isMobile: false
11:22:42.773 [FXGL Background Thread 3 ] DEBUG Engine               - isNative: false
11:22:42.773 [FXGL Background Thread 3 ] DEBUG Engine               - isPauseMusicWhenMinimized: true
11:22:42.774 [FXGL Background Thread 3 ] DEBUG Engine               - isPreserveResizeRatio: false
11:22:42.774 [FXGL Background Thread 3 ] DEBUG Engine               - isProfilingEnabled: false
11:22:42.774 [FXGL Background Thread 3 ] DEBUG Engine               - isScaleAffectedOnResize: true
11:22:42.774 [FXGL Background Thread 3 ] DEBUG Engine               - isSingleStep: false
11:22:42.774 [FXGL Background Thread 3 ] DEBUG Engine               - isUserProfileEnabled: false
11:22:42.774 [FXGL Background Thread 3 ] DEBUG Engine               - isWindows: true
11:22:42.774 [FXGL Background Thread 3 ] DEBUG Engine               - language: ObjectProperty [value: ENGLISH]
11:22:42.774 [FXGL Background Thread 3 ] DEBUG Engine               - menuKey: ESCAPE
11:22:42.774 [FXGL Background Thread 3 ] DEBUG Engine               - mouseSensitivity: 0.2
11:22:42.774 [FXGL Background Thread 3 ] DEBUG Engine               - notificationViewClass: class com.almasb.fxgl.notification.view.XboxNotificationView
11:22:42.775 [FXGL Background Thread 3 ] DEBUG Engine               - pixelsPerMeter: 50.0
11:22:42.775 [FXGL Background Thread 3 ] DEBUG Engine               - platform: WINDOWS
11:22:42.775 [FXGL Background Thread 3 ] DEBUG Engine               - prefHeightProperty: ReadOnlyDoubleProperty [value: 800.0]
11:22:42.775 [FXGL Background Thread 3 ] DEBUG Engine               - prefWidthProperty: ReadOnlyDoubleProperty [value: 800.0]
11:22:42.775 [FXGL Background Thread 3 ] DEBUG Engine               - profileDir: profiles/
11:22:42.775 [FXGL Background Thread 3 ] DEBUG Engine               - profileName: StringProperty [value: DEFAULT]
11:22:42.775 [FXGL Background Thread 3 ] DEBUG Engine               - randomSeed: -1
11:22:42.776 [FXGL Background Thread 3 ] DEBUG Engine               - runtimeInfo: RuntimeInfo(platform=WINDOWS, version=17.3, build=30.03.2023 11.54)
11:22:42.776 [FXGL Background Thread 3 ] DEBUG Engine               - saveFileExt: sav
11:22:42.776 [FXGL Background Thread 3 ] DEBUG Engine               - scaledHeightProp$fxgl: DoubleProperty [bound, value: 728.0]
11:22:42.776 [FXGL Background Thread 3 ] DEBUG Engine               - scaledWidthProp$fxgl: DoubleProperty [bound, value: 703.0]
11:22:42.776 [FXGL Background Thread 3 ] DEBUG Engine               - sceneFactory: com.almasb.fxgl.app.scene.SceneFactory@4afe8765
11:22:42.777 [FXGL Background Thread 3 ] DEBUG Engine               - secondsIn24h: 60
11:22:42.777 [FXGL Background Thread 3 ] DEBUG Engine               - soundMenuBack: menu/back.wav
11:22:42.777 [FXGL Background Thread 3 ] DEBUG Engine               - soundMenuPress: menu/press.wav
11:22:42.777 [FXGL Background Thread 3 ] DEBUG Engine               - soundMenuSelect: menu/select.wav
11:22:42.777 [FXGL Background Thread 3 ] DEBUG Engine               - soundNotification: core/notification.wav
11:22:42.777 [FXGL Background Thread 3 ] DEBUG Engine               - stageStyle: DECORATED
11:22:42.777 [FXGL Background Thread 3 ] DEBUG Engine               - supportedLanguages: [ENGLISH, FRENCH, GERMAN, HUNGARIAN, RUSSIAN]
11:22:42.777 [FXGL Background Thread 3 ] DEBUG Engine               - ticksPerSecond: -1
11:22:42.777 [FXGL Background Thread 3 ] DEBUG Engine               - title: Untitled
11:22:42.777 [FXGL Background Thread 3 ] DEBUG Engine               - urlGithub: https://github.com/AlmasB/FXGL
11:22:42.777 [FXGL Background Thread 3 ] DEBUG Engine               - urlLeaderboard: http://fxgl-top.herokuapp.com/
11:22:42.778 [FXGL Background Thread 3 ] DEBUG Engine               - urlPOM: https://raw.githubusercontent.com/AlmasB/FXGL/release/README.md
11:22:42.778 [FXGL Background Thread 3 ] DEBUG Engine               - userAppClass: class core.RTSMain
11:22:42.778 [FXGL Background Thread 3 ] DEBUG Engine               - version: 0.0
11:22:42.778 [FXGL Background Thread 3 ] DEBUG Engine               - versionCheckDays: 7
11:22:42.778 [FXGL Background Thread 3 ] DEBUG Engine               - width: 800
11:22:42.778 [FXGL Background Thread 3 ] DEBUG Engine               - Logging services
11:22:42.778 [FXGL Background Thread 3 ] DEBUG Engine               - class com.almasb.fxgl.app.services.FXGLAssetLoaderService
11:22:42.778 [FXGL Background Thread 3 ] DEBUG Engine               - class com.almasb.fxgl.app.FXGLApplication$GameApplicationService
11:22:42.778 [FXGL Background Thread 3 ] DEBUG Engine               - class com.almasb.fxgl.app.services.FXGLDialogService
11:22:42.778 [FXGL Background Thread 3 ] DEBUG Engine               - class com.almasb.fxgl.app.services.IOTaskExecutorService
11:22:42.778 [FXGL Background Thread 3 ] DEBUG Engine               - class com.almasb.fxgl.io.FileSystemService
11:22:42.778 [FXGL Background Thread 3 ] DEBUG Engine               - class com.almasb.fxgl.localization.LocalizationService
11:22:42.778 [FXGL Background Thread 3 ] DEBUG Engine               - class com.almasb.fxgl.app.services.SystemBundleService
11:22:42.779 [FXGL Background Thread 3 ] DEBUG Engine               - class com.almasb.fxgl.profile.SaveLoadService
11:22:42.779 [FXGL Background Thread 3 ] DEBUG Engine               - class com.almasb.fxgl.ui.FXGLUIFactoryServiceProvider
11:22:42.779 [FXGL Background Thread 3 ] DEBUG Engine               - class com.almasb.fxgl.ui.FXGLDialogFactoryServiceProvider
11:22:42.779 [FXGL Background Thread 3 ] DEBUG Engine               - class com.almasb.fxgl.audio.AudioPlayer
11:22:42.779 [FXGL Background Thread 3 ] DEBUG Engine               - class com.almasb.fxgl.notification.impl.NotificationServiceProvider
11:22:42.779 [FXGL Background Thread 3 ] DEBUG Engine               - class com.almasb.fxgl.achievement.AchievementService
11:22:42.779 [FXGL Background Thread 3 ] DEBUG Engine               - class com.almasb.fxgl.cutscene.CutsceneService
11:22:42.779 [FXGL Background Thread 3 ] DEBUG Engine               - class com.almasb.fxgl.minigames.MiniGameService
11:22:42.779 [FXGL Background Thread 3 ] DEBUG Engine               - class com.almasb.fxgl.net.NetService
11:22:42.779 [FXGL Background Thread 3 ] DEBUG Engine               - class com.almasb.fxgl.app.services.UpdaterService
11:22:42.779 [FXGL Background Thread 3 ] DEBUG Engine               - class com.almasb.fxgl.dev.DevService
11:22:50.258 [JavaFX Application Thread] DEBUG FXGLApplication      - Exiting FXGL
11:22:50.262 [JavaFX Application Thread] DEBUG Async                - Shutting down background threads
11:22:50.266 [JavaFX Application Thread] DEBUG PrimaryStageWindow   - Closing main window
11:22:50.341 [JavaFX Application Thread] DEBUG Logger               - Closing Logger
