11:33:29.482 [main                     ] DEBUG Logger               - Configured Logger
11:33:29.527 [main                     ] DEBUG GameApplication      - Logging settings
Title: Untitled
Version: 0.0
Width: 800
Height: 600
Fullscreen: false
Intro: false
Profiling: false
Single step:false
App Mode: DEVELOPER
Menu Key: ESCAPE
Stage Style: DECORATED
Scene Factory: class com.almasb.fxgl.app.scene.SceneFactory

11:33:29.854 [JavaFX Application Thread] DEBUG FXGLApplication      - Initializing FXGL
11:33:29.865 [JavaFX Application Thread] INFO  Engine               - FXGL-17.3 (30.03.2023 11.54) on WINDOWS (J:20.0.1 FX:20)
11:33:29.866 [JavaFX Application Thread] DEBUG Engine               - JRE Vendor Name: Oracle Corporation
11:33:29.867 [JavaFX Application Thread] DEBUG Engine               - Running on OS: Windows 10 version 10.0
11:33:29.868 [JavaFX Application Thread] DEBUG Engine               - Architecture: amd64
11:33:29.868 [JavaFX Application Thread] INFO  Engine               - Source code and latest versions at: https://github.com/AlmasB/FXGL
11:33:29.868 [JavaFX Application Thread] INFO  Engine               -       Ask questions and discuss at: https://github.com/AlmasB/FXGL/discussions
11:33:29.868 [JavaFX Application Thread] INFO  Engine               -              Join the FXGL chat at: https://gitter.im/AlmasB/FXGL
11:33:30.080 [JavaFX Application Thread] DEBUG PrimaryStageWindow   - Creating a JavaFX scene
11:33:30.232 [JavaFX Application Thread] DEBUG PrimaryStageWindow   - Target settings size: 800.0 x 600.0
11:33:30.232 [JavaFX Application Thread] DEBUG PrimaryStageWindow   - Scaled scene size:    800.0 x 600.0
11:33:30.233 [JavaFX Application Thread] DEBUG PrimaryStageWindow   - Scaled ratio: (1.0, 1.0)
11:33:30.236 [JavaFX Application Thread] DEBUG PrimaryStageWindow   - Set initial scene to FXGLStartupScene
11:33:30.246 [JavaFX Application Thread] DEBUG PrimaryStageWindow   - Opening main window
11:33:30.467 [JavaFX Application Thread] DEBUG PrimaryStageWindow   - Window border size: (16.0, 39.0)
11:33:30.468 [JavaFX Application Thread] DEBUG PrimaryStageWindow   - Scaled size: 800.0 x 600.0
11:33:30.468 [JavaFX Application Thread] DEBUG PrimaryStageWindow   - Scaled ratio: (1.0, 1.0)
11:33:30.469 [JavaFX Application Thread] DEBUG PrimaryStageWindow   - Scene size: 800.0 x 600.0
11:33:30.469 [JavaFX Application Thread] DEBUG PrimaryStageWindow   - Stage size: 816.0 x 639.0
11:33:30.496 [FXGL Background Thread 1 ] DEBUG Engine               - Initializing environment variables
11:33:30.682 [FXGL Background Thread 1 ] DEBUG FXGLAssetLoaderServi - User app class for loading assets: class core.RTSMain
11:33:30.682 [FXGL Background Thread 1 ] DEBUG GameApplicationServi - Applying CSS: fxgl_dark.css
11:33:30.687 [FXGL Background Thread 1 ] DEBUG FXGLAssetLoaderServi - Loading from file system: jar:file:/C:/Users/dcurtis25/Downloads/fxgl-17.3-uber.jar!/fxglassets/ui/css/fxgl_dark.css
11:33:30.812 [FXGL Background Thread 1 ] DEBUG GameApplicationServi - Initializing application scenes
11:33:30.985 [FXGL Background Thread 1 ] DEBUG GameWorld            - Game world initialized
11:33:31.149 [FXGL Background Thread 1 ] DEBUG PhysicsWorld         - Physics world initialized: appHeight=600, physics.ppm=50.0
11:33:31.149 [FXGL Background Thread 1 ] DEBUG PhysicsWorld         - Using strategy: BRUTE_FORCE
11:33:31.157 [FXGL Background Thread 1 ] DEBUG GameScene            - Game scene initialized: 800x600
11:33:31.188 [FXGL Background Thread 1 ] DEBUG FXGL.DefaultMenu     - createMenuBodyGameMenu()
11:33:31.232 [FXGL Background Thread 1 ] DEBUG FXGL.DefaultMenu     - createOptionsMenu()
11:33:31.257 [FXGL Background Thread 1 ] DEBUG FXGLAssetLoaderServi - Loading from file system: jar:file:/C:/Users/dcurtis25/Downloads/fxgl-17.3-uber.jar!/fxglassets/textures/particles/smoke.png
11:33:31.526 [FXGL Background Thread 1 ] DEBUG FXGLAssetLoaderServi - Loading from file system: jar:file:/C:/Users/dcurtis25/Downloads/fxgl-17.3-uber.jar!/fxglassets/textures/particles/trace_horizontal.png
11:33:31.612 [FXGL Background Thread 1 ] DEBUG GameApplicationServi - Application scenes initialized
11:33:31.647 [FXGL Background Thread 1 ] DEBUG SystemBundleService  - Loading FXGL system data
11:33:31.660 [FXGL Background Thread 1 ] DEBUG FileSystemAccess     - Reading from: C:\Users\dcurtis25\git\CompSci-Final-Project\system\fxgl.bundle
11:33:31.697 [FXGL Background Thread 1 ] DEBUG SystemBundleService  - Bundle FXGL: {}
11:33:31.697 [FXGL Background Thread 1 ] DEBUG UpdaterService       - Checking for updates
11:33:31.711 [FXGL Background Thread 1 ] DEBUG FXGLApplication      - Loading default localization
11:33:31.712 [FXGL Background Thread 1 ] DEBUG FXGLAssetLoaderServi - Loading from file system: jar:file:/C:/Users/dcurtis25/Downloads/fxgl-17.3-uber.jar!/fxglassets/languages/english.lang
11:33:31.726 [FXGL Background Thread 4 ] DEBUG FXGLApplication      - Loading fonts
11:33:31.727 [FXGL Background Thread 4 ] DEBUG FXGLAssetLoaderServi - Loading from file system: jar:file:/C:/Users/dcurtis25/Downloads/fxgl-17.3-uber.jar!/fxglassets/ui/fonts/VarelaRound-Regular.ttf
11:33:31.761 [FXGL Background Thread 1 ] INFO  FXGLApplication      - FXGL initialization took: 1.264 sec
11:33:31.797 [JavaFX Application Thread] DEBUG Input                - Registered new binding: action0 - A
11:33:31.798 [JavaFX Application Thread] DEBUG Input                - Registered new binding: action1 - D
11:33:31.799 [JavaFX Application Thread] DEBUG Input                - Registered new binding: action2 - W
11:33:31.800 [JavaFX Application Thread] DEBUG Input                - Registered new binding: action3 - S
11:33:31.801 [JavaFX Application Thread] DEBUG Input                - Registered new binding: action4 - Tab
11:33:31.805 [JavaFX Application Thread] DEBUG Input                - Registered new binding: action5 - LMB
11:33:31.807 [JavaFX Application Thread] DEBUG Input                - Registered new binding: action6 - RMB
11:33:31.808 [JavaFX Application Thread] DEBUG LoopRunner           - Stopping loop
11:33:31.808 [JavaFX Application Thread] DEBUG LoopRunner           - Initializing JavaFX AnimationTimerLoop
11:33:31.817 [JavaFX Application Thread] FATAL FXGLApplication      - Uncaught Exception:
java.lang.IllegalArgumentException: Trigger is already bound: RMB
	at com.almasb.fxgl.input.Input.addBinding(Input.kt:512)
	at com.almasb.fxgl.input.Input.addAction(Input.kt:494)
	at com.almasb.fxgl.input.Input.addAction$default(Input.kt:493)
	at com.almasb.fxgl.dsl.FXGL$Companion.onBtnDown(FXGL.kt:522)
	at com.almasb.fxgl.dsl.FXGL$Companion.onBtnDown(FXGL.kt:518)
	at com.almasb.fxgl.dsl.FXGL.onBtnDown(FXGL.kt)
	at core.RTSMain.initInput(RTSMain.java:80)
	at com.almasb.fxgl.app.FXGLApplication$GameApplicationService.onMainLoopStarting(FXGLApplication.kt:529)
	at com.almasb.fxgl.app.Engine.startLoop(Engine.kt:150)
	at com.almasb.fxgl.app.FXGLApplication.startImpl$lambda$3(FXGLApplication.kt:145)
	at com.almasb.fxgl.core.concurrent.IOTask.succeed(IOTask.java:164)
	at com.almasb.fxgl.core.concurrent.IOTask$1.succeeded(IOTask.java:153)
	at javafx.concurrent.Task.setState(Task.java:726)
	at javafx.concurrent.Task$TaskCallable.lambda$call$1(Task.java:1437)
	at com.sun.javafx.application.PlatformImpl.lambda$runLater$10(PlatformImpl.java:456)
	at java.base/java.security.AccessController.doPrivileged(AccessController.java:400)
	at com.sun.javafx.application.PlatformImpl.lambda$runLater$11(PlatformImpl.java:455)
	at com.sun.glass.ui.InvokeLaterDispatcher$Future.run(InvokeLaterDispatcher.java:95)
	at com.sun.glass.ui.win.WinApplication._runLoop(Native Method)
	at com.sun.glass.ui.win.WinApplication.lambda$runLoop$3(WinApplication.java:185)
	at java.base/java.lang.Thread.run(Thread.java:1623)

11:33:31.818 [JavaFX Application Thread] FATAL FXGLApplication      - Application will now exit
11:33:31.863 [JavaFX Application Thread] DEBUG PrimaryStageWindow   - Push state: ErrorSubScene
11:33:31.863 [JavaFX Application Thread] DEBUG Input                - Clearing active input actions
11:33:31.901 [JavaFX Application Thread] DEBUG GameApplicationServi - Removing overlay from FXGLStartupScene and adding to ErrorSubScene
11:33:31.904 [JavaFX Application Thread] DEBUG PrimaryStageWindow   - FXGLStartupScene -> ErrorSubScene
11:33:32.501 [FXGL Background Thread 4 ] DEBUG FXGLAssetLoaderServi - Loading from file system: jar:file:/C:/Users/dcurtis25/Downloads/fxgl-17.3-uber.jar!/fxglassets/ui/fonts/Abel-Regular.ttf
11:33:32.510 [FXGL Background Thread 4 ] DEBUG FXGLAssetLoaderServi - Loading from file system: jar:file:/C:/Users/dcurtis25/Downloads/fxgl-17.3-uber.jar!/fxglassets/ui/fonts/TerminalLandMono-Regular.otf
11:33:32.544 [FXGL Background Thread 4 ] DEBUG FXGLAssetLoaderServi - Loading from file system: jar:file:/C:/Users/dcurtis25/Downloads/fxgl-17.3-uber.jar!/fxglassets/ui/fonts/Courier-Prime.ttf
11:33:32.606 [JavaFX Application Thread] DEBUG FXGLApplication      - Registering font factories with UI factory
11:33:34.707 [FXGL Background Thread 3 ] DEBUG Engine               - Logging environment variables
11:33:34.708 [FXGL Background Thread 3 ] DEBUG Engine               - achievements: []
11:33:34.708 [FXGL Background Thread 3 ] DEBUG Engine               - actualHeight: 600.0
11:33:34.708 [FXGL Background Thread 3 ] DEBUG Engine               - actualHeightProperty: ReadOnlyDoubleProperty [value: 600.0]
11:33:34.709 [FXGL Background Thread 3 ] DEBUG Engine               - actualWidth: 800.0
11:33:34.709 [FXGL Background Thread 3 ] DEBUG Engine               - actualWidthProperty: ReadOnlyDoubleProperty [value: 800.0]
11:33:34.709 [FXGL Background Thread 3 ] DEBUG Engine               - appIcon: fxgl_icon.png
11:33:34.709 [FXGL Background Thread 3 ] DEBUG Engine               - applicationMode: DEVELOPER
11:33:34.709 [FXGL Background Thread 3 ] DEBUG Engine               - cSSList: [fxgl_dark.css]
11:33:34.709 [FXGL Background Thread 3 ] DEBUG Engine               - collisionDetectionStrategy: BRUTE_FORCE
11:33:34.709 [FXGL Background Thread 3 ] DEBUG Engine               - configClass: Optional.empty
11:33:34.709 [FXGL Background Thread 3 ] DEBUG Engine               - credits: []
11:33:34.710 [FXGL Background Thread 3 ] DEBUG Engine               - defaultCursor: CursorInfo(imageName=fxgl_default_cursor.png, hotspotX=7.0, hotspotY=6.0)
11:33:34.710 [FXGL Background Thread 3 ] DEBUG Engine               - devBBoxColorProperty: ObjectProperty [value: 0xff0000ff]
11:33:34.711 [FXGL Background Thread 3 ] DEBUG Engine               - devEnableDebugCameraProperty: BooleanProperty [value: false]
11:33:34.711 [FXGL Background Thread 3 ] DEBUG Engine               - devSensorColorProperty: ObjectProperty [value: 0xffff00ff]
11:33:34.711 [FXGL Background Thread 3 ] DEBUG Engine               - devShowBBoxProperty: BooleanProperty [value: false]
11:33:34.711 [FXGL Background Thread 3 ] DEBUG Engine               - devShowPositionProperty: BooleanProperty [value: false]
11:33:34.711 [FXGL Background Thread 3 ] DEBUG Engine               - enabledMenuItems: []
11:33:34.711 [FXGL Background Thread 3 ] DEBUG Engine               - engineServices: [class com.almasb.fxgl.app.services.FXGLAssetLoaderService, class com.almasb.fxgl.app.FXGLApplication$GameApplicationService, class com.almasb.fxgl.app.services.FXGLDialogService, class com.almasb.fxgl.app.services.IOTaskExecutorService, class com.almasb.fxgl.io.FileSystemService, class com.almasb.fxgl.localization.LocalizationService, class com.almasb.fxgl.app.services.SystemBundleService, class com.almasb.fxgl.profile.SaveLoadService, class com.almasb.fxgl.ui.FXGLUIFactoryServiceProvider, class com.almasb.fxgl.ui.FXGLDialogFactoryServiceProvider, class com.almasb.fxgl.audio.AudioPlayer, class com.almasb.fxgl.notification.impl.NotificationServiceProvider, class com.almasb.fxgl.achievement.AchievementService, class com.almasb.fxgl.cutscene.CutsceneService, class com.almasb.fxgl.minigames.MiniGameService, class com.almasb.fxgl.net.NetService, class com.almasb.fxgl.app.services.UpdaterService, class com.almasb.fxgl.dev.DevService]
11:33:34.711 [FXGL Background Thread 3 ] DEBUG Engine               - fontGame: Abel-Regular.ttf
11:33:34.711 [FXGL Background Thread 3 ] DEBUG Engine               - fontMono: TerminalLandMono-Regular.otf
11:33:34.712 [FXGL Background Thread 3 ] DEBUG Engine               - fontSizeScaleUI: 1.0
11:33:34.712 [FXGL Background Thread 3 ] DEBUG Engine               - fontText: Courier-Prime.ttf
11:33:34.712 [FXGL Background Thread 3 ] DEBUG Engine               - fontUI: VarelaRound-Regular.ttf
11:33:34.712 [FXGL Background Thread 3 ] DEBUG Engine               - fullScreen: BooleanProperty [value: false]
11:33:34.712 [FXGL Background Thread 3 ] DEBUG Engine               - gameDifficulty: MEDIUM
11:33:34.712 [FXGL Background Thread 3 ] DEBUG Engine               - gameDifficultyProperty: ObjectProperty [value: MEDIUM]
11:33:34.712 [FXGL Background Thread 3 ] DEBUG Engine               - globalMusicVolume: 0.5
11:33:34.713 [FXGL Background Thread 3 ] DEBUG Engine               - globalMusicVolumeProperty: DoubleProperty [value: 0.5]
11:33:34.713 [FXGL Background Thread 3 ] DEBUG Engine               - globalSoundVolume: 0.5
11:33:34.713 [FXGL Background Thread 3 ] DEBUG Engine               - globalSoundVolumeProperty: DoubleProperty [value: 0.5]
11:33:34.713 [FXGL Background Thread 3 ] DEBUG Engine               - height: 600
11:33:34.713 [FXGL Background Thread 3 ] DEBUG Engine               - is3D: false
11:33:34.713 [FXGL Background Thread 3 ] DEBUG Engine               - isAndroid: false
11:33:34.714 [FXGL Background Thread 3 ] DEBUG Engine               - isBrowser: false
11:33:34.714 [FXGL Background Thread 3 ] DEBUG Engine               - isClickFeedbackEnabled: false
11:33:34.714 [FXGL Background Thread 3 ] DEBUG Engine               - isCloseConfirmation: false
11:33:34.714 [FXGL Background Thread 3 ] DEBUG Engine               - isDesktop: true
11:33:34.714 [FXGL Background Thread 3 ] DEBUG Engine               - isDeveloperMenuEnabled: false
11:33:34.714 [FXGL Background Thread 3 ] DEBUG Engine               - isEmbedded: false
11:33:34.714 [FXGL Background Thread 3 ] DEBUG Engine               - isEntityPreloadEnabled: true
11:33:34.715 [FXGL Background Thread 3 ] DEBUG Engine               - isExperimentalTiledLargeMap: false
11:33:34.715 [FXGL Background Thread 3 ] DEBUG Engine               - isFileSystemWriteAllowed: true
11:33:34.715 [FXGL Background Thread 3 ] DEBUG Engine               - isFullScreenAllowed: false
11:33:34.715 [FXGL Background Thread 3 ] DEBUG Engine               - isFullScreenFromStart: false
11:33:34.715 [FXGL Background Thread 3 ] DEBUG Engine               - isGameMenuEnabled: true
11:33:34.715 [FXGL Background Thread 3 ] DEBUG Engine               - isIOS: false
11:33:34.715 [FXGL Background Thread 3 ] DEBUG Engine               - isIntroEnabled: false
11:33:34.715 [FXGL Background Thread 3 ] DEBUG Engine               - isLinux: false
11:33:34.716 [FXGL Background Thread 3 ] DEBUG Engine               - isMac: false
11:33:34.716 [FXGL Background Thread 3 ] DEBUG Engine               - isMainMenuEnabled: false
11:33:34.716 [FXGL Background Thread 3 ] DEBUG Engine               - isManualResizeEnabled: false
11:33:34.716 [FXGL Background Thread 3 ] DEBUG Engine               - isMobile: false
11:33:34.716 [FXGL Background Thread 3 ] DEBUG Engine               - isNative: false
11:33:34.716 [FXGL Background Thread 3 ] DEBUG Engine               - isPauseMusicWhenMinimized: true
11:33:34.716 [FXGL Background Thread 3 ] DEBUG Engine               - isPreserveResizeRatio: false
11:33:34.716 [FXGL Background Thread 3 ] DEBUG Engine               - isProfilingEnabled: false
11:33:34.717 [FXGL Background Thread 3 ] DEBUG Engine               - isScaleAffectedOnResize: true
11:33:34.717 [FXGL Background Thread 3 ] DEBUG Engine               - isSingleStep: false
11:33:34.717 [FXGL Background Thread 3 ] DEBUG Engine               - isUserProfileEnabled: false
11:33:34.717 [FXGL Background Thread 3 ] DEBUG Engine               - isWindows: true
11:33:34.717 [FXGL Background Thread 3 ] DEBUG Engine               - language: ObjectProperty [value: ENGLISH]
11:33:34.717 [FXGL Background Thread 3 ] DEBUG Engine               - menuKey: ESCAPE
11:33:34.718 [FXGL Background Thread 3 ] DEBUG Engine               - mouseSensitivity: 0.2
11:33:34.718 [FXGL Background Thread 3 ] DEBUG Engine               - notificationViewClass: class com.almasb.fxgl.notification.view.XboxNotificationView
11:33:34.718 [FXGL Background Thread 3 ] DEBUG Engine               - pixelsPerMeter: 50.0
11:33:34.718 [FXGL Background Thread 3 ] DEBUG Engine               - platform: WINDOWS
11:33:34.718 [FXGL Background Thread 3 ] DEBUG Engine               - prefHeightProperty: ReadOnlyDoubleProperty [value: 600.0]
11:33:34.718 [FXGL Background Thread 3 ] DEBUG Engine               - prefWidthProperty: ReadOnlyDoubleProperty [value: 800.0]
11:33:34.719 [FXGL Background Thread 3 ] DEBUG Engine               - profileDir: profiles/
11:33:34.719 [FXGL Background Thread 3 ] DEBUG Engine               - profileName: StringProperty [value: DEFAULT]
11:33:34.719 [FXGL Background Thread 3 ] DEBUG Engine               - randomSeed: -1
11:33:34.719 [FXGL Background Thread 3 ] DEBUG Engine               - runtimeInfo: RuntimeInfo(platform=WINDOWS, version=17.3, build=30.03.2023 11.54)
11:33:34.720 [FXGL Background Thread 3 ] DEBUG Engine               - saveFileExt: sav
11:33:34.720 [FXGL Background Thread 3 ] DEBUG Engine               - scaledHeightProp$fxgl: DoubleProperty [bound, value: 600.0]
11:33:34.720 [FXGL Background Thread 3 ] DEBUG Engine               - scaledWidthProp$fxgl: DoubleProperty [bound, value: 800.0]
11:33:34.720 [FXGL Background Thread 3 ] DEBUG Engine               - sceneFactory: com.almasb.fxgl.app.scene.SceneFactory@303acfd4
11:33:34.720 [FXGL Background Thread 3 ] DEBUG Engine               - secondsIn24h: 60
11:33:34.720 [FXGL Background Thread 3 ] DEBUG Engine               - soundMenuBack: menu/back.wav
11:33:34.720 [FXGL Background Thread 3 ] DEBUG Engine               - soundMenuPress: menu/press.wav
11:33:34.721 [FXGL Background Thread 3 ] DEBUG Engine               - soundMenuSelect: menu/select.wav
11:33:34.721 [FXGL Background Thread 3 ] DEBUG Engine               - soundNotification: core/notification.wav
11:33:34.721 [FXGL Background Thread 3 ] DEBUG Engine               - stageStyle: DECORATED
11:33:34.721 [FXGL Background Thread 3 ] DEBUG Engine               - supportedLanguages: [ENGLISH, FRENCH, GERMAN, HUNGARIAN, RUSSIAN]
11:33:34.721 [FXGL Background Thread 3 ] DEBUG Engine               - ticksPerSecond: -1
11:33:34.721 [FXGL Background Thread 3 ] DEBUG Engine               - title: Untitled
11:33:34.721 [FXGL Background Thread 3 ] DEBUG Engine               - urlGithub: https://github.com/AlmasB/FXGL
11:33:34.721 [FXGL Background Thread 3 ] DEBUG Engine               - urlLeaderboard: http://fxgl-top.herokuapp.com/
11:33:34.721 [FXGL Background Thread 3 ] DEBUG Engine               - urlPOM: https://raw.githubusercontent.com/AlmasB/FXGL/release/README.md
11:33:34.722 [FXGL Background Thread 3 ] DEBUG Engine               - userAppClass: class core.RTSMain
11:33:34.722 [FXGL Background Thread 3 ] DEBUG Engine               - version: 0.0
11:33:34.722 [FXGL Background Thread 3 ] DEBUG Engine               - versionCheckDays: 7
11:33:34.722 [FXGL Background Thread 3 ] DEBUG Engine               - width: 800
11:33:34.722 [FXGL Background Thread 3 ] DEBUG Engine               - Logging services
11:33:34.722 [FXGL Background Thread 3 ] DEBUG Engine               - class com.almasb.fxgl.app.services.FXGLAssetLoaderService
11:33:34.722 [FXGL Background Thread 3 ] DEBUG Engine               - class com.almasb.fxgl.app.FXGLApplication$GameApplicationService
11:33:34.722 [FXGL Background Thread 3 ] DEBUG Engine               - class com.almasb.fxgl.app.services.FXGLDialogService
11:33:34.722 [FXGL Background Thread 3 ] DEBUG Engine               - class com.almasb.fxgl.app.services.IOTaskExecutorService
11:33:34.723 [FXGL Background Thread 3 ] DEBUG Engine               - class com.almasb.fxgl.io.FileSystemService
11:33:34.723 [FXGL Background Thread 3 ] DEBUG Engine               - class com.almasb.fxgl.localization.LocalizationService
11:33:34.723 [FXGL Background Thread 3 ] DEBUG Engine               - class com.almasb.fxgl.app.services.SystemBundleService
11:33:34.723 [FXGL Background Thread 3 ] DEBUG Engine               - class com.almasb.fxgl.profile.SaveLoadService
11:33:34.723 [FXGL Background Thread 3 ] DEBUG Engine               - class com.almasb.fxgl.ui.FXGLUIFactoryServiceProvider
11:33:34.723 [FXGL Background Thread 3 ] DEBUG Engine               - class com.almasb.fxgl.ui.FXGLDialogFactoryServiceProvider
11:33:34.723 [FXGL Background Thread 3 ] DEBUG Engine               - class com.almasb.fxgl.audio.AudioPlayer
11:33:34.724 [FXGL Background Thread 3 ] DEBUG Engine               - class com.almasb.fxgl.notification.impl.NotificationServiceProvider
11:33:34.724 [FXGL Background Thread 3 ] DEBUG Engine               - class com.almasb.fxgl.achievement.AchievementService
11:33:34.724 [FXGL Background Thread 3 ] DEBUG Engine               - class com.almasb.fxgl.cutscene.CutsceneService
11:33:34.724 [FXGL Background Thread 3 ] DEBUG Engine               - class com.almasb.fxgl.minigames.MiniGameService
11:33:34.724 [FXGL Background Thread 3 ] DEBUG Engine               - class com.almasb.fxgl.net.NetService
11:33:34.724 [FXGL Background Thread 3 ] DEBUG Engine               - class com.almasb.fxgl.app.services.UpdaterService
11:33:34.724 [FXGL Background Thread 3 ] DEBUG Engine               - class com.almasb.fxgl.dev.DevService
11:33:42.398 [JavaFX Application Thread] DEBUG FXGLApplication      - Exiting FXGL
11:33:42.399 [JavaFX Application Thread] DEBUG Async                - Shutting down background threads
11:33:42.399 [JavaFX Application Thread] DEBUG PrimaryStageWindow   - Closing main window
11:33:42.434 [JavaFX Application Thread] DEBUG Logger               - Closing Logger
