12:30:57.161 [main                     ] DEBUG Logger               - Configured Logger
12:30:57.201 [main                     ] DEBUG GameApplication      - Logging settings
Title: Untitled
Version: 0.0
Width: 800
Height: 800
Fullscreen: false
Intro: false
Profiling: false
Single step:false
App Mode: DEVELOPER
Menu Key: ESCAPE
Stage Style: DECORATED
Scene Factory: class com.almasb.fxgl.app.scene.SceneFactory

12:30:57.488 [JavaFX Application Thread] DEBUG FXGLApplication      - Initializing FXGL
12:30:57.499 [JavaFX Application Thread] INFO  Engine               - FXGL-17.3 (30.03.2023 11.54) on WINDOWS (J:20.0.1 FX:20)
12:30:57.500 [JavaFX Application Thread] DEBUG Engine               - JRE Vendor Name: Oracle Corporation
12:30:57.501 [JavaFX Application Thread] DEBUG Engine               - Running on OS: Windows 10 version 10.0
12:30:57.501 [JavaFX Application Thread] DEBUG Engine               - Architecture: amd64
12:30:57.502 [JavaFX Application Thread] INFO  Engine               - Source code and latest versions at: https://github.com/AlmasB/FXGL
12:30:57.502 [JavaFX Application Thread] INFO  Engine               -       Ask questions and discuss at: https://github.com/AlmasB/FXGL/discussions
12:30:57.508 [JavaFX Application Thread] INFO  Engine               -              Join the FXGL chat at: https://gitter.im/AlmasB/FXGL
12:30:57.720 [JavaFX Application Thread] DEBUG PrimaryStageWindow   - Creating a JavaFX scene
12:30:57.721 [JavaFX Application Thread] DEBUG PrimaryStageWindow   - Target size > screen size
12:30:57.891 [JavaFX Application Thread] DEBUG PrimaryStageWindow   - Target settings size: 800.0 x 800.0
12:30:57.892 [JavaFX Application Thread] DEBUG PrimaryStageWindow   - Scaled scene size:    703.0 x 728.0
12:30:57.893 [JavaFX Application Thread] DEBUG PrimaryStageWindow   - Scaled ratio: (0.87875, 0.91)
12:30:57.896 [JavaFX Application Thread] DEBUG PrimaryStageWindow   - Set initial scene to FXGLStartupScene
12:30:57.906 [JavaFX Application Thread] DEBUG PrimaryStageWindow   - Opening main window
12:30:58.109 [JavaFX Application Thread] DEBUG PrimaryStageWindow   - Window border size: (16.0, 39.0)
12:30:58.110 [JavaFX Application Thread] DEBUG PrimaryStageWindow   - Scaled size: 703.0 x 728.0
12:30:58.111 [JavaFX Application Thread] DEBUG PrimaryStageWindow   - Scaled ratio: (0.87875, 0.91)
12:30:58.111 [JavaFX Application Thread] DEBUG PrimaryStageWindow   - Scene size: 703.0 x 728.0
12:30:58.112 [JavaFX Application Thread] DEBUG PrimaryStageWindow   - Stage size: 719.0 x 767.0
12:30:58.144 [FXGL Background Thread 1 ] DEBUG Engine               - Initializing environment variables
12:30:58.398 [FXGL Background Thread 1 ] DEBUG FXGLAssetLoaderServi - User app class for loading assets: class core.RTSMain
12:30:58.398 [FXGL Background Thread 1 ] DEBUG GameApplicationServi - Applying CSS: fxgl_dark.css
12:30:58.400 [FXGL Background Thread 1 ] DEBUG FXGLAssetLoaderServi - Loading from file system: jar:file:/C:/Users/tnelson25.GVSD/Downloads/fxgl-17.3-uber.jar!/fxglassets/ui/css/fxgl_dark.css
12:30:58.500 [FXGL Background Thread 1 ] DEBUG GameApplicationServi - Initializing application scenes
12:30:58.679 [FXGL Background Thread 1 ] DEBUG GameWorld            - Game world initialized
12:30:58.836 [FXGL Background Thread 1 ] DEBUG PhysicsWorld         - Physics world initialized: appHeight=800, physics.ppm=50.0
12:30:58.837 [FXGL Background Thread 1 ] DEBUG PhysicsWorld         - Using strategy: BRUTE_FORCE
12:30:58.847 [FXGL Background Thread 1 ] DEBUG GameScene            - Game scene initialized: 800x800
12:30:58.884 [FXGL Background Thread 1 ] DEBUG FXGL.DefaultMenu     - createMenuBodyGameMenu()
12:30:58.934 [FXGL Background Thread 1 ] DEBUG FXGL.DefaultMenu     - createOptionsMenu()
12:30:58.956 [FXGL Background Thread 1 ] DEBUG FXGLAssetLoaderServi - Loading from file system: jar:file:/C:/Users/tnelson25.GVSD/Downloads/fxgl-17.3-uber.jar!/fxglassets/textures/particles/smoke.png
12:30:59.247 [FXGL Background Thread 1 ] DEBUG FXGLAssetLoaderServi - Loading from file system: jar:file:/C:/Users/tnelson25.GVSD/Downloads/fxgl-17.3-uber.jar!/fxglassets/textures/particles/trace_horizontal.png
12:30:59.321 [FXGL Background Thread 1 ] DEBUG GameApplicationServi - Application scenes initialized
12:30:59.356 [FXGL Background Thread 1 ] DEBUG SystemBundleService  - Loading FXGL system data
12:30:59.368 [FXGL Background Thread 1 ] DEBUG FileSystemAccess     - Reading from: C:\Users\tnelson25.GVSD\OneDrive - Great Valley School District\10th Grade\APCSA\CompSciFinal\system\fxgl.bundle
12:30:59.397 [FXGL Background Thread 1 ] DEBUG SystemBundleService  - Bundle FXGL: {}
12:30:59.397 [FXGL Background Thread 1 ] DEBUG UpdaterService       - Checking for updates
12:30:59.409 [FXGL Background Thread 1 ] DEBUG FXGLApplication      - Loading default localization
12:30:59.411 [FXGL Background Thread 1 ] DEBUG FXGLAssetLoaderServi - Loading from file system: jar:file:/C:/Users/tnelson25.GVSD/Downloads/fxgl-17.3-uber.jar!/fxglassets/languages/english.lang
12:30:59.420 [FXGL Background Thread 4 ] DEBUG FXGLApplication      - Loading fonts
12:30:59.452 [FXGL Background Thread 4 ] DEBUG FXGLAssetLoaderServi - Loading from file system: jar:file:/C:/Users/tnelson25.GVSD/Downloads/fxgl-17.3-uber.jar!/fxglassets/ui/fonts/VarelaRound-Regular.ttf
12:30:59.468 [FXGL Background Thread 1 ] INFO  FXGLApplication      - FXGL initialization took: 1.324 sec
12:30:59.494 [JavaFX Application Thread] DEBUG Input                - Registered new binding: action0 - A
12:30:59.495 [JavaFX Application Thread] DEBUG Input                - Registered new binding: action1 - D
12:30:59.496 [JavaFX Application Thread] DEBUG Input                - Registered new binding: action2 - W
12:30:59.496 [JavaFX Application Thread] DEBUG Input                - Registered new binding: action3 - S
12:30:59.497 [JavaFX Application Thread] DEBUG Input                - Registered new binding: action4 - Tab
12:30:59.501 [JavaFX Application Thread] DEBUG Input                - Registered new binding: action5 - LMB
12:30:59.502 [JavaFX Application Thread] DEBUG Input                - Registered new binding: action6 - RMB
12:30:59.504 [JavaFX Application Thread] DEBUG Input                - Registered new binding: action7 - H
12:30:59.505 [JavaFX Application Thread] DEBUG FXGLAssetLoaderServi - Loading from file system: jar:file:/C:/Users/tnelson25.GVSD/Downloads/fxgl-17.3-uber.jar!/fxglassets/textures/fxgl_icon.png
12:30:59.569 [JavaFX Application Thread] DEBUG FXGLAssetLoaderServi - Loading from file system: jar:file:/C:/Users/tnelson25.GVSD/Downloads/fxgl-17.3-uber.jar!/fxglassets/textures/fxgl_default_cursor.png
12:30:59.574 [JavaFX Application Thread] DEBUG Input                - Registered new binding: Screenshot - CTRL+8
12:30:59.575 [JavaFX Application Thread] DEBUG Input                - Registered new binding: System info dump - CTRL+9
12:30:59.576 [JavaFX Application Thread] DEBUG Input                - Registered new binding: Restart - CTRL+R
12:30:59.578 [JavaFX Application Thread] DEBUG Input                - Registered new binding: Toggle Debug Camera - CTRL+7
12:30:59.589 [JavaFX Application Thread] DEBUG LoopRunner           - Starting loop
12:30:59.589 [JavaFX Application Thread] DEBUG LoopRunner           - Initializing JavaFX AnimationTimerLoop
12:30:59.593 [JavaFX Application Thread] DEBUG GameApplicationServi - Starting new game
12:30:59.594 [JavaFX Application Thread] DEBUG Input                - Clearing active input actions
12:30:59.622 [JavaFX Application Thread] DEBUG GameApplicationServi - Removing overlay from FXGLStartupScene and adding to FXGLLoadingScene
12:30:59.623 [JavaFX Application Thread] DEBUG PrimaryStageWindow   - FXGLStartupScene -> FXGLLoadingScene
12:30:59.623 [JavaFX Application Thread] DEBUG GameApplicationServi - Clearing previous game
12:30:59.624 [JavaFX Application Thread] DEBUG GameScene            - Clearing game scene
12:30:59.624 [JavaFX Application Thread] DEBUG GameWorld            - Clearing game world
12:30:59.624 [JavaFX Application Thread] DEBUG PhysicsWorld         - Clearing physics world
12:30:59.627 [FXGL Background Thread 1 ] DEBUG FXGLApplication      - Initializing game
12:31:00.751 [FXGL Background Thread 4 ] DEBUG FXGLAssetLoaderServi - Loading from file system: jar:file:/C:/Users/tnelson25.GVSD/Downloads/fxgl-17.3-uber.jar!/fxglassets/ui/fonts/Abel-Regular.ttf
12:31:00.762 [FXGL Background Thread 4 ] DEBUG FXGLAssetLoaderServi - Loading from file system: jar:file:/C:/Users/tnelson25.GVSD/Downloads/fxgl-17.3-uber.jar!/fxglassets/ui/fonts/TerminalLandMono-Regular.otf
12:31:00.772 [FXGL Background Thread 4 ] DEBUG FXGLAssetLoaderServi - Loading from file system: jar:file:/C:/Users/tnelson25.GVSD/Downloads/fxgl-17.3-uber.jar!/fxglassets/ui/fonts/Courier-Prime.ttf
12:31:00.790 [JavaFX Application Thread] DEBUG FXGLApplication      - Registering font factories with UI factory
12:31:02.080 [FXGL Background Thread 1 ] INFO  FXGLApplication      - Game initialization took: 2.453 sec
12:31:02.087 [JavaFX Application Thread] DEBUG Input                - Clearing active input actions
12:31:02.162 [JavaFX Application Thread] DEBUG GameApplicationServi - Removing overlay from FXGLLoadingScene and adding to GameScene
12:31:02.163 [JavaFX Application Thread] DEBUG PrimaryStageWindow   - FXGLLoadingScene -> GameScene
12:31:02.197 [JavaFX Application Thread] DEBUG LoopRunner           - Stopping loop
12:31:02.206 [JavaFX Application Thread] FATAL FXGLApplication      - Uncaught Exception:
java.lang.Error: Unresolved compilation problem: 
	Syntax error, insert "}" to complete Statement

	at core.RTSMain.onUpdate(RTSMain.java:198)
	at com.almasb.fxgl.app.FXGLApplication$GameApplicationService.onGameUpdate(FXGLApplication.kt:421)
	at com.almasb.fxgl.app.Engine.onGameUpdate(Engine.kt:138)
	at com.almasb.fxgl.app.FXGLApplication.postServicesInit$lambda$7(FXGLApplication.kt:182)
	at com.almasb.fxgl.scene.Scene.update(Scene.kt:113)
	at com.almasb.fxgl.app.MainWindow$update$1.invoke(MainWindow.kt:115)
	at com.almasb.fxgl.app.MainWindow$update$1.invoke(MainWindow.kt:115)
	at com.almasb.fxgl.core.fsm.StateMachine.runOnActiveStates(StateMachine.kt:69)
	at com.almasb.fxgl.app.MainWindow.update(MainWindow.kt:115)
	at com.almasb.fxgl.app.FXGLApplication$GameApplicationService.onUpdate(FXGLApplication.kt:426)
	at com.almasb.fxgl.app.Engine.loop(Engine.kt:134)
	at com.almasb.fxgl.app.Engine.access$loop(Engine.kt:24)
	at com.almasb.fxgl.app.Engine$loop$1.invoke(Engine.kt:28)
	at com.almasb.fxgl.app.Engine$loop$1.invoke(Engine.kt:28)
	at com.almasb.fxgl.app.LoopRunner.frame(LoopRunner.kt:103)
	at com.almasb.fxgl.app.LoopRunner.access$frame(LoopRunner.kt:23)
	at com.almasb.fxgl.app.LoopRunner$impl$2$1.onTick(LoopRunner.kt:57)
	at com.almasb.fxgl.app.AnimationTimerLoop$timer$1.handle(LoopRunner.kt:137)
	at javafx.animation.AnimationTimer$AnimationTimerReceiver.lambda$handle$0(AnimationTimer.java:58)
	at java.base/java.security.AccessController.doPrivileged(AccessController.java:400)
	at javafx.animation.AnimationTimer$AnimationTimerReceiver.handle(AnimationTimer.java:57)
	at com.sun.scenario.animation.AbstractPrimaryTimer.timePulseImpl(AbstractPrimaryTimer.java:356)
	at com.sun.scenario.animation.AbstractPrimaryTimer$MainLoop.run(AbstractPrimaryTimer.java:266)
	at com.sun.javafx.tk.quantum.QuantumToolkit.pulse(QuantumToolkit.java:588)
	at com.sun.javafx.tk.quantum.QuantumToolkit.pulse(QuantumToolkit.java:572)
	at com.sun.javafx.tk.quantum.QuantumToolkit.pulseFromQueue(QuantumToolkit.java:565)
	at com.sun.javafx.tk.quantum.QuantumToolkit.lambda$runToolkit$11(QuantumToolkit.java:352)
	at com.sun.glass.ui.InvokeLaterDispatcher$Future.run(InvokeLaterDispatcher.java:95)
	at com.sun.glass.ui.win.WinApplication._runLoop(Native Method)
	at com.sun.glass.ui.win.WinApplication.lambda$runLoop$3(WinApplication.java:185)
	at java.base/java.lang.Thread.run(Thread.java:1623)

12:31:02.206 [JavaFX Application Thread] FATAL FXGLApplication      - Application will now exit
12:31:02.267 [JavaFX Application Thread] DEBUG PrimaryStageWindow   - Push state: ErrorSubScene
12:31:02.268 [JavaFX Application Thread] DEBUG Input                - Clearing active input actions
12:31:02.285 [JavaFX Application Thread] DEBUG GameApplicationServi - Removing overlay from GameScene and adding to ErrorSubScene
12:31:02.286 [JavaFX Application Thread] DEBUG PrimaryStageWindow   - GameScene -> ErrorSubScene
12:31:02.404 [FXGL Background Thread 3 ] DEBUG Engine               - Logging environment variables
12:31:02.414 [FXGL Background Thread 3 ] DEBUG Engine               - achievements: []
12:31:02.414 [FXGL Background Thread 3 ] DEBUG Engine               - actualHeight: 728.0
12:31:02.414 [FXGL Background Thread 3 ] DEBUG Engine               - actualHeightProperty: ReadOnlyDoubleProperty [value: 728.0]
12:31:02.414 [FXGL Background Thread 3 ] DEBUG Engine               - actualWidth: 703.0
12:31:02.415 [FXGL Background Thread 3 ] DEBUG Engine               - actualWidthProperty: ReadOnlyDoubleProperty [value: 703.0]
12:31:02.415 [FXGL Background Thread 3 ] DEBUG Engine               - appIcon: fxgl_icon.png
12:31:02.415 [FXGL Background Thread 3 ] DEBUG Engine               - applicationMode: DEVELOPER
12:31:02.415 [FXGL Background Thread 3 ] DEBUG Engine               - cSSList: [fxgl_dark.css]
12:31:02.415 [FXGL Background Thread 3 ] DEBUG Engine               - collisionDetectionStrategy: BRUTE_FORCE
12:31:02.415 [FXGL Background Thread 3 ] DEBUG Engine               - configClass: Optional.empty
12:31:02.415 [FXGL Background Thread 3 ] DEBUG Engine               - credits: []
12:31:02.416 [FXGL Background Thread 3 ] DEBUG Engine               - defaultCursor: CursorInfo(imageName=fxgl_default_cursor.png, hotspotX=7.0, hotspotY=6.0)
12:31:02.417 [FXGL Background Thread 3 ] DEBUG Engine               - devBBoxColorProperty: ObjectProperty [value: 0xff0000ff]
12:31:02.417 [FXGL Background Thread 3 ] DEBUG Engine               - devEnableDebugCameraProperty: BooleanProperty [value: false]
12:31:02.417 [FXGL Background Thread 3 ] DEBUG Engine               - devSensorColorProperty: ObjectProperty [value: 0xffff00ff]
12:31:02.417 [FXGL Background Thread 3 ] DEBUG Engine               - devShowBBoxProperty: BooleanProperty [value: false]
12:31:02.417 [FXGL Background Thread 3 ] DEBUG Engine               - devShowPositionProperty: BooleanProperty [value: false]
12:31:02.417 [FXGL Background Thread 3 ] DEBUG Engine               - enabledMenuItems: []
12:31:02.418 [FXGL Background Thread 3 ] DEBUG Engine               - engineServices: [class com.almasb.fxgl.app.services.FXGLAssetLoaderService, class com.almasb.fxgl.app.FXGLApplication$GameApplicationService, class com.almasb.fxgl.app.services.FXGLDialogService, class com.almasb.fxgl.app.services.IOTaskExecutorService, class com.almasb.fxgl.io.FileSystemService, class com.almasb.fxgl.localization.LocalizationService, class com.almasb.fxgl.app.services.SystemBundleService, class com.almasb.fxgl.profile.SaveLoadService, class com.almasb.fxgl.ui.FXGLUIFactoryServiceProvider, class com.almasb.fxgl.ui.FXGLDialogFactoryServiceProvider, class com.almasb.fxgl.audio.AudioPlayer, class com.almasb.fxgl.notification.impl.NotificationServiceProvider, class com.almasb.fxgl.achievement.AchievementService, class com.almasb.fxgl.cutscene.CutsceneService, class com.almasb.fxgl.minigames.MiniGameService, class com.almasb.fxgl.net.NetService, class com.almasb.fxgl.app.services.UpdaterService, class com.almasb.fxgl.dev.DevService]
12:31:02.418 [FXGL Background Thread 3 ] DEBUG Engine               - fontGame: Abel-Regular.ttf
12:31:02.418 [FXGL Background Thread 3 ] DEBUG Engine               - fontMono: TerminalLandMono-Regular.otf
12:31:02.418 [FXGL Background Thread 3 ] DEBUG Engine               - fontSizeScaleUI: 1.0
12:31:02.418 [FXGL Background Thread 3 ] DEBUG Engine               - fontText: Courier-Prime.ttf
12:31:02.418 [FXGL Background Thread 3 ] DEBUG Engine               - fontUI: VarelaRound-Regular.ttf
12:31:02.418 [FXGL Background Thread 3 ] DEBUG Engine               - fullScreen: BooleanProperty [value: false]
12:31:02.419 [FXGL Background Thread 3 ] DEBUG Engine               - gameDifficulty: MEDIUM
12:31:02.419 [FXGL Background Thread 3 ] DEBUG Engine               - gameDifficultyProperty: ObjectProperty [value: MEDIUM]
12:31:02.419 [FXGL Background Thread 3 ] DEBUG Engine               - globalMusicVolume: 0.5
12:31:02.419 [FXGL Background Thread 3 ] DEBUG Engine               - globalMusicVolumeProperty: DoubleProperty [value: 0.5]
12:31:02.419 [FXGL Background Thread 3 ] DEBUG Engine               - globalSoundVolume: 0.5
12:31:02.419 [FXGL Background Thread 3 ] DEBUG Engine               - globalSoundVolumeProperty: DoubleProperty [value: 0.5]
12:31:02.419 [FXGL Background Thread 3 ] DEBUG Engine               - height: 800
12:31:02.419 [FXGL Background Thread 3 ] DEBUG Engine               - is3D: false
12:31:02.420 [FXGL Background Thread 3 ] DEBUG Engine               - isAndroid: false
12:31:02.420 [FXGL Background Thread 3 ] DEBUG Engine               - isBrowser: false
12:31:02.420 [FXGL Background Thread 3 ] DEBUG Engine               - isClickFeedbackEnabled: false
12:31:02.420 [FXGL Background Thread 3 ] DEBUG Engine               - isCloseConfirmation: false
12:31:02.420 [FXGL Background Thread 3 ] DEBUG Engine               - isDesktop: true
12:31:02.420 [FXGL Background Thread 3 ] DEBUG Engine               - isDeveloperMenuEnabled: false
12:31:02.420 [FXGL Background Thread 3 ] DEBUG Engine               - isEmbedded: false
12:31:02.420 [FXGL Background Thread 3 ] DEBUG Engine               - isEntityPreloadEnabled: true
12:31:02.420 [FXGL Background Thread 3 ] DEBUG Engine               - isExperimentalTiledLargeMap: false
12:31:02.420 [FXGL Background Thread 3 ] DEBUG Engine               - isFileSystemWriteAllowed: true
12:31:02.421 [FXGL Background Thread 3 ] DEBUG Engine               - isFullScreenAllowed: false
12:31:02.421 [FXGL Background Thread 3 ] DEBUG Engine               - isFullScreenFromStart: false
12:31:02.421 [FXGL Background Thread 3 ] DEBUG Engine               - isGameMenuEnabled: true
12:31:02.421 [FXGL Background Thread 3 ] DEBUG Engine               - isIOS: false
12:31:02.421 [FXGL Background Thread 3 ] DEBUG Engine               - isIntroEnabled: false
12:31:02.421 [FXGL Background Thread 3 ] DEBUG Engine               - isLinux: false
12:31:02.421 [FXGL Background Thread 3 ] DEBUG Engine               - isMac: false
12:31:02.421 [FXGL Background Thread 3 ] DEBUG Engine               - isMainMenuEnabled: false
12:31:02.421 [FXGL Background Thread 3 ] DEBUG Engine               - isManualResizeEnabled: false
12:31:02.421 [FXGL Background Thread 3 ] DEBUG Engine               - isMobile: false
12:31:02.421 [FXGL Background Thread 3 ] DEBUG Engine               - isNative: false
12:31:02.421 [FXGL Background Thread 3 ] DEBUG Engine               - isPauseMusicWhenMinimized: true
12:31:02.422 [FXGL Background Thread 3 ] DEBUG Engine               - isPreserveResizeRatio: false
12:31:02.422 [FXGL Background Thread 3 ] DEBUG Engine               - isProfilingEnabled: false
12:31:02.422 [FXGL Background Thread 3 ] DEBUG Engine               - isScaleAffectedOnResize: true
12:31:02.422 [FXGL Background Thread 3 ] DEBUG Engine               - isSingleStep: false
12:31:02.422 [FXGL Background Thread 3 ] DEBUG Engine               - isUserProfileEnabled: false
12:31:02.422 [FXGL Background Thread 3 ] DEBUG Engine               - isWindows: true
12:31:02.422 [FXGL Background Thread 3 ] DEBUG Engine               - language: ObjectProperty [value: ENGLISH]
12:31:02.422 [FXGL Background Thread 3 ] DEBUG Engine               - menuKey: ESCAPE
12:31:02.422 [FXGL Background Thread 3 ] DEBUG Engine               - mouseSensitivity: 0.2
12:31:02.422 [FXGL Background Thread 3 ] DEBUG Engine               - notificationViewClass: class com.almasb.fxgl.notification.view.XboxNotificationView
12:31:02.423 [FXGL Background Thread 3 ] DEBUG Engine               - pixelsPerMeter: 50.0
12:31:02.423 [FXGL Background Thread 3 ] DEBUG Engine               - platform: WINDOWS
12:31:02.423 [FXGL Background Thread 3 ] DEBUG Engine               - prefHeightProperty: ReadOnlyDoubleProperty [value: 800.0]
12:31:02.423 [FXGL Background Thread 3 ] DEBUG Engine               - prefWidthProperty: ReadOnlyDoubleProperty [value: 800.0]
12:31:02.423 [FXGL Background Thread 3 ] DEBUG Engine               - profileDir: profiles/
12:31:02.423 [FXGL Background Thread 3 ] DEBUG Engine               - profileName: StringProperty [value: DEFAULT]
12:31:02.423 [FXGL Background Thread 3 ] DEBUG Engine               - randomSeed: -1
12:31:02.424 [FXGL Background Thread 3 ] DEBUG Engine               - runtimeInfo: RuntimeInfo(platform=WINDOWS, version=17.3, build=30.03.2023 11.54)
12:31:02.425 [FXGL Background Thread 3 ] DEBUG Engine               - saveFileExt: sav
12:31:02.425 [FXGL Background Thread 3 ] DEBUG Engine               - scaledHeightProp$fxgl: DoubleProperty [bound, value: 728.0]
12:31:02.425 [FXGL Background Thread 3 ] DEBUG Engine               - scaledWidthProp$fxgl: DoubleProperty [bound, value: 703.0]
12:31:02.425 [FXGL Background Thread 3 ] DEBUG Engine               - sceneFactory: com.almasb.fxgl.app.scene.SceneFactory@5a9e2b43
12:31:02.425 [FXGL Background Thread 3 ] DEBUG Engine               - secondsIn24h: 60
12:31:02.425 [FXGL Background Thread 3 ] DEBUG Engine               - soundMenuBack: menu/back.wav
12:31:02.425 [FXGL Background Thread 3 ] DEBUG Engine               - soundMenuPress: menu/press.wav
12:31:02.425 [FXGL Background Thread 3 ] DEBUG Engine               - soundMenuSelect: menu/select.wav
12:31:02.425 [FXGL Background Thread 3 ] DEBUG Engine               - soundNotification: core/notification.wav
12:31:02.426 [FXGL Background Thread 3 ] DEBUG Engine               - stageStyle: DECORATED
12:31:02.426 [FXGL Background Thread 3 ] DEBUG Engine               - supportedLanguages: [ENGLISH, FRENCH, GERMAN, HUNGARIAN, RUSSIAN]
12:31:02.426 [FXGL Background Thread 3 ] DEBUG Engine               - ticksPerSecond: -1
12:31:02.426 [FXGL Background Thread 3 ] DEBUG Engine               - title: Untitled
12:31:02.426 [FXGL Background Thread 3 ] DEBUG Engine               - urlGithub: https://github.com/AlmasB/FXGL
12:31:02.426 [FXGL Background Thread 3 ] DEBUG Engine               - urlLeaderboard: http://fxgl-top.herokuapp.com/
12:31:02.426 [FXGL Background Thread 3 ] DEBUG Engine               - urlPOM: https://raw.githubusercontent.com/AlmasB/FXGL/release/README.md
12:31:02.426 [FXGL Background Thread 3 ] DEBUG Engine               - userAppClass: class core.RTSMain
12:31:02.426 [FXGL Background Thread 3 ] DEBUG Engine               - version: 0.0
12:31:02.426 [FXGL Background Thread 3 ] DEBUG Engine               - versionCheckDays: 7
12:31:02.426 [FXGL Background Thread 3 ] DEBUG Engine               - width: 800
12:31:02.426 [FXGL Background Thread 3 ] DEBUG Engine               - Logging services
12:31:02.427 [FXGL Background Thread 3 ] DEBUG Engine               - class com.almasb.fxgl.app.services.FXGLAssetLoaderService
12:31:02.427 [FXGL Background Thread 3 ] DEBUG Engine               - class com.almasb.fxgl.app.FXGLApplication$GameApplicationService
12:31:02.427 [FXGL Background Thread 3 ] DEBUG Engine               - class com.almasb.fxgl.app.services.FXGLDialogService
12:31:02.427 [FXGL Background Thread 3 ] DEBUG Engine               - class com.almasb.fxgl.app.services.IOTaskExecutorService
12:31:02.427 [FXGL Background Thread 3 ] DEBUG Engine               - class com.almasb.fxgl.io.FileSystemService
12:31:02.427 [FXGL Background Thread 3 ] DEBUG Engine               - class com.almasb.fxgl.localization.LocalizationService
12:31:02.427 [FXGL Background Thread 3 ] DEBUG Engine               - class com.almasb.fxgl.app.services.SystemBundleService
12:31:02.427 [FXGL Background Thread 3 ] DEBUG Engine               - class com.almasb.fxgl.profile.SaveLoadService
12:31:02.427 [FXGL Background Thread 3 ] DEBUG Engine               - class com.almasb.fxgl.ui.FXGLUIFactoryServiceProvider
12:31:02.427 [FXGL Background Thread 3 ] DEBUG Engine               - class com.almasb.fxgl.ui.FXGLDialogFactoryServiceProvider
12:31:02.427 [FXGL Background Thread 3 ] DEBUG Engine               - class com.almasb.fxgl.audio.AudioPlayer
12:31:02.427 [FXGL Background Thread 3 ] DEBUG Engine               - class com.almasb.fxgl.notification.impl.NotificationServiceProvider
12:31:02.427 [FXGL Background Thread 3 ] DEBUG Engine               - class com.almasb.fxgl.achievement.AchievementService
12:31:02.427 [FXGL Background Thread 3 ] DEBUG Engine               - class com.almasb.fxgl.cutscene.CutsceneService
12:31:02.428 [FXGL Background Thread 3 ] DEBUG Engine               - class com.almasb.fxgl.minigames.MiniGameService
12:31:02.428 [FXGL Background Thread 3 ] DEBUG Engine               - class com.almasb.fxgl.net.NetService
12:31:02.428 [FXGL Background Thread 3 ] DEBUG Engine               - class com.almasb.fxgl.app.services.UpdaterService
12:31:02.428 [FXGL Background Thread 3 ] DEBUG Engine               - class com.almasb.fxgl.dev.DevService
12:31:04.364 [JavaFX Application Thread] DEBUG FXGLApplication      - Exiting FXGL
12:31:04.364 [JavaFX Application Thread] DEBUG Async                - Shutting down background threads
12:31:04.365 [JavaFX Application Thread] DEBUG PrimaryStageWindow   - Closing main window
12:31:04.385 [JavaFX Application Thread] DEBUG Logger               - Closing Logger
