16:56:54.551 [main                     ] DEBUG Logger               - Configured Logger
16:56:54.566 [main                     ] DEBUG GameApplication      - Logging settings
Title: Untitled
Version: 0.0
Width: 800
Height: 800
Fullscreen: false
Intro: false
Profiling: false
Single step:false
App Mode: DEVELOPER
Menu Key: ESCAPE
Stage Style: DECORATED
Scene Factory: class com.almasb.fxgl.app.scene.SceneFactory

16:56:54.742 [JavaFX Application Thread] DEBUG FXGLApplication      - Initializing FXGL
16:56:54.745 [JavaFX Application Thread] INFO  Engine               - FXGL-17.3 (30.03.2023 11.54) on WINDOWS (J:20.0.1 FX:20)
16:56:54.746 [JavaFX Application Thread] DEBUG Engine               - JRE Vendor Name: Eclipse Adoptium
16:56:54.746 [JavaFX Application Thread] DEBUG Engine               - Running on OS: Windows 10 version 10.0
16:56:54.746 [JavaFX Application Thread] DEBUG Engine               - Architecture: amd64
16:56:54.746 [JavaFX Application Thread] INFO  Engine               - Source code and latest versions at: https://github.com/AlmasB/FXGL
16:56:54.746 [JavaFX Application Thread] INFO  Engine               -       Ask questions and discuss at: https://github.com/AlmasB/FXGL/discussions
16:56:54.746 [JavaFX Application Thread] INFO  Engine               -              Join the FXGL chat at: https://gitter.im/AlmasB/FXGL
16:56:54.806 [JavaFX Application Thread] DEBUG PrimaryStageWindow   - Creating a JavaFX scene
16:56:54.848 [JavaFX Application Thread] DEBUG PrimaryStageWindow   - Target settings size: 800.0 x 800.0
16:56:54.848 [JavaFX Application Thread] DEBUG PrimaryStageWindow   - Scaled scene size:    800.0 x 800.0
16:56:54.848 [JavaFX Application Thread] DEBUG PrimaryStageWindow   - Scaled ratio: (1.0, 1.0)
16:56:54.849 [JavaFX Application Thread] DEBUG PrimaryStageWindow   - Set initial scene to FXGLStartupScene
16:56:54.853 [JavaFX Application Thread] DEBUG PrimaryStageWindow   - Opening main window
16:56:54.937 [JavaFX Application Thread] DEBUG PrimaryStageWindow   - Window border size: (16.0, 39.0)
16:56:54.937 [JavaFX Application Thread] DEBUG PrimaryStageWindow   - Scaled size: 800.0 x 800.0
16:56:54.938 [JavaFX Application Thread] DEBUG PrimaryStageWindow   - Scaled ratio: (1.0, 1.0)
16:56:54.938 [JavaFX Application Thread] DEBUG PrimaryStageWindow   - Scene size: 800.0 x 800.0
16:56:54.938 [JavaFX Application Thread] DEBUG PrimaryStageWindow   - Stage size: 816.0 x 839.0
16:56:54.945 [FXGL Background Thread 1 ] DEBUG Engine               - Initializing environment variables
16:56:55.005 [FXGL Background Thread 1 ] DEBUG FXGLAssetLoaderServi - User app class for loading assets: class core.RTSMain
16:56:55.006 [FXGL Background Thread 1 ] DEBUG GameApplicationServi - Applying CSS: fxgl_dark.css
16:56:55.006 [FXGL Background Thread 1 ] DEBUG FXGLAssetLoaderServi - Loading from file system: jar:file:/D:/A/fxgl-17.3-uber.jar!/fxglassets/ui/css/fxgl_dark.css
16:56:55.042 [FXGL Background Thread 1 ] DEBUG GameApplicationServi - Initializing application scenes
16:56:55.077 [FXGL Background Thread 1 ] DEBUG GameWorld            - Game world initialized
16:56:55.131 [FXGL Background Thread 1 ] DEBUG PhysicsWorld         - Physics world initialized: appHeight=800, physics.ppm=50.0
16:56:55.131 [FXGL Background Thread 1 ] DEBUG PhysicsWorld         - Using strategy: BRUTE_FORCE
16:56:55.136 [FXGL Background Thread 1 ] DEBUG GameScene            - Game scene initialized: 800x800
16:56:55.147 [FXGL Background Thread 1 ] DEBUG FXGL.DefaultMenu     - createMenuBodyGameMenu()
16:56:55.161 [FXGL Background Thread 1 ] DEBUG FXGL.DefaultMenu     - createOptionsMenu()
16:56:55.170 [FXGL Background Thread 1 ] DEBUG FXGLAssetLoaderServi - Loading from file system: jar:file:/D:/A/fxgl-17.3-uber.jar!/fxglassets/textures/particles/smoke.png
16:56:55.264 [FXGL Background Thread 1 ] DEBUG FXGLAssetLoaderServi - Loading from file system: jar:file:/D:/A/fxgl-17.3-uber.jar!/fxglassets/textures/particles/trace_horizontal.png
16:56:55.287 [FXGL Background Thread 1 ] DEBUG GameApplicationServi - Application scenes initialized
16:56:55.298 [FXGL Background Thread 1 ] DEBUG SystemBundleService  - Loading FXGL system data
16:56:55.305 [FXGL Background Thread 1 ] DEBUG FileSystemAccess     - Reading from: C:\Users\x\git\CompSci-Final-Project\system\fxgl.bundle
16:56:55.313 [FXGL Background Thread 1 ] DEBUG SystemBundleService  - Bundle FXGL: {}
16:56:55.313 [FXGL Background Thread 1 ] DEBUG UpdaterService       - Checking for updates
16:56:55.316 [FXGL Background Thread 4 ] DEBUG FXGLApplication      - Loading fonts
16:56:55.316 [FXGL Background Thread 4 ] DEBUG FXGLAssetLoaderServi - Loading from file system: jar:file:/D:/A/fxgl-17.3-uber.jar!/fxglassets/ui/fonts/VarelaRound-Regular.ttf
16:56:55.316 [FXGL Background Thread 1 ] DEBUG FXGLApplication      - Loading default localization
16:56:55.317 [FXGL Background Thread 1 ] DEBUG FXGLAssetLoaderServi - Loading from file system: jar:file:/D:/A/fxgl-17.3-uber.jar!/fxglassets/languages/english.lang
16:56:55.336 [FXGL Background Thread 1 ] INFO  FXGLApplication      - FXGL initialization took: 0.392 sec
16:56:55.346 [JavaFX Application Thread] DEBUG Input                - Registered new binding: action0 - A
16:56:55.347 [JavaFX Application Thread] DEBUG Input                - Registered new binding: action1 - D
16:56:55.347 [JavaFX Application Thread] DEBUG Input                - Registered new binding: action2 - W
16:56:55.348 [JavaFX Application Thread] DEBUG Input                - Registered new binding: action3 - S
16:56:55.348 [JavaFX Application Thread] DEBUG Input                - Registered new binding: action4 - Tab
16:56:55.350 [JavaFX Application Thread] DEBUG Input                - Registered new binding: action5 - LMB
16:56:55.350 [JavaFX Application Thread] DEBUG Input                - Registered new binding: action6 - RMB
16:56:55.351 [JavaFX Application Thread] DEBUG Input                - Registered new binding: action7 - H
16:56:55.352 [JavaFX Application Thread] DEBUG FXGLAssetLoaderServi - Loading from file system: jar:file:/D:/A/fxgl-17.3-uber.jar!/fxglassets/textures/fxgl_icon.png
16:56:55.374 [JavaFX Application Thread] DEBUG FXGLAssetLoaderServi - Loading from file system: jar:file:/D:/A/fxgl-17.3-uber.jar!/fxglassets/textures/fxgl_default_cursor.png
16:56:55.377 [JavaFX Application Thread] DEBUG Input                - Registered new binding: Screenshot - CTRL+8
16:56:55.378 [JavaFX Application Thread] DEBUG Input                - Registered new binding: System info dump - CTRL+9
16:56:55.379 [JavaFX Application Thread] DEBUG Input                - Registered new binding: Restart - CTRL+R
16:56:55.379 [JavaFX Application Thread] DEBUG Input                - Registered new binding: Toggle Debug Camera - CTRL+7
16:56:55.382 [FXGL Background Thread 4 ] DEBUG FXGLAssetLoaderServi - Loading from file system: jar:file:/D:/A/fxgl-17.3-uber.jar!/fxglassets/ui/fonts/Abel-Regular.ttf
16:56:55.382 [JavaFX Application Thread] DEBUG LoopRunner           - Starting loop
16:56:55.382 [JavaFX Application Thread] DEBUG LoopRunner           - Initializing JavaFX AnimationTimerLoop
16:56:55.384 [JavaFX Application Thread] DEBUG GameApplicationServi - Starting new game
16:56:55.384 [JavaFX Application Thread] DEBUG Input                - Clearing active input actions
16:56:55.384 [FXGL Background Thread 4 ] DEBUG FXGLAssetLoaderServi - Loading from file system: jar:file:/D:/A/fxgl-17.3-uber.jar!/fxglassets/ui/fonts/TerminalLandMono-Regular.otf
16:56:55.389 [FXGL Background Thread 4 ] DEBUG FXGLAssetLoaderServi - Loading from file system: jar:file:/D:/A/fxgl-17.3-uber.jar!/fxglassets/ui/fonts/Courier-Prime.ttf
16:56:55.400 [JavaFX Application Thread] DEBUG GameApplicationServi - Removing overlay from FXGLStartupScene and adding to FXGLLoadingScene
16:56:55.400 [JavaFX Application Thread] DEBUG PrimaryStageWindow   - FXGLStartupScene -> FXGLLoadingScene
16:56:55.400 [JavaFX Application Thread] DEBUG GameApplicationServi - Clearing previous game
16:56:55.400 [JavaFX Application Thread] DEBUG GameScene            - Clearing game scene
16:56:55.400 [JavaFX Application Thread] DEBUG GameWorld            - Clearing game world
16:56:55.400 [JavaFX Application Thread] DEBUG PhysicsWorld         - Clearing physics world
16:56:55.402 [FXGL Background Thread 4 ] DEBUG FXGLApplication      - Initializing game
16:56:55.464 [JavaFX Application Thread] DEBUG FXGLApplication      - Registering font factories with UI factory
16:56:55.838 [FXGL Background Thread 4 ] INFO  FXGLApplication      - Game initialization took: 0.436 sec
16:56:55.839 [JavaFX Application Thread] DEBUG Input                - Clearing active input actions
16:56:55.868 [JavaFX Application Thread] DEBUG GameApplicationServi - Removing overlay from FXGLLoadingScene and adding to GameScene
16:56:55.869 [JavaFX Application Thread] DEBUG PrimaryStageWindow   - FXGLLoadingScene -> GameScene
16:56:57.762 [JavaFX Application Thread] DEBUG FXGLApplication      - Exiting FXGL
16:56:57.762 [JavaFX Application Thread] DEBUG LoopRunner           - Stopping loop
16:56:57.762 [JavaFX Application Thread] DEBUG SystemBundleService  - Saving FXGL system data
16:56:57.764 [JavaFX Application Thread] DEBUG FileSystemAccess     - Writing to: C:\Users\x\git\CompSci-Final-Project\system\fxgl.bundle
16:56:57.767 [JavaFX Application Thread] DEBUG Async                - Shutting down background threads
16:56:57.767 [JavaFX Application Thread] DEBUG PrimaryStageWindow   - Closing main window
16:56:57.776 [JavaFX Application Thread] DEBUG Logger               - Closing Logger
