11:37:38.355 [main                     ] DEBUG Logger               - Configured Logger
11:37:38.383 [main                     ] DEBUG GameApplication      - Logging settings
Title: Untitled
Version: 0.0
Width: 800
Height: 800
Fullscreen: false
Intro: false
Profiling: false
Single step:false
App Mode: DEVELOPER
Menu Key: ESCAPE
Stage Style: DECORATED
Scene Factory: class com.almasb.fxgl.app.scene.SceneFactory

11:37:38.581 [JavaFX Application Thread] DEBUG FXGLApplication      - Initializing FXGL
11:37:38.590 [JavaFX Application Thread] INFO  Engine               - FXGL-17.3 (30.03.2023 11.54) on WINDOWS (J:20.0.1 FX:20)
11:37:38.591 [JavaFX Application Thread] DEBUG Engine               - JRE Vendor Name: Oracle Corporation
11:37:38.591 [JavaFX Application Thread] DEBUG Engine               - Running on OS: Windows 10 version 10.0
11:37:38.592 [JavaFX Application Thread] DEBUG Engine               - Architecture: amd64
11:37:38.592 [JavaFX Application Thread] INFO  Engine               - Source code and latest versions at: https://github.com/AlmasB/FXGL
11:37:38.592 [JavaFX Application Thread] INFO  Engine               -       Ask questions and discuss at: https://github.com/AlmasB/FXGL/discussions
11:37:38.593 [JavaFX Application Thread] INFO  Engine               -              Join the FXGL chat at: https://gitter.im/AlmasB/FXGL
11:37:38.733 [JavaFX Application Thread] DEBUG PrimaryStageWindow   - Creating a JavaFX scene
11:37:38.733 [JavaFX Application Thread] DEBUG PrimaryStageWindow   - Target size > screen size
11:37:38.861 [JavaFX Application Thread] DEBUG PrimaryStageWindow   - Target settings size: 800.0 x 800.0
11:37:38.861 [JavaFX Application Thread] DEBUG PrimaryStageWindow   - Scaled scene size:    703.0 x 728.0
11:37:38.862 [JavaFX Application Thread] DEBUG PrimaryStageWindow   - Scaled ratio: (0.87875, 0.91)
11:37:38.864 [JavaFX Application Thread] DEBUG PrimaryStageWindow   - Set initial scene to FXGLStartupScene
11:37:38.873 [JavaFX Application Thread] DEBUG PrimaryStageWindow   - Opening main window
11:37:39.066 [JavaFX Application Thread] DEBUG PrimaryStageWindow   - Window border size: (16.0, 39.0)
11:37:39.067 [JavaFX Application Thread] DEBUG PrimaryStageWindow   - Scaled size: 703.0 x 728.0
11:37:39.069 [JavaFX Application Thread] DEBUG PrimaryStageWindow   - Scaled ratio: (0.87875, 0.91)
11:37:39.070 [JavaFX Application Thread] DEBUG PrimaryStageWindow   - Scene size: 703.0 x 728.0
11:37:39.070 [JavaFX Application Thread] DEBUG PrimaryStageWindow   - Stage size: 719.0 x 767.0
11:37:39.114 [FXGL Background Thread 1 ] DEBUG Engine               - Initializing environment variables
11:37:39.352 [FXGL Background Thread 1 ] DEBUG FXGLAssetLoaderServi - User app class for loading assets: class core.RTSMain
11:37:39.352 [FXGL Background Thread 1 ] DEBUG GameApplicationServi - Applying CSS: fxgl_dark.css
11:37:39.354 [FXGL Background Thread 1 ] DEBUG FXGLAssetLoaderServi - Loading from file system: jar:file:/C:/Users/tnelson25.GVSD/Downloads/fxgl-17.3-uber.jar!/fxglassets/ui/css/fxgl_dark.css
11:37:39.465 [FXGL Background Thread 1 ] DEBUG GameApplicationServi - Initializing application scenes
11:37:39.578 [FXGL Background Thread 1 ] DEBUG GameWorld            - Game world initialized
11:37:39.738 [FXGL Background Thread 1 ] DEBUG PhysicsWorld         - Physics world initialized: appHeight=800, physics.ppm=50.0
11:37:39.738 [FXGL Background Thread 1 ] DEBUG PhysicsWorld         - Using strategy: BRUTE_FORCE
11:37:39.747 [FXGL Background Thread 1 ] DEBUG GameScene            - Game scene initialized: 800x800
11:37:39.783 [FXGL Background Thread 1 ] DEBUG FXGL.DefaultMenu     - createMenuBodyGameMenu()
11:37:39.843 [FXGL Background Thread 1 ] DEBUG FXGL.DefaultMenu     - createOptionsMenu()
11:37:39.875 [FXGL Background Thread 1 ] DEBUG FXGLAssetLoaderServi - Loading from file system: jar:file:/C:/Users/tnelson25.GVSD/Downloads/fxgl-17.3-uber.jar!/fxglassets/textures/particles/smoke.png
11:37:40.175 [FXGL Background Thread 1 ] DEBUG FXGLAssetLoaderServi - Loading from file system: jar:file:/C:/Users/tnelson25.GVSD/Downloads/fxgl-17.3-uber.jar!/fxglassets/textures/particles/trace_horizontal.png
11:37:40.249 [FXGL Background Thread 1 ] DEBUG GameApplicationServi - Application scenes initialized
11:37:40.287 [FXGL Background Thread 1 ] DEBUG SystemBundleService  - Loading FXGL system data
11:37:40.300 [FXGL Background Thread 1 ] DEBUG FileSystemAccess     - Reading from: C:\Users\tnelson25.GVSD\OneDrive - Great Valley School District\10th Grade\APCSA\CompSciFinal\system\fxgl.bundle
11:37:40.328 [FXGL Background Thread 1 ] DEBUG SystemBundleService  - Bundle FXGL: {}
11:37:40.329 [FXGL Background Thread 1 ] DEBUG UpdaterService       - Checking for updates
11:37:40.339 [FXGL Background Thread 4 ] DEBUG FXGLApplication      - Loading fonts
11:37:40.341 [FXGL Background Thread 4 ] DEBUG FXGLAssetLoaderServi - Loading from file system: jar:file:/C:/Users/tnelson25.GVSD/Downloads/fxgl-17.3-uber.jar!/fxglassets/ui/fonts/VarelaRound-Regular.ttf
11:37:40.346 [FXGL Background Thread 1 ] DEBUG FXGLApplication      - Loading default localization
11:37:40.348 [FXGL Background Thread 1 ] DEBUG FXGLAssetLoaderServi - Loading from file system: jar:file:/C:/Users/tnelson25.GVSD/Downloads/fxgl-17.3-uber.jar!/fxglassets/languages/english.lang
11:37:40.395 [FXGL Background Thread 1 ] INFO  FXGLApplication      - FXGL initialization took: 1.279 sec
11:37:40.433 [JavaFX Application Thread] DEBUG Input                - Registered new binding: action0 - A
11:37:40.434 [JavaFX Application Thread] DEBUG Input                - Registered new binding: action1 - D
11:37:40.435 [JavaFX Application Thread] DEBUG Input                - Registered new binding: action2 - W
11:37:40.436 [JavaFX Application Thread] DEBUG Input                - Registered new binding: action3 - S
11:37:40.437 [JavaFX Application Thread] DEBUG Input                - Registered new binding: action4 - Tab
11:37:40.441 [JavaFX Application Thread] DEBUG Input                - Registered new binding: action5 - LMB
11:37:40.442 [JavaFX Application Thread] DEBUG Input                - Registered new binding: action6 - RMB
11:37:40.444 [JavaFX Application Thread] DEBUG Input                - Registered new binding: action7 - H
11:37:40.446 [JavaFX Application Thread] DEBUG FXGLAssetLoaderServi - Loading from file system: jar:file:/C:/Users/tnelson25.GVSD/Downloads/fxgl-17.3-uber.jar!/fxglassets/textures/fxgl_icon.png
11:37:40.494 [JavaFX Application Thread] DEBUG FXGLAssetLoaderServi - Loading from file system: jar:file:/C:/Users/tnelson25.GVSD/Downloads/fxgl-17.3-uber.jar!/fxglassets/textures/fxgl_default_cursor.png
11:37:40.499 [JavaFX Application Thread] DEBUG Input                - Registered new binding: Screenshot - CTRL+8
11:37:40.501 [JavaFX Application Thread] DEBUG Input                - Registered new binding: System info dump - CTRL+9
11:37:40.502 [JavaFX Application Thread] DEBUG Input                - Registered new binding: Restart - CTRL+R
11:37:40.504 [JavaFX Application Thread] DEBUG Input                - Registered new binding: Toggle Debug Camera - CTRL+7
11:37:40.517 [JavaFX Application Thread] DEBUG LoopRunner           - Starting loop
11:37:40.518 [JavaFX Application Thread] DEBUG LoopRunner           - Initializing JavaFX AnimationTimerLoop
11:37:40.522 [JavaFX Application Thread] DEBUG GameApplicationServi - Starting new game
11:37:40.523 [JavaFX Application Thread] DEBUG Input                - Clearing active input actions
11:37:40.546 [JavaFX Application Thread] DEBUG GameApplicationServi - Removing overlay from FXGLStartupScene and adding to FXGLLoadingScene
11:37:40.547 [JavaFX Application Thread] DEBUG PrimaryStageWindow   - FXGLStartupScene -> FXGLLoadingScene
11:37:40.549 [JavaFX Application Thread] DEBUG GameApplicationServi - Clearing previous game
11:37:40.550 [JavaFX Application Thread] DEBUG GameScene            - Clearing game scene
11:37:40.550 [JavaFX Application Thread] DEBUG GameWorld            - Clearing game world
11:37:40.550 [JavaFX Application Thread] DEBUG PhysicsWorld         - Clearing physics world
11:37:40.553 [FXGL Background Thread 1 ] DEBUG FXGLApplication      - Initializing game
11:37:41.197 [FXGL Background Thread 4 ] DEBUG FXGLAssetLoaderServi - Loading from file system: jar:file:/C:/Users/tnelson25.GVSD/Downloads/fxgl-17.3-uber.jar!/fxglassets/ui/fonts/Abel-Regular.ttf
11:37:41.212 [FXGL Background Thread 4 ] DEBUG FXGLAssetLoaderServi - Loading from file system: jar:file:/C:/Users/tnelson25.GVSD/Downloads/fxgl-17.3-uber.jar!/fxglassets/ui/fonts/TerminalLandMono-Regular.otf
11:37:41.228 [FXGL Background Thread 4 ] DEBUG FXGLAssetLoaderServi - Loading from file system: jar:file:/C:/Users/tnelson25.GVSD/Downloads/fxgl-17.3-uber.jar!/fxglassets/ui/fonts/Courier-Prime.ttf
11:37:41.280 [JavaFX Application Thread] DEBUG FXGLApplication      - Registering font factories with UI factory
11:37:42.687 [FXGL Background Thread 1 ] INFO  FXGLApplication      - Game initialization took: 2.134 sec
11:37:42.688 [JavaFX Application Thread] DEBUG Input                - Clearing active input actions
11:37:42.755 [JavaFX Application Thread] DEBUG GameApplicationServi - Removing overlay from FXGLLoadingScene and adding to GameScene
11:37:42.756 [JavaFX Application Thread] DEBUG PrimaryStageWindow   - FXGLLoadingScene -> GameScene
11:37:43.343 [FXGL Background Thread 3 ] DEBUG Engine               - Logging environment variables
11:37:43.343 [FXGL Background Thread 3 ] DEBUG Engine               - achievements: []
11:37:43.344 [FXGL Background Thread 3 ] DEBUG Engine               - actualHeight: 728.0
11:37:43.344 [FXGL Background Thread 3 ] DEBUG Engine               - actualHeightProperty: ReadOnlyDoubleProperty [value: 728.0]
11:37:43.344 [FXGL Background Thread 3 ] DEBUG Engine               - actualWidth: 703.0
11:37:43.344 [FXGL Background Thread 3 ] DEBUG Engine               - actualWidthProperty: ReadOnlyDoubleProperty [value: 703.0]
11:37:43.344 [FXGL Background Thread 3 ] DEBUG Engine               - appIcon: fxgl_icon.png
11:37:43.344 [FXGL Background Thread 3 ] DEBUG Engine               - applicationMode: DEVELOPER
11:37:43.344 [FXGL Background Thread 3 ] DEBUG Engine               - cSSList: [fxgl_dark.css]
11:37:43.345 [FXGL Background Thread 3 ] DEBUG Engine               - collisionDetectionStrategy: BRUTE_FORCE
11:37:43.345 [FXGL Background Thread 3 ] DEBUG Engine               - configClass: Optional.empty
11:37:43.345 [FXGL Background Thread 3 ] DEBUG Engine               - credits: []
11:37:43.345 [FXGL Background Thread 3 ] DEBUG Engine               - defaultCursor: CursorInfo(imageName=fxgl_default_cursor.png, hotspotX=7.0, hotspotY=6.0)
11:37:43.346 [FXGL Background Thread 3 ] DEBUG Engine               - devBBoxColorProperty: ObjectProperty [value: 0xff0000ff]
11:37:43.346 [FXGL Background Thread 3 ] DEBUG Engine               - devEnableDebugCameraProperty: BooleanProperty [value: false]
11:37:43.346 [FXGL Background Thread 3 ] DEBUG Engine               - devSensorColorProperty: ObjectProperty [value: 0xffff00ff]
11:37:43.346 [FXGL Background Thread 3 ] DEBUG Engine               - devShowBBoxProperty: BooleanProperty [value: false]
11:37:43.346 [FXGL Background Thread 3 ] DEBUG Engine               - devShowPositionProperty: BooleanProperty [value: false]
11:37:43.346 [FXGL Background Thread 3 ] DEBUG Engine               - enabledMenuItems: []
11:37:43.347 [FXGL Background Thread 3 ] DEBUG Engine               - engineServices: [class com.almasb.fxgl.app.services.FXGLAssetLoaderService, class com.almasb.fxgl.app.FXGLApplication$GameApplicationService, class com.almasb.fxgl.app.services.FXGLDialogService, class com.almasb.fxgl.app.services.IOTaskExecutorService, class com.almasb.fxgl.io.FileSystemService, class com.almasb.fxgl.localization.LocalizationService, class com.almasb.fxgl.app.services.SystemBundleService, class com.almasb.fxgl.profile.SaveLoadService, class com.almasb.fxgl.ui.FXGLUIFactoryServiceProvider, class com.almasb.fxgl.ui.FXGLDialogFactoryServiceProvider, class com.almasb.fxgl.audio.AudioPlayer, class com.almasb.fxgl.notification.impl.NotificationServiceProvider, class com.almasb.fxgl.achievement.AchievementService, class com.almasb.fxgl.cutscene.CutsceneService, class com.almasb.fxgl.minigames.MiniGameService, class com.almasb.fxgl.net.NetService, class com.almasb.fxgl.app.services.UpdaterService, class com.almasb.fxgl.dev.DevService]
11:37:43.347 [FXGL Background Thread 3 ] DEBUG Engine               - fontGame: Abel-Regular.ttf
11:37:43.347 [FXGL Background Thread 3 ] DEBUG Engine               - fontMono: TerminalLandMono-Regular.otf
11:37:43.347 [FXGL Background Thread 3 ] DEBUG Engine               - fontSizeScaleUI: 1.0
11:37:43.347 [FXGL Background Thread 3 ] DEBUG Engine               - fontText: Courier-Prime.ttf
11:37:43.347 [FXGL Background Thread 3 ] DEBUG Engine               - fontUI: VarelaRound-Regular.ttf
11:37:43.347 [FXGL Background Thread 3 ] DEBUG Engine               - fullScreen: BooleanProperty [value: false]
11:37:43.347 [FXGL Background Thread 3 ] DEBUG Engine               - gameDifficulty: MEDIUM
11:37:43.347 [FXGL Background Thread 3 ] DEBUG Engine               - gameDifficultyProperty: ObjectProperty [value: MEDIUM]
11:37:43.348 [FXGL Background Thread 3 ] DEBUG Engine               - globalMusicVolume: 0.5
11:37:43.348 [FXGL Background Thread 3 ] DEBUG Engine               - globalMusicVolumeProperty: DoubleProperty [value: 0.5]
11:37:43.348 [FXGL Background Thread 3 ] DEBUG Engine               - globalSoundVolume: 0.5
11:37:43.348 [FXGL Background Thread 3 ] DEBUG Engine               - globalSoundVolumeProperty: DoubleProperty [value: 0.5]
11:37:43.348 [FXGL Background Thread 3 ] DEBUG Engine               - height: 800
11:37:43.348 [FXGL Background Thread 3 ] DEBUG Engine               - is3D: false
11:37:43.348 [FXGL Background Thread 3 ] DEBUG Engine               - isAndroid: false
11:37:43.348 [FXGL Background Thread 3 ] DEBUG Engine               - isBrowser: false
11:37:43.348 [FXGL Background Thread 3 ] DEBUG Engine               - isClickFeedbackEnabled: false
11:37:43.349 [FXGL Background Thread 3 ] DEBUG Engine               - isCloseConfirmation: false
11:37:43.349 [FXGL Background Thread 3 ] DEBUG Engine               - isDesktop: true
11:37:43.349 [FXGL Background Thread 3 ] DEBUG Engine               - isDeveloperMenuEnabled: false
11:37:43.349 [FXGL Background Thread 3 ] DEBUG Engine               - isEmbedded: false
11:37:43.349 [FXGL Background Thread 3 ] DEBUG Engine               - isEntityPreloadEnabled: true
11:37:43.349 [FXGL Background Thread 3 ] DEBUG Engine               - isExperimentalTiledLargeMap: false
11:37:43.349 [FXGL Background Thread 3 ] DEBUG Engine               - isFileSystemWriteAllowed: true
11:37:43.349 [FXGL Background Thread 3 ] DEBUG Engine               - isFullScreenAllowed: false
11:37:43.349 [FXGL Background Thread 3 ] DEBUG Engine               - isFullScreenFromStart: false
11:37:43.349 [FXGL Background Thread 3 ] DEBUG Engine               - isGameMenuEnabled: true
11:37:43.350 [FXGL Background Thread 3 ] DEBUG Engine               - isIOS: false
11:37:43.350 [FXGL Background Thread 3 ] DEBUG Engine               - isIntroEnabled: false
11:37:43.350 [FXGL Background Thread 3 ] DEBUG Engine               - isLinux: false
11:37:43.350 [FXGL Background Thread 3 ] DEBUG Engine               - isMac: false
11:37:43.351 [FXGL Background Thread 3 ] DEBUG Engine               - isMainMenuEnabled: false
11:37:43.351 [FXGL Background Thread 3 ] DEBUG Engine               - isManualResizeEnabled: false
11:37:43.351 [FXGL Background Thread 3 ] DEBUG Engine               - isMobile: false
11:37:43.351 [FXGL Background Thread 3 ] DEBUG Engine               - isNative: false
11:37:43.351 [FXGL Background Thread 3 ] DEBUG Engine               - isPauseMusicWhenMinimized: true
11:37:43.351 [FXGL Background Thread 3 ] DEBUG Engine               - isPreserveResizeRatio: false
11:37:43.351 [FXGL Background Thread 3 ] DEBUG Engine               - isProfilingEnabled: false
11:37:43.351 [FXGL Background Thread 3 ] DEBUG Engine               - isScaleAffectedOnResize: true
11:37:43.351 [FXGL Background Thread 3 ] DEBUG Engine               - isSingleStep: false
11:37:43.352 [FXGL Background Thread 3 ] DEBUG Engine               - isUserProfileEnabled: false
11:37:43.352 [FXGL Background Thread 3 ] DEBUG Engine               - isWindows: true
11:37:43.352 [FXGL Background Thread 3 ] DEBUG Engine               - language: ObjectProperty [value: ENGLISH]
11:37:43.352 [FXGL Background Thread 3 ] DEBUG Engine               - menuKey: ESCAPE
11:37:43.352 [FXGL Background Thread 3 ] DEBUG Engine               - mouseSensitivity: 0.2
11:37:43.352 [FXGL Background Thread 3 ] DEBUG Engine               - notificationViewClass: class com.almasb.fxgl.notification.view.XboxNotificationView
11:37:43.352 [FXGL Background Thread 3 ] DEBUG Engine               - pixelsPerMeter: 50.0
11:37:43.352 [FXGL Background Thread 3 ] DEBUG Engine               - platform: WINDOWS
11:37:43.352 [FXGL Background Thread 3 ] DEBUG Engine               - prefHeightProperty: ReadOnlyDoubleProperty [value: 800.0]
11:37:43.353 [FXGL Background Thread 3 ] DEBUG Engine               - prefWidthProperty: ReadOnlyDoubleProperty [value: 800.0]
11:37:43.353 [FXGL Background Thread 3 ] DEBUG Engine               - profileDir: profiles/
11:37:43.353 [FXGL Background Thread 3 ] DEBUG Engine               - profileName: StringProperty [value: DEFAULT]
11:37:43.353 [FXGL Background Thread 3 ] DEBUG Engine               - randomSeed: -1
11:37:43.354 [FXGL Background Thread 3 ] DEBUG Engine               - runtimeInfo: RuntimeInfo(platform=WINDOWS, version=17.3, build=30.03.2023 11.54)
11:37:43.354 [FXGL Background Thread 3 ] DEBUG Engine               - saveFileExt: sav
11:37:43.354 [FXGL Background Thread 3 ] DEBUG Engine               - scaledHeightProp$fxgl: DoubleProperty [bound, value: 728.0]
11:37:43.354 [FXGL Background Thread 3 ] DEBUG Engine               - scaledWidthProp$fxgl: DoubleProperty [bound, value: 703.0]
11:37:43.354 [FXGL Background Thread 3 ] DEBUG Engine               - sceneFactory: com.almasb.fxgl.app.scene.SceneFactory@4460591f
11:37:43.355 [FXGL Background Thread 3 ] DEBUG Engine               - secondsIn24h: 60
11:37:43.355 [FXGL Background Thread 3 ] DEBUG Engine               - soundMenuBack: menu/back.wav
11:37:43.355 [FXGL Background Thread 3 ] DEBUG Engine               - soundMenuPress: menu/press.wav
11:37:43.355 [FXGL Background Thread 3 ] DEBUG Engine               - soundMenuSelect: menu/select.wav
11:37:43.355 [FXGL Background Thread 3 ] DEBUG Engine               - soundNotification: core/notification.wav
11:37:43.355 [FXGL Background Thread 3 ] DEBUG Engine               - stageStyle: DECORATED
11:37:43.355 [FXGL Background Thread 3 ] DEBUG Engine               - supportedLanguages: [ENGLISH, FRENCH, GERMAN, HUNGARIAN, RUSSIAN]
11:37:43.355 [FXGL Background Thread 3 ] DEBUG Engine               - ticksPerSecond: -1
11:37:43.356 [FXGL Background Thread 3 ] DEBUG Engine               - title: Untitled
11:37:43.356 [FXGL Background Thread 3 ] DEBUG Engine               - urlGithub: https://github.com/AlmasB/FXGL
11:37:43.356 [FXGL Background Thread 3 ] DEBUG Engine               - urlLeaderboard: http://fxgl-top.herokuapp.com/
11:37:43.356 [FXGL Background Thread 3 ] DEBUG Engine               - urlPOM: https://raw.githubusercontent.com/AlmasB/FXGL/release/README.md
11:37:43.356 [FXGL Background Thread 3 ] DEBUG Engine               - userAppClass: class core.RTSMain
11:37:43.356 [FXGL Background Thread 3 ] DEBUG Engine               - version: 0.0
11:37:43.356 [FXGL Background Thread 3 ] DEBUG Engine               - versionCheckDays: 7
11:37:43.356 [FXGL Background Thread 3 ] DEBUG Engine               - width: 800
11:37:43.356 [FXGL Background Thread 3 ] DEBUG Engine               - Logging services
11:37:43.357 [FXGL Background Thread 3 ] DEBUG Engine               - class com.almasb.fxgl.app.services.FXGLAssetLoaderService
11:37:43.357 [FXGL Background Thread 3 ] DEBUG Engine               - class com.almasb.fxgl.app.FXGLApplication$GameApplicationService
11:37:43.357 [FXGL Background Thread 3 ] DEBUG Engine               - class com.almasb.fxgl.app.services.FXGLDialogService
11:37:43.357 [FXGL Background Thread 3 ] DEBUG Engine               - class com.almasb.fxgl.app.services.IOTaskExecutorService
11:37:43.357 [FXGL Background Thread 3 ] DEBUG Engine               - class com.almasb.fxgl.io.FileSystemService
11:37:43.357 [FXGL Background Thread 3 ] DEBUG Engine               - class com.almasb.fxgl.localization.LocalizationService
11:37:43.357 [FXGL Background Thread 3 ] DEBUG Engine               - class com.almasb.fxgl.app.services.SystemBundleService
11:37:43.357 [FXGL Background Thread 3 ] DEBUG Engine               - class com.almasb.fxgl.profile.SaveLoadService
11:37:43.357 [FXGL Background Thread 3 ] DEBUG Engine               - class com.almasb.fxgl.ui.FXGLUIFactoryServiceProvider
11:37:43.357 [FXGL Background Thread 3 ] DEBUG Engine               - class com.almasb.fxgl.ui.FXGLDialogFactoryServiceProvider
11:37:43.357 [FXGL Background Thread 3 ] DEBUG Engine               - class com.almasb.fxgl.audio.AudioPlayer
11:37:43.357 [FXGL Background Thread 3 ] DEBUG Engine               - class com.almasb.fxgl.notification.impl.NotificationServiceProvider
11:37:43.357 [FXGL Background Thread 3 ] DEBUG Engine               - class com.almasb.fxgl.achievement.AchievementService
11:37:43.358 [FXGL Background Thread 3 ] DEBUG Engine               - class com.almasb.fxgl.cutscene.CutsceneService
11:37:43.358 [FXGL Background Thread 3 ] DEBUG Engine               - class com.almasb.fxgl.minigames.MiniGameService
11:37:43.358 [FXGL Background Thread 3 ] DEBUG Engine               - class com.almasb.fxgl.net.NetService
11:37:43.358 [FXGL Background Thread 3 ] DEBUG Engine               - class com.almasb.fxgl.app.services.UpdaterService
11:37:43.358 [FXGL Background Thread 3 ] DEBUG Engine               - class com.almasb.fxgl.dev.DevService
11:37:44.626 [JavaFX Application Thread] DEBUG PrimaryStageWindow   - Push state: FXGLDefaultMenu
11:37:44.636 [JavaFX Application Thread] DEBUG Input                - Clearing active input actions
11:37:44.654 [JavaFX Application Thread] DEBUG GameApplicationServi - Removing overlay from GameScene and adding to FXGLDefaultMenu
11:37:44.655 [JavaFX Application Thread] DEBUG PrimaryStageWindow   - GameScene -> FXGLDefaultMenu
11:37:48.456 [JavaFX Application Thread] DEBUG Menu                 - fireResume()
11:37:48.461 [JavaFX Application Thread] DEBUG PrimaryStageWindow   - Pop state: FXGLDefaultMenu
11:37:48.461 [JavaFX Application Thread] DEBUG Input                - Clearing active input actions
11:37:48.463 [JavaFX Application Thread] DEBUG GameApplicationServi - Removing overlay from FXGLDefaultMenu and adding to GameScene
11:37:48.464 [JavaFX Application Thread] DEBUG PrimaryStageWindow   - GameScene <- FXGLDefaultMenu
11:37:49.215 [JavaFX Application Thread] DEBUG PrimaryStageWindow   - Push state: FXGLDefaultMenu
11:37:49.215 [JavaFX Application Thread] DEBUG Input                - Clearing active input actions
11:37:49.219 [JavaFX Application Thread] DEBUG GameApplicationServi - Removing overlay from GameScene and adding to FXGLDefaultMenu
11:37:49.220 [JavaFX Application Thread] DEBUG PrimaryStageWindow   - GameScene -> FXGLDefaultMenu
11:37:49.361 [JavaFX Application Thread] DEBUG PrimaryStageWindow   - Pop state: FXGLDefaultMenu
11:37:49.361 [JavaFX Application Thread] DEBUG Input                - Clearing active input actions
11:37:49.363 [JavaFX Application Thread] DEBUG GameApplicationServi - Removing overlay from FXGLDefaultMenu and adding to GameScene
11:37:49.363 [JavaFX Application Thread] DEBUG PrimaryStageWindow   - GameScene <- FXGLDefaultMenu
11:37:50.467 [JavaFX Application Thread] DEBUG PrimaryStageWindow   - Push state: FXGLDefaultMenu
11:37:50.468 [JavaFX Application Thread] DEBUG Input                - Clearing active input actions
11:37:50.470 [JavaFX Application Thread] DEBUG GameApplicationServi - Removing overlay from GameScene and adding to FXGLDefaultMenu
11:37:50.471 [JavaFX Application Thread] DEBUG PrimaryStageWindow   - GameScene -> FXGLDefaultMenu
11:37:55.150 [JavaFX Application Thread] DEBUG FXGL.DefaultMenu     - createContentGameplay()
11:37:57.289 [JavaFX Application Thread] DEBUG FXGL.DefaultMenu     - createContentControls()
11:38:04.398 [JavaFX Application Thread] DEBUG FXGL.DefaultMenu     - createContentVideo()
11:38:05.757 [JavaFX Application Thread] DEBUG FXGL.DefaultMenu     - createContentAudio()
11:38:06.647 [JavaFX Application Thread] DEBUG PrimaryStageWindow   - Push state: DialogSubScene
11:38:06.647 [JavaFX Application Thread] DEBUG Input                - Clearing active input actions
11:38:06.649 [JavaFX Application Thread] DEBUG GameApplicationServi - Removing overlay from FXGLDefaultMenu and adding to DialogSubScene
11:38:06.649 [JavaFX Application Thread] DEBUG PrimaryStageWindow   - FXGLDefaultMenu -> DialogSubScene
11:38:08.244 [JavaFX Application Thread] DEBUG PrimaryStageWindow   - Pop state: DialogSubScene
11:38:08.244 [JavaFX Application Thread] DEBUG Input                - Clearing active input actions
11:38:08.245 [JavaFX Application Thread] DEBUG GameApplicationServi - Removing overlay from DialogSubScene and adding to FXGLDefaultMenu
11:38:08.245 [JavaFX Application Thread] DEBUG PrimaryStageWindow   - FXGLDefaultMenu <- DialogSubScene
11:38:11.688 [JavaFX Application Thread] DEBUG Menu                 - fireResume()
11:38:11.689 [JavaFX Application Thread] DEBUG PrimaryStageWindow   - Pop state: FXGLDefaultMenu
11:38:11.689 [JavaFX Application Thread] DEBUG Input                - Clearing active input actions
11:38:11.691 [JavaFX Application Thread] DEBUG GameApplicationServi - Removing overlay from FXGLDefaultMenu and adding to GameScene
11:38:11.691 [JavaFX Application Thread] DEBUG PrimaryStageWindow   - GameScene <- FXGLDefaultMenu
11:38:26.535 [JavaFX Application Thread] DEBUG LoopRunner           - Stopping loop
11:38:26.539 [JavaFX Application Thread] FATAL FXGLApplication      - Uncaught Exception:
java.lang.ArrayIndexOutOfBoundsException: Index 21 out of bounds for length 21
	at core.RTSMain.lambda$5(RTSMain.java:82)
	at com.almasb.fxgl.dsl.FXGL$Companion$onBtnDown$1.onActionBegin(FXGL.kt:524)
	at com.almasb.fxgl.input.UserAction.begin$fxgl_core(UserAction.kt:37)
	at com.almasb.fxgl.input.Input.handlePressed(Input.kt:375)
	at com.almasb.fxgl.input.Input.onMouseEvent(Input.kt:339)
	at com.almasb.fxgl.input.Input.onMouseEvent(Input.kt:328)
	at com.almasb.fxgl.app.PrimaryStageWindow$2$1.invoke(MainWindow.kt:313)
	at com.almasb.fxgl.app.PrimaryStageWindow$2$1.invoke(MainWindow.kt:313)
	at com.almasb.fxgl.core.fsm.StateMachine.runOnActiveStates(StateMachine.kt:69)
	at com.almasb.fxgl.app.PrimaryStageWindow$2.invoke(MainWindow.kt:313)
	at com.almasb.fxgl.app.PrimaryStageWindow$2.invoke(MainWindow.kt:311)
	at com.almasb.fxgl.app.MainWindow.addMouseHandler$lambda$2(MainWindow.kt:237)
	at com.sun.javafx.event.CompositeEventHandler$NormalEventHandlerRecord.handleBubblingEvent(CompositeEventHandler.java:247)
	at com.sun.javafx.event.CompositeEventHandler.dispatchBubblingEvent(CompositeEventHandler.java:80)
	at com.sun.javafx.event.EventHandlerManager.dispatchBubblingEvent(EventHandlerManager.java:232)
	at com.sun.javafx.event.EventHandlerManager.dispatchBubblingEvent(EventHandlerManager.java:189)
	at com.sun.javafx.event.CompositeEventDispatcher.dispatchBubblingEvent(CompositeEventDispatcher.java:59)
	at com.sun.javafx.event.BasicEventDispatcher.dispatchEvent(BasicEventDispatcher.java:58)
	at com.sun.javafx.event.EventDispatchChainImpl.dispatchEvent(EventDispatchChainImpl.java:114)
	at com.sun.javafx.event.BasicEventDispatcher.dispatchEvent(BasicEventDispatcher.java:56)
	at com.sun.javafx.event.EventDispatchChainImpl.dispatchEvent(EventDispatchChainImpl.java:114)
	at com.sun.javafx.event.EventUtil.fireEventImpl(EventUtil.java:74)
	at com.sun.javafx.event.EventUtil.fireEvent(EventUtil.java:54)
	at javafx.event.Event.fireEvent(Event.java:198)
	at javafx.scene.Scene$MouseHandler.process(Scene.java:3980)
	at javafx.scene.Scene.processMouseEvent(Scene.java:1890)
	at javafx.scene.Scene$ScenePeerListener.mouseEvent(Scene.java:2704)
	at com.sun.javafx.tk.quantum.GlassViewEventHandler$MouseEventNotification.run(GlassViewEventHandler.java:411)
	at com.sun.javafx.tk.quantum.GlassViewEventHandler$MouseEventNotification.run(GlassViewEventHandler.java:301)
	at java.base/java.security.AccessController.doPrivileged(AccessController.java:400)
	at com.sun.javafx.tk.quantum.GlassViewEventHandler.lambda$handleMouseEvent$2(GlassViewEventHandler.java:450)
	at com.sun.javafx.tk.quantum.QuantumToolkit.runWithoutRenderLock(QuantumToolkit.java:424)
	at com.sun.javafx.tk.quantum.GlassViewEventHandler.handleMouseEvent(GlassViewEventHandler.java:449)
	at com.sun.glass.ui.View.handleMouseEvent(View.java:551)
	at com.sun.glass.ui.View.notifyMouse(View.java:937)
	at com.sun.glass.ui.win.WinApplication._runLoop(Native Method)
	at com.sun.glass.ui.win.WinApplication.lambda$runLoop$3(WinApplication.java:185)
	at java.base/java.lang.Thread.run(Thread.java:1623)

11:38:26.539 [JavaFX Application Thread] FATAL FXGLApplication      - Application will now exit
11:38:26.574 [JavaFX Application Thread] DEBUG PrimaryStageWindow   - Push state: ErrorSubScene
11:38:26.574 [JavaFX Application Thread] DEBUG Input                - Clearing active input actions
11:38:26.575 [JavaFX Application Thread] DEBUG GameApplicationServi - Removing overlay from GameScene and adding to ErrorSubScene
11:38:26.575 [JavaFX Application Thread] DEBUG PrimaryStageWindow   - GameScene -> ErrorSubScene
11:38:29.108 [JavaFX Application Thread] DEBUG FXGLApplication      - Exiting FXGL
11:38:29.108 [JavaFX Application Thread] DEBUG Async                - Shutting down background threads
11:38:29.108 [JavaFX Application Thread] DEBUG PrimaryStageWindow   - Closing main window
11:38:29.127 [JavaFX Application Thread] DEBUG Logger               - Closing Logger
