20:37:25.030 [main                     ] DEBUG Logger               - Configured Logger
20:37:25.041 [main                     ] DEBUG GameApplication      - Logging settings
Title: Untitled
Version: 0.0
Width: 800
Height: 800
Fullscreen: false
Intro: false
Profiling: false
Single step:false
App Mode: DEVELOPER
Menu Key: ESCAPE
Stage Style: DECORATED
Scene Factory: class com.almasb.fxgl.app.scene.SceneFactory

20:37:25.153 [JavaFX Application Thread] DEBUG FXGLApplication      - Initializing FXGL
20:37:25.156 [JavaFX Application Thread] INFO  Engine               - FXGL-17.3 (30.03.2023 11.54) on WINDOWS (J:20.0.1 FX:20)
20:37:25.156 [JavaFX Application Thread] DEBUG Engine               - JRE Vendor Name: Oracle Corporation
20:37:25.156 [JavaFX Application Thread] DEBUG Engine               - Running on OS: Windows 10 version 10.0
20:37:25.156 [JavaFX Application Thread] DEBUG Engine               - Architecture: amd64
20:37:25.156 [JavaFX Application Thread] INFO  Engine               - Source code and latest versions at: https://github.com/AlmasB/FXGL
20:37:25.156 [JavaFX Application Thread] INFO  Engine               -       Ask questions and discuss at: https://github.com/AlmasB/FXGL/discussions
20:37:25.156 [JavaFX Application Thread] INFO  Engine               -              Join the FXGL chat at: https://gitter.im/AlmasB/FXGL
20:37:25.200 [JavaFX Application Thread] DEBUG PrimaryStageWindow   - Creating a JavaFX scene
20:37:25.245 [JavaFX Application Thread] DEBUG PrimaryStageWindow   - Target settings size: 800.0 x 800.0
20:37:25.245 [JavaFX Application Thread] DEBUG PrimaryStageWindow   - Scaled scene size:    800.0 x 800.0
20:37:25.245 [JavaFX Application Thread] DEBUG PrimaryStageWindow   - Scaled ratio: (1.0, 1.0)
20:37:25.246 [JavaFX Application Thread] DEBUG PrimaryStageWindow   - Set initial scene to FXGLStartupScene
20:37:25.248 [JavaFX Application Thread] DEBUG PrimaryStageWindow   - Opening main window
20:37:25.307 [JavaFX Application Thread] DEBUG PrimaryStageWindow   - Window border size: (16.0, 39.0)
20:37:25.307 [JavaFX Application Thread] DEBUG PrimaryStageWindow   - Scaled size: 800.0 x 800.0
20:37:25.308 [JavaFX Application Thread] DEBUG PrimaryStageWindow   - Scaled ratio: (1.0, 1.0)
20:37:25.308 [JavaFX Application Thread] DEBUG PrimaryStageWindow   - Scene size: 800.0 x 800.0
20:37:25.308 [JavaFX Application Thread] DEBUG PrimaryStageWindow   - Stage size: 816.0 x 839.0
20:37:25.314 [FXGL Background Thread 1 ] DEBUG Engine               - Initializing environment variables
20:37:25.347 [FXGL Background Thread 1 ] DEBUG FXGLAssetLoaderServi - User app class for loading assets: class core.RTSMain
20:37:25.347 [FXGL Background Thread 1 ] DEBUG GameApplicationServi - Applying CSS: fxgl_dark.css
20:37:25.348 [FXGL Background Thread 1 ] DEBUG FXGLAssetLoaderServi - Loading from file system: jar:file:/C:/Users/tanel/Downloads/fxgl-17.3-uber.jar!/fxglassets/ui/css/fxgl_dark.css
20:37:25.375 [FXGL Background Thread 1 ] DEBUG GameApplicationServi - Initializing application scenes
20:37:25.402 [FXGL Background Thread 1 ] DEBUG GameWorld            - Game world initialized
20:37:25.443 [FXGL Background Thread 1 ] DEBUG PhysicsWorld         - Physics world initialized: appHeight=800, physics.ppm=50.0
20:37:25.443 [FXGL Background Thread 1 ] DEBUG PhysicsWorld         - Using strategy: BRUTE_FORCE
20:37:25.445 [FXGL Background Thread 1 ] DEBUG GameScene            - Game scene initialized: 800x800
20:37:25.454 [FXGL Background Thread 1 ] DEBUG FXGL.DefaultMenu     - createMenuBodyGameMenu()
20:37:25.466 [FXGL Background Thread 1 ] DEBUG FXGL.DefaultMenu     - createOptionsMenu()
20:37:25.473 [FXGL Background Thread 1 ] DEBUG FXGLAssetLoaderServi - Loading from file system: jar:file:/C:/Users/tanel/Downloads/fxgl-17.3-uber.jar!/fxglassets/textures/particles/smoke.png
20:37:25.538 [FXGL Background Thread 1 ] DEBUG FXGLAssetLoaderServi - Loading from file system: jar:file:/C:/Users/tanel/Downloads/fxgl-17.3-uber.jar!/fxglassets/textures/particles/trace_horizontal.png
20:37:25.560 [FXGL Background Thread 1 ] DEBUG GameApplicationServi - Application scenes initialized
20:37:25.569 [FXGL Background Thread 1 ] DEBUG SystemBundleService  - Loading FXGL system data
20:37:25.572 [FXGL Background Thread 1 ] DEBUG FileSystemAccess     - Reading from: C:\Users\tanel\OneDrive - Great Valley School District\10th Grade\APCSA\CompSciFinal\system\fxgl.bundle
20:37:25.578 [FXGL Background Thread 1 ] DEBUG SystemBundleService  - Bundle FXGL: {}
20:37:25.578 [FXGL Background Thread 1 ] DEBUG UpdaterService       - Checking for updates
20:37:25.581 [FXGL Background Thread 4 ] DEBUG FXGLApplication      - Loading fonts
20:37:25.581 [FXGL Background Thread 4 ] DEBUG FXGLAssetLoaderServi - Loading from file system: jar:file:/C:/Users/tanel/Downloads/fxgl-17.3-uber.jar!/fxglassets/ui/fonts/VarelaRound-Regular.ttf
20:37:25.582 [FXGL Background Thread 1 ] DEBUG FXGLApplication      - Loading default localization
20:37:25.582 [FXGL Background Thread 1 ] DEBUG FXGLAssetLoaderServi - Loading from file system: jar:file:/C:/Users/tanel/Downloads/fxgl-17.3-uber.jar!/fxglassets/languages/english.lang
20:37:25.597 [FXGL Background Thread 1 ] INFO  FXGLApplication      - FXGL initialization took: 0.283 sec
20:37:25.609 [JavaFX Application Thread] DEBUG Input                - Registered new binding: action0 - A
20:37:25.609 [JavaFX Application Thread] DEBUG Input                - Registered new binding: action1 - D
20:37:25.609 [JavaFX Application Thread] DEBUG Input                - Registered new binding: action2 - W
20:37:25.610 [JavaFX Application Thread] DEBUG Input                - Registered new binding: action3 - S
20:37:25.610 [JavaFX Application Thread] DEBUG Input                - Registered new binding: action4 - Tab
20:37:25.611 [JavaFX Application Thread] DEBUG Input                - Registered new binding: action5 - LMB
20:37:25.612 [JavaFX Application Thread] DEBUG Input                - Registered new binding: action6 - RMB
20:37:25.612 [JavaFX Application Thread] DEBUG Input                - Registered new binding: action7 - H
20:37:25.612 [JavaFX Application Thread] DEBUG FXGLAssetLoaderServi - Loading from file system: jar:file:/C:/Users/tanel/Downloads/fxgl-17.3-uber.jar!/fxglassets/textures/fxgl_icon.png
20:37:25.632 [JavaFX Application Thread] DEBUG FXGLAssetLoaderServi - Loading from file system: jar:file:/C:/Users/tanel/Downloads/fxgl-17.3-uber.jar!/fxglassets/textures/fxgl_default_cursor.png
20:37:25.633 [FXGL Background Thread 4 ] DEBUG FXGLAssetLoaderServi - Loading from file system: jar:file:/C:/Users/tanel/Downloads/fxgl-17.3-uber.jar!/fxglassets/ui/fonts/Abel-Regular.ttf
20:37:25.634 [JavaFX Application Thread] DEBUG Input                - Registered new binding: Screenshot - CTRL+8
20:37:25.634 [JavaFX Application Thread] DEBUG Input                - Registered new binding: System info dump - CTRL+9
20:37:25.635 [JavaFX Application Thread] DEBUG Input                - Registered new binding: Restart - CTRL+R
20:37:25.636 [JavaFX Application Thread] DEBUG Input                - Registered new binding: Toggle Debug Camera - CTRL+7
20:37:25.636 [FXGL Background Thread 4 ] DEBUG FXGLAssetLoaderServi - Loading from file system: jar:file:/C:/Users/tanel/Downloads/fxgl-17.3-uber.jar!/fxglassets/ui/fonts/TerminalLandMono-Regular.otf
20:37:25.637 [JavaFX Application Thread] DEBUG LoopRunner           - Starting loop
20:37:25.638 [JavaFX Application Thread] DEBUG LoopRunner           - Initializing JavaFX AnimationTimerLoop
20:37:25.638 [FXGL Background Thread 4 ] DEBUG FXGLAssetLoaderServi - Loading from file system: jar:file:/C:/Users/tanel/Downloads/fxgl-17.3-uber.jar!/fxglassets/ui/fonts/Courier-Prime.ttf
20:37:25.639 [JavaFX Application Thread] DEBUG GameApplicationServi - Starting new game
20:37:25.639 [JavaFX Application Thread] DEBUG Input                - Clearing active input actions
20:37:25.650 [JavaFX Application Thread] DEBUG GameApplicationServi - Removing overlay from FXGLStartupScene and adding to FXGLLoadingScene
20:37:25.650 [JavaFX Application Thread] DEBUG PrimaryStageWindow   - FXGLStartupScene -> FXGLLoadingScene
20:37:25.650 [JavaFX Application Thread] DEBUG GameApplicationServi - Clearing previous game
20:37:25.650 [JavaFX Application Thread] DEBUG GameScene            - Clearing game scene
20:37:25.650 [JavaFX Application Thread] DEBUG GameWorld            - Clearing game world
20:37:25.650 [JavaFX Application Thread] DEBUG PhysicsWorld         - Clearing physics world
20:37:25.652 [FXGL Background Thread 4 ] DEBUG FXGLApplication      - Initializing game
20:37:25.696 [JavaFX Application Thread] DEBUG FXGLApplication      - Registering font factories with UI factory
20:37:26.092 [FXGL Background Thread 4 ] INFO  FXGLApplication      - Game initialization took: 0.440 sec
20:37:26.092 [JavaFX Application Thread] DEBUG Input                - Clearing active input actions
20:37:26.112 [JavaFX Application Thread] DEBUG GameApplicationServi - Removing overlay from FXGLLoadingScene and adding to GameScene
20:37:26.112 [JavaFX Application Thread] DEBUG PrimaryStageWindow   - FXGLLoadingScene -> GameScene
20:37:28.117 [JavaFX Application Thread] DEBUG FXGLApplication      - Exiting FXGL
20:37:28.117 [JavaFX Application Thread] DEBUG LoopRunner           - Stopping loop
20:37:28.117 [JavaFX Application Thread] DEBUG SystemBundleService  - Saving FXGL system data
20:37:28.119 [JavaFX Application Thread] DEBUG FileSystemAccess     - Writing to: C:\Users\tanel\OneDrive - Great Valley School District\10th Grade\APCSA\CompSciFinal\system\fxgl.bundle
20:37:28.120 [JavaFX Application Thread] DEBUG Async                - Shutting down background threads
20:37:28.120 [JavaFX Application Thread] DEBUG PrimaryStageWindow   - Closing main window
20:37:28.127 [JavaFX Application Thread] DEBUG Logger               - Closing Logger
