17:05:12.822 [main                     ] DEBUG Logger               - Configured Logger
17:05:12.843 [main                     ] DEBUG GameApplication      - Logging settings
Title: Untitled
Version: 0.0
Width: 800
Height: 800
Fullscreen: false
Intro: false
Profiling: false
Single step:false
App Mode: DEVELOPER
Menu Key: ESCAPE
Stage Style: DECORATED
Scene Factory: class com.almasb.fxgl.app.scene.SceneFactory

17:05:13.030 [JavaFX Application Thread] DEBUG FXGLApplication      - Initializing FXGL
17:05:13.041 [JavaFX Application Thread] INFO  Engine               - FXGL-17.3 (30.03.2023 11.54) on WINDOWS (J:20.0.1 FX:20)
17:05:13.042 [JavaFX Application Thread] DEBUG Engine               - JRE Vendor Name: Eclipse Adoptium
17:05:13.042 [JavaFX Application Thread] DEBUG Engine               - Running on OS: Windows 10 version 10.0
17:05:13.042 [JavaFX Application Thread] DEBUG Engine               - Architecture: amd64
17:05:13.042 [JavaFX Application Thread] INFO  Engine               - Source code and latest versions at: https://github.com/AlmasB/FXGL
17:05:13.042 [JavaFX Application Thread] INFO  Engine               -       Ask questions and discuss at: https://github.com/AlmasB/FXGL/discussions
17:05:13.042 [JavaFX Application Thread] INFO  Engine               -              Join the FXGL chat at: https://gitter.im/AlmasB/FXGL
17:05:13.108 [JavaFX Application Thread] DEBUG PrimaryStageWindow   - Creating a JavaFX scene
17:05:13.154 [JavaFX Application Thread] DEBUG PrimaryStageWindow   - Target settings size: 800.0 x 800.0
17:05:13.155 [JavaFX Application Thread] DEBUG PrimaryStageWindow   - Scaled scene size:    800.0 x 800.0
17:05:13.155 [JavaFX Application Thread] DEBUG PrimaryStageWindow   - Scaled ratio: (1.0, 1.0)
17:05:13.157 [JavaFX Application Thread] DEBUG PrimaryStageWindow   - Set initial scene to FXGLStartupScene
17:05:13.160 [JavaFX Application Thread] DEBUG PrimaryStageWindow   - Opening main window
17:05:13.249 [JavaFX Application Thread] DEBUG PrimaryStageWindow   - Window border size: (16.0, 39.0)
17:05:13.249 [JavaFX Application Thread] DEBUG PrimaryStageWindow   - Scaled size: 800.0 x 800.0
17:05:13.249 [JavaFX Application Thread] DEBUG PrimaryStageWindow   - Scaled ratio: (1.0, 1.0)
17:05:13.250 [JavaFX Application Thread] DEBUG PrimaryStageWindow   - Scene size: 800.0 x 800.0
17:05:13.250 [JavaFX Application Thread] DEBUG PrimaryStageWindow   - Stage size: 816.0 x 839.0
17:05:13.260 [FXGL Background Thread 1 ] DEBUG Engine               - Initializing environment variables
17:05:13.318 [FXGL Background Thread 1 ] DEBUG FXGLAssetLoaderServi - User app class for loading assets: class core.RTSMain
17:05:13.318 [FXGL Background Thread 1 ] DEBUG GameApplicationServi - Applying CSS: fxgl_dark.css
17:05:13.319 [FXGL Background Thread 1 ] DEBUG FXGLAssetLoaderServi - Loading from file system: jar:file:/D:/A/fxgl-17.3-uber.jar!/fxglassets/ui/css/fxgl_dark.css
17:05:13.357 [FXGL Background Thread 1 ] DEBUG GameApplicationServi - Initializing application scenes
17:05:13.389 [FXGL Background Thread 1 ] DEBUG GameWorld            - Game world initialized
17:05:13.441 [FXGL Background Thread 1 ] DEBUG PhysicsWorld         - Physics world initialized: appHeight=800, physics.ppm=50.0
17:05:13.441 [FXGL Background Thread 1 ] DEBUG PhysicsWorld         - Using strategy: BRUTE_FORCE
17:05:13.444 [FXGL Background Thread 1 ] DEBUG GameScene            - Game scene initialized: 800x800
17:05:13.456 [FXGL Background Thread 1 ] DEBUG FXGL.DefaultMenu     - createMenuBodyGameMenu()
17:05:13.473 [FXGL Background Thread 1 ] DEBUG FXGL.DefaultMenu     - createOptionsMenu()
17:05:13.483 [FXGL Background Thread 1 ] DEBUG FXGLAssetLoaderServi - Loading from file system: jar:file:/D:/A/fxgl-17.3-uber.jar!/fxglassets/textures/particles/smoke.png
17:05:13.569 [FXGL Background Thread 1 ] DEBUG FXGLAssetLoaderServi - Loading from file system: jar:file:/D:/A/fxgl-17.3-uber.jar!/fxglassets/textures/particles/trace_horizontal.png
17:05:13.594 [FXGL Background Thread 1 ] DEBUG GameApplicationServi - Application scenes initialized
17:05:13.606 [FXGL Background Thread 1 ] DEBUG SystemBundleService  - Loading FXGL system data
17:05:13.610 [FXGL Background Thread 1 ] DEBUG FileSystemAccess     - Reading from: C:\Users\x\git\CompSci-Final-Project\system\fxgl.bundle
17:05:13.619 [FXGL Background Thread 1 ] DEBUG SystemBundleService  - Bundle FXGL: {}
17:05:13.619 [FXGL Background Thread 1 ] DEBUG UpdaterService       - Checking for updates
17:05:13.623 [FXGL Background Thread 4 ] DEBUG FXGLApplication      - Loading fonts
17:05:13.624 [FXGL Background Thread 1 ] DEBUG FXGLApplication      - Loading default localization
17:05:13.624 [FXGL Background Thread 4 ] DEBUG FXGLAssetLoaderServi - Loading from file system: jar:file:/D:/A/fxgl-17.3-uber.jar!/fxglassets/ui/fonts/VarelaRound-Regular.ttf
17:05:13.624 [FXGL Background Thread 1 ] DEBUG FXGLAssetLoaderServi - Loading from file system: jar:file:/D:/A/fxgl-17.3-uber.jar!/fxglassets/languages/english.lang
17:05:13.639 [FXGL Background Thread 1 ] INFO  FXGLApplication      - FXGL initialization took: 0.378 sec
17:05:13.655 [JavaFX Application Thread] DEBUG Input                - Registered new binding: action0 - A
17:05:13.655 [JavaFX Application Thread] DEBUG Input                - Registered new binding: action1 - D
17:05:13.656 [JavaFX Application Thread] DEBUG Input                - Registered new binding: action2 - W
17:05:13.656 [JavaFX Application Thread] DEBUG Input                - Registered new binding: action3 - S
17:05:13.657 [JavaFX Application Thread] DEBUG Input                - Registered new binding: action4 - Tab
17:05:13.660 [JavaFX Application Thread] DEBUG Input                - Registered new binding: action5 - LMB
17:05:13.661 [JavaFX Application Thread] DEBUG Input                - Registered new binding: action6 - RMB
17:05:13.662 [JavaFX Application Thread] DEBUG Input                - Registered new binding: action7 - H
17:05:13.663 [JavaFX Application Thread] DEBUG FXGLAssetLoaderServi - Loading from file system: jar:file:/D:/A/fxgl-17.3-uber.jar!/fxglassets/textures/fxgl_icon.png
17:05:13.681 [FXGL Background Thread 4 ] DEBUG FXGLAssetLoaderServi - Loading from file system: jar:file:/D:/A/fxgl-17.3-uber.jar!/fxglassets/ui/fonts/Abel-Regular.ttf
17:05:13.683 [FXGL Background Thread 4 ] DEBUG FXGLAssetLoaderServi - Loading from file system: jar:file:/D:/A/fxgl-17.3-uber.jar!/fxglassets/ui/fonts/TerminalLandMono-Regular.otf
17:05:13.685 [JavaFX Application Thread] DEBUG FXGLAssetLoaderServi - Loading from file system: jar:file:/D:/A/fxgl-17.3-uber.jar!/fxglassets/textures/fxgl_default_cursor.png
17:05:13.685 [FXGL Background Thread 4 ] DEBUG FXGLAssetLoaderServi - Loading from file system: jar:file:/D:/A/fxgl-17.3-uber.jar!/fxglassets/ui/fonts/Courier-Prime.ttf
17:05:13.689 [JavaFX Application Thread] DEBUG Input                - Registered new binding: Screenshot - CTRL+8
17:05:13.690 [JavaFX Application Thread] DEBUG Input                - Registered new binding: System info dump - CTRL+9
17:05:13.690 [JavaFX Application Thread] DEBUG Input                - Registered new binding: Restart - CTRL+R
17:05:13.691 [JavaFX Application Thread] DEBUG Input                - Registered new binding: Toggle Debug Camera - CTRL+7
17:05:13.694 [JavaFX Application Thread] DEBUG LoopRunner           - Starting loop
17:05:13.694 [JavaFX Application Thread] DEBUG LoopRunner           - Initializing JavaFX AnimationTimerLoop
17:05:13.697 [JavaFX Application Thread] DEBUG GameApplicationServi - Starting new game
17:05:13.697 [JavaFX Application Thread] DEBUG Input                - Clearing active input actions
17:05:13.712 [JavaFX Application Thread] DEBUG GameApplicationServi - Removing overlay from FXGLStartupScene and adding to FXGLLoadingScene
17:05:13.713 [JavaFX Application Thread] DEBUG PrimaryStageWindow   - FXGLStartupScene -> FXGLLoadingScene
17:05:13.713 [JavaFX Application Thread] DEBUG GameApplicationServi - Clearing previous game
17:05:13.713 [JavaFX Application Thread] DEBUG GameScene            - Clearing game scene
17:05:13.713 [JavaFX Application Thread] DEBUG GameWorld            - Clearing game world
17:05:13.713 [JavaFX Application Thread] DEBUG PhysicsWorld         - Clearing physics world
17:05:13.715 [FXGL Background Thread 4 ] DEBUG FXGLApplication      - Initializing game
17:05:13.717 [JavaFX Application Thread] DEBUG FXGLApplication      - Registering font factories with UI factory
17:05:14.155 [FXGL Background Thread 4 ] INFO  FXGLApplication      - Game initialization took: 0.440 sec
17:05:14.155 [JavaFX Application Thread] DEBUG Input                - Clearing active input actions
17:05:14.190 [JavaFX Application Thread] DEBUG GameApplicationServi - Removing overlay from FXGLLoadingScene and adding to GameScene
17:05:14.190 [JavaFX Application Thread] DEBUG PrimaryStageWindow   - FXGLLoadingScene -> GameScene
17:05:16.623 [FXGL Background Thread 3 ] DEBUG Engine               - Logging environment variables
17:05:16.624 [FXGL Background Thread 3 ] DEBUG Engine               - achievements: []
17:05:16.624 [FXGL Background Thread 3 ] DEBUG Engine               - actualHeight: 800.0
17:05:16.624 [FXGL Background Thread 3 ] DEBUG Engine               - actualHeightProperty: ReadOnlyDoubleProperty [value: 800.0]
17:05:16.624 [FXGL Background Thread 3 ] DEBUG Engine               - actualWidth: 800.0
17:05:16.624 [FXGL Background Thread 3 ] DEBUG Engine               - actualWidthProperty: ReadOnlyDoubleProperty [value: 800.0]
17:05:16.624 [FXGL Background Thread 3 ] DEBUG Engine               - appIcon: fxgl_icon.png
17:05:16.624 [FXGL Background Thread 3 ] DEBUG Engine               - applicationMode: DEVELOPER
17:05:16.624 [FXGL Background Thread 3 ] DEBUG Engine               - cSSList: [fxgl_dark.css]
17:05:16.624 [FXGL Background Thread 3 ] DEBUG Engine               - collisionDetectionStrategy: BRUTE_FORCE
17:05:16.624 [FXGL Background Thread 3 ] DEBUG Engine               - configClass: Optional.empty
17:05:16.624 [FXGL Background Thread 3 ] DEBUG Engine               - credits: []
17:05:16.625 [FXGL Background Thread 3 ] DEBUG Engine               - defaultCursor: CursorInfo(imageName=fxgl_default_cursor.png, hotspotX=7.0, hotspotY=6.0)
17:05:16.625 [FXGL Background Thread 3 ] DEBUG Engine               - devBBoxColorProperty: ObjectProperty [value: 0xff0000ff]
17:05:16.625 [FXGL Background Thread 3 ] DEBUG Engine               - devEnableDebugCameraProperty: BooleanProperty [value: false]
17:05:16.625 [FXGL Background Thread 3 ] DEBUG Engine               - devSensorColorProperty: ObjectProperty [value: 0xffff00ff]
17:05:16.625 [FXGL Background Thread 3 ] DEBUG Engine               - devShowBBoxProperty: BooleanProperty [value: false]
17:05:16.625 [FXGL Background Thread 3 ] DEBUG Engine               - devShowPositionProperty: BooleanProperty [value: false]
17:05:16.625 [FXGL Background Thread 3 ] DEBUG Engine               - enabledMenuItems: []
17:05:16.625 [FXGL Background Thread 3 ] DEBUG Engine               - engineServices: [class com.almasb.fxgl.app.services.FXGLAssetLoaderService, class com.almasb.fxgl.app.FXGLApplication$GameApplicationService, class com.almasb.fxgl.app.services.FXGLDialogService, class com.almasb.fxgl.app.services.IOTaskExecutorService, class com.almasb.fxgl.io.FileSystemService, class com.almasb.fxgl.localization.LocalizationService, class com.almasb.fxgl.app.services.SystemBundleService, class com.almasb.fxgl.profile.SaveLoadService, class com.almasb.fxgl.ui.FXGLUIFactoryServiceProvider, class com.almasb.fxgl.ui.FXGLDialogFactoryServiceProvider, class com.almasb.fxgl.audio.AudioPlayer, class com.almasb.fxgl.notification.impl.NotificationServiceProvider, class com.almasb.fxgl.achievement.AchievementService, class com.almasb.fxgl.cutscene.CutsceneService, class com.almasb.fxgl.minigames.MiniGameService, class com.almasb.fxgl.net.NetService, class com.almasb.fxgl.app.services.UpdaterService, class com.almasb.fxgl.dev.DevService]
17:05:16.625 [FXGL Background Thread 3 ] DEBUG Engine               - fontGame: Abel-Regular.ttf
17:05:16.625 [FXGL Background Thread 3 ] DEBUG Engine               - fontMono: TerminalLandMono-Regular.otf
17:05:16.625 [FXGL Background Thread 3 ] DEBUG Engine               - fontSizeScaleUI: 1.0
17:05:16.625 [FXGL Background Thread 3 ] DEBUG Engine               - fontText: Courier-Prime.ttf
17:05:16.625 [FXGL Background Thread 3 ] DEBUG Engine               - fontUI: VarelaRound-Regular.ttf
17:05:16.625 [FXGL Background Thread 3 ] DEBUG Engine               - fullScreen: BooleanProperty [value: false]
17:05:16.625 [FXGL Background Thread 3 ] DEBUG Engine               - gameDifficulty: MEDIUM
17:05:16.625 [FXGL Background Thread 3 ] DEBUG Engine               - gameDifficultyProperty: ObjectProperty [value: MEDIUM]
17:05:16.625 [FXGL Background Thread 3 ] DEBUG Engine               - globalMusicVolume: 0.5
17:05:16.626 [FXGL Background Thread 3 ] DEBUG Engine               - globalMusicVolumeProperty: DoubleProperty [value: 0.5]
17:05:16.626 [FXGL Background Thread 3 ] DEBUG Engine               - globalSoundVolume: 0.5
17:05:16.626 [FXGL Background Thread 3 ] DEBUG Engine               - globalSoundVolumeProperty: DoubleProperty [value: 0.5]
17:05:16.626 [FXGL Background Thread 3 ] DEBUG Engine               - height: 800
17:05:16.626 [FXGL Background Thread 3 ] DEBUG Engine               - is3D: false
17:05:16.626 [FXGL Background Thread 3 ] DEBUG Engine               - isAndroid: false
17:05:16.626 [FXGL Background Thread 3 ] DEBUG Engine               - isBrowser: false
17:05:16.626 [FXGL Background Thread 3 ] DEBUG Engine               - isClickFeedbackEnabled: false
17:05:16.626 [FXGL Background Thread 3 ] DEBUG Engine               - isCloseConfirmation: false
17:05:16.626 [FXGL Background Thread 3 ] DEBUG Engine               - isDesktop: true
17:05:16.626 [FXGL Background Thread 3 ] DEBUG Engine               - isDeveloperMenuEnabled: false
17:05:16.626 [FXGL Background Thread 3 ] DEBUG Engine               - isEmbedded: false
17:05:16.626 [FXGL Background Thread 3 ] DEBUG Engine               - isEntityPreloadEnabled: true
17:05:16.626 [FXGL Background Thread 3 ] DEBUG Engine               - isExperimentalTiledLargeMap: false
17:05:16.626 [FXGL Background Thread 3 ] DEBUG Engine               - isFileSystemWriteAllowed: true
17:05:16.626 [FXGL Background Thread 3 ] DEBUG Engine               - isFullScreenAllowed: false
17:05:16.626 [FXGL Background Thread 3 ] DEBUG Engine               - isFullScreenFromStart: false
17:05:16.626 [FXGL Background Thread 3 ] DEBUG Engine               - isGameMenuEnabled: true
17:05:16.626 [FXGL Background Thread 3 ] DEBUG Engine               - isIOS: false
17:05:16.626 [FXGL Background Thread 3 ] DEBUG Engine               - isIntroEnabled: false
17:05:16.626 [FXGL Background Thread 3 ] DEBUG Engine               - isLinux: false
17:05:16.626 [FXGL Background Thread 3 ] DEBUG Engine               - isMac: false
17:05:16.626 [FXGL Background Thread 3 ] DEBUG Engine               - isMainMenuEnabled: false
17:05:16.626 [FXGL Background Thread 3 ] DEBUG Engine               - isManualResizeEnabled: false
17:05:16.626 [FXGL Background Thread 3 ] DEBUG Engine               - isMobile: false
17:05:16.626 [FXGL Background Thread 3 ] DEBUG Engine               - isNative: false
17:05:16.627 [FXGL Background Thread 3 ] DEBUG Engine               - isPauseMusicWhenMinimized: true
17:05:16.627 [FXGL Background Thread 3 ] DEBUG Engine               - isPreserveResizeRatio: false
17:05:16.627 [FXGL Background Thread 3 ] DEBUG Engine               - isProfilingEnabled: false
17:05:16.627 [FXGL Background Thread 3 ] DEBUG Engine               - isScaleAffectedOnResize: true
17:05:16.627 [FXGL Background Thread 3 ] DEBUG Engine               - isSingleStep: false
17:05:16.627 [FXGL Background Thread 3 ] DEBUG Engine               - isUserProfileEnabled: false
17:05:16.627 [FXGL Background Thread 3 ] DEBUG Engine               - isWindows: true
17:05:16.627 [FXGL Background Thread 3 ] DEBUG Engine               - language: ObjectProperty [value: ENGLISH]
17:05:16.627 [FXGL Background Thread 3 ] DEBUG Engine               - menuKey: ESCAPE
17:05:16.627 [FXGL Background Thread 3 ] DEBUG Engine               - mouseSensitivity: 0.2
17:05:16.627 [FXGL Background Thread 3 ] DEBUG Engine               - notificationViewClass: class com.almasb.fxgl.notification.view.XboxNotificationView
17:05:16.627 [FXGL Background Thread 3 ] DEBUG Engine               - pixelsPerMeter: 50.0
17:05:16.627 [FXGL Background Thread 3 ] DEBUG Engine               - platform: WINDOWS
17:05:16.627 [FXGL Background Thread 3 ] DEBUG Engine               - prefHeightProperty: ReadOnlyDoubleProperty [value: 800.0]
17:05:16.627 [FXGL Background Thread 3 ] DEBUG Engine               - prefWidthProperty: ReadOnlyDoubleProperty [value: 800.0]
17:05:16.627 [FXGL Background Thread 3 ] DEBUG Engine               - profileDir: profiles/
17:05:16.627 [FXGL Background Thread 3 ] DEBUG Engine               - profileName: StringProperty [value: DEFAULT]
17:05:16.627 [FXGL Background Thread 3 ] DEBUG Engine               - randomSeed: -1
17:05:16.627 [FXGL Background Thread 3 ] DEBUG Engine               - runtimeInfo: RuntimeInfo(platform=WINDOWS, version=17.3, build=30.03.2023 11.54)
17:05:16.627 [FXGL Background Thread 3 ] DEBUG Engine               - saveFileExt: sav
17:05:16.627 [FXGL Background Thread 3 ] DEBUG Engine               - scaledHeightProp$fxgl: DoubleProperty [bound, value: 800.0]
17:05:16.627 [FXGL Background Thread 3 ] DEBUG Engine               - scaledWidthProp$fxgl: DoubleProperty [bound, value: 800.0]
17:05:16.627 [FXGL Background Thread 3 ] DEBUG Engine               - sceneFactory: com.almasb.fxgl.app.scene.SceneFactory@4ec13a84
17:05:16.628 [FXGL Background Thread 3 ] DEBUG Engine               - secondsIn24h: 60
17:05:16.628 [FXGL Background Thread 3 ] DEBUG Engine               - soundMenuBack: menu/back.wav
17:05:16.628 [FXGL Background Thread 3 ] DEBUG Engine               - soundMenuPress: menu/press.wav
17:05:16.628 [FXGL Background Thread 3 ] DEBUG Engine               - soundMenuSelect: menu/select.wav
17:05:16.628 [FXGL Background Thread 3 ] DEBUG Engine               - soundNotification: core/notification.wav
17:05:16.628 [FXGL Background Thread 3 ] DEBUG Engine               - stageStyle: DECORATED
17:05:16.628 [FXGL Background Thread 3 ] DEBUG Engine               - supportedLanguages: [ENGLISH, FRENCH, GERMAN, HUNGARIAN, RUSSIAN]
17:05:16.628 [FXGL Background Thread 3 ] DEBUG Engine               - ticksPerSecond: -1
17:05:16.628 [FXGL Background Thread 3 ] DEBUG Engine               - title: Untitled
17:05:16.628 [FXGL Background Thread 3 ] DEBUG Engine               - urlGithub: https://github.com/AlmasB/FXGL
17:05:16.628 [FXGL Background Thread 3 ] DEBUG Engine               - urlLeaderboard: http://fxgl-top.herokuapp.com/
17:05:16.628 [FXGL Background Thread 3 ] DEBUG Engine               - urlPOM: https://raw.githubusercontent.com/AlmasB/FXGL/release/README.md
17:05:16.628 [FXGL Background Thread 3 ] DEBUG Engine               - userAppClass: class core.RTSMain
17:05:16.628 [FXGL Background Thread 3 ] DEBUG Engine               - version: 0.0
17:05:16.628 [FXGL Background Thread 3 ] DEBUG Engine               - versionCheckDays: 7
17:05:16.628 [FXGL Background Thread 3 ] DEBUG Engine               - width: 800
17:05:16.628 [FXGL Background Thread 3 ] DEBUG Engine               - Logging services
17:05:16.629 [FXGL Background Thread 3 ] DEBUG Engine               - class com.almasb.fxgl.app.services.FXGLAssetLoaderService
17:05:16.629 [FXGL Background Thread 3 ] DEBUG Engine               - class com.almasb.fxgl.app.FXGLApplication$GameApplicationService
17:05:16.629 [FXGL Background Thread 3 ] DEBUG Engine               - class com.almasb.fxgl.app.services.FXGLDialogService
17:05:16.629 [FXGL Background Thread 3 ] DEBUG Engine               - class com.almasb.fxgl.app.services.IOTaskExecutorService
17:05:16.629 [FXGL Background Thread 3 ] DEBUG Engine               - class com.almasb.fxgl.io.FileSystemService
17:05:16.629 [FXGL Background Thread 3 ] DEBUG Engine               - class com.almasb.fxgl.localization.LocalizationService
17:05:16.629 [FXGL Background Thread 3 ] DEBUG Engine               - class com.almasb.fxgl.app.services.SystemBundleService
17:05:16.629 [FXGL Background Thread 3 ] DEBUG Engine               - class com.almasb.fxgl.profile.SaveLoadService
17:05:16.629 [FXGL Background Thread 3 ] DEBUG Engine               - class com.almasb.fxgl.ui.FXGLUIFactoryServiceProvider
17:05:16.629 [FXGL Background Thread 3 ] DEBUG Engine               - class com.almasb.fxgl.ui.FXGLDialogFactoryServiceProvider
17:05:16.629 [FXGL Background Thread 3 ] DEBUG Engine               - class com.almasb.fxgl.audio.AudioPlayer
17:05:16.629 [FXGL Background Thread 3 ] DEBUG Engine               - class com.almasb.fxgl.notification.impl.NotificationServiceProvider
17:05:16.629 [FXGL Background Thread 3 ] DEBUG Engine               - class com.almasb.fxgl.achievement.AchievementService
17:05:16.629 [FXGL Background Thread 3 ] DEBUG Engine               - class com.almasb.fxgl.cutscene.CutsceneService
17:05:16.629 [FXGL Background Thread 3 ] DEBUG Engine               - class com.almasb.fxgl.minigames.MiniGameService
17:05:16.629 [FXGL Background Thread 3 ] DEBUG Engine               - class com.almasb.fxgl.net.NetService
17:05:16.629 [FXGL Background Thread 3 ] DEBUG Engine               - class com.almasb.fxgl.app.services.UpdaterService
17:05:16.629 [FXGL Background Thread 3 ] DEBUG Engine               - class com.almasb.fxgl.dev.DevService
17:05:34.927 [JavaFX Application Thread] DEBUG PrimaryStageWindow   - Push state: FXGLDefaultMenu
17:05:34.930 [JavaFX Application Thread] DEBUG Input                - Clearing active input actions
17:05:34.933 [JavaFX Application Thread] DEBUG GameApplicationServi - Removing overlay from GameScene and adding to FXGLDefaultMenu
17:05:34.933 [JavaFX Application Thread] DEBUG PrimaryStageWindow   - GameScene -> FXGLDefaultMenu
17:05:38.628 [JavaFX Application Thread] DEBUG FXGL.DefaultMenu     - createContentControls()
17:05:42.425 [JavaFX Application Thread] DEBUG PrimaryStageWindow   - Pop state: FXGLDefaultMenu
17:05:42.425 [JavaFX Application Thread] DEBUG Input                - Clearing active input actions
17:05:42.426 [JavaFX Application Thread] DEBUG GameApplicationServi - Removing overlay from FXGLDefaultMenu and adding to GameScene
17:05:42.426 [JavaFX Application Thread] DEBUG PrimaryStageWindow   - GameScene <- FXGLDefaultMenu
17:05:50.724 [JavaFX Application Thread] DEBUG PrimaryStageWindow   - Push state: FXGLDefaultMenu
17:05:50.724 [JavaFX Application Thread] DEBUG Input                - Clearing active input actions
17:05:50.725 [JavaFX Application Thread] DEBUG GameApplicationServi - Removing overlay from GameScene and adding to FXGLDefaultMenu
17:05:50.725 [JavaFX Application Thread] DEBUG PrimaryStageWindow   - GameScene -> FXGLDefaultMenu
17:05:54.739 [JavaFX Application Thread] DEBUG PrimaryStageWindow   - Pop state: FXGLDefaultMenu
17:05:54.740 [JavaFX Application Thread] DEBUG Input                - Clearing active input actions
17:05:54.740 [JavaFX Application Thread] DEBUG GameApplicationServi - Removing overlay from FXGLDefaultMenu and adding to GameScene
17:05:54.740 [JavaFX Application Thread] DEBUG PrimaryStageWindow   - GameScene <- FXGLDefaultMenu
17:06:00.885 [JavaFX Application Thread] DEBUG PrimaryStageWindow   - Push state: FXGLDefaultMenu
17:06:00.886 [JavaFX Application Thread] DEBUG Input                - Clearing active input actions
17:06:00.886 [JavaFX Application Thread] DEBUG GameApplicationServi - Removing overlay from GameScene and adding to FXGLDefaultMenu
17:06:00.887 [JavaFX Application Thread] DEBUG PrimaryStageWindow   - GameScene -> FXGLDefaultMenu
17:06:05.705 [JavaFX Application Thread] DEBUG PrimaryStageWindow   - Pop state: FXGLDefaultMenu
17:06:05.705 [JavaFX Application Thread] DEBUG Input                - Clearing active input actions
17:06:05.706 [JavaFX Application Thread] DEBUG GameApplicationServi - Removing overlay from FXGLDefaultMenu and adding to GameScene
17:06:05.706 [JavaFX Application Thread] DEBUG PrimaryStageWindow   - GameScene <- FXGLDefaultMenu
17:06:18.960 [JavaFX Application Thread] DEBUG LoopRunner           - Stopping loop
17:06:18.964 [JavaFX Application Thread] FATAL FXGLApplication      - Uncaught Exception:
java.lang.ArrayIndexOutOfBoundsException: Index 21 out of bounds for length 21
	at core.RTSMain.moveSelected(RTSMain.java:257)
	at core.RTSMain.lambda$6(RTSMain.java:107)
	at com.almasb.fxgl.dsl.FXGL$Companion$onBtnDown$1.onActionBegin(FXGL.kt:524)
	at com.almasb.fxgl.input.UserAction.begin$fxgl_core(UserAction.kt:37)
	at com.almasb.fxgl.input.Input.handlePressed(Input.kt:375)
	at com.almasb.fxgl.input.Input.onMouseEvent(Input.kt:339)
	at com.almasb.fxgl.input.Input.onMouseEvent(Input.kt:328)
	at com.almasb.fxgl.app.PrimaryStageWindow$2$1.invoke(MainWindow.kt:313)
	at com.almasb.fxgl.app.PrimaryStageWindow$2$1.invoke(MainWindow.kt:313)
	at com.almasb.fxgl.core.fsm.StateMachine.runOnActiveStates(StateMachine.kt:69)
	at com.almasb.fxgl.app.PrimaryStageWindow$2.invoke(MainWindow.kt:313)
	at com.almasb.fxgl.app.PrimaryStageWindow$2.invoke(MainWindow.kt:311)
	at com.almasb.fxgl.app.MainWindow.addMouseHandler$lambda$2(MainWindow.kt:237)
	at com.sun.javafx.event.CompositeEventHandler$NormalEventHandlerRecord.handleBubblingEvent(CompositeEventHandler.java:247)
	at com.sun.javafx.event.CompositeEventHandler.dispatchBubblingEvent(CompositeEventHandler.java:80)
	at com.sun.javafx.event.EventHandlerManager.dispatchBubblingEvent(EventHandlerManager.java:232)
	at com.sun.javafx.event.EventHandlerManager.dispatchBubblingEvent(EventHandlerManager.java:189)
	at com.sun.javafx.event.CompositeEventDispatcher.dispatchBubblingEvent(CompositeEventDispatcher.java:59)
	at com.sun.javafx.event.BasicEventDispatcher.dispatchEvent(BasicEventDispatcher.java:58)
	at com.sun.javafx.event.EventDispatchChainImpl.dispatchEvent(EventDispatchChainImpl.java:114)
	at com.sun.javafx.event.BasicEventDispatcher.dispatchEvent(BasicEventDispatcher.java:56)
	at com.sun.javafx.event.EventDispatchChainImpl.dispatchEvent(EventDispatchChainImpl.java:114)
	at com.sun.javafx.event.EventUtil.fireEventImpl(EventUtil.java:74)
	at com.sun.javafx.event.EventUtil.fireEvent(EventUtil.java:54)
	at javafx.event.Event.fireEvent(Event.java:198)
	at javafx.scene.Scene$MouseHandler.process(Scene.java:3980)
	at javafx.scene.Scene.processMouseEvent(Scene.java:1890)
	at javafx.scene.Scene$ScenePeerListener.mouseEvent(Scene.java:2704)
	at com.sun.javafx.tk.quantum.GlassViewEventHandler$MouseEventNotification.run(GlassViewEventHandler.java:411)
	at com.sun.javafx.tk.quantum.GlassViewEventHandler$MouseEventNotification.run(GlassViewEventHandler.java:301)
	at java.base/java.security.AccessController.doPrivileged(AccessController.java:400)
	at com.sun.javafx.tk.quantum.GlassViewEventHandler.lambda$handleMouseEvent$2(GlassViewEventHandler.java:450)
	at com.sun.javafx.tk.quantum.QuantumToolkit.runWithoutRenderLock(QuantumToolkit.java:424)
	at com.sun.javafx.tk.quantum.GlassViewEventHandler.handleMouseEvent(GlassViewEventHandler.java:449)
	at com.sun.glass.ui.View.handleMouseEvent(View.java:551)
	at com.sun.glass.ui.View.notifyMouse(View.java:937)
	at com.sun.glass.ui.win.WinApplication._runLoop(Native Method)
	at com.sun.glass.ui.win.WinApplication.lambda$runLoop$3(WinApplication.java:185)
	at java.base/java.lang.Thread.run(Thread.java:1623)

17:06:18.964 [JavaFX Application Thread] FATAL FXGLApplication      - Application will now exit
17:06:18.978 [JavaFX Application Thread] DEBUG PrimaryStageWindow   - Push state: ErrorSubScene
17:06:18.978 [JavaFX Application Thread] DEBUG Input                - Clearing active input actions
17:06:18.978 [JavaFX Application Thread] DEBUG GameApplicationServi - Removing overlay from GameScene and adding to ErrorSubScene
17:06:18.978 [JavaFX Application Thread] DEBUG PrimaryStageWindow   - GameScene -> ErrorSubScene
17:06:20.339 [JavaFX Application Thread] DEBUG FXGLApplication      - Exiting FXGL
17:06:20.339 [JavaFX Application Thread] DEBUG Async                - Shutting down background threads
17:06:20.339 [JavaFX Application Thread] DEBUG PrimaryStageWindow   - Closing main window
17:06:20.349 [JavaFX Application Thread] DEBUG Logger               - Closing Logger
