12:43:35.057 [main                     ] DEBUG Logger               - Configured Logger
12:43:35.090 [main                     ] DEBUG GameApplication      - Logging settings
Title: Untitled
Version: 0.0
Width: 800
Height: 800
Fullscreen: false
Intro: false
Profiling: false
Single step:false
App Mode: DEVELOPER
Menu Key: ESCAPE
Stage Style: DECORATED
Scene Factory: class com.almasb.fxgl.app.scene.SceneFactory

12:43:35.300 [JavaFX Application Thread] DEBUG FXGLApplication      - Initializing FXGL
12:43:35.309 [JavaFX Application Thread] INFO  Engine               - FXGL-17.3 (30.03.2023 11.54) on WINDOWS (J:20.0.1 FX:20)
12:43:35.310 [JavaFX Application Thread] DEBUG Engine               - JRE Vendor Name: Oracle Corporation
12:43:35.311 [JavaFX Application Thread] DEBUG Engine               - Running on OS: Windows 10 version 10.0
12:43:35.311 [JavaFX Application Thread] DEBUG Engine               - Architecture: amd64
12:43:35.311 [JavaFX Application Thread] INFO  Engine               - Source code and latest versions at: https://github.com/AlmasB/FXGL
12:43:35.312 [JavaFX Application Thread] INFO  Engine               -       Ask questions and discuss at: https://github.com/AlmasB/FXGL/discussions
12:43:35.312 [JavaFX Application Thread] INFO  Engine               -              Join the FXGL chat at: https://gitter.im/AlmasB/FXGL
12:43:35.444 [JavaFX Application Thread] DEBUG PrimaryStageWindow   - Creating a JavaFX scene
12:43:35.445 [JavaFX Application Thread] DEBUG PrimaryStageWindow   - Target size > screen size
12:43:35.565 [JavaFX Application Thread] DEBUG PrimaryStageWindow   - Target settings size: 800.0 x 800.0
12:43:35.565 [JavaFX Application Thread] DEBUG PrimaryStageWindow   - Scaled scene size:    703.0 x 728.0
12:43:35.566 [JavaFX Application Thread] DEBUG PrimaryStageWindow   - Scaled ratio: (0.87875, 0.91)
12:43:35.569 [JavaFX Application Thread] DEBUG PrimaryStageWindow   - Set initial scene to FXGLStartupScene
12:43:35.577 [JavaFX Application Thread] DEBUG PrimaryStageWindow   - Opening main window
12:43:35.758 [JavaFX Application Thread] DEBUG PrimaryStageWindow   - Window border size: (16.0, 39.0)
12:43:35.759 [JavaFX Application Thread] DEBUG PrimaryStageWindow   - Scaled size: 703.0 x 728.0
12:43:35.760 [JavaFX Application Thread] DEBUG PrimaryStageWindow   - Scaled ratio: (0.87875, 0.91)
12:43:35.760 [JavaFX Application Thread] DEBUG PrimaryStageWindow   - Scene size: 703.0 x 728.0
12:43:35.761 [JavaFX Application Thread] DEBUG PrimaryStageWindow   - Stage size: 719.0 x 767.0
12:43:35.788 [FXGL Background Thread 1 ] DEBUG Engine               - Initializing environment variables
12:43:35.991 [FXGL Background Thread 1 ] DEBUG FXGLAssetLoaderServi - User app class for loading assets: class core.RTSMain
12:43:35.991 [FXGL Background Thread 1 ] DEBUG GameApplicationServi - Applying CSS: fxgl_dark.css
12:43:35.994 [FXGL Background Thread 1 ] DEBUG FXGLAssetLoaderServi - Loading from file system: jar:file:/C:/Users/dcurtis25/Downloads/fxgl-17.3-uber.jar!/fxglassets/ui/css/fxgl_dark.css
12:43:36.089 [FXGL Background Thread 1 ] DEBUG GameApplicationServi - Initializing application scenes
12:43:36.228 [FXGL Background Thread 1 ] DEBUG GameWorld            - Game world initialized
12:43:36.343 [FXGL Background Thread 1 ] DEBUG PhysicsWorld         - Physics world initialized: appHeight=800, physics.ppm=50.0
12:43:36.343 [FXGL Background Thread 1 ] DEBUG PhysicsWorld         - Using strategy: BRUTE_FORCE
12:43:36.350 [FXGL Background Thread 1 ] DEBUG GameScene            - Game scene initialized: 800x800
12:43:36.377 [FXGL Background Thread 1 ] DEBUG FXGL.DefaultMenu     - createMenuBodyGameMenu()
12:43:36.408 [FXGL Background Thread 1 ] DEBUG FXGL.DefaultMenu     - createOptionsMenu()
12:43:36.427 [FXGL Background Thread 1 ] DEBUG FXGLAssetLoaderServi - Loading from file system: jar:file:/C:/Users/dcurtis25/Downloads/fxgl-17.3-uber.jar!/fxglassets/textures/particles/smoke.png
12:43:36.631 [FXGL Background Thread 1 ] DEBUG FXGLAssetLoaderServi - Loading from file system: jar:file:/C:/Users/dcurtis25/Downloads/fxgl-17.3-uber.jar!/fxglassets/textures/particles/trace_horizontal.png
12:43:36.684 [FXGL Background Thread 1 ] DEBUG GameApplicationServi - Application scenes initialized
12:43:36.717 [FXGL Background Thread 1 ] DEBUG SystemBundleService  - Loading FXGL system data
12:43:36.729 [FXGL Background Thread 1 ] DEBUG FileSystemAccess     - Reading from: C:\Users\dcurtis25\git\CompSci-Final-Project\system\fxgl.bundle
12:43:36.755 [FXGL Background Thread 1 ] DEBUG SystemBundleService  - Bundle FXGL: {}
12:43:36.755 [FXGL Background Thread 1 ] DEBUG UpdaterService       - Checking for updates
12:43:36.765 [FXGL Background Thread 4 ] DEBUG FXGLApplication      - Loading fonts
12:43:36.767 [FXGL Background Thread 1 ] DEBUG FXGLApplication      - Loading default localization
12:43:36.768 [FXGL Background Thread 1 ] DEBUG FXGLAssetLoaderServi - Loading from file system: jar:file:/C:/Users/dcurtis25/Downloads/fxgl-17.3-uber.jar!/fxglassets/languages/english.lang
12:43:36.768 [FXGL Background Thread 4 ] DEBUG FXGLAssetLoaderServi - Loading from file system: jar:file:/C:/Users/dcurtis25/Downloads/fxgl-17.3-uber.jar!/fxglassets/ui/fonts/VarelaRound-Regular.ttf
12:43:36.813 [FXGL Background Thread 1 ] INFO  FXGLApplication      - FXGL initialization took: 1.024 sec
12:43:36.840 [JavaFX Application Thread] DEBUG Input                - Registered new binding: action0 - A
12:43:36.841 [JavaFX Application Thread] DEBUG Input                - Registered new binding: action1 - D
12:43:36.841 [JavaFX Application Thread] DEBUG Input                - Registered new binding: action2 - W
12:43:36.842 [JavaFX Application Thread] DEBUG Input                - Registered new binding: action3 - S
12:43:36.843 [JavaFX Application Thread] DEBUG Input                - Registered new binding: action4 - Tab
12:43:36.847 [JavaFX Application Thread] DEBUG Input                - Registered new binding: action5 - LMB
12:43:36.849 [JavaFX Application Thread] DEBUG Input                - Registered new binding: action6 - RMB
12:43:36.851 [JavaFX Application Thread] DEBUG Input                - Registered new binding: action7 - H
12:43:36.853 [JavaFX Application Thread] DEBUG FXGLAssetLoaderServi - Loading from file system: jar:file:/C:/Users/dcurtis25/Downloads/fxgl-17.3-uber.jar!/fxglassets/textures/fxgl_icon.png
12:43:36.900 [JavaFX Application Thread] DEBUG FXGLAssetLoaderServi - Loading from file system: jar:file:/C:/Users/dcurtis25/Downloads/fxgl-17.3-uber.jar!/fxglassets/textures/fxgl_default_cursor.png
12:43:36.906 [JavaFX Application Thread] DEBUG Input                - Registered new binding: Screenshot - CTRL+8
12:43:36.907 [JavaFX Application Thread] DEBUG Input                - Registered new binding: System info dump - CTRL+9
12:43:36.908 [JavaFX Application Thread] DEBUG Input                - Registered new binding: Restart - CTRL+R
12:43:36.910 [JavaFX Application Thread] DEBUG Input                - Registered new binding: Toggle Debug Camera - CTRL+7
12:43:36.917 [JavaFX Application Thread] DEBUG LoopRunner           - Starting loop
12:43:36.917 [JavaFX Application Thread] DEBUG LoopRunner           - Initializing JavaFX AnimationTimerLoop
12:43:36.921 [JavaFX Application Thread] DEBUG GameApplicationServi - Starting new game
12:43:36.922 [JavaFX Application Thread] DEBUG Input                - Clearing active input actions
12:43:36.948 [JavaFX Application Thread] DEBUG GameApplicationServi - Removing overlay from FXGLStartupScene and adding to FXGLLoadingScene
12:43:36.949 [JavaFX Application Thread] DEBUG PrimaryStageWindow   - FXGLStartupScene -> FXGLLoadingScene
12:43:36.949 [JavaFX Application Thread] DEBUG GameApplicationServi - Clearing previous game
12:43:36.949 [JavaFX Application Thread] DEBUG GameScene            - Clearing game scene
12:43:36.949 [JavaFX Application Thread] DEBUG GameWorld            - Clearing game world
12:43:36.950 [JavaFX Application Thread] DEBUG PhysicsWorld         - Clearing physics world
12:43:36.981 [FXGL Background Thread 1 ] DEBUG FXGLApplication      - Initializing game
12:43:37.310 [FXGL Background Thread 4 ] DEBUG FXGLAssetLoaderServi - Loading from file system: jar:file:/C:/Users/dcurtis25/Downloads/fxgl-17.3-uber.jar!/fxglassets/ui/fonts/Abel-Regular.ttf
12:43:37.320 [FXGL Background Thread 4 ] DEBUG FXGLAssetLoaderServi - Loading from file system: jar:file:/C:/Users/dcurtis25/Downloads/fxgl-17.3-uber.jar!/fxglassets/ui/fonts/TerminalLandMono-Regular.otf
12:43:37.348 [FXGL Background Thread 4 ] DEBUG FXGLAssetLoaderServi - Loading from file system: jar:file:/C:/Users/dcurtis25/Downloads/fxgl-17.3-uber.jar!/fxglassets/ui/fonts/Courier-Prime.ttf
12:43:37.485 [JavaFX Application Thread] DEBUG FXGLApplication      - Registering font factories with UI factory
12:43:38.975 [FXGL Background Thread 1 ] INFO  FXGLApplication      - Game initialization took: 1.994 sec
12:43:38.983 [JavaFX Application Thread] DEBUG Input                - Clearing active input actions
12:43:39.065 [JavaFX Application Thread] DEBUG GameApplicationServi - Removing overlay from FXGLLoadingScene and adding to GameScene
12:43:39.065 [JavaFX Application Thread] DEBUG PrimaryStageWindow   - FXGLLoadingScene -> GameScene
12:43:39.778 [FXGL Background Thread 3 ] DEBUG Engine               - Logging environment variables
12:43:39.779 [FXGL Background Thread 3 ] DEBUG Engine               - achievements: []
12:43:39.779 [FXGL Background Thread 3 ] DEBUG Engine               - actualHeight: 728.0
12:43:39.779 [FXGL Background Thread 3 ] DEBUG Engine               - actualHeightProperty: ReadOnlyDoubleProperty [value: 728.0]
12:43:39.779 [FXGL Background Thread 3 ] DEBUG Engine               - actualWidth: 703.0
12:43:39.779 [FXGL Background Thread 3 ] DEBUG Engine               - actualWidthProperty: ReadOnlyDoubleProperty [value: 703.0]
12:43:39.779 [FXGL Background Thread 3 ] DEBUG Engine               - appIcon: fxgl_icon.png
12:43:39.779 [FXGL Background Thread 3 ] DEBUG Engine               - applicationMode: DEVELOPER
12:43:39.779 [FXGL Background Thread 3 ] DEBUG Engine               - cSSList: [fxgl_dark.css]
12:43:39.780 [FXGL Background Thread 3 ] DEBUG Engine               - collisionDetectionStrategy: BRUTE_FORCE
12:43:39.780 [FXGL Background Thread 3 ] DEBUG Engine               - configClass: Optional.empty
12:43:39.780 [FXGL Background Thread 3 ] DEBUG Engine               - credits: []
12:43:39.780 [FXGL Background Thread 3 ] DEBUG Engine               - defaultCursor: CursorInfo(imageName=fxgl_default_cursor.png, hotspotX=7.0, hotspotY=6.0)
12:43:39.781 [FXGL Background Thread 3 ] DEBUG Engine               - devBBoxColorProperty: ObjectProperty [value: 0xff0000ff]
12:43:39.781 [FXGL Background Thread 3 ] DEBUG Engine               - devEnableDebugCameraProperty: BooleanProperty [value: false]
12:43:39.781 [FXGL Background Thread 3 ] DEBUG Engine               - devSensorColorProperty: ObjectProperty [value: 0xffff00ff]
12:43:39.781 [FXGL Background Thread 3 ] DEBUG Engine               - devShowBBoxProperty: BooleanProperty [value: false]
12:43:39.781 [FXGL Background Thread 3 ] DEBUG Engine               - devShowPositionProperty: BooleanProperty [value: false]
12:43:39.781 [FXGL Background Thread 3 ] DEBUG Engine               - enabledMenuItems: []
12:43:39.781 [FXGL Background Thread 3 ] DEBUG Engine               - engineServices: [class com.almasb.fxgl.app.services.FXGLAssetLoaderService, class com.almasb.fxgl.app.FXGLApplication$GameApplicationService, class com.almasb.fxgl.app.services.FXGLDialogService, class com.almasb.fxgl.app.services.IOTaskExecutorService, class com.almasb.fxgl.io.FileSystemService, class com.almasb.fxgl.localization.LocalizationService, class com.almasb.fxgl.app.services.SystemBundleService, class com.almasb.fxgl.profile.SaveLoadService, class com.almasb.fxgl.ui.FXGLUIFactoryServiceProvider, class com.almasb.fxgl.ui.FXGLDialogFactoryServiceProvider, class com.almasb.fxgl.audio.AudioPlayer, class com.almasb.fxgl.notification.impl.NotificationServiceProvider, class com.almasb.fxgl.achievement.AchievementService, class com.almasb.fxgl.cutscene.CutsceneService, class com.almasb.fxgl.minigames.MiniGameService, class com.almasb.fxgl.net.NetService, class com.almasb.fxgl.app.services.UpdaterService, class com.almasb.fxgl.dev.DevService]
12:43:39.782 [FXGL Background Thread 3 ] DEBUG Engine               - fontGame: Abel-Regular.ttf
12:43:39.782 [FXGL Background Thread 3 ] DEBUG Engine               - fontMono: TerminalLandMono-Regular.otf
12:43:39.782 [FXGL Background Thread 3 ] DEBUG Engine               - fontSizeScaleUI: 1.0
12:43:39.782 [FXGL Background Thread 3 ] DEBUG Engine               - fontText: Courier-Prime.ttf
12:43:39.782 [FXGL Background Thread 3 ] DEBUG Engine               - fontUI: VarelaRound-Regular.ttf
12:43:39.782 [FXGL Background Thread 3 ] DEBUG Engine               - fullScreen: BooleanProperty [value: false]
12:43:39.782 [FXGL Background Thread 3 ] DEBUG Engine               - gameDifficulty: MEDIUM
12:43:39.782 [FXGL Background Thread 3 ] DEBUG Engine               - gameDifficultyProperty: ObjectProperty [value: MEDIUM]
12:43:39.782 [FXGL Background Thread 3 ] DEBUG Engine               - globalMusicVolume: 0.5
12:43:39.783 [FXGL Background Thread 3 ] DEBUG Engine               - globalMusicVolumeProperty: DoubleProperty [value: 0.5]
12:43:39.783 [FXGL Background Thread 3 ] DEBUG Engine               - globalSoundVolume: 0.5
12:43:39.783 [FXGL Background Thread 3 ] DEBUG Engine               - globalSoundVolumeProperty: DoubleProperty [value: 0.5]
12:43:39.783 [FXGL Background Thread 3 ] DEBUG Engine               - height: 800
12:43:39.783 [FXGL Background Thread 3 ] DEBUG Engine               - is3D: false
12:43:39.783 [FXGL Background Thread 3 ] DEBUG Engine               - isAndroid: false
12:43:39.783 [FXGL Background Thread 3 ] DEBUG Engine               - isBrowser: false
12:43:39.783 [FXGL Background Thread 3 ] DEBUG Engine               - isClickFeedbackEnabled: false
12:43:39.784 [FXGL Background Thread 3 ] DEBUG Engine               - isCloseConfirmation: false
12:43:39.784 [FXGL Background Thread 3 ] DEBUG Engine               - isDesktop: true
12:43:39.784 [FXGL Background Thread 3 ] DEBUG Engine               - isDeveloperMenuEnabled: false
12:43:39.784 [FXGL Background Thread 3 ] DEBUG Engine               - isEmbedded: false
12:43:39.784 [FXGL Background Thread 3 ] DEBUG Engine               - isEntityPreloadEnabled: true
12:43:39.784 [FXGL Background Thread 3 ] DEBUG Engine               - isExperimentalTiledLargeMap: false
12:43:39.784 [FXGL Background Thread 3 ] DEBUG Engine               - isFileSystemWriteAllowed: true
12:43:39.784 [FXGL Background Thread 3 ] DEBUG Engine               - isFullScreenAllowed: false
12:43:39.785 [FXGL Background Thread 3 ] DEBUG Engine               - isFullScreenFromStart: false
12:43:39.785 [FXGL Background Thread 3 ] DEBUG Engine               - isGameMenuEnabled: true
12:43:39.785 [FXGL Background Thread 3 ] DEBUG Engine               - isIOS: false
12:43:39.785 [FXGL Background Thread 3 ] DEBUG Engine               - isIntroEnabled: false
12:43:39.785 [FXGL Background Thread 3 ] DEBUG Engine               - isLinux: false
12:43:39.785 [FXGL Background Thread 3 ] DEBUG Engine               - isMac: false
12:43:39.785 [FXGL Background Thread 3 ] DEBUG Engine               - isMainMenuEnabled: false
12:43:39.785 [FXGL Background Thread 3 ] DEBUG Engine               - isManualResizeEnabled: false
12:43:39.786 [FXGL Background Thread 3 ] DEBUG Engine               - isMobile: false
12:43:39.786 [FXGL Background Thread 3 ] DEBUG Engine               - isNative: false
12:43:39.786 [FXGL Background Thread 3 ] DEBUG Engine               - isPauseMusicWhenMinimized: true
12:43:39.786 [FXGL Background Thread 3 ] DEBUG Engine               - isPreserveResizeRatio: false
12:43:39.787 [FXGL Background Thread 3 ] DEBUG Engine               - isProfilingEnabled: false
12:43:39.787 [FXGL Background Thread 3 ] DEBUG Engine               - isScaleAffectedOnResize: true
12:43:39.788 [FXGL Background Thread 3 ] DEBUG Engine               - isSingleStep: false
12:43:39.788 [FXGL Background Thread 3 ] DEBUG Engine               - isUserProfileEnabled: false
12:43:39.788 [FXGL Background Thread 3 ] DEBUG Engine               - isWindows: true
12:43:39.788 [FXGL Background Thread 3 ] DEBUG Engine               - language: ObjectProperty [value: ENGLISH]
12:43:39.788 [FXGL Background Thread 3 ] DEBUG Engine               - menuKey: ESCAPE
12:43:39.788 [FXGL Background Thread 3 ] DEBUG Engine               - mouseSensitivity: 0.2
12:43:39.788 [FXGL Background Thread 3 ] DEBUG Engine               - notificationViewClass: class com.almasb.fxgl.notification.view.XboxNotificationView
12:43:39.788 [FXGL Background Thread 3 ] DEBUG Engine               - pixelsPerMeter: 50.0
12:43:39.789 [FXGL Background Thread 3 ] DEBUG Engine               - platform: WINDOWS
12:43:39.789 [FXGL Background Thread 3 ] DEBUG Engine               - prefHeightProperty: ReadOnlyDoubleProperty [value: 800.0]
12:43:39.789 [FXGL Background Thread 3 ] DEBUG Engine               - prefWidthProperty: ReadOnlyDoubleProperty [value: 800.0]
12:43:39.789 [FXGL Background Thread 3 ] DEBUG Engine               - profileDir: profiles/
12:43:39.789 [FXGL Background Thread 3 ] DEBUG Engine               - profileName: StringProperty [value: DEFAULT]
12:43:39.789 [FXGL Background Thread 3 ] DEBUG Engine               - randomSeed: -1
12:43:39.790 [FXGL Background Thread 3 ] DEBUG Engine               - runtimeInfo: RuntimeInfo(platform=WINDOWS, version=17.3, build=30.03.2023 11.54)
12:43:39.790 [FXGL Background Thread 3 ] DEBUG Engine               - saveFileExt: sav
12:43:39.790 [FXGL Background Thread 3 ] DEBUG Engine               - scaledHeightProp$fxgl: DoubleProperty [bound, value: 728.0]
12:43:39.790 [FXGL Background Thread 3 ] DEBUG Engine               - scaledWidthProp$fxgl: DoubleProperty [bound, value: 703.0]
12:43:39.791 [FXGL Background Thread 3 ] DEBUG Engine               - sceneFactory: com.almasb.fxgl.app.scene.SceneFactory@2db99d30
12:43:39.791 [FXGL Background Thread 3 ] DEBUG Engine               - secondsIn24h: 60
12:43:39.791 [FXGL Background Thread 3 ] DEBUG Engine               - soundMenuBack: menu/back.wav
12:43:39.791 [FXGL Background Thread 3 ] DEBUG Engine               - soundMenuPress: menu/press.wav
12:43:39.791 [FXGL Background Thread 3 ] DEBUG Engine               - soundMenuSelect: menu/select.wav
12:43:39.791 [FXGL Background Thread 3 ] DEBUG Engine               - soundNotification: core/notification.wav
12:43:39.791 [FXGL Background Thread 3 ] DEBUG Engine               - stageStyle: DECORATED
12:43:39.792 [FXGL Background Thread 3 ] DEBUG Engine               - supportedLanguages: [ENGLISH, FRENCH, GERMAN, HUNGARIAN, RUSSIAN]
12:43:39.792 [FXGL Background Thread 3 ] DEBUG Engine               - ticksPerSecond: -1
12:43:39.792 [FXGL Background Thread 3 ] DEBUG Engine               - title: Untitled
12:43:39.792 [FXGL Background Thread 3 ] DEBUG Engine               - urlGithub: https://github.com/AlmasB/FXGL
12:43:39.792 [FXGL Background Thread 3 ] DEBUG Engine               - urlLeaderboard: http://fxgl-top.herokuapp.com/
12:43:39.792 [FXGL Background Thread 3 ] DEBUG Engine               - urlPOM: https://raw.githubusercontent.com/AlmasB/FXGL/release/README.md
12:43:39.793 [FXGL Background Thread 3 ] DEBUG Engine               - userAppClass: class core.RTSMain
12:43:39.793 [FXGL Background Thread 3 ] DEBUG Engine               - version: 0.0
12:43:39.793 [FXGL Background Thread 3 ] DEBUG Engine               - versionCheckDays: 7
12:43:39.793 [FXGL Background Thread 3 ] DEBUG Engine               - width: 800
12:43:39.793 [FXGL Background Thread 3 ] DEBUG Engine               - Logging services
12:43:39.793 [FXGL Background Thread 3 ] DEBUG Engine               - class com.almasb.fxgl.app.services.FXGLAssetLoaderService
12:43:39.793 [FXGL Background Thread 3 ] DEBUG Engine               - class com.almasb.fxgl.app.FXGLApplication$GameApplicationService
12:43:39.794 [FXGL Background Thread 3 ] DEBUG Engine               - class com.almasb.fxgl.app.services.FXGLDialogService
12:43:39.794 [FXGL Background Thread 3 ] DEBUG Engine               - class com.almasb.fxgl.app.services.IOTaskExecutorService
12:43:39.794 [FXGL Background Thread 3 ] DEBUG Engine               - class com.almasb.fxgl.io.FileSystemService
12:43:39.794 [FXGL Background Thread 3 ] DEBUG Engine               - class com.almasb.fxgl.localization.LocalizationService
12:43:39.794 [FXGL Background Thread 3 ] DEBUG Engine               - class com.almasb.fxgl.app.services.SystemBundleService
12:43:39.794 [FXGL Background Thread 3 ] DEBUG Engine               - class com.almasb.fxgl.profile.SaveLoadService
12:43:39.795 [FXGL Background Thread 3 ] DEBUG Engine               - class com.almasb.fxgl.ui.FXGLUIFactoryServiceProvider
12:43:39.795 [FXGL Background Thread 3 ] DEBUG Engine               - class com.almasb.fxgl.ui.FXGLDialogFactoryServiceProvider
12:43:39.795 [FXGL Background Thread 3 ] DEBUG Engine               - class com.almasb.fxgl.audio.AudioPlayer
12:43:39.795 [FXGL Background Thread 3 ] DEBUG Engine               - class com.almasb.fxgl.notification.impl.NotificationServiceProvider
12:43:39.795 [FXGL Background Thread 3 ] DEBUG Engine               - class com.almasb.fxgl.achievement.AchievementService
12:43:39.795 [FXGL Background Thread 3 ] DEBUG Engine               - class com.almasb.fxgl.cutscene.CutsceneService
12:43:39.795 [FXGL Background Thread 3 ] DEBUG Engine               - class com.almasb.fxgl.minigames.MiniGameService
12:43:39.795 [FXGL Background Thread 3 ] DEBUG Engine               - class com.almasb.fxgl.net.NetService
12:43:39.795 [FXGL Background Thread 3 ] DEBUG Engine               - class com.almasb.fxgl.app.services.UpdaterService
12:43:39.796 [FXGL Background Thread 3 ] DEBUG Engine               - class com.almasb.fxgl.dev.DevService
12:43:44.803 [JavaFX Application Thread] DEBUG FXGLApplication      - Exiting FXGL
12:43:44.804 [JavaFX Application Thread] DEBUG LoopRunner           - Stopping loop
12:43:44.804 [JavaFX Application Thread] DEBUG SystemBundleService  - Saving FXGL system data
12:43:44.836 [JavaFX Application Thread] DEBUG FileSystemAccess     - Writing to: C:\Users\dcurtis25\git\CompSci-Final-Project\system\fxgl.bundle
12:43:44.839 [JavaFX Application Thread] DEBUG Async                - Shutting down background threads
12:43:44.839 [JavaFX Application Thread] DEBUG PrimaryStageWindow   - Closing main window
12:43:44.856 [JavaFX Application Thread] DEBUG Logger               - Closing Logger
