11:39:13.717 [main                     ] DEBUG Logger               - Configured Logger
11:39:13.749 [main                     ] DEBUG GameApplication      - Logging settings
Title: Untitled
Version: 0.0
Width: 800
Height: 800
Fullscreen: false
Intro: false
Profiling: false
Single step:false
App Mode: DEVELOPER
Menu Key: ESCAPE
Stage Style: DECORATED
Scene Factory: class com.almasb.fxgl.app.scene.SceneFactory

11:39:13.939 [JavaFX Application Thread] DEBUG FXGLApplication      - Initializing FXGL
11:39:13.947 [JavaFX Application Thread] INFO  Engine               - FXGL-17.3 (30.03.2023 11.54) on WINDOWS (J:20.0.1 FX:20)
11:39:13.948 [JavaFX Application Thread] DEBUG Engine               - JRE Vendor Name: Oracle Corporation
11:39:13.948 [JavaFX Application Thread] DEBUG Engine               - Running on OS: Windows 10 version 10.0
11:39:13.949 [JavaFX Application Thread] DEBUG Engine               - Architecture: amd64
11:39:13.949 [JavaFX Application Thread] INFO  Engine               - Source code and latest versions at: https://github.com/AlmasB/FXGL
11:39:13.949 [JavaFX Application Thread] INFO  Engine               -       Ask questions and discuss at: https://github.com/AlmasB/FXGL/discussions
11:39:13.949 [JavaFX Application Thread] INFO  Engine               -              Join the FXGL chat at: https://gitter.im/AlmasB/FXGL
11:39:14.042 [JavaFX Application Thread] DEBUG PrimaryStageWindow   - Creating a JavaFX scene
11:39:14.042 [JavaFX Application Thread] DEBUG PrimaryStageWindow   - Target size > screen size
11:39:14.129 [JavaFX Application Thread] DEBUG PrimaryStageWindow   - Target settings size: 800.0 x 800.0
11:39:14.130 [JavaFX Application Thread] DEBUG PrimaryStageWindow   - Scaled scene size:    703.0 x 728.0
11:39:14.130 [JavaFX Application Thread] DEBUG PrimaryStageWindow   - Scaled ratio: (0.87875, 0.91)
11:39:14.132 [JavaFX Application Thread] DEBUG PrimaryStageWindow   - Set initial scene to FXGLStartupScene
11:39:14.138 [JavaFX Application Thread] DEBUG PrimaryStageWindow   - Opening main window
11:39:14.269 [JavaFX Application Thread] DEBUG PrimaryStageWindow   - Window border size: (16.0, 39.0)
11:39:14.269 [JavaFX Application Thread] DEBUG PrimaryStageWindow   - Scaled size: 703.0 x 728.0
11:39:14.270 [JavaFX Application Thread] DEBUG PrimaryStageWindow   - Scaled ratio: (0.87875, 0.91)
11:39:14.270 [JavaFX Application Thread] DEBUG PrimaryStageWindow   - Scene size: 703.0 x 728.0
11:39:14.271 [JavaFX Application Thread] DEBUG PrimaryStageWindow   - Stage size: 719.0 x 767.0
11:39:14.295 [FXGL Background Thread 1 ] DEBUG Engine               - Initializing environment variables
11:39:14.449 [FXGL Background Thread 1 ] DEBUG FXGLAssetLoaderServi - User app class for loading assets: class core.RTSMain
11:39:14.449 [FXGL Background Thread 1 ] DEBUG GameApplicationServi - Applying CSS: fxgl_dark.css
11:39:14.451 [FXGL Background Thread 1 ] DEBUG FXGLAssetLoaderServi - Loading from file system: jar:file:/C:/Users/dcurtis25/Downloads/fxgl-17.3-uber.jar!/fxglassets/ui/css/fxgl_dark.css
11:39:14.559 [FXGL Background Thread 1 ] DEBUG GameApplicationServi - Initializing application scenes
11:39:14.704 [FXGL Background Thread 1 ] DEBUG GameWorld            - Game world initialized
11:39:14.827 [FXGL Background Thread 1 ] DEBUG PhysicsWorld         - Physics world initialized: appHeight=800, physics.ppm=50.0
11:39:14.828 [FXGL Background Thread 1 ] DEBUG PhysicsWorld         - Using strategy: BRUTE_FORCE
11:39:14.835 [FXGL Background Thread 1 ] DEBUG GameScene            - Game scene initialized: 800x800
11:39:14.868 [FXGL Background Thread 1 ] DEBUG FXGL.DefaultMenu     - createMenuBodyGameMenu()
11:39:14.901 [FXGL Background Thread 1 ] DEBUG FXGL.DefaultMenu     - createOptionsMenu()
11:39:14.917 [FXGL Background Thread 1 ] DEBUG FXGLAssetLoaderServi - Loading from file system: jar:file:/C:/Users/dcurtis25/Downloads/fxgl-17.3-uber.jar!/fxglassets/textures/particles/smoke.png
11:39:15.108 [FXGL Background Thread 1 ] DEBUG FXGLAssetLoaderServi - Loading from file system: jar:file:/C:/Users/dcurtis25/Downloads/fxgl-17.3-uber.jar!/fxglassets/textures/particles/trace_horizontal.png
11:39:15.167 [FXGL Background Thread 1 ] DEBUG GameApplicationServi - Application scenes initialized
11:39:15.194 [FXGL Background Thread 1 ] DEBUG SystemBundleService  - Loading FXGL system data
11:39:15.205 [FXGL Background Thread 1 ] DEBUG FileSystemAccess     - Reading from: C:\Users\dcurtis25\git\CompSci-Final-Project\system\fxgl.bundle
11:39:15.221 [FXGL Background Thread 1 ] DEBUG SystemBundleService  - Bundle FXGL: {}
11:39:15.222 [FXGL Background Thread 1 ] DEBUG UpdaterService       - Checking for updates
11:39:15.231 [FXGL Background Thread 4 ] DEBUG FXGLApplication      - Loading fonts
11:39:15.234 [FXGL Background Thread 1 ] DEBUG FXGLApplication      - Loading default localization
11:39:15.236 [FXGL Background Thread 1 ] DEBUG FXGLAssetLoaderServi - Loading from file system: jar:file:/C:/Users/dcurtis25/Downloads/fxgl-17.3-uber.jar!/fxglassets/languages/english.lang
11:39:15.236 [FXGL Background Thread 4 ] DEBUG FXGLAssetLoaderServi - Loading from file system: jar:file:/C:/Users/dcurtis25/Downloads/fxgl-17.3-uber.jar!/fxglassets/ui/fonts/VarelaRound-Regular.ttf
11:39:15.335 [FXGL Background Thread 1 ] INFO  FXGLApplication      - FXGL initialization took: 1.040 sec
11:39:15.362 [JavaFX Application Thread] DEBUG Input                - Registered new binding: action0 - A
11:39:15.363 [JavaFX Application Thread] DEBUG Input                - Registered new binding: action1 - D
11:39:15.363 [JavaFX Application Thread] DEBUG Input                - Registered new binding: action2 - W
11:39:15.364 [JavaFX Application Thread] DEBUG Input                - Registered new binding: action3 - S
11:39:15.365 [JavaFX Application Thread] DEBUG Input                - Registered new binding: action4 - Tab
11:39:15.374 [JavaFX Application Thread] DEBUG Input                - Registered new binding: action5 - LMB
11:39:15.375 [JavaFX Application Thread] DEBUG Input                - Registered new binding: action6 - RMB
11:39:15.377 [JavaFX Application Thread] DEBUG Input                - Registered new binding: action7 - H
11:39:15.379 [JavaFX Application Thread] DEBUG FXGLAssetLoaderServi - Loading from file system: jar:file:/C:/Users/dcurtis25/Downloads/fxgl-17.3-uber.jar!/fxglassets/textures/fxgl_icon.png
11:39:15.438 [JavaFX Application Thread] DEBUG FXGLAssetLoaderServi - Loading from file system: jar:file:/C:/Users/dcurtis25/Downloads/fxgl-17.3-uber.jar!/fxglassets/textures/fxgl_default_cursor.png
11:39:15.443 [JavaFX Application Thread] DEBUG Input                - Registered new binding: Screenshot - CTRL+8
11:39:15.444 [JavaFX Application Thread] DEBUG Input                - Registered new binding: System info dump - CTRL+9
11:39:15.445 [JavaFX Application Thread] DEBUG Input                - Registered new binding: Restart - CTRL+R
11:39:15.446 [JavaFX Application Thread] DEBUG Input                - Registered new binding: Toggle Debug Camera - CTRL+7
11:39:15.453 [JavaFX Application Thread] DEBUG LoopRunner           - Starting loop
11:39:15.454 [JavaFX Application Thread] DEBUG LoopRunner           - Initializing JavaFX AnimationTimerLoop
11:39:15.477 [JavaFX Application Thread] DEBUG GameApplicationServi - Starting new game
11:39:15.478 [JavaFX Application Thread] DEBUG Input                - Clearing active input actions
11:39:15.498 [JavaFX Application Thread] DEBUG GameApplicationServi - Removing overlay from FXGLStartupScene and adding to FXGLLoadingScene
11:39:15.499 [JavaFX Application Thread] DEBUG PrimaryStageWindow   - FXGLStartupScene -> FXGLLoadingScene
11:39:15.499 [JavaFX Application Thread] DEBUG GameApplicationServi - Clearing previous game
11:39:15.499 [JavaFX Application Thread] DEBUG GameScene            - Clearing game scene
11:39:15.500 [JavaFX Application Thread] DEBUG GameWorld            - Clearing game world
11:39:15.500 [JavaFX Application Thread] DEBUG PhysicsWorld         - Clearing physics world
11:39:15.502 [FXGL Background Thread 1 ] DEBUG FXGLApplication      - Initializing game
11:39:15.508 [FXGL Background Thread 1 ] DEBUG FXGLAssetLoaderServi - Loading from file system: file:/C:/Users/dcurtis25/git/CompSci-Final-Project/bin/assets/sounds/RTS1_Hollowrock.wav
11:39:15.521 [FXGL Background Thread 4 ] DEBUG FXGLAssetLoaderServi - Loading from file system: jar:file:/C:/Users/dcurtis25/Downloads/fxgl-17.3-uber.jar!/fxglassets/ui/fonts/Abel-Regular.ttf
11:39:15.529 [FXGL Background Thread 4 ] DEBUG FXGLAssetLoaderServi - Loading from file system: jar:file:/C:/Users/dcurtis25/Downloads/fxgl-17.3-uber.jar!/fxglassets/ui/fonts/TerminalLandMono-Regular.otf
11:39:15.537 [FXGL Background Thread 4 ] DEBUG FXGLAssetLoaderServi - Loading from file system: jar:file:/C:/Users/dcurtis25/Downloads/fxgl-17.3-uber.jar!/fxglassets/ui/fonts/Courier-Prime.ttf
11:39:15.751 [JavaFX Application Thread] DEBUG FXGLApplication      - Registering font factories with UI factory
11:39:15.953 [JavaFX Application Thread] DEBUG LoopRunner           - Stopping loop
11:39:15.956 [JavaFX Application Thread] FATAL FXGLApplication      - Uncaught Exception:
java.lang.RuntimeException: Initialization failed
	at com.almasb.fxgl.app.FXGLApplication$InitAppTask.failed(FXGLApplication.kt:343)
	at javafx.concurrent.Task.setState(Task.java:710)
	at javafx.concurrent.Task$TaskCallable.lambda$call$2(Task.java:1456)
	at com.sun.javafx.application.PlatformImpl.lambda$runLater$10(PlatformImpl.java:456)
	at java.base/java.security.AccessController.doPrivileged(AccessController.java:400)
	at com.sun.javafx.application.PlatformImpl.lambda$runLater$11(PlatformImpl.java:455)
	at com.sun.glass.ui.InvokeLaterDispatcher$Future.run(InvokeLaterDispatcher.java:95)
	at com.sun.glass.ui.win.WinApplication._runLoop(Native Method)
	at com.sun.glass.ui.win.WinApplication.lambda$runLoop$3(WinApplication.java:185)
	at java.base/java.lang.Thread.run(Thread.java:1623)
Caused by: java.lang.NullPointerException: Parameter specified as non-null is null: method com.almasb.fxgl.dsl.EntityBuilder.type, parameter t
	at com.almasb.fxgl.dsl.EntityBuilder.type(EntityBuilder.kt)
	at core.UnitFactory.infantry(UnitFactory.java:33)
	at java.base/jdk.internal.reflect.DirectMethodHandleAccessor.invoke(DirectMethodHandleAccessor.java:104)
	at java.base/java.lang.reflect.Method.invoke(Method.java:578)
	at com.almasb.fxgl.core.reflect.ReflectionUtils.call(ReflectionUtils.java:104)
	at com.almasb.fxgl.core.reflect.ReflectionUtils.lambda$mapToFunction$3(ReflectionUtils.java:111)
	at com.almasb.fxgl.entity.GameWorld$create$2.invoke(GameWorld.kt:430)
	at com.almasb.fxgl.entity.GameWorld$create$2.invoke(GameWorld.kt:430)
	at com.almasb.fxgl.core.util.DSLKt.tryCatchRoot(DSL.kt:34)
	at com.almasb.fxgl.entity.GameWorld.create(GameWorld.kt:430)
	at com.almasb.fxgl.entity.GameWorld.spawn(GameWorld.kt:396)
	at com.almasb.fxgl.entity.GameWorld.spawn(GameWorld.kt:384)
	at core.RTSMain.initGame(RTSMain.java:144)
	at com.almasb.fxgl.app.FXGLApplication$InitAppTask.initGame(FXGLApplication.kt:339)
	at com.almasb.fxgl.app.FXGLApplication$InitAppTask.call(FXGLApplication.kt:319)
	at com.almasb.fxgl.app.FXGLApplication$InitAppTask.call(FXGLApplication.kt:311)
	at javafx.concurrent.Task$TaskCallable.call(Task.java:1426)
	at java.base/java.util.concurrent.FutureTask.run(FutureTask.java:317)
	at java.base/java.util.concurrent.Executors$RunnableAdapter.call(Executors.java:577)
	at java.base/java.util.concurrent.FutureTask.run(FutureTask.java:317)
	at java.base/java.util.concurrent.ThreadPoolExecutor.runWorker(ThreadPoolExecutor.java:1144)
	at java.base/java.util.concurrent.ThreadPoolExecutor$Worker.run(ThreadPoolExecutor.java:642)
	... 1 more

11:39:15.957 [JavaFX Application Thread] FATAL FXGLApplication      - Application will now exit
11:39:16.035 [JavaFX Application Thread] DEBUG PrimaryStageWindow   - Push state: ErrorSubScene
11:39:16.035 [JavaFX Application Thread] DEBUG Input                - Clearing active input actions
11:39:16.050 [JavaFX Application Thread] DEBUG GameApplicationServi - Removing overlay from FXGLLoadingScene and adding to ErrorSubScene
11:39:16.051 [JavaFX Application Thread] DEBUG PrimaryStageWindow   - FXGLLoadingScene -> ErrorSubScene
11:39:18.230 [FXGL Background Thread 3 ] DEBUG Engine               - Logging environment variables
11:39:18.231 [FXGL Background Thread 3 ] DEBUG Engine               - achievements: []
11:39:18.231 [FXGL Background Thread 3 ] DEBUG Engine               - actualHeight: 728.0
11:39:18.231 [FXGL Background Thread 3 ] DEBUG Engine               - actualHeightProperty: ReadOnlyDoubleProperty [value: 728.0]
11:39:18.231 [FXGL Background Thread 3 ] DEBUG Engine               - actualWidth: 703.0
11:39:18.231 [FXGL Background Thread 3 ] DEBUG Engine               - actualWidthProperty: ReadOnlyDoubleProperty [value: 703.0]
11:39:18.231 [FXGL Background Thread 3 ] DEBUG Engine               - appIcon: fxgl_icon.png
11:39:18.231 [FXGL Background Thread 3 ] DEBUG Engine               - applicationMode: DEVELOPER
11:39:18.231 [FXGL Background Thread 3 ] DEBUG Engine               - cSSList: [fxgl_dark.css]
11:39:18.231 [FXGL Background Thread 3 ] DEBUG Engine               - collisionDetectionStrategy: BRUTE_FORCE
11:39:18.231 [FXGL Background Thread 3 ] DEBUG Engine               - configClass: Optional.empty
11:39:18.231 [FXGL Background Thread 3 ] DEBUG Engine               - credits: []
11:39:18.232 [FXGL Background Thread 3 ] DEBUG Engine               - defaultCursor: CursorInfo(imageName=fxgl_default_cursor.png, hotspotX=7.0, hotspotY=6.0)
11:39:18.232 [FXGL Background Thread 3 ] DEBUG Engine               - devBBoxColorProperty: ObjectProperty [value: 0xff0000ff]
11:39:18.232 [FXGL Background Thread 3 ] DEBUG Engine               - devEnableDebugCameraProperty: BooleanProperty [value: false]
11:39:18.232 [FXGL Background Thread 3 ] DEBUG Engine               - devSensorColorProperty: ObjectProperty [value: 0xffff00ff]
11:39:18.232 [FXGL Background Thread 3 ] DEBUG Engine               - devShowBBoxProperty: BooleanProperty [value: false]
11:39:18.232 [FXGL Background Thread 3 ] DEBUG Engine               - devShowPositionProperty: BooleanProperty [value: false]
11:39:18.233 [FXGL Background Thread 3 ] DEBUG Engine               - enabledMenuItems: []
11:39:18.233 [FXGL Background Thread 3 ] DEBUG Engine               - engineServices: [class com.almasb.fxgl.app.services.FXGLAssetLoaderService, class com.almasb.fxgl.app.FXGLApplication$GameApplicationService, class com.almasb.fxgl.app.services.FXGLDialogService, class com.almasb.fxgl.app.services.IOTaskExecutorService, class com.almasb.fxgl.io.FileSystemService, class com.almasb.fxgl.localization.LocalizationService, class com.almasb.fxgl.app.services.SystemBundleService, class com.almasb.fxgl.profile.SaveLoadService, class com.almasb.fxgl.ui.FXGLUIFactoryServiceProvider, class com.almasb.fxgl.ui.FXGLDialogFactoryServiceProvider, class com.almasb.fxgl.audio.AudioPlayer, class com.almasb.fxgl.notification.impl.NotificationServiceProvider, class com.almasb.fxgl.achievement.AchievementService, class com.almasb.fxgl.cutscene.CutsceneService, class com.almasb.fxgl.minigames.MiniGameService, class com.almasb.fxgl.net.NetService, class com.almasb.fxgl.app.services.UpdaterService, class com.almasb.fxgl.dev.DevService]
11:39:18.233 [FXGL Background Thread 3 ] DEBUG Engine               - fontGame: Abel-Regular.ttf
11:39:18.233 [FXGL Background Thread 3 ] DEBUG Engine               - fontMono: TerminalLandMono-Regular.otf
11:39:18.233 [FXGL Background Thread 3 ] DEBUG Engine               - fontSizeScaleUI: 1.0
11:39:18.233 [FXGL Background Thread 3 ] DEBUG Engine               - fontText: Courier-Prime.ttf
11:39:18.233 [FXGL Background Thread 3 ] DEBUG Engine               - fontUI: VarelaRound-Regular.ttf
11:39:18.233 [FXGL Background Thread 3 ] DEBUG Engine               - fullScreen: BooleanProperty [value: false]
11:39:18.233 [FXGL Background Thread 3 ] DEBUG Engine               - gameDifficulty: MEDIUM
11:39:18.233 [FXGL Background Thread 3 ] DEBUG Engine               - gameDifficultyProperty: ObjectProperty [value: MEDIUM]
11:39:18.233 [FXGL Background Thread 3 ] DEBUG Engine               - globalMusicVolume: 0.5
11:39:18.233 [FXGL Background Thread 3 ] DEBUG Engine               - globalMusicVolumeProperty: DoubleProperty [value: 0.5]
11:39:18.233 [FXGL Background Thread 3 ] DEBUG Engine               - globalSoundVolume: 0.5
11:39:18.233 [FXGL Background Thread 3 ] DEBUG Engine               - globalSoundVolumeProperty: DoubleProperty [value: 0.5]
11:39:18.234 [FXGL Background Thread 3 ] DEBUG Engine               - height: 800
11:39:18.234 [FXGL Background Thread 3 ] DEBUG Engine               - is3D: false
11:39:18.234 [FXGL Background Thread 3 ] DEBUG Engine               - isAndroid: false
11:39:18.234 [FXGL Background Thread 3 ] DEBUG Engine               - isBrowser: false
11:39:18.234 [FXGL Background Thread 3 ] DEBUG Engine               - isClickFeedbackEnabled: false
11:39:18.234 [FXGL Background Thread 3 ] DEBUG Engine               - isCloseConfirmation: false
11:39:18.234 [FXGL Background Thread 3 ] DEBUG Engine               - isDesktop: true
11:39:18.234 [FXGL Background Thread 3 ] DEBUG Engine               - isDeveloperMenuEnabled: false
11:39:18.234 [FXGL Background Thread 3 ] DEBUG Engine               - isEmbedded: false
11:39:18.234 [FXGL Background Thread 3 ] DEBUG Engine               - isEntityPreloadEnabled: true
11:39:18.234 [FXGL Background Thread 3 ] DEBUG Engine               - isExperimentalTiledLargeMap: false
11:39:18.234 [FXGL Background Thread 3 ] DEBUG Engine               - isFileSystemWriteAllowed: true
11:39:18.234 [FXGL Background Thread 3 ] DEBUG Engine               - isFullScreenAllowed: false
11:39:18.235 [FXGL Background Thread 3 ] DEBUG Engine               - isFullScreenFromStart: false
11:39:18.235 [FXGL Background Thread 3 ] DEBUG Engine               - isGameMenuEnabled: true
11:39:18.235 [FXGL Background Thread 3 ] DEBUG Engine               - isIOS: false
11:39:18.235 [FXGL Background Thread 3 ] DEBUG Engine               - isIntroEnabled: false
11:39:18.235 [FXGL Background Thread 3 ] DEBUG Engine               - isLinux: false
11:39:18.235 [FXGL Background Thread 3 ] DEBUG Engine               - isMac: false
11:39:18.235 [FXGL Background Thread 3 ] DEBUG Engine               - isMainMenuEnabled: false
11:39:18.236 [FXGL Background Thread 3 ] DEBUG Engine               - isManualResizeEnabled: false
11:39:18.236 [FXGL Background Thread 3 ] DEBUG Engine               - isMobile: false
11:39:18.236 [FXGL Background Thread 3 ] DEBUG Engine               - isNative: false
11:39:18.236 [FXGL Background Thread 3 ] DEBUG Engine               - isPauseMusicWhenMinimized: true
11:39:18.236 [FXGL Background Thread 3 ] DEBUG Engine               - isPreserveResizeRatio: false
11:39:18.236 [FXGL Background Thread 3 ] DEBUG Engine               - isProfilingEnabled: false
11:39:18.236 [FXGL Background Thread 3 ] DEBUG Engine               - isScaleAffectedOnResize: true
11:39:18.236 [FXGL Background Thread 3 ] DEBUG Engine               - isSingleStep: false
11:39:18.236 [FXGL Background Thread 3 ] DEBUG Engine               - isUserProfileEnabled: false
11:39:18.236 [FXGL Background Thread 3 ] DEBUG Engine               - isWindows: true
11:39:18.236 [FXGL Background Thread 3 ] DEBUG Engine               - language: ObjectProperty [value: ENGLISH]
11:39:18.236 [FXGL Background Thread 3 ] DEBUG Engine               - menuKey: ESCAPE
11:39:18.236 [FXGL Background Thread 3 ] DEBUG Engine               - mouseSensitivity: 0.2
11:39:18.236 [FXGL Background Thread 3 ] DEBUG Engine               - notificationViewClass: class com.almasb.fxgl.notification.view.XboxNotificationView
11:39:18.236 [FXGL Background Thread 3 ] DEBUG Engine               - pixelsPerMeter: 50.0
11:39:18.236 [FXGL Background Thread 3 ] DEBUG Engine               - platform: WINDOWS
11:39:18.237 [FXGL Background Thread 3 ] DEBUG Engine               - prefHeightProperty: ReadOnlyDoubleProperty [value: 800.0]
11:39:18.237 [FXGL Background Thread 3 ] DEBUG Engine               - prefWidthProperty: ReadOnlyDoubleProperty [value: 800.0]
11:39:18.237 [FXGL Background Thread 3 ] DEBUG Engine               - profileDir: profiles/
11:39:18.237 [FXGL Background Thread 3 ] DEBUG Engine               - profileName: StringProperty [value: DEFAULT]
11:39:18.237 [FXGL Background Thread 3 ] DEBUG Engine               - randomSeed: -1
11:39:18.237 [FXGL Background Thread 3 ] DEBUG Engine               - runtimeInfo: RuntimeInfo(platform=WINDOWS, version=17.3, build=30.03.2023 11.54)
11:39:18.237 [FXGL Background Thread 3 ] DEBUG Engine               - saveFileExt: sav
11:39:18.238 [FXGL Background Thread 3 ] DEBUG Engine               - scaledHeightProp$fxgl: DoubleProperty [bound, value: 728.0]
11:39:18.238 [FXGL Background Thread 3 ] DEBUG Engine               - scaledWidthProp$fxgl: DoubleProperty [bound, value: 703.0]
11:39:18.239 [FXGL Background Thread 3 ] DEBUG Engine               - sceneFactory: com.almasb.fxgl.app.scene.SceneFactory@2db99d30
11:39:18.240 [FXGL Background Thread 3 ] DEBUG Engine               - secondsIn24h: 60
11:39:18.240 [FXGL Background Thread 3 ] DEBUG Engine               - soundMenuBack: menu/back.wav
11:39:18.241 [FXGL Background Thread 3 ] DEBUG Engine               - soundMenuPress: menu/press.wav
11:39:18.241 [FXGL Background Thread 3 ] DEBUG Engine               - soundMenuSelect: menu/select.wav
11:39:18.241 [FXGL Background Thread 3 ] DEBUG Engine               - soundNotification: core/notification.wav
11:39:18.241 [FXGL Background Thread 3 ] DEBUG Engine               - stageStyle: DECORATED
11:39:18.241 [FXGL Background Thread 3 ] DEBUG Engine               - supportedLanguages: [ENGLISH, FRENCH, GERMAN, HUNGARIAN, RUSSIAN]
11:39:18.241 [FXGL Background Thread 3 ] DEBUG Engine               - ticksPerSecond: -1
11:39:18.241 [FXGL Background Thread 3 ] DEBUG Engine               - title: Untitled
11:39:18.241 [FXGL Background Thread 3 ] DEBUG Engine               - urlGithub: https://github.com/AlmasB/FXGL
11:39:18.242 [FXGL Background Thread 3 ] DEBUG Engine               - urlLeaderboard: http://fxgl-top.herokuapp.com/
11:39:18.242 [FXGL Background Thread 3 ] DEBUG Engine               - urlPOM: https://raw.githubusercontent.com/AlmasB/FXGL/release/README.md
11:39:18.242 [FXGL Background Thread 3 ] DEBUG Engine               - userAppClass: class core.RTSMain
11:39:18.242 [FXGL Background Thread 3 ] DEBUG Engine               - version: 0.0
11:39:18.242 [FXGL Background Thread 3 ] DEBUG Engine               - versionCheckDays: 7
11:39:18.242 [FXGL Background Thread 3 ] DEBUG Engine               - width: 800
11:39:18.242 [FXGL Background Thread 3 ] DEBUG Engine               - Logging services
11:39:18.242 [FXGL Background Thread 3 ] DEBUG Engine               - class com.almasb.fxgl.app.services.FXGLAssetLoaderService
11:39:18.242 [FXGL Background Thread 3 ] DEBUG Engine               - class com.almasb.fxgl.app.FXGLApplication$GameApplicationService
11:39:18.242 [FXGL Background Thread 3 ] DEBUG Engine               - class com.almasb.fxgl.app.services.FXGLDialogService
11:39:18.243 [FXGL Background Thread 3 ] DEBUG Engine               - class com.almasb.fxgl.app.services.IOTaskExecutorService
11:39:18.243 [FXGL Background Thread 3 ] DEBUG Engine               - class com.almasb.fxgl.io.FileSystemService
11:39:18.243 [FXGL Background Thread 3 ] DEBUG Engine               - class com.almasb.fxgl.localization.LocalizationService
11:39:18.243 [FXGL Background Thread 3 ] DEBUG Engine               - class com.almasb.fxgl.app.services.SystemBundleService
11:39:18.243 [FXGL Background Thread 3 ] DEBUG Engine               - class com.almasb.fxgl.profile.SaveLoadService
11:39:18.243 [FXGL Background Thread 3 ] DEBUG Engine               - class com.almasb.fxgl.ui.FXGLUIFactoryServiceProvider
11:39:18.243 [FXGL Background Thread 3 ] DEBUG Engine               - class com.almasb.fxgl.ui.FXGLDialogFactoryServiceProvider
11:39:18.243 [FXGL Background Thread 3 ] DEBUG Engine               - class com.almasb.fxgl.audio.AudioPlayer
11:39:18.243 [FXGL Background Thread 3 ] DEBUG Engine               - class com.almasb.fxgl.notification.impl.NotificationServiceProvider
11:39:18.243 [FXGL Background Thread 3 ] DEBUG Engine               - class com.almasb.fxgl.achievement.AchievementService
11:39:18.243 [FXGL Background Thread 3 ] DEBUG Engine               - class com.almasb.fxgl.cutscene.CutsceneService
11:39:18.243 [FXGL Background Thread 3 ] DEBUG Engine               - class com.almasb.fxgl.minigames.MiniGameService
11:39:18.244 [FXGL Background Thread 3 ] DEBUG Engine               - class com.almasb.fxgl.net.NetService
11:39:18.244 [FXGL Background Thread 3 ] DEBUG Engine               - class com.almasb.fxgl.app.services.UpdaterService
11:39:18.244 [FXGL Background Thread 3 ] DEBUG Engine               - class com.almasb.fxgl.dev.DevService
11:39:21.058 [JavaFX Application Thread] DEBUG FXGLApplication      - Exiting FXGL
11:39:21.059 [JavaFX Application Thread] DEBUG Async                - Shutting down background threads
11:39:21.059 [JavaFX Application Thread] DEBUG PrimaryStageWindow   - Closing main window
11:39:21.083 [JavaFX Application Thread] DEBUG Logger               - Closing Logger
